#XSPEC version: 12.10.0c
#Build Date/Time: Fri Apr 20 13:14:53 2018
#
!XSPEC12>data P0672130601PNS002SRSPEC0001.FTZ
#
#***XSPEC Error:  cannot open file named: epn_ff20_sdY9.rmf
#Error: cannot read response file epn_ff20_sdY9.rmf
#
#
#*** Response file has format inconsistent with data:  response file epn_ff20_sdY9.rmf read skipped
#
#1 spectrum  in use
# 
#Spectral Data File: P0672130601PNS002SRSPEC0001.FTZ  Spectrum 1
#Net count rate (cts/s) for Spectrum:1  3.781e-01 +/- 2.580e-03 (95.2 % total)
# Assigned to Data Group 1 and Plot Group 1
#  Noticed Channels:  1-2375
#  Telescope: XMM Instrument: EPN  Channel Type: PI
#  Exposure Time: 5.986e+04 sec
# Using fit statistic: chi
# Using test statistic: chi
# Using Background File                P0672130601PNS002BGSPEC0001.FTZ
#  Background Exposure Time: 5.999e+04 sec
# No response loaded.
#
#***Warning!  One or more spectra are missing responses,
#               and are not suitable for fit.
#
!XSPEC12>back P0672130601PNS002BGSPEC0001.FTZ
#
!XSPEC12>backgrnd P0672130601PNS002BGSPEC0001.FTZ
#Net count rate (cts/s) for Spectrum:1  3.781e-01 +/- 2.580e-03 (95.2 % total)
#***Warning!  One or more spectra are missing responses,
#               and are not suitable for fit.
#
!XSPEC12>resp epn_e2_ff20_sY9_v16.0.rmf
#
!XSPEC12>response epn_e2_ff20_sY9_v16.0.rmf
#Response successfully loaded.
#
!XSPEC12>arf P0672130601PNS002SRCARF0001.FTZ
#Arf successfully loaded.
#
!XSPEC12>ignore **-2.0 10.0-**
#   394 channels (1-394) ignored in spectrum #     1
#  1717 channels (659-2375) ignored in spectrum #     1
#
#
!XSPEC12>ignore bad
#
#ignore:  1777 channels ignored from  source number 1
#
!XSPEC12>model tbabs*cutoffpl  ;  1.0,0.1  ;  2, 0.01  ;  15, 0.01  ;  1.E-4 1E-5
#
#========================================================================
#Model TBabs<1>*cutoffpl<2> Source No.: 1   Active/On
#Model Model Component  Parameter  Unit     Value
# par  comp
#   1    1   TBabs      nH         10^22    1.00000      +/-  0.0          
#   2    2   cutoffpl   PhoIndex            2.00000      +/-  0.0          
#   3    2   cutoffpl   HighECut   keV      15.0000      +/-  0.0          
#   4    2   cutoffpl   norm                1.00000E-04  +/-  0.0          
#________________________________________________________________________
#
#
#Fit statistic : Chi-Squared =        3479.70 using 263 PHA bins.
#
#Test statistic : Chi-Squared =        3479.70 using 263 PHA bins.
# Reduced chi-squared =        13.4351 for    259 degrees of freedom 
# Null hypothesis probability =   0.000000e+00
# Current data and model not fit yet.
#
!XSPEC12>fit
#                                   Parameters
#Chi-Squared  |beta|/N    Lvl          1:nH    2:PhoIndex    3:HighECut        4:norm
#288.534      18.7317      -1       1.01417       1.99497       18.0085   0.000431709
#284.76       14246.7      -1      0.954641       1.99330       21.2240   0.000414890
#282.137      8159.64      -1      0.888757       1.99265       24.7936   0.000400665
#280.209      4996.8       -1      0.828400       1.99197       28.8350   0.000388616
#278.776      3270.4       -1      0.775173       1.99105       33.4219   0.000378379
#277.709      2084.83      -1      0.728676       1.98985       38.5860   0.000369655
#277.556      1119.93      -2      0.528269       1.96812       57.8638   0.000330709
#274.293      80135.7      -2      0.430931       1.93260       69.3160   0.000314000
#274.017      11266.9      -2      0.378180       1.89979       52.4473   0.000303660
#273.678      19029.6      -2      0.337964       1.86647       41.3346   0.000295194
#273.341      18370.3      -2      0.301948       1.83375       34.0289   0.000287552
#273.031      15896.8      -2      0.267966       1.80157       28.8394   0.000280422
#272.733      14317.4      -2      0.234941       1.77028       25.1508   0.000273650
#272.458      11880        -2      0.202793       1.74020       22.3977   0.000267238
#272.202      10035        -2      0.171891       1.71058       20.1577   0.000261178
#271.955      9499.47      -2      0.141624       1.68186       18.4023   0.000255386
#271.723      8086.42      -2      0.112242       1.65367       16.9292   0.000249871
#271.498      7574.9       -2     0.0835094       1.62606       15.7005   0.000244590
#271.285      6855.74      -2     0.0554092       1.59895       14.6515   0.000239526
#271.079      6345.52      -2     0.0278521       1.57241       13.7526   0.000234664
#270.883      5808.63      -2   0.000849293       1.54645       12.9744   0.000229997
#270.88       5331.68      -2   2.39411e-05       1.52099       12.2901   0.000225520
#==================================================
# Variances and Principal Axes
#                 1        2        3        4  
# 1.0057E-11| -0.0000  -0.0003   0.0000   1.0000  
# 1.1827E-03|  0.2961  -0.9549   0.0225  -0.0003  
# 7.3580E-02| -0.9546  -0.2950   0.0416  -0.0001  
# 3.1344E+02|  0.0331   0.0338   0.9989   0.0000  
#--------------------------------------------------
#
#================================================
#  Covariance Matrix
#        1           2           3           4   
#   4.111e-01   3.714e-01   1.037e+01   6.812e-05
#   3.714e-01   3.656e-01   1.058e+01   6.391e-05
#   1.037e+01   1.058e+01   3.127e+02   1.803e-03
#   6.812e-05   6.391e-05   1.803e-03   1.154e-08
#------------------------------------------------
#
#========================================================================
#Model TBabs<1>*cutoffpl<2> Source No.: 1   Active/On
#Model Model Component  Parameter  Unit     Value
# par  comp
#   1    1   TBabs      nH         10^22    2.39411E-05  +/-  0.641182     
#   2    2   cutoffpl   PhoIndex            1.52099      +/-  0.604684     
#   3    2   cutoffpl   HighECut   keV      12.2901      +/-  17.6844      
#   4    2   cutoffpl   norm                2.25520E-04  +/-  1.07425E-04  
#________________________________________________________________________
#
#
#Fit statistic : Chi-Squared =         270.88 using 263 PHA bins.
#
#Test statistic : Chi-Squared =         270.88 using 263 PHA bins.
# Reduced chi-squared =         1.0459 for    259 degrees of freedom 
# Null hypothesis probability =   2.934244e-01
#
!XSPEC12>save all fit_tbabscutoffpl.xcm
#
!XSPEC12>setplot energy
#
!XSPEC12>setplot rebin 3 10
#
!XSPEC12>addc 3 zgauss ; 1 0.01 0.5 0.5 8.0 8.0 ; 0.01,-1 ; 0.002,-1 ; -1e-6 1e-7 -1e10 -1e10 -1e-10 -1e-10
#
!XSPEC12>addcomp 3 zgauss ; 1 0.01 0.5 0.5 8.0 8.0 ; 0.01,-1 ; 0.002,-1 ; -1e-6 1e-7 -1e10 -1e10 -1e-10 -1e-10
#
#Fit statistic : Chi-Squared =         270.88 using 263 PHA bins.
#
#Test statistic : Chi-Squared =         270.88 using 263 PHA bins.
# Reduced chi-squared =         1.0540 for    257 degrees of freedom 
# Null hypothesis probability =   2.640750e-01
# Current data and model not fit yet.
#
#========================================================================
#Model TBabs<1>*cutoffpl<2> + zgauss<3> Source No.: 1   Active/On
#Model Model Component  Parameter  Unit     Value
# par  comp
#   1    1   TBabs      nH         10^22    2.39411E-05  +/-  0.641182     
#   2    2   cutoffpl   PhoIndex            1.52099      +/-  0.604684     
#   3    2   cutoffpl   HighECut   keV      12.2901      +/-  17.6844      
#   4    2   cutoffpl   norm                2.25520E-04  +/-  1.07425E-04  
#   5    3   zgauss     LineE      keV      1.00000      +/-  0.0          
#   6    3   zgauss     Sigma      keV      1.00000E-02  frozen
#   7    3   zgauss     Redshift            2.00000E-03  frozen
#   8    3   zgauss     norm                -1.00000E-06 +/-  0.0          
#
#________________________________________________________________________
#
!XSPEC12>fit
#                                   Parameters
#Chi-Squared  |beta|/N    Lvl          1:nH    2:PhoIndex    3:HighECut        4:norm       5:LineE        8:norm
#***Warning: Zero alpha-matrix diagonal element for parameter 5
#***Warning: Zero alpha-matrix diagonal element for parameter 8
# Parameter 5 is pegged at 1 due to zero or negative pivot element, likely
# caused by the fit being insensitive to the parameter.
# Parameter 8 is pegged at -1.00505e-06 due to zero or negative pivot element, likely
# caused by the fit being insensitive to the parameter.
#270.745      0.701632      0   1.30619e-09       1.52107       12.2659   0.000226625       1.00000  -1.00505e-06
#***Warning: Zero alpha-matrix diagonal element for parameter 5
#***Warning: Zero alpha-matrix diagonal element for parameter 8
# Parameter 5 is pegged at 1 due to zero or negative pivot element, likely
# caused by the fit being insensitive to the parameter.
# Parameter 8 is pegged at -1.00505e-06 due to zero or negative pivot element, likely
# caused by the fit being insensitive to the parameter.
#270.745      4913.15       0   5.40480e-10       1.52098       12.2505   0.000226631       1.00000  -1.00505e-06
#==================================================
# Variances and Principal Axes
#                 1        2        3        4  
# 9.7621E-12| -0.0000  -0.0003   0.0000   1.0000  
# 1.1827E-03|  0.2955  -0.9550   0.0252  -0.0003  
# 7.3665E-02| -0.9546  -0.2942   0.0466  -0.0001  
# 2.5032E+02|  0.0371   0.0378   0.9986   0.0000  
#--------------------------------------------------
#
#================================================
#  Covariance Matrix
#        1           2           3           4   
#   4.119e-01   3.716e-01   9.272e+00   6.719e-05
#   3.716e-01   3.655e-01   9.453e+00   6.299e-05
#   9.272e+00   9.453e+00   2.496e+02   1.588e-03
#   6.719e-05   6.299e-05   1.588e-03   1.121e-08
#------------------------------------------------
#
#========================================================================
#Model TBabs<1>*cutoffpl<2> + zgauss<3> Source No.: 1   Active/On
#Model Model Component  Parameter  Unit     Value
# par  comp
#   1    1   TBabs      nH         10^22    5.40480E-10  +/-  0.641773     
#   2    2   cutoffpl   PhoIndex            1.52098      +/-  0.604590     
#   3    2   cutoffpl   HighECut   keV      12.2505      +/-  15.7994      
#   4    2   cutoffpl   norm                2.26631E-04  +/-  1.05879E-04  
#   5    3   zgauss     LineE      keV      1.00000      +/-  -1.00000     
#   6    3   zgauss     Sigma      keV      1.00000E-02  frozen
#   7    3   zgauss     Redshift            2.00000E-03  frozen
#   8    3   zgauss     norm                -1.00505E-06 +/-  -1.00000     
#________________________________________________________________________
#
#
#Fit statistic : Chi-Squared =         270.74 using 263 PHA bins.
#
#Test statistic : Chi-Squared =         270.74 using 263 PHA bins.
# Reduced chi-squared =         1.0535 for    257 degrees of freedom 
# Null hypothesis probability =   2.659702e-01
#
!XSPEC12>steppar 5 2 10. 30
#
#     Chi-Squared    Delta            LineE
#                 Chi-Squared             5
#
#          270.74  -0.0045318    0           2
#***Warning: Zero alpha-matrix diagonal element for parameter 1
# Parameter 1 is pegged at 6.00148e-17 due to zero or negative pivot element, likely
# caused by the fit being insensitive to the parameter.
#***Warning: Zero alpha-matrix diagonal element for parameter 1
# Parameter 1 is pegged at 6.00148e-17 due to zero or negative pivot element, likely
# caused by the fit being insensitive to the parameter.
#          270.67   -0.079238    1      2.2667
#***Warning: Zero alpha-matrix diagonal element for parameter 1
# Parameter 1 is pegged at 6.00148e-17 due to zero or negative pivot element, likely
# caused by the fit being insensitive to the parameter.
#***Warning: Zero alpha-matrix diagonal element for parameter 1
# Parameter 1 is pegged at 6.00148e-17 due to zero or negative pivot element, likely
# caused by the fit being insensitive to the parameter.
#          270.53    -0.21233    2      2.5333
#***Warning: Zero alpha-matrix diagonal element for parameter 1
# Parameter 1 is pegged at 6.00148e-17 due to zero or negative pivot element, likely
# caused by the fit being insensitive to the parameter.
#***Warning: Zero alpha-matrix diagonal element for parameter 1
# Parameter 1 is pegged at 6.00148e-17 due to zero or negative pivot element, likely
# caused by the fit being insensitive to the parameter.
#          270.56    -0.18649    3         2.8
#***Warning: Zero alpha-matrix diagonal element for parameter 1
# Parameter 1 is pegged at 6.00148e-17 due to zero or negative pivot element, likely
# caused by the fit being insensitive to the parameter.
#***Warning: Zero alpha-matrix diagonal element for parameter 1
# Parameter 1 is pegged at 6.00148e-17 due to zero or negative pivot element, likely
# caused by the fit being insensitive to the parameter.
#          270.42    -0.32491    4      3.0667
#***Warning: Zero alpha-matrix diagonal element for parameter 1
# Parameter 1 is pegged at 6.00148e-17 due to zero or negative pivot element, likely
# caused by the fit being insensitive to the parameter.
#***Warning: Zero alpha-matrix diagonal element for parameter 1
# Parameter 1 is pegged at 6.00148e-17 due to zero or negative pivot element, likely
# caused by the fit being insensitive to the parameter.
#          269.34     -1.4057    5      3.3333
#***Warning: Zero alpha-matrix diagonal element for parameter 1
# Parameter 1 is pegged at 6.00148e-17 due to zero or negative pivot element, likely
# caused by the fit being insensitive to the parameter.
#***Warning: Zero alpha-matrix diagonal element for parameter 1
# Parameter 1 is pegged at 6.00148e-17 due to zero or negative pivot element, likely
# caused by the fit being insensitive to the parameter.
#           269.6     -1.1432    6         3.6
#***Warning: Zero alpha-matrix diagonal element for parameter 1
# Parameter 1 is pegged at 6.00148e-17 due to zero or negative pivot element, likely
# caused by the fit being insensitive to the parameter.
#***Warning: Zero alpha-matrix diagonal element for parameter 1
# Parameter 1 is pegged at 6.00148e-17 due to zero or negative pivot element, likely
# caused by the fit being insensitive to the parameter.
#          270.55    -0.19033    7      3.8667
#***Warning: Zero alpha-matrix diagonal element for parameter 1
# Parameter 1 is pegged at 6.00148e-17 due to zero or negative pivot element, likely
# caused by the fit being insensitive to the parameter.
#***Warning: Zero alpha-matrix diagonal element for parameter 1
# Parameter 1 is pegged at 6.00148e-17 due to zero or negative pivot element, likely
# caused by the fit being insensitive to the parameter.
#          268.15     -2.5906    8      4.1333
#***Warning: Zero alpha-matrix diagonal element for parameter 1
# Parameter 1 is pegged at 6.00148e-17 due to zero or negative pivot element, likely
# caused by the fit being insensitive to the parameter.
#***Warning: Zero alpha-matrix diagonal element for parameter 1
# Parameter 1 is pegged at 6.00148e-17 due to zero or negative pivot element, likely
# caused by the fit being insensitive to the parameter.
#          270.55    -0.19024    9         4.4
#***Warning: Zero alpha-matrix diagonal element for parameter 1
# Parameter 1 is pegged at 6.00148e-17 due to zero or negative pivot element, likely
# caused by the fit being insensitive to the parameter.
#***Warning: Zero alpha-matrix diagonal element for parameter 1
# Parameter 1 is pegged at 6.00148e-17 due to zero or negative pivot element, likely
# caused by the fit being insensitive to the parameter.
#          270.54    -0.20107   10      4.6667
#***Warning: Zero alpha-matrix diagonal element for parameter 1
# Parameter 1 is pegged at 6.00148e-17 due to zero or negative pivot element, likely
# caused by the fit being insensitive to the parameter.
#***Warning: Zero alpha-matrix diagonal element for parameter 1
# Parameter 1 is pegged at 6.00148e-17 due to zero or negative pivot element, likely
# caused by the fit being insensitive to the parameter.
#           267.9     -2.8428   11      4.9333
#***Warning: Zero alpha-matrix diagonal element for parameter 1
# Parameter 1 is pegged at 6.00148e-17 due to zero or negative pivot element, likely
# caused by the fit being insensitive to the parameter.
#***Warning: Zero alpha-matrix diagonal element for parameter 1
# Parameter 1 is pegged at 6.00148e-17 due to zero or negative pivot element, likely
# caused by the fit being insensitive to the parameter.
#          270.61    -0.13773   12         5.2
#***Warning: Zero alpha-matrix diagonal element for parameter 1
# Parameter 1 is pegged at 6.00148e-17 due to zero or negative pivot element, likely
# caused by the fit being insensitive to the parameter.
#***Warning: Zero alpha-matrix diagonal element for parameter 1
# Parameter 1 is pegged at 6.00148e-17 due to zero or negative pivot element, likely
# caused by the fit being insensitive to the parameter.
#          270.45    -0.29005   13      5.4667
#***Warning: Zero alpha-matrix diagonal element for parameter 1
# Parameter 1 is pegged at 6.00148e-17 due to zero or negative pivot element, likely
# caused by the fit being insensitive to the parameter.
#***Warning: Zero alpha-matrix diagonal element for parameter 1
# Parameter 1 is pegged at 6.00148e-17 due to zero or negative pivot element, likely
# caused by the fit being insensitive to the parameter.
#          270.54    -0.20805   14      5.7333
#***Warning: Zero alpha-matrix diagonal element for parameter 1
# Parameter 1 is pegged at 6.00148e-17 due to zero or negative pivot element, likely
# caused by the fit being insensitive to the parameter.
#***Warning: Zero alpha-matrix diagonal element for parameter 1
# Parameter 1 is pegged at 6.00148e-17 due to zero or negative pivot element, likely
# caused by the fit being insensitive to the parameter.
#          270.54    -0.20768   15           6
#***Warning: Zero alpha-matrix diagonal element for parameter 1
# Parameter 1 is pegged at 6.00148e-17 due to zero or negative pivot element, likely
# caused by the fit being insensitive to the parameter.
#***Warning: Zero alpha-matrix diagonal element for parameter 1
# Parameter 1 is pegged at 6.00148e-17 due to zero or negative pivot element, likely
# caused by the fit being insensitive to the parameter.
#          270.36    -0.38084   16      6.2667
#***Warning: Zero alpha-matrix diagonal element for parameter 1
# Parameter 1 is pegged at 6.00148e-17 due to zero or negative pivot element, likely
# caused by the fit being insensitive to the parameter.
#***Warning: Zero alpha-matrix diagonal element for parameter 1
# Parameter 1 is pegged at 6.00148e-17 due to zero or negative pivot element, likely
# caused by the fit being insensitive to the parameter.
#          270.78    0.040283   17      6.5333
#***Warning: Zero alpha-matrix diagonal element for parameter 1
# Parameter 1 is pegged at 6.00148e-17 due to zero or negative pivot element, likely
# caused by the fit being insensitive to the parameter.
#***Warning: Zero alpha-matrix diagonal element for parameter 1
# Parameter 1 is pegged at 6.00148e-17 due to zero or negative pivot element, likely
# caused by the fit being insensitive to the parameter.
#          270.61    -0.13758   18         6.8
#***Warning: Zero alpha-matrix diagonal element for parameter 1
# Parameter 1 is pegged at 6.00148e-17 due to zero or negative pivot element, likely
# caused by the fit being insensitive to the parameter.
#***Warning: Zero alpha-matrix diagonal element for parameter 1
# Parameter 1 is pegged at 6.00148e-17 due to zero or negative pivot element, likely
# caused by the fit being insensitive to the parameter.
#          270.59    -0.15295   19      7.0667
#***Warning: Zero alpha-matrix diagonal element for parameter 1
# Parameter 1 is pegged at 6.00148e-17 due to zero or negative pivot element, likely
# caused by the fit being insensitive to the parameter.
#***Warning: Zero alpha-matrix diagonal element for parameter 1
# Parameter 1 is pegged at 6.00148e-17 due to zero or negative pivot element, likely
# caused by the fit being insensitive to the parameter.
#          270.59    -0.15588   20      7.3333
#***Warning: Zero alpha-matrix diagonal element for parameter 1
# Parameter 1 is pegged at 6.00148e-17 due to zero or negative pivot element, likely
# caused by the fit being insensitive to the parameter.
#***Warning: Zero alpha-matrix diagonal element for parameter 1
# Parameter 1 is pegged at 6.00148e-17 due to zero or negative pivot element, likely
# caused by the fit being insensitive to the parameter.
#          270.07    -0.67623   21         7.6
#***Warning: Zero alpha-matrix diagonal element for parameter 1
# Parameter 1 is pegged at 6.00148e-17 due to zero or negative pivot element, likely
# caused by the fit being insensitive to the parameter.
#***Warning: Zero alpha-matrix diagonal element for parameter 1
# Parameter 1 is pegged at 6.00148e-17 due to zero or negative pivot element, likely
# caused by the fit being insensitive to the parameter.
#          268.74     -2.0076   22      7.8667
#***Warning: Zero alpha-matrix diagonal element for parameter 1
# Parameter 1 is pegged at 6.00148e-17 due to zero or negative pivot element, likely
# caused by the fit being insensitive to the parameter.
#***Warning: Zero alpha-matrix diagonal element for parameter 1
# Parameter 1 is pegged at 6.00148e-17 due to zero or negative pivot element, likely
# caused by the fit being insensitive to the parameter.
#          269.06     -1.6854   23      8.1333
#***Warning: Zero alpha-matrix diagonal element for parameter 1
# Parameter 1 is pegged at 6.00148e-17 due to zero or negative pivot element, likely
# caused by the fit being insensitive to the parameter.
#***Warning: Zero alpha-matrix diagonal element for parameter 1
# Parameter 1 is pegged at 6.00148e-17 due to zero or negative pivot element, likely
# caused by the fit being insensitive to the parameter.
#          269.06     -1.6854   24         8.4
#***Warning: Zero alpha-matrix diagonal element for parameter 1
# Parameter 1 is pegged at 6.00148e-17 due to zero or negative pivot element, likely
# caused by the fit being insensitive to the parameter.
#***Warning: Zero alpha-matrix diagonal element for parameter 1
# Parameter 1 is pegged at 6.00148e-17 due to zero or negative pivot element, likely
# caused by the fit being insensitive to the parameter.
#          269.06     -1.6854   25      8.6667
#***Warning: Zero alpha-matrix diagonal element for parameter 1
# Parameter 1 is pegged at 6.00148e-17 due to zero or negative pivot element, likely
# caused by the fit being insensitive to the parameter.
#***Warning: Zero alpha-matrix diagonal element for parameter 1
# Parameter 1 is pegged at 6.00148e-17 due to zero or negative pivot element, likely
# caused by the fit being insensitive to the parameter.
#          269.06     -1.6854   26      8.9333
#***Warning: Zero alpha-matrix diagonal element for parameter 1
# Parameter 1 is pegged at 6.00148e-17 due to zero or negative pivot element, likely
# caused by the fit being insensitive to the parameter.
#***Warning: Zero alpha-matrix diagonal element for parameter 1
# Parameter 1 is pegged at 6.00148e-17 due to zero or negative pivot element, likely
# caused by the fit being insensitive to the parameter.
#          269.06     -1.6854   27         9.2
#***Warning: Zero alpha-matrix diagonal element for parameter 1
# Parameter 1 is pegged at 6.00148e-17 due to zero or negative pivot element, likely
# caused by the fit being insensitive to the parameter.
#***Warning: Zero alpha-matrix diagonal element for parameter 1
# Parameter 1 is pegged at 6.00148e-17 due to zero or negative pivot element, likely
# caused by the fit being insensitive to the parameter.
#          269.06     -1.6854   28      9.4667
#***Warning: Zero alpha-matrix diagonal element for parameter 1
# Parameter 1 is pegged at 6.00148e-17 due to zero or negative pivot element, likely
# caused by the fit being insensitive to the parameter.
#***Warning: Zero alpha-matrix diagonal element for parameter 1
# Parameter 1 is pegged at 6.00148e-17 due to zero or negative pivot element, likely
# caused by the fit being insensitive to the parameter.
#          269.06     -1.6854   29      9.7333
#***Warning: Zero alpha-matrix diagonal element for parameter 1
# Parameter 1 is pegged at 6.00148e-17 due to zero or negative pivot element, likely
# caused by the fit being insensitive to the parameter.
#***Warning: Zero alpha-matrix diagonal element for parameter 1
# Parameter 1 is pegged at 6.00148e-17 due to zero or negative pivot element, likely
# caused by the fit being insensitive to the parameter.
#          269.06     -1.6854   30          10
#
#A new best fit was found during steppar.
#Parameters have been updated to the new best fit values.
#
#                                   Parameters
#Chi-Squared  |beta|/N    Lvl          1:nH    2:PhoIndex    3:HighECut        4:norm       5:LineE        8:norm
#***Warning: Zero alpha-matrix diagonal element for parameter 1
# Parameter 1 is pegged at 6.00148e-17 due to zero or negative pivot element, likely
# caused by the fit being insensitive to the parameter.
#267.857      1.18382       0   6.00148e-17       1.40073       9.16196   0.000217562       4.91926  -4.28822e-07
#267.844      14462.8       0   6.00148e-17       1.40072       9.16204   0.000217563       4.92494  -4.30792e-07
#267.844      8912.07       0   6.00148e-17       1.40072       9.16212   0.000217564       4.92267  -4.32368e-07
#***Warning: Zero alpha-matrix diagonal element for parameter 1
# Parameter 1 is pegged at 6.00148e-17 due to zero or negative pivot element, likely
# caused by the fit being insensitive to the parameter.
#267.844      5122.87      -3   6.00148e-17       1.40010       9.15066   0.000217513       4.92446  -4.34078e-07
#============================================================
# Variances and Principal Axes
#                 2        3        4        5        8  
# 6.4559E-14| -0.0000   0.0000   0.0157  -0.0000   0.9999  
# 9.2169E-12|  0.0003  -0.0000  -0.9999  -0.0000   0.0157  
# 1.3381E-03| -0.9989   0.0477  -0.0003  -0.0036  -0.0000  
# 5.1349E-03| -0.0037  -0.0001  -0.0000   1.0000   0.0000  
# 1.3185E+01|  0.0477   0.9989   0.0000   0.0003   0.0000  
#------------------------------------------------------------
#
#============================================================
#  Covariance Matrix
#        1           2           3           4           5   
#   3.135e-02   6.283e-01   2.358e-06   1.647e-04   7.750e-09
#   6.283e-01   1.315e+01   4.192e-05   3.739e-03   1.273e-07
#   2.358e-06   4.192e-05   2.374e-10   7.091e-09   7.050e-13
#   1.647e-04   3.739e-03   7.091e-09   5.136e-03   6.262e-10
#   7.750e-09   1.273e-07   7.050e-13   6.262e-10   7.020e-14
#------------------------------------------------------------
#
#========================================================================
#Model TBabs<1>*cutoffpl<2> + zgauss<3> Source No.: 1   Active/On
#Model Model Component  Parameter  Unit     Value
# par  comp
#   1    1   TBabs      nH         10^22    6.00148E-17  +/-  -1.00000     
#   2    2   cutoffpl   PhoIndex            1.40010      +/-  0.177070     
#   3    2   cutoffpl   HighECut   keV      9.15066      +/-  3.62687      
#   4    2   cutoffpl   norm                2.17513E-04  +/-  1.54080E-05  
#   5    3   zgauss     LineE      keV      4.92446      +/-  7.16652E-02  
#   6    3   zgauss     Sigma      keV      1.00000E-02  frozen
#   7    3   zgauss     Redshift            2.00000E-03  frozen
#   8    3   zgauss     norm                -4.34078E-07 +/-  2.64951E-07  
#________________________________________________________________________
#
#
#Fit statistic : Chi-Squared =         267.84 using 263 PHA bins.
#
#Test statistic : Chi-Squared =         267.84 using 263 PHA bins.
# Reduced chi-squared =         1.0422 for    257 degrees of freedom 
# Null hypothesis probability =   3.081733e-01
#
!XSPEC12>plot contour
#
!XSPEC12>setplot command wdata wdata.dat
#
!XSPEC12>plot contour
#
!XSPEC12>mv wdata.dat fit_tbabscutoffpl+zgauss_con_e_0.01.dat
#
!XSPEC12>log none
#