#XSPEC version: 12.10.0c
#Build Date/Time: Fri Apr 20 13:14:53 2018
#
!XSPEC12>data P0672130601PNS002SRSPEC0001.FTZ
#
#***XSPEC Error:  cannot open file named: epn_ff20_sdY9.rmf
#Error: cannot read response file epn_ff20_sdY9.rmf
#
#
#*** Response file has format inconsistent with data:  response file epn_ff20_sdY9.rmf read skipped
#
#1 spectrum  in use
# 
#Spectral Data File: P0672130601PNS002SRSPEC0001.FTZ  Spectrum 1
#Net count rate (cts/s) for Spectrum:1  3.781e-01 +/- 2.580e-03 (95.2 % total)
# Assigned to Data Group 1 and Plot Group 1
#  Noticed Channels:  1-2375
#  Telescope: XMM Instrument: EPN  Channel Type: PI
#  Exposure Time: 5.986e+04 sec
# Using fit statistic: chi
# Using test statistic: chi
# Using Background File                P0672130601PNS002BGSPEC0001.FTZ
#  Background Exposure Time: 5.999e+04 sec
# No response loaded.
#
#***Warning!  One or more spectra are missing responses,
#               and are not suitable for fit.
#
!XSPEC12>back P0672130601PNS002BGSPEC0001.FTZ
#
!XSPEC12>backgrnd P0672130601PNS002BGSPEC0001.FTZ
#Net count rate (cts/s) for Spectrum:1  3.781e-01 +/- 2.580e-03 (95.2 % total)
#***Warning!  One or more spectra are missing responses,
#               and are not suitable for fit.
#
!XSPEC12>resp epn_e2_ff20_sY9_v16.0.rmf
#
!XSPEC12>response epn_e2_ff20_sY9_v16.0.rmf
#Response successfully loaded.
#
!XSPEC12>arf P0672130601PNS002SRCARF0001.FTZ
#Arf successfully loaded.
#
!XSPEC12>ignore **-2.0 10.0-**
#   394 channels (1-394) ignored in spectrum #     1
#  1717 channels (659-2375) ignored in spectrum #     1
#
#
!XSPEC12>ignore bad
#
#ignore:  1777 channels ignored from  source number 1
#
!XSPEC12>model tbabs*cutoffpl  ;  1.0,0.1  ;  2, 0.01  ;  15, 0.01  ;  1.E-4 1E-5
#
#========================================================================
#Model TBabs<1>*cutoffpl<2> Source No.: 1   Active/On
#Model Model Component  Parameter  Unit     Value
# par  comp
#   1    1   TBabs      nH         10^22    1.00000      +/-  0.0          
#   2    2   cutoffpl   PhoIndex            2.00000      +/-  0.0          
#   3    2   cutoffpl   HighECut   keV      15.0000      +/-  0.0          
#   4    2   cutoffpl   norm                1.00000E-04  +/-  0.0          
#________________________________________________________________________
#
#
#Fit statistic : Chi-Squared =        3479.70 using 263 PHA bins.
#
#Test statistic : Chi-Squared =        3479.70 using 263 PHA bins.
# Reduced chi-squared =        13.4351 for    259 degrees of freedom 
# Null hypothesis probability =   0.000000e+00
# Current data and model not fit yet.
#
!XSPEC12>fit
#                                   Parameters
#Chi-Squared  |beta|/N    Lvl          1:nH    2:PhoIndex    3:HighECut        4:norm
#288.534      18.7317      -1       1.01417       1.99497       18.0085   0.000431709
#284.76       14246.7      -1      0.954641       1.99330       21.2240   0.000414890
#282.137      8159.64      -1      0.888757       1.99265       24.7936   0.000400665
#280.209      4996.8       -1      0.828400       1.99197       28.8350   0.000388616
#278.776      3270.4       -1      0.775173       1.99105       33.4219   0.000378379
#277.709      2084.83      -1      0.728676       1.98985       38.5860   0.000369655
#277.556      1119.93      -2      0.528269       1.96812       57.8638   0.000330709
#274.293      80135.7      -2      0.430931       1.93260       69.3160   0.000314000
#274.017      11266.9      -2      0.378180       1.89979       52.4473   0.000303660
#273.678      19029.6      -2      0.337964       1.86647       41.3346   0.000295194
#273.341      18370.3      -2      0.301948       1.83375       34.0289   0.000287552
#273.031      15896.8      -2      0.267966       1.80157       28.8394   0.000280422
#272.733      14317.4      -2      0.234941       1.77028       25.1508   0.000273650
#272.458      11880        -2      0.202793       1.74020       22.3977   0.000267238
#272.202      10035        -2      0.171891       1.71058       20.1577   0.000261178
#271.955      9499.47      -2      0.141624       1.68186       18.4023   0.000255386
#271.723      8086.42      -2      0.112242       1.65367       16.9292   0.000249871
#271.498      7574.9       -2     0.0835094       1.62606       15.7005   0.000244590
#271.285      6855.74      -2     0.0554092       1.59895       14.6515   0.000239526
#271.079      6345.52      -2     0.0278521       1.57241       13.7526   0.000234664
#270.883      5808.63      -2   0.000849293       1.54645       12.9744   0.000229997
#270.88       5331.68      -2   2.39411e-05       1.52099       12.2901   0.000225520
#==================================================
# Variances and Principal Axes
#                 1        2        3        4  
# 1.0057E-11| -0.0000  -0.0003   0.0000   1.0000  
# 1.1827E-03|  0.2961  -0.9549   0.0225  -0.0003  
# 7.3580E-02| -0.9546  -0.2950   0.0416  -0.0001  
# 3.1344E+02|  0.0331   0.0338   0.9989   0.0000  
#--------------------------------------------------
#
#================================================
#  Covariance Matrix
#        1           2           3           4   
#   4.111e-01   3.714e-01   1.037e+01   6.812e-05
#   3.714e-01   3.656e-01   1.058e+01   6.391e-05
#   1.037e+01   1.058e+01   3.127e+02   1.803e-03
#   6.812e-05   6.391e-05   1.803e-03   1.154e-08
#------------------------------------------------
#
#========================================================================
#Model TBabs<1>*cutoffpl<2> Source No.: 1   Active/On
#Model Model Component  Parameter  Unit     Value
# par  comp
#   1    1   TBabs      nH         10^22    2.39411E-05  +/-  0.641182     
#   2    2   cutoffpl   PhoIndex            1.52099      +/-  0.604684     
#   3    2   cutoffpl   HighECut   keV      12.2901      +/-  17.6844      
#   4    2   cutoffpl   norm                2.25520E-04  +/-  1.07425E-04  
#________________________________________________________________________
#
#
#Fit statistic : Chi-Squared =         270.88 using 263 PHA bins.
#
#Test statistic : Chi-Squared =         270.88 using 263 PHA bins.
# Reduced chi-squared =         1.0459 for    259 degrees of freedom 
# Null hypothesis probability =   2.934244e-01
#
!XSPEC12>save all fit_tbabscutoffpl.xcm
#
!XSPEC12>setplot energy
#
!XSPEC12>setplot rebin 3 10
#
!XSPEC12>setplot command wdata wdata.dat
#
!XSPEC12>plot delchi
#
!XSPEC12>mv wdata.dat fit_tbabscutoffpl_delc.dat
#
!XSPEC12>log none
#