#XSPEC version: 12.10.0c
#Build Date/Time: Fri Apr 20 13:14:53 2018
#
!XSPEC12>data P0205230301PNS003SRSPEC0002.FTZ
#
#***XSPEC Error:  cannot open file named: epn_ff20_sdY9.rmf
#Error: cannot read response file epn_ff20_sdY9.rmf
#
#
#*** Response file has format inconsistent with data:  response file epn_ff20_sdY9.rmf read skipped
#
#1 spectrum  in use
# 
#Spectral Data File: P0205230301PNS003SRSPEC0002.FTZ  Spectrum 1
#Net count rate (cts/s) for Spectrum:1  1.024e+00 +/- 1.092e-02 (98.3 % total)
# Assigned to Data Group 1 and Plot Group 1
#  Noticed Channels:  1-2394
#  Telescope: XMM Instrument: EPN  Channel Type: PI
#  Exposure Time: 8743 sec
# Using fit statistic: chi
# Using test statistic: chi
# Using Background File                P0205230301PNS003BGSPEC0002.FTZ
#  Background Exposure Time: 8740 sec
# No response loaded.
#
#***Warning!  One or more spectra are missing responses,
#               and are not suitable for fit.
#
!XSPEC12>back P0205230301PNS003BGSPEC0002.FTZ
#
!XSPEC12>backgrnd P0205230301PNS003BGSPEC0002.FTZ
#Net count rate (cts/s) for Spectrum:1  1.024e+00 +/- 1.092e-02 (98.3 % total)
#***Warning!  One or more spectra are missing responses,
#               and are not suitable for fit.
#
!XSPEC12>resp epn_e1_ff20_sY9_v16.0.rmf
#
!XSPEC12>response epn_e1_ff20_sY9_v16.0.rmf
#Response successfully loaded.
#
!XSPEC12>arf P0205230301PNS003SRCARF0002.FTZ
#Arf successfully loaded.
#
!XSPEC12>ignore **-2.0 10.0-**
#   262 channels (1-262) ignored in spectrum #     1
#  1982 channels (413-2394) ignored in spectrum #     1
#
#
!XSPEC12>ignore bad
#
#ignore:  2046 channels ignored from  source number 1
#
!XSPEC12>model tbabs*cutoffpl  ;  1.0,0.1  ;  2, 0.01  ;  15, 0.01  ;  1.E-4 1E-5
#
#========================================================================
#Model TBabs<1>*cutoffpl<2> Source No.: 1   Active/On
#Model Model Component  Parameter  Unit     Value
# par  comp
#   1    1   TBabs      nH         10^22    1.00000      +/-  0.0          
#   2    2   cutoffpl   PhoIndex            2.00000      +/-  0.0          
#   3    2   cutoffpl   HighECut   keV      15.0000      +/-  0.0          
#   4    2   cutoffpl   norm                1.00000E-04  +/-  0.0          
#________________________________________________________________________
#
#
#Fit statistic : Chi-Squared =        2810.70 using 149 PHA bins.
#
#Test statistic : Chi-Squared =        2810.70 using 149 PHA bins.
# Reduced chi-squared =        19.3842 for    145 degrees of freedom 
# Null hypothesis probability =   0.000000e+00
# Current data and model not fit yet.
#
!XSPEC12>fit
#                                   Parameters
#Chi-Squared  |beta|/N    Lvl          1:nH    2:PhoIndex    3:HighECut        4:norm
#139.138      5.45737      -2       1.20784       1.97296       12.5479    0.00180536
#138.781      3663.44      -2       1.24522       1.95531       11.7227    0.00182781
#138.741      627.443      -2       1.24964       1.94227       11.2576    0.00182539
#138.717      209.656      -2       1.24401       1.93033       10.9421    0.00181469
#138.696      94.84        -2       1.23475       1.91901       10.6928    0.00180119
#138.675      57.5168      -2       1.22441       1.90782       10.4658    0.00178697
#138.655      48.9724      -2       1.21367       1.89678       10.2559    0.00177258
#138.635      43.1448      -2       1.20281       1.88596       10.0613    0.00175831
#138.617      38.0275      -2       1.19206       1.87530       9.87672    0.00174432
#138.599      35.561       -2       1.18141       1.86487       9.70407    0.00173062
#138.581      31.7493      -2       1.17097       1.85458       9.53853    0.00171727
#138.564      30.4927      -2       1.16067       1.84449       9.38237    0.00170423
#138.548      27.5807      -2       1.15052       1.83467       9.23614    0.00169152
#138.533      24.1388      -2       1.14060       1.82510       9.09815    0.00167920
#138.518      21.541       -2       1.13093       1.81571       8.96613    0.00166726
#138.504      20.026       -2       1.12152       1.80640       8.83768    0.00165565
#138.489      20.017       -2       1.11226       1.79717       8.71346    0.00164428
#138.476      19.2845      -2       1.10310       1.78809       8.59507    0.00163312
#138.463      17.438       -2       1.09404       1.77921       8.48305    0.00162221
#138.45       15.1435      -2       1.08515       1.77050       8.37574    0.00161156
#138.437      13.7975      -2       1.07642       1.76185       8.27129    0.00160115
#138.425      13.5653      -2       1.06784       1.75327       8.16969    0.00159095
#138.413      13.1746      -2       1.05931       1.74487       8.07344    0.00158092
#138.402      11.0748      -2       1.05090       1.73668       7.98249    0.00157113
#138.391      8.91496      -2       1.04267       1.72863       7.89465    0.00156159
#138.381      8.21186      -2       1.03461       1.72069       7.80956    0.00155229
#138.371      7.61447      -2       1.02668       1.71288       7.72774    0.00154319
#138.361      6.59862      -2       1.01888       1.70522       7.64931    0.00153429
#==================================================
# Variances and Principal Axes
#                 1        2        3        4  
# 7.9146E-10| -0.0002  -0.0019   0.0001   1.0000  
# 2.1800E-03|  0.2934  -0.9539   0.0629  -0.0018  
# 1.4074E-01| -0.9517  -0.2852   0.1140  -0.0008  
# 8.5326E+01|  0.0908   0.0933   0.9915   0.0001  
#--------------------------------------------------
#
#================================================
#  Covariance Matrix
#        1           2           3           4   
#   8.306e-01   7.602e-01   7.664e+00   9.195e-04
#   7.602e-01   7.563e-01   7.889e+00   8.732e-04
#   7.664e+00   7.889e+00   8.388e+01   8.891e-03
#   9.195e-04   8.732e-04   8.891e-03   1.040e-06
#------------------------------------------------
#
#========================================================================
#Model TBabs<1>*cutoffpl<2> Source No.: 1   Active/On
#Model Model Component  Parameter  Unit     Value
# par  comp
#   1    1   TBabs      nH         10^22    1.01888      +/-  0.911376     
#   2    2   cutoffpl   PhoIndex            1.70522      +/-  0.869643     
#   3    2   cutoffpl   HighECut   keV      7.64931      +/-  9.15871      
#   4    2   cutoffpl   norm                1.53429E-03  +/-  1.01982E-03  
#________________________________________________________________________
#
#
#Fit statistic : Chi-Squared =         138.36 using 149 PHA bins.
#
#Test statistic : Chi-Squared =         138.36 using 149 PHA bins.
# Reduced chi-squared =        0.95421 for    145 degrees of freedom 
# Null hypothesis probability =   6.393261e-01
#
!XSPEC12>save all fit_tbabscutoffpl.xcm
#
!XSPEC12>setplot energy
#
!XSPEC12>setplot rebin 3 10
#
!XSPEC12>setplot command wdata wdata.dat
#
!XSPEC12>plot delchi
#
!XSPEC12>mv wdata.dat fit_tbabscutoffpl_delc.dat
#
!XSPEC12>log none
#