#XSPEC version: 12.10.0c
#Build Date/Time: Fri Apr 20 13:14:53 2018
#
!XSPEC12>data P0152170501PNS001SRSPEC0001.FTZ
#
#***XSPEC Error:  cannot open file named: epn_ff20_sdY9.rmf
#Error: cannot read response file epn_ff20_sdY9.rmf
#
#
#*** Response file has format inconsistent with data:  response file epn_ff20_sdY9.rmf read skipped
#
#1 spectrum  in use
# 
#Spectral Data File: P0152170501PNS001SRSPEC0001.FTZ  Spectrum 1
#Net count rate (cts/s) for Spectrum:1  3.445e-01 +/- 3.322e-03 (96.4 % total)
# Assigned to Data Group 1 and Plot Group 1
#  Noticed Channels:  1-2126
#  Telescope: XMM Instrument: EPN  Channel Type: PI
#  Exposure Time: 3.245e+04 sec
# Using fit statistic: chi
# Using test statistic: chi
# Using Background File                P0152170501PNS001BGSPEC0001.FTZ
#  Background Exposure Time: 3.245e+04 sec
# No response loaded.
#
#***Warning!  One or more spectra are missing responses,
#               and are not suitable for fit.
#
!XSPEC12>back P0152170501PNS001BGSPEC0001.FTZ
#
!XSPEC12>backgrnd P0152170501PNS001BGSPEC0001.FTZ
#Net count rate (cts/s) for Spectrum:1  3.445e-01 +/- 3.322e-03 (96.4 % total)
#***Warning!  One or more spectra are missing responses,
#               and are not suitable for fit.
#
!XSPEC12>resp epn_e1_ff20_sY9_v16.0.rmf
#
!XSPEC12>response epn_e1_ff20_sY9_v16.0.rmf
#Response successfully loaded.
#
!XSPEC12>arf P0152170501PNS001SRCARF0001.FTZ
#Arf successfully loaded.
#
!XSPEC12>ignore **-2.0 10.0-**
#   318 channels (1-318) ignored in spectrum #     1
#  1721 channels (406-2126) ignored in spectrum #     1
#
#
!XSPEC12>ignore bad
#
#ignore:  1784 channels ignored from  source number 1
#
!XSPEC12>model tbabs*cutoffpl  ;  1.0,0.1  ;  2, 0.01  ;  15, 0.01  ;  1.E-4 1E-5
#
#========================================================================
#Model TBabs<1>*cutoffpl<2> Source No.: 1   Active/On
#Model Model Component  Parameter  Unit     Value
# par  comp
#   1    1   TBabs      nH         10^22    1.00000      +/-  0.0          
#   2    2   cutoffpl   PhoIndex            2.00000      +/-  0.0          
#   3    2   cutoffpl   HighECut   keV      15.0000      +/-  0.0          
#   4    2   cutoffpl   norm                1.00000E-04  +/-  0.0          
#________________________________________________________________________
#
#
#Fit statistic : Chi-Squared =         611.77 using 86 PHA bins.
#
#Test statistic : Chi-Squared =         611.77 using 86 PHA bins.
# Reduced chi-squared =         7.4606 for     82 degrees of freedom 
# Null hypothesis probability =   5.345205e-82
# Current data and model not fit yet.
#
!XSPEC12>fit
#                                   Parameters
#Chi-Squared  |beta|/N    Lvl          1:nH    2:PhoIndex    3:HighECut        4:norm
#79.6116      16.5156      -2      0.146747       2.02331       12.5341   0.000228875
#79.5518      946.469      -2      0.114425       2.00096       12.3560   0.000222660
#79.5123      291.669      -2     0.0844039       1.97898       11.8948   0.000218135
#79.4756      723.735      -2     0.0595108       1.95726       11.4177   0.000214283
#79.4397      834.549      -2     0.0373229       1.93532       10.9383   0.000210784
#79.4054      953.486      -2     0.0160928       1.91386       10.5072   0.000207457
#79.3823      879.925      -2    0.00586103       1.89259       10.1043   0.000204274
#79.3704      4262.16      -1   0.000929993       1.89030       10.0686   0.000204106
#79.368       1494.47      -1   6.77685e-05       1.88826       10.0273   0.000203842
#==================================================
# Variances and Principal Axes
#                 1        2        3        4  
# 2.7935E-11| -0.0000  -0.0002   0.0000   1.0000  
# 4.7490E-03|  0.3173  -0.9477   0.0353  -0.0002  
# 2.9858E-01| -0.9470  -0.3148   0.0635  -0.0001  
# 6.4955E+02|  0.0491   0.0536   0.9974   0.0000  
#--------------------------------------------------
#
#================================================
#  Covariance Matrix
#        1           2           3           4   
#   1.832e+00   1.797e+00   3.177e+01   2.756e-04
#   1.797e+00   1.902e+00   3.473e+01   2.788e-04
#   3.177e+01   3.473e+01   6.461e+02   4.972e-03
#   2.756e-04   2.788e-04   4.972e-03   4.219e-08
#------------------------------------------------
#
#========================================================================
#Model TBabs<1>*cutoffpl<2> Source No.: 1   Active/On
#Model Model Component  Parameter  Unit     Value
# par  comp
#   1    1   TBabs      nH         10^22    6.77685E-05  +/-  1.35350      
#   2    2   cutoffpl   PhoIndex            1.88826      +/-  1.37904      
#   3    2   cutoffpl   HighECut   keV      10.0273      +/-  25.4189      
#   4    2   cutoffpl   norm                2.03842E-04  +/-  2.05401E-04  
#________________________________________________________________________
#
#
#Fit statistic : Chi-Squared =          79.37 using 86 PHA bins.
#
#Test statistic : Chi-Squared =          79.37 using 86 PHA bins.
# Reduced chi-squared =         0.9679 for     82 degrees of freedom 
# Null hypothesis probability =   5.618026e-01
#
!XSPEC12>save all fit_tbabscutoffpl.xcm
#
!XSPEC12>setplot energy
#
!XSPEC12>setplot rebin 3 10
#
!XSPEC12>addc 3 zgauss ; 1 0.01 0.5 0.5 8.0 8.0 ; 0.01,-1 ; 0.002,-1 ; -1e-6 1e-7 -1e10 -1e10 -1e-10 -1e-10
#
!XSPEC12>addcomp 3 zgauss ; 1 0.01 0.5 0.5 8.0 8.0 ; 0.01,-1 ; 0.002,-1 ; -1e-6 1e-7 -1e10 -1e10 -1e-10 -1e-10
#
#Fit statistic : Chi-Squared =          79.37 using 86 PHA bins.
#
#Test statistic : Chi-Squared =          79.37 using 86 PHA bins.
# Reduced chi-squared =         0.9921 for     80 degrees of freedom 
# Null hypothesis probability =   4.989345e-01
# Current data and model not fit yet.
#
#========================================================================
#Model TBabs<1>*cutoffpl<2> + zgauss<3> Source No.: 1   Active/On
#Model Model Component  Parameter  Unit     Value
# par  comp
#   1    1   TBabs      nH         10^22    6.77685E-05  +/-  1.35350      
#   2    2   cutoffpl   PhoIndex            1.88826      +/-  1.37904      
#   3    2   cutoffpl   HighECut   keV      10.0273      +/-  25.4189      
#   4    2   cutoffpl   norm                2.03842E-04  +/-  2.05401E-04  
#   5    3   zgauss     LineE      keV      1.00000      +/-  0.0          
#   6    3   zgauss     Sigma      keV      1.00000E-02  frozen
#   7    3   zgauss     Redshift            2.00000E-03  frozen
#   8    3   zgauss     norm                -1.00000E-06 +/-  0.0          
#
#________________________________________________________________________
#
!XSPEC12>fit
#                                   Parameters
#Chi-Squared  |beta|/N    Lvl          1:nH    2:PhoIndex    3:HighECut        4:norm       5:LineE        8:norm
#***Warning: Zero alpha-matrix diagonal element for parameter 5
#***Warning: Zero alpha-matrix diagonal element for parameter 8
# Parameter 5 is pegged at 1 due to zero or negative pivot element, likely
# caused by the fit being insensitive to the parameter.
# Parameter 8 is pegged at -1.00098e-06 due to zero or negative pivot element, likely
# caused by the fit being insensitive to the parameter.
#79.3655      0.0956022    -1   1.76035e-05       1.88642       9.98147   0.000203717       1.00000  -1.00098e-06
#***Warning: Zero alpha-matrix diagonal element for parameter 5
#***Warning: Zero alpha-matrix diagonal element for parameter 8
# Parameter 5 is pegged at 1 due to zero or negative pivot element, likely
# caused by the fit being insensitive to the parameter.
# Parameter 8 is pegged at -1.00098e-06 due to zero or negative pivot element, likely
# caused by the fit being insensitive to the parameter.
#79.3642      1847.9       -1   2.21304e-06       1.88438       9.94205   0.000203450       1.00000  -1.00098e-06
#==================================================
# Variances and Principal Axes
#                 1        2        3        4  
# 2.7840E-11| -0.0000  -0.0002   0.0000   1.0000  
# 4.7518E-03|  0.3173  -0.9476   0.0360  -0.0002  
# 2.9876E-01| -0.9470  -0.3147   0.0646  -0.0001  
# 6.2797E+02|  0.0499   0.0546   0.9973   0.0000  
#--------------------------------------------------
#
#================================================
#  Covariance Matrix
#        1           2           3           4   
#   1.833e+00   1.798e+00   3.124e+01   2.752e-04
#   1.798e+00   1.903e+00   3.416e+01   2.784e-04
#   3.124e+01   3.416e+01   6.245e+02   4.880e-03
#   2.752e-04   2.784e-04   4.880e-03   4.205e-08
#------------------------------------------------
#
#========================================================================
#Model TBabs<1>*cutoffpl<2> + zgauss<3> Source No.: 1   Active/On
#Model Model Component  Parameter  Unit     Value
# par  comp
#   1    1   TBabs      nH         10^22    2.21304E-06  +/-  1.35382      
#   2    2   cutoffpl   PhoIndex            1.88438      +/-  1.37947      
#   3    2   cutoffpl   HighECut   keV      9.94205      +/-  24.9908      
#   4    2   cutoffpl   norm                2.03450E-04  +/-  2.05056E-04  
#   5    3   zgauss     LineE      keV      1.00000      +/-  -1.00000     
#   6    3   zgauss     Sigma      keV      1.00000E-02  frozen
#   7    3   zgauss     Redshift            2.00000E-03  frozen
#   8    3   zgauss     norm                -1.00098E-06 +/-  -1.00000     
#________________________________________________________________________
#
#
#Fit statistic : Chi-Squared =          79.36 using 86 PHA bins.
#
#Test statistic : Chi-Squared =          79.36 using 86 PHA bins.
# Reduced chi-squared =         0.9921 for     80 degrees of freedom 
# Null hypothesis probability =   4.990534e-01
#
!XSPEC12>steppar 5 2 10. 30
#
#     Chi-Squared    Delta            LineE
#                 Chi-Squared             5
#
#          79.358    -0.00594    0           2
#          79.101    -0.26351    1      2.2667
#           76.47     -2.8941    2      2.5333
#          79.449    0.084471    3         2.8
#          79.375    0.010709    4      3.0667
#          79.369   0.0049287    5      3.3333
#          75.826     -3.5383    6         3.6
#          79.853     0.48876    7      3.8667
#          79.511     0.14665    8      4.1333
#          79.514     0.14968    9         4.4
#          79.417    0.053113   10      4.6667
#          79.413    0.048906   11      4.9333
#          79.175    -0.18897   12         5.2
#          79.453    0.088354   13      5.4667
#           79.39    0.025767   14      5.7333
#          79.059    -0.30562   15           6
#          79.446    0.082057   16      6.2667
#          78.658    -0.70591   17      6.5333
#          78.509     -0.8553   18         6.8
#          78.081     -1.2835   19      7.0667
#          78.751    -0.61323   20      7.3333
#          79.893     0.52878   21         7.6
#           78.76    -0.60416   22      7.8667
#          78.696    -0.66806   23      8.1333
#          78.651    -0.71334   24         8.4
#          78.649    -0.71524   25      8.6667
#          78.647    -0.71702   26      8.9333
#          78.639     -0.7249   27         9.2
#          78.539    -0.82473   28      9.4667
#***Warning: Zero alpha-matrix diagonal element for parameter 1
# Parameter 1 is pegged at 5.56022e-17 due to zero or negative pivot element, likely
# caused by the fit being insensitive to the parameter.
#***Warning: Zero alpha-matrix diagonal element for parameter 1
# Parameter 1 is pegged at 5.56022e-17 due to zero or negative pivot element, likely
# caused by the fit being insensitive to the parameter.
#***Warning: Zero alpha-matrix diagonal element for parameter 1
# Parameter 1 is pegged at 5.56022e-17 due to zero or negative pivot element, likely
# caused by the fit being insensitive to the parameter.
#          78.387    -0.97747   29      9.7333
#***Warning: Zero alpha-matrix diagonal element for parameter 1
# Parameter 1 is pegged at 5.56022e-17 due to zero or negative pivot element, likely
# caused by the fit being insensitive to the parameter.
#***Warning: Zero alpha-matrix diagonal element for parameter 1
# Parameter 1 is pegged at 5.56022e-17 due to zero or negative pivot element, likely
# caused by the fit being insensitive to the parameter.
#          78.387    -0.97748   30          10
#
#A new best fit was found during steppar.
#Parameters have been updated to the new best fit values.
#
#                                   Parameters
#Chi-Squared  |beta|/N    Lvl          1:nH    2:PhoIndex    3:HighECut        4:norm       5:LineE        8:norm
#75.7928      3450.86      -1   6.25886e-05       1.69149       6.76466   0.000193290       3.57374  -5.89135e-07
#75.7483      21464.3      -2   4.01631e-06       1.67286       6.60586   0.000190754       3.58865  -5.91203e-07
#75.7384      8423.66      -1   9.68083e-07       1.67093       6.58737   0.000190850       3.58100  -6.02636e-07
#======================================================================
# Variances and Principal Axes
#                 1        2        3        4        5        8  
# 9.2679E-14| -0.0000  -0.0000   0.0000   0.0150  -0.0000   0.9999  
# 2.5540E-11|  0.0000   0.0002  -0.0000  -0.9999  -0.0000   0.0150  
# 4.7850E-03| -0.3142   0.9452  -0.0820   0.0002  -0.0332   0.0000  
# 3.4411E-03| -0.0078   0.0323  -0.0030   0.0000   0.9994   0.0000  
# 3.1568E-01|  0.9427   0.3007  -0.1443   0.0001  -0.0028  -0.0000  
# 1.2783E+02|  0.1118   0.1227   0.9861   0.0000  -0.0001   0.0000  
#----------------------------------------------------------------------
#
#========================================================================
#  Covariance Matrix
#        1           2           3           4           5           6   
#   1.878e+00   1.841e+00   1.405e+01   2.636e-04  -2.775e-03  -2.346e-08
#   1.841e+00   1.957e+00   1.545e+01   2.669e-04  -2.467e-03   9.542e-09
#   1.405e+01   1.545e+01   1.243e+02   2.055e-03  -1.727e-02   1.782e-07
#   2.636e-04   2.669e-04   2.055e-03   3.764e-08  -3.912e-07  -1.770e-12
#  -2.775e-03  -2.467e-03  -1.727e-02  -3.912e-07   3.447e-03   1.875e-09
#  -2.346e-08   9.542e-09   1.782e-07  -1.770e-12   1.875e-09   1.067e-13
#------------------------------------------------------------------------
#
#========================================================================
#Model TBabs<1>*cutoffpl<2> + zgauss<3> Source No.: 1   Active/On
#Model Model Component  Parameter  Unit     Value
# par  comp
#   1    1   TBabs      nH         10^22    9.68083E-07  +/-  1.37058      
#   2    2   cutoffpl   PhoIndex            1.67093      +/-  1.39883      
#   3    2   cutoffpl   HighECut   keV      6.58737      +/-  11.1490      
#   4    2   cutoffpl   norm                1.90850E-04  +/-  1.94018E-04  
#   5    3   zgauss     LineE      keV      3.58100      +/-  5.87149E-02  
#   6    3   zgauss     Sigma      keV      1.00000E-02  frozen
#   7    3   zgauss     Redshift            2.00000E-03  frozen
#   8    3   zgauss     norm                -6.02636E-07 +/-  3.26586E-07  
#________________________________________________________________________
#
#
#Fit statistic : Chi-Squared =          75.74 using 86 PHA bins.
#
#Test statistic : Chi-Squared =          75.74 using 86 PHA bins.
# Reduced chi-squared =         0.9467 for     80 degrees of freedom 
# Null hypothesis probability =   6.141349e-01
#
!XSPEC12>plot contour
#
!XSPEC12>setplot command wdata wdata.dat
#
!XSPEC12>plot contour
#
!XSPEC12>mv wdata.dat fit_tbabscutoffpl+zgauss_con_e_0.01.dat
#
!XSPEC12>log none
#