#XSPEC version: 12.10.0c
#Build Date/Time: Fri Apr 20 13:14:53 2018
#
!XSPEC12>data P0152170501PNS001SRSPEC0001.FTZ
#
#***XSPEC Error:  cannot open file named: epn_ff20_sdY9.rmf
#Error: cannot read response file epn_ff20_sdY9.rmf
#
#
#*** Response file has format inconsistent with data:  response file epn_ff20_sdY9.rmf read skipped
#
#1 spectrum  in use
# 
#Spectral Data File: P0152170501PNS001SRSPEC0001.FTZ  Spectrum 1
#Net count rate (cts/s) for Spectrum:1  3.445e-01 +/- 3.322e-03 (96.4 % total)
# Assigned to Data Group 1 and Plot Group 1
#  Noticed Channels:  1-2126
#  Telescope: XMM Instrument: EPN  Channel Type: PI
#  Exposure Time: 3.245e+04 sec
# Using fit statistic: chi
# Using test statistic: chi
# Using Background File                P0152170501PNS001BGSPEC0001.FTZ
#  Background Exposure Time: 3.245e+04 sec
# No response loaded.
#
#***Warning!  One or more spectra are missing responses,
#               and are not suitable for fit.
#
!XSPEC12>back P0152170501PNS001BGSPEC0001.FTZ
#
!XSPEC12>backgrnd P0152170501PNS001BGSPEC0001.FTZ
#Net count rate (cts/s) for Spectrum:1  3.445e-01 +/- 3.322e-03 (96.4 % total)
#***Warning!  One or more spectra are missing responses,
#               and are not suitable for fit.
#
!XSPEC12>resp epn_e1_ff20_sY9_v16.0.rmf
#
!XSPEC12>response epn_e1_ff20_sY9_v16.0.rmf
#Response successfully loaded.
#
!XSPEC12>arf P0152170501PNS001SRCARF0001.FTZ
#Arf successfully loaded.
#
!XSPEC12>ignore **-2.0 10.0-**
#   318 channels (1-318) ignored in spectrum #     1
#  1721 channels (406-2126) ignored in spectrum #     1
#
#
!XSPEC12>ignore bad
#
#ignore:  1784 channels ignored from  source number 1
#
!XSPEC12>model tbabs*cutoffpl  ;  1.0,0.1  ;  2, 0.01  ;  15, 0.01  ;  1.E-4 1E-5
#
#========================================================================
#Model TBabs<1>*cutoffpl<2> Source No.: 1   Active/On
#Model Model Component  Parameter  Unit     Value
# par  comp
#   1    1   TBabs      nH         10^22    1.00000      +/-  0.0          
#   2    2   cutoffpl   PhoIndex            2.00000      +/-  0.0          
#   3    2   cutoffpl   HighECut   keV      15.0000      +/-  0.0          
#   4    2   cutoffpl   norm                1.00000E-04  +/-  0.0          
#________________________________________________________________________
#
#
#Fit statistic : Chi-Squared =         611.77 using 86 PHA bins.
#
#Test statistic : Chi-Squared =         611.77 using 86 PHA bins.
# Reduced chi-squared =         7.4606 for     82 degrees of freedom 
# Null hypothesis probability =   5.345205e-82
# Current data and model not fit yet.
#
!XSPEC12>fit
#                                   Parameters
#Chi-Squared  |beta|/N    Lvl          1:nH    2:PhoIndex    3:HighECut        4:norm
#79.6116      16.5156      -2      0.146747       2.02331       12.5341   0.000228875
#79.5518      946.469      -2      0.114425       2.00096       12.3560   0.000222660
#79.5123      291.669      -2     0.0844039       1.97898       11.8948   0.000218135
#79.4756      723.735      -2     0.0595108       1.95726       11.4177   0.000214283
#79.4397      834.549      -2     0.0373229       1.93532       10.9383   0.000210784
#79.4054      953.486      -2     0.0160928       1.91386       10.5072   0.000207457
#79.3823      879.925      -2    0.00586103       1.89259       10.1043   0.000204274
#79.3704      4262.16      -1   0.000929993       1.89030       10.0686   0.000204106
#79.368       1494.47      -1   6.77685e-05       1.88826       10.0273   0.000203842
#==================================================
# Variances and Principal Axes
#                 1        2        3        4  
# 2.7935E-11| -0.0000  -0.0002   0.0000   1.0000  
# 4.7490E-03|  0.3173  -0.9477   0.0353  -0.0002  
# 2.9858E-01| -0.9470  -0.3148   0.0635  -0.0001  
# 6.4955E+02|  0.0491   0.0536   0.9974   0.0000  
#--------------------------------------------------
#
#================================================
#  Covariance Matrix
#        1           2           3           4   
#   1.832e+00   1.797e+00   3.177e+01   2.756e-04
#   1.797e+00   1.902e+00   3.473e+01   2.788e-04
#   3.177e+01   3.473e+01   6.461e+02   4.972e-03
#   2.756e-04   2.788e-04   4.972e-03   4.219e-08
#------------------------------------------------
#
#========================================================================
#Model TBabs<1>*cutoffpl<2> Source No.: 1   Active/On
#Model Model Component  Parameter  Unit     Value
# par  comp
#   1    1   TBabs      nH         10^22    6.77685E-05  +/-  1.35350      
#   2    2   cutoffpl   PhoIndex            1.88826      +/-  1.37904      
#   3    2   cutoffpl   HighECut   keV      10.0273      +/-  25.4189      
#   4    2   cutoffpl   norm                2.03842E-04  +/-  2.05401E-04  
#________________________________________________________________________
#
#
#Fit statistic : Chi-Squared =          79.37 using 86 PHA bins.
#
#Test statistic : Chi-Squared =          79.37 using 86 PHA bins.
# Reduced chi-squared =         0.9679 for     82 degrees of freedom 
# Null hypothesis probability =   5.618026e-01
#
!XSPEC12>save all fit_tbabscutoffpl.xcm
#
!XSPEC12>setplot energy
#
!XSPEC12>setplot rebin 3 10
#
!XSPEC12>addc 3 zgauss ; 1 0.01 0.5 0.5 8.0 8.0 ; 0.03,-1 ; 0.002,-1 ; -1e-6 1e-7 -1e10 -1e10 -1e-10 -1e-10
#
!XSPEC12>addcomp 3 zgauss ; 1 0.01 0.5 0.5 8.0 8.0 ; 0.03,-1 ; 0.002,-1 ; -1e-6 1e-7 -1e10 -1e10 -1e-10 -1e-10
#
#Fit statistic : Chi-Squared =          79.37 using 86 PHA bins.
#
#Test statistic : Chi-Squared =          79.37 using 86 PHA bins.
# Reduced chi-squared =         0.9921 for     80 degrees of freedom 
# Null hypothesis probability =   4.989345e-01
# Current data and model not fit yet.
#
#========================================================================
#Model TBabs<1>*cutoffpl<2> + zgauss<3> Source No.: 1   Active/On
#Model Model Component  Parameter  Unit     Value
# par  comp
#   1    1   TBabs      nH         10^22    6.77685E-05  +/-  1.35350      
#   2    2   cutoffpl   PhoIndex            1.88826      +/-  1.37904      
#   3    2   cutoffpl   HighECut   keV      10.0273      +/-  25.4189      
#   4    2   cutoffpl   norm                2.03842E-04  +/-  2.05401E-04  
#   5    3   zgauss     LineE      keV      1.00000      +/-  0.0          
#   6    3   zgauss     Sigma      keV      3.00000E-02  frozen
#   7    3   zgauss     Redshift            2.00000E-03  frozen
#   8    3   zgauss     norm                -1.00000E-06 +/-  0.0          
#
#________________________________________________________________________
#
!XSPEC12>fit
#                                   Parameters
#Chi-Squared  |beta|/N    Lvl          1:nH    2:PhoIndex    3:HighECut        4:norm       5:LineE        8:norm
#***Warning: Zero alpha-matrix diagonal element for parameter 5
#***Warning: Zero alpha-matrix diagonal element for parameter 8
# Parameter 5 is pegged at 1 due to zero or negative pivot element, likely
# caused by the fit being insensitive to the parameter.
# Parameter 8 is pegged at -1.00098e-06 due to zero or negative pivot element, likely
# caused by the fit being insensitive to the parameter.
#79.3655      0.0956022    -1   1.76035e-05       1.88642       9.98147   0.000203717       1.00000  -1.00098e-06
#***Warning: Zero alpha-matrix diagonal element for parameter 5
#***Warning: Zero alpha-matrix diagonal element for parameter 8
# Parameter 5 is pegged at 1 due to zero or negative pivot element, likely
# caused by the fit being insensitive to the parameter.
# Parameter 8 is pegged at -1.00098e-06 due to zero or negative pivot element, likely
# caused by the fit being insensitive to the parameter.
#79.3642      1847.9       -1   2.21304e-06       1.88438       9.94205   0.000203450       1.00000  -1.00098e-06
#==================================================
# Variances and Principal Axes
#                 1        2        3        4  
# 2.7840E-11| -0.0000  -0.0002   0.0000   1.0000  
# 4.7518E-03|  0.3173  -0.9476   0.0360  -0.0002  
# 2.9876E-01| -0.9470  -0.3147   0.0646  -0.0001  
# 6.2797E+02|  0.0499   0.0546   0.9973   0.0000  
#--------------------------------------------------
#
#================================================
#  Covariance Matrix
#        1           2           3           4   
#   1.833e+00   1.798e+00   3.124e+01   2.752e-04
#   1.798e+00   1.903e+00   3.416e+01   2.784e-04
#   3.124e+01   3.416e+01   6.245e+02   4.880e-03
#   2.752e-04   2.784e-04   4.880e-03   4.205e-08
#------------------------------------------------
#
#========================================================================
#Model TBabs<1>*cutoffpl<2> + zgauss<3> Source No.: 1   Active/On
#Model Model Component  Parameter  Unit     Value
# par  comp
#   1    1   TBabs      nH         10^22    2.21304E-06  +/-  1.35382      
#   2    2   cutoffpl   PhoIndex            1.88438      +/-  1.37947      
#   3    2   cutoffpl   HighECut   keV      9.94205      +/-  24.9908      
#   4    2   cutoffpl   norm                2.03450E-04  +/-  2.05056E-04  
#   5    3   zgauss     LineE      keV      1.00000      +/-  -1.00000     
#   6    3   zgauss     Sigma      keV      3.00000E-02  frozen
#   7    3   zgauss     Redshift            2.00000E-03  frozen
#   8    3   zgauss     norm                -1.00098E-06 +/-  -1.00000     
#________________________________________________________________________
#
#
#Fit statistic : Chi-Squared =          79.36 using 86 PHA bins.
#
#Test statistic : Chi-Squared =          79.36 using 86 PHA bins.
# Reduced chi-squared =         0.9921 for     80 degrees of freedom 
# Null hypothesis probability =   4.990534e-01
#
!XSPEC12>steppar 5 2 10. 30
#
#     Chi-Squared    Delta            LineE
#                 Chi-Squared             5
#
#          79.434    0.070079    0           2
#          79.249    -0.11492    1      2.2667
#          76.546     -2.8182    2      2.5333
#          79.438    0.074153    3         2.8
#          79.367   0.0027313    4      3.0667
#          79.363  -0.0011837    5      3.3333
#          76.026      -3.338    6         3.6
#          79.825     0.46078    7      3.8667
#          79.488     0.12343    8      4.1333
#          79.968     0.60393    9         4.4
#          79.437    0.072335   10      4.6667
#          79.402    0.037732   11      4.9333
#          79.256    -0.10784   12         5.2
#          79.858     0.49357   13      5.4667
#          79.405    0.040519   14      5.7333
#          79.093    -0.27106   15           6
#          79.324   -0.040238   16      6.2667
#          78.618    -0.74612   17      6.5333
#          78.349     -1.0151   18         6.8
#          77.882     -1.4819   19      7.0667
#          78.604    -0.76031   20      7.3333
#          79.633     0.26926   21         7.6
#          78.656     -0.7078   22      7.8667
#          78.539    -0.82517   23      8.1333
#***Warning: Zero alpha-matrix diagonal element for parameter 1
# Parameter 1 is pegged at 8.70398e-17 due to zero or negative pivot element, likely
# caused by the fit being insensitive to the parameter.
#***Warning: Zero alpha-matrix diagonal element for parameter 1
# Parameter 1 is pegged at 8.70398e-17 due to zero or negative pivot element, likely
# caused by the fit being insensitive to the parameter.
#***Warning: Zero alpha-matrix diagonal element for parameter 1
# Parameter 1 is pegged at 8.70398e-17 due to zero or negative pivot element, likely
# caused by the fit being insensitive to the parameter.
#          78.396    -0.96778   24         8.4
#***Warning: Zero alpha-matrix diagonal element for parameter 1
# Parameter 1 is pegged at 8.70398e-17 due to zero or negative pivot element, likely
# caused by the fit being insensitive to the parameter.
#***Warning: Zero alpha-matrix diagonal element for parameter 1
# Parameter 1 is pegged at 8.70398e-17 due to zero or negative pivot element, likely
# caused by the fit being insensitive to the parameter.
#          78.396    -0.96778   25      8.6667
#***Warning: Zero alpha-matrix diagonal element for parameter 1
# Parameter 1 is pegged at 8.70398e-17 due to zero or negative pivot element, likely
# caused by the fit being insensitive to the parameter.
#***Warning: Zero alpha-matrix diagonal element for parameter 1
# Parameter 1 is pegged at 8.70398e-17 due to zero or negative pivot element, likely
# caused by the fit being insensitive to the parameter.
#          78.396    -0.96778   26      8.9333
#***Warning: Zero alpha-matrix diagonal element for parameter 1
# Parameter 1 is pegged at 8.70398e-17 due to zero or negative pivot element, likely
# caused by the fit being insensitive to the parameter.
#***Warning: Zero alpha-matrix diagonal element for parameter 1
# Parameter 1 is pegged at 8.70398e-17 due to zero or negative pivot element, likely
# caused by the fit being insensitive to the parameter.
#          78.396    -0.96778   27         9.2
#***Warning: Zero alpha-matrix diagonal element for parameter 1
# Parameter 1 is pegged at 8.70398e-17 due to zero or negative pivot element, likely
# caused by the fit being insensitive to the parameter.
#***Warning: Zero alpha-matrix diagonal element for parameter 1
# Parameter 1 is pegged at 8.70398e-17 due to zero or negative pivot element, likely
# caused by the fit being insensitive to the parameter.
#          78.396    -0.96778   28      9.4667
#***Warning: Zero alpha-matrix diagonal element for parameter 1
# Parameter 1 is pegged at 8.70398e-17 due to zero or negative pivot element, likely
# caused by the fit being insensitive to the parameter.
#***Warning: Zero alpha-matrix diagonal element for parameter 1
# Parameter 1 is pegged at 8.70398e-17 due to zero or negative pivot element, likely
# caused by the fit being insensitive to the parameter.
#          78.396    -0.96778   29      9.7333
#***Warning: Zero alpha-matrix diagonal element for parameter 1
# Parameter 1 is pegged at 8.70398e-17 due to zero or negative pivot element, likely
# caused by the fit being insensitive to the parameter.
#***Warning: Zero alpha-matrix diagonal element for parameter 1
# Parameter 1 is pegged at 8.70398e-17 due to zero or negative pivot element, likely
# caused by the fit being insensitive to the parameter.
#          78.396    -0.96778   30          10
#
#A new best fit was found during steppar.
#Parameters have been updated to the new best fit values.
#
#                                   Parameters
#Chi-Squared  |beta|/N    Lvl          1:nH    2:PhoIndex    3:HighECut        4:norm       5:LineE        8:norm
#75.9633      4311.46      -1   8.16351e-05       1.68629       6.70829   0.000192956       3.56809  -6.09169e-07
#75.9107      23151        -2   2.10837e-05       1.66777       6.55391   0.000190420       3.58822  -6.11027e-07
#75.894       8030.29      -1   8.47965e-06       1.66585       6.53533   0.000190534       3.57640  -6.25749e-07
#75.8691      9059.2       -1   2.42939e-06       1.66425       6.51420   0.000190548       3.58300  -6.25545e-07
#75.8542      11468.6       0   1.08865e-06       1.66379       6.51512   0.000190727       3.58124  -6.27226e-07
#75.8497      4630.33       0   4.82994e-07       1.66361       6.51207   0.000190841       3.58096  -6.28949e-07
#======================================================================
# Variances and Principal Axes
#                 1        2        3        4        5        8  
# 1.0480E-13| -0.0000  -0.0000   0.0000   0.0168  -0.0000   0.9999  
# 2.5520E-11|  0.0000   0.0002  -0.0000  -0.9999  -0.0000   0.0168  
# 4.7593E-03|  0.3137  -0.9444   0.0842  -0.0002   0.0518  -0.0000  
# 3.7454E-03|  0.0132  -0.0499   0.0047  -0.0000  -0.9987  -0.0000  
# 3.1572E-01| -0.9425  -0.2997   0.1482  -0.0001   0.0033   0.0000  
# 1.2058E+02| -0.1148  -0.1260  -0.9854  -0.0000   0.0002  -0.0000  
#----------------------------------------------------------------------
#
#========================================================================
#  Covariance Matrix
#        1           2           3           4           5           6   
#   1.871e+00   1.833e+00   1.360e+01   2.624e-04  -3.247e-03  -2.810e-08
#   1.833e+00   1.948e+00   1.496e+01   2.656e-04  -2.887e-03   8.924e-09
#   1.360e+01   1.496e+01   1.171e+02   1.989e-03  -1.966e-02   1.817e-07
#   2.624e-04   2.656e-04   1.989e-03   3.746e-08  -4.578e-07  -2.247e-12
#  -3.247e-03  -2.887e-03  -1.966e-02  -4.578e-07   3.755e-03   2.565e-09
#  -2.810e-08   8.924e-09   1.817e-07  -2.247e-12   2.565e-09   1.228e-13
#------------------------------------------------------------------------
#
#========================================================================
#Model TBabs<1>*cutoffpl<2> + zgauss<3> Source No.: 1   Active/On
#Model Model Component  Parameter  Unit     Value
# par  comp
#   1    1   TBabs      nH         10^22    4.82994E-07  +/-  1.36779      
#   2    2   cutoffpl   PhoIndex            1.66361      +/-  1.39558      
#   3    2   cutoffpl   HighECut   keV      6.51207      +/-  10.8209      
#   4    2   cutoffpl   norm                1.90841E-04  +/-  1.93553E-04  
#   5    3   zgauss     LineE      keV      3.58096      +/-  6.12765E-02  
#   6    3   zgauss     Sigma      keV      3.00000E-02  frozen
#   7    3   zgauss     Redshift            2.00000E-03  frozen
#   8    3   zgauss     norm                -6.28949E-07 +/-  3.50381E-07  
#________________________________________________________________________
#
#
#Fit statistic : Chi-Squared =          75.85 using 86 PHA bins.
#
#Test statistic : Chi-Squared =          75.85 using 86 PHA bins.
# Reduced chi-squared =         0.9481 for     80 degrees of freedom 
# Null hypothesis probability =   6.106438e-01
#
!XSPEC12>plot contour
#
!XSPEC12>setplot command wdata wdata.dat
#
!XSPEC12>plot contour
#
!XSPEC12>mv wdata.dat fit_tbabscutoffpl+zgauss_con_e.dat
#
!XSPEC12>log none
#