#XSPEC version: 12.10.0c
#Build Date/Time: Fri Apr 20 13:14:53 2018
#
!XSPEC12>data P0405090101PNS003SRSPEC0001.FTZ
#
#***XSPEC Error:  cannot open file named: epn_ff20_sdY8.rmf
#Error: cannot read response file epn_ff20_sdY8.rmf
#
#
#*** Response file has format inconsistent with data:  response file epn_ff20_sdY8.rmf read skipped
#
#1 spectrum  in use
# 
#Spectral Data File: P0405090101PNS003SRSPEC0001.FTZ  Spectrum 1
#Net count rate (cts/s) for Spectrum:1  7.535e-01 +/- 3.168e-03 (97.5 % total)
# Assigned to Data Group 1 and Plot Group 1
#  Noticed Channels:  1-2707
#  Telescope: XMM Instrument: EPN  Channel Type: PI
#  Exposure Time: 7.708e+04 sec
# Using fit statistic: chi
# Using test statistic: chi
# Using Background File                P0405090101PNS003BGSPEC0001.FTZ
#  Background Exposure Time: 7.704e+04 sec
# No response loaded.
#
#***Warning!  One or more spectra are missing responses,
#               and are not suitable for fit.
#
!XSPEC12>back P0405090101PNS003BGSPEC0001.FTZ
#
!XSPEC12>backgrnd P0405090101PNS003BGSPEC0001.FTZ
#Net count rate (cts/s) for Spectrum:1  7.535e-01 +/- 3.168e-03 (97.5 % total)
#***Warning!  One or more spectra are missing responses,
#               and are not suitable for fit.
#
!XSPEC12>resp epn_e1_ff20_sY9_v16.0.rmf
#
!XSPEC12>response epn_e1_ff20_sY9_v16.0.rmf
#Response successfully loaded.
#
!XSPEC12>arf P0405090101PNS003SRCARF0001.FTZ
#Arf successfully loaded.
#
!XSPEC12>ignore **-2.0 10.0-**
#   400 channels (1-400) ignored in spectrum #     1
#  1714 channels (994-2707) ignored in spectrum #     1
#
#
!XSPEC12>ignore bad
#
#ignore:  1769 channels ignored from  source number 1
#
!XSPEC12>model tbabs*cutoffpl  ;  1.0,0.1  ;  2, 0.01  ;  15, 0.01  ;  1.E-4 1E-5
#
#========================================================================
#Model TBabs<1>*cutoffpl<2> Source No.: 1   Active/On
#Model Model Component  Parameter  Unit     Value
# par  comp
#   1    1   TBabs      nH         10^22    1.00000      +/-  0.0          
#   2    2   cutoffpl   PhoIndex            2.00000      +/-  0.0          
#   3    2   cutoffpl   HighECut   keV      15.0000      +/-  0.0          
#   4    2   cutoffpl   norm                1.00000E-04  +/-  0.0          
#________________________________________________________________________
#
#
#Fit statistic : Chi-Squared =       12823.03 using 592 PHA bins.
#
#Test statistic : Chi-Squared =       12823.03 using 592 PHA bins.
# Reduced chi-squared =       21.80787 for    588 degrees of freedom 
# Null hypothesis probability =   0.000000e+00
# Current data and model not fit yet.
#
!XSPEC12>fit
#                                   Parameters
#Chi-Squared  |beta|/N    Lvl          1:nH    2:PhoIndex    3:HighECut        4:norm
#601.177      133.635      -1       1.29094       1.97731       19.6585   0.000943988
#583.142      52326.5      -1       1.29967       1.97058       24.0759   0.000913045
#576.037      21353.2      -1       1.25235       1.96952       28.5715   0.000885996
#571.362      9597.75      -1       1.19988       1.96967       33.6120   0.000862701
#567.956      5955.4       -1       1.15190       1.96983       39.4297   0.000842880
#565.432      4275.67      -1       1.10978       1.96982       46.1999   0.000826005
#563.556      3211.94      -1       1.07312       1.96963       54.0832   0.000811597
#562.162      2402.17      -1       1.04131       1.96926       63.2230   0.000799268
#561.125      1711.94      -1       1.01372       1.96872       73.7351   0.000788689
#560.926      1090.6       -2      0.898985       1.95874       114.411   0.000743061
#558.041      56840.4      -2      0.845773       1.94167       148.677   0.000722243
#556.44       12398        -3      0.687668       1.81287       41.6860   0.000642642
#556.186      9323.47      -2      0.668913       1.80065       35.3609   0.000638895
#555.937      14522.7      -2      0.658277       1.78716       32.8969   0.000633420
#555.8        3113.73      -2      0.645765       1.77457       30.6911   0.000627466
#555.665      3126.12      -2      0.632948       1.76234       28.8771   0.000621556
#555.539      2561.53      -2      0.620287       1.75043       27.3068   0.000615804
#555.415      2284.56      -2      0.607915       1.73854       25.8777   0.000610200
#555.296      2247.98      -2      0.595663       1.72692       24.6330   0.000604719
#555.182      1980.81      -2      0.583585       1.71558       23.5329   0.000599382
#555.073      1775.91      -2      0.571755       1.70450       22.5499   0.000594205
#554.968      1611.64      -2      0.560218       1.69357       21.6489   0.000589181
#554.866      1536.05      -2      0.548858       1.68290       20.8432   0.000584289
#554.769      1368.59      -2      0.537762       1.67239       20.0997   0.000579537
#554.675      1300.44      -2      0.526849       1.66210       19.4246   0.000574908
#554.584      1180.9       -2      0.516179       1.65190       18.7930   0.000570399
#554.497      1144.21      -2      0.505622       1.64197       18.2231   0.000565993
#554.414      1004.75      -2      0.495274       1.63231       17.7018   0.000561718
#554.333      904.315      -2      0.485208       1.62276       17.2100   0.000557571
#554.255      878.049      -2      0.475335       1.61331       16.7476   0.000553522
#554.18       839.702      -2      0.465555       1.60414       16.3275   0.000549562
#554.108      726.062      -2      0.456021       1.59507       15.9283   0.000545716
#554.039      706.258      -2      0.446617       1.58627       15.5629   0.000541964
#553.97       613.357      -2      0.437489       1.57746       15.2065   0.000538316
#553.905      638.611      -2      0.428423       1.56886       14.8782   0.000534732
#553.843      557.927      -2      0.419492       1.56050       14.5745   0.000531241
#553.784      488.51       -2      0.410785       1.55230       14.2870   0.000527853
#553.726      457.835      -2      0.402282       1.54419       14.0118   0.000524554
#553.671      442.616      -2      0.393888       1.53631       13.7567   0.000521330
#553.618      380.168      -2      0.385685       1.52859       13.5156   0.000518199
#553.566      348.19       -2      0.377691       1.52094       13.2818   0.000515150
#553.516      347.386      -2      0.369817       1.51338       13.0585   0.000512159
#553.469      326.318      -2      0.361989       1.50610       12.8551   0.000509232
#553.424      250.99       -2      0.354396       1.49896       12.6591   0.000506400
#553.379      242.123      -2      0.346992       1.49188       12.4692   0.000503640
#553.337      238.048      -2      0.339694       1.48492       12.2887   0.000500937
#553.295      212.176      -2      0.332515       1.47810       12.1168   0.000498293
#553.255      189.979      -2      0.325467       1.47138       11.9517   0.000495709
#553.217      175.671      -2      0.318528       1.46479       11.7946   0.000493181
#553.18       153.458      -2      0.311719       1.45831       11.6440   0.000490712
#553.144      138.442      -2      0.305030       1.45194       11.4995   0.000488297
#553.11       123.448      -2      0.298445       1.44572       11.3623   0.000485937
#553.076      100.961      -2      0.292004       1.43958       11.2296   0.000483635
#553.044      94.0007      -2      0.285679       1.43354       11.1017   0.000481382
#553.014      82.8572      -2      0.279435       1.42767       10.9813   0.000479178
#552.985      56.7547      -2      0.273332       1.42194       10.8663   0.000477036
#552.956      42.5688      -2      0.267380       1.41631       10.7552   0.000474951
#552.953      35.7025      -3      0.217748       1.36909       9.83040   0.000457576
#==================================================
# Variances and Principal Axes
#                 1        2        3        4  
# 1.4892E-11| -0.0001  -0.0006   0.0000   1.0000  
# 3.9688E-04|  0.2838  -0.9583   0.0335  -0.0006  
# 2.5760E-02| -0.9576  -0.2815   0.0621  -0.0002  
# 4.8442E+01|  0.0501   0.0497   0.9975   0.0000  
#--------------------------------------------------
#
#================================================
#  Covariance Matrix
#        1           2           3           4   
#   1.451e-01   1.274e-01   2.418e+00   4.895e-05
#   1.274e-01   1.221e-01   2.401e+00   4.473e-05
#   2.418e+00   2.401e+00   4.820e+01   8.583e-04
#   4.895e-05   4.473e-05   8.583e-04   1.691e-08
#------------------------------------------------
#
#========================================================================
#Model TBabs<1>*cutoffpl<2> Source No.: 1   Active/On
#Model Model Component  Parameter  Unit     Value
# par  comp
#   1    1   TBabs      nH         10^22    0.217748     +/-  0.380901     
#   2    2   cutoffpl   PhoIndex            1.36909      +/-  0.349361     
#   3    2   cutoffpl   HighECut   keV      9.83040      +/-  6.94269      
#   4    2   cutoffpl   norm                4.57576E-04  +/-  1.30056E-04  
#________________________________________________________________________
#
#
#Fit statistic : Chi-Squared =         552.95 using 592 PHA bins.
#
#Test statistic : Chi-Squared =         552.95 using 592 PHA bins.
# Reduced chi-squared =        0.94040 for    588 degrees of freedom 
# Null hypothesis probability =   8.469644e-01
#
!XSPEC12>save all fit_tbabscutoffpl.xcm
#
!XSPEC12>setplot energy
#
!XSPEC12>setplot rebin 3 10
#
!XSPEC12>addc 3 zgauss ; 1 0.01 0.5 0.5 8.0 8.0 ; 0.03,-1 ; 0.002,-1 ; -1e-6 1e-7 -1e10 -1e10 -1e-10 -1e-10
#
!XSPEC12>addcomp 3 zgauss ; 1 0.01 0.5 0.5 8.0 8.0 ; 0.03,-1 ; 0.002,-1 ; -1e-6 1e-7 -1e10 -1e10 -1e-10 -1e-10
#
#Fit statistic : Chi-Squared =         552.95 using 592 PHA bins.
#
#Test statistic : Chi-Squared =         552.95 using 592 PHA bins.
# Reduced chi-squared =        0.94361 for    586 degrees of freedom 
# Null hypothesis probability =   8.326075e-01
# Current data and model not fit yet.
#
#========================================================================
#Model TBabs<1>*cutoffpl<2> + zgauss<3> Source No.: 1   Active/On
#Model Model Component  Parameter  Unit     Value
# par  comp
#   1    1   TBabs      nH         10^22    0.217748     +/-  0.380901     
#   2    2   cutoffpl   PhoIndex            1.36909      +/-  0.349361     
#   3    2   cutoffpl   HighECut   keV      9.83040      +/-  6.94269      
#   4    2   cutoffpl   norm                4.57576E-04  +/-  1.30056E-04  
#   5    3   zgauss     LineE      keV      1.00000      +/-  0.0          
#   6    3   zgauss     Sigma      keV      3.00000E-02  frozen
#   7    3   zgauss     Redshift            2.00000E-03  frozen
#   8    3   zgauss     norm                -1.00000E-06 +/-  0.0          
#
#________________________________________________________________________
#
!XSPEC12>fit
#                                   Parameters
#Chi-Squared  |beta|/N    Lvl          1:nH    2:PhoIndex    3:HighECut        4:norm       5:LineE        8:norm
#***Warning: Zero alpha-matrix diagonal element for parameter 5
#***Warning: Zero alpha-matrix diagonal element for parameter 8
# Parameter 5 is pegged at 1 due to zero or negative pivot element, likely
# caused by the fit being insensitive to the parameter.
# Parameter 8 is pegged at -1.00355e-06 due to zero or negative pivot element, likely
# caused by the fit being insensitive to the parameter.
#552.655      2.31951      -3      0.176050       1.32915       9.24672   0.000443739       1.00000  -1.00355e-06
#552.509      17161.4      -3      0.139453       1.29439       8.77604   0.000432027       1.00000  -1.00355e-06
#552.409      12815.3      -3      0.108722       1.26508       8.41558   0.000422381       1.00000  -1.00355e-06
#552.343      8983.74      -3     0.0829435       1.24053       8.13486   0.000414456       1.00000  -1.00355e-06
#552.299      6275.05      -3     0.0614249       1.22006       7.91434   0.000407954       1.00000  -1.00355e-06
#552.269      4335.15      -3     0.0434230       1.20293       7.73814   0.000402589       1.00000  -1.00355e-06
#552.248      3022.23      -3     0.0282649       1.18845       7.59479   0.000398119       1.00000  -1.00355e-06
#552.233      2145.61      -3     0.0153668       1.17611       7.47622   0.000394349       1.00000  -1.00355e-06
#552.222      1552.8       -3    0.00443700       1.16566       7.37877   0.000391183       1.00000  -1.00355e-06
#552.221      1098.84      -2    0.00334542       1.16460       7.37020   0.000390879       1.00000  -1.00355e-06
#***Warning: Zero alpha-matrix diagonal element for parameter 5
#***Warning: Zero alpha-matrix diagonal element for parameter 8
# Parameter 5 is pegged at 1 due to zero or negative pivot element, likely
# caused by the fit being insensitive to the parameter.
# Parameter 8 is pegged at -1.00355e-06 due to zero or negative pivot element, likely
# caused by the fit being insensitive to the parameter.
#552.22       64.9441      -2    0.00228016       1.16360       7.36111   0.000390573       1.00000  -1.00355e-06
#==================================================
# Variances and Principal Axes
#                 1        2        3        4  
# 1.0086E-11| -0.0001  -0.0005   0.0000   1.0000  
# 3.9546E-04|  0.2845  -0.9560   0.0710  -0.0005  
# 2.5477E-02| -0.9529  -0.2739   0.1305  -0.0002  
# 1.1076E+01|  0.1053   0.1048   0.9889   0.0000  
#--------------------------------------------------
#
#================================================
#  Covariance Matrix
#        1           2           3           4   
#   1.460e-01   1.287e-01   1.150e+00   4.061e-05
#   1.287e-01   1.238e-01   1.146e+00   3.726e-05
#   1.150e+00   1.146e+00   1.083e+01   3.365e-04
#   4.061e-05   3.726e-05   3.365e-04   1.157e-08
#------------------------------------------------
#
#========================================================================
#Model TBabs<1>*cutoffpl<2> + zgauss<3> Source No.: 1   Active/On
#Model Model Component  Parameter  Unit     Value
# par  comp
#   1    1   TBabs      nH         10^22    2.28016E-03  +/-  0.382079     
#   2    2   cutoffpl   PhoIndex            1.16360      +/-  0.351879     
#   3    2   cutoffpl   HighECut   keV      7.36111      +/-  3.29124      
#   4    2   cutoffpl   norm                3.90573E-04  +/-  1.07546E-04  
#   5    3   zgauss     LineE      keV      1.00000      +/-  -1.00000     
#   6    3   zgauss     Sigma      keV      3.00000E-02  frozen
#   7    3   zgauss     Redshift            2.00000E-03  frozen
#   8    3   zgauss     norm                -1.00355E-06 +/-  -1.00000     
#________________________________________________________________________
#
#
#Fit statistic : Chi-Squared =         552.22 using 592 PHA bins.
#
#Test statistic : Chi-Squared =         552.22 using 592 PHA bins.
# Reduced chi-squared =        0.94236 for    586 degrees of freedom 
# Null hypothesis probability =   8.381227e-01
#
!XSPEC12>steppar 5 2 10. 30
#
#     Chi-Squared    Delta            LineE
#                 Chi-Squared             5
#
#          552.57     0.34808    0           2
#          551.25    -0.97296    1      2.2667
#          552.43     0.20935    2      2.5333
#          552.28    0.055683    3         2.8
#           551.8     -0.4174    4      3.0667
#          552.37     0.14736    5      3.3333
#          552.26    0.035895    6         3.6
#          551.63    -0.58574    7      3.8667
#          551.06     -1.1561    8      4.1333
#          549.43     -2.7878    9         4.4
#          552.68     0.46343   10      4.6667
#           552.3    0.078403   11      4.9333
#          552.28    0.058745   12         5.2
#          552.27    0.054247   13      5.4667
#          552.24    0.023185   14      5.7333
#          552.21  -0.0072844   15           6
#          552.34     0.11896   16      6.2667
#          552.23    0.012295   17      6.5333
#           551.6    -0.62093   18         6.8
#          550.46     -1.7597   19      7.0667
#           552.3    0.081975   20      7.3333
#          550.72     -1.5005   21         7.6
#          552.27    0.045758   22      7.8667
#          552.23   0.0089735   23      8.1333
#          552.23   0.0055862   24         8.4
#          552.22   0.0029074   25      8.6667
#          552.22   0.0027158   26      8.9333
#          552.22   0.0025517   27         9.2
#          552.22   0.0023963   28      9.4667
#          552.22    0.002247   29      9.7333
#          552.22   0.0021071   30          10
#
#A new best fit was found during steppar.
#Parameters have been updated to the new best fit values.
#
#                                   Parameters
#Chi-Squared  |beta|/N    Lvl          1:nH    2:PhoIndex    3:HighECut        4:norm       5:LineE        8:norm
#549.31       15920.2      -2   1.18292e-05       1.10994       6.81616   0.000380518       4.43052  -6.75026e-07
#549.24       18662        -1   5.09178e-06       1.10984       6.81324   0.000380720       4.41252  -6.92045e-07
#549.206      14245.8      -1   1.90881e-06       1.10979       6.81014   0.000380854       4.42228  -6.97610e-07
#549.195      14102.7      -1   3.80593e-07       1.10975       6.80740   0.000380961       4.41730  -7.00986e-07
#549.186      14629.3      -1   1.08637e-08       1.10972       6.80518   0.000381041       4.41983  -7.01561e-07
#======================================================================
# Variances and Principal Axes
#                 1        2        3        4        5        8  
# 1.4392E-13| -0.0000  -0.0000   0.0000   0.0258  -0.0000   0.9997  
# 9.9931E-12|  0.0001   0.0005  -0.0000  -0.9997  -0.0000   0.0258  
# 4.0133E-04| -0.2818   0.9558  -0.0836   0.0004   0.0039   0.0000  
# 3.7548E-03|  0.0076  -0.0019  -0.0004  -0.0000   1.0000   0.0000  
# 2.5940E-02| -0.9517  -0.2674   0.1508  -0.0002   0.0067   0.0000  
# 8.4199E+00| -0.1218  -0.1221  -0.9850  -0.0000   0.0003  -0.0000  
#----------------------------------------------------------------------
#
#========================================================================
#  Covariance Matrix
#        1           2           3           4           5           6   
#   1.483e-01   1.316e-01   1.006e+00   4.030e-05  -4.458e-04   1.539e-08
#   1.316e-01   1.277e-01   1.011e+00   3.725e-05  -3.604e-04   2.271e-08
#   1.006e+00   1.011e+00   8.170e+00   2.879e-04  -2.460e-03   1.967e-07
#   4.030e-05   3.725e-05   2.879e-04   1.122e-08  -1.227e-07   5.366e-12
#  -4.458e-04  -3.604e-04  -2.460e-03  -1.227e-07   3.757e-03   2.932e-10
#   1.539e-08   2.271e-08   1.967e-07   5.366e-12   2.932e-10   1.604e-13
#------------------------------------------------------------------------
#
#========================================================================
#Model TBabs<1>*cutoffpl<2> + zgauss<3> Source No.: 1   Active/On
#Model Model Component  Parameter  Unit     Value
# par  comp
#   1    1   TBabs      nH         10^22    1.08637E-08  +/-  0.385162     
#   2    2   cutoffpl   PhoIndex            1.10972      +/-  0.357292     
#   3    2   cutoffpl   HighECut   keV      6.80518      +/-  2.85838      
#   4    2   cutoffpl   norm                3.81041E-04  +/-  1.05911E-04  
#   5    3   zgauss     LineE      keV      4.41983      +/-  6.12907E-02  
#   6    3   zgauss     Sigma      keV      3.00000E-02  frozen
#   7    3   zgauss     Redshift            2.00000E-03  frozen
#   8    3   zgauss     norm                -7.01561E-07 +/-  4.00471E-07  
#________________________________________________________________________
#
#
#Fit statistic : Chi-Squared =         549.19 using 592 PHA bins.
#
#Test statistic : Chi-Squared =         549.19 using 592 PHA bins.
# Reduced chi-squared =        0.93718 for    586 degrees of freedom 
# Null hypothesis probability =   8.597373e-01
#
!XSPEC12>plot contour
#
!XSPEC12>setplot command wdata wdata.dat
#
!XSPEC12>plot contour
#
!XSPEC12>mv wdata.dat fit_tbabscutoffpl+zgauss_con_e.dat
#
!XSPEC12>log none
#