#XSPEC version: 12.10.0c
#Build Date/Time: Fri Apr 20 13:14:53 2018
#
!XSPEC12>data P0405090101PNS003SRSPEC0001.FTZ
#
#***XSPEC Error:  cannot open file named: epn_ff20_sdY8.rmf
#Error: cannot read response file epn_ff20_sdY8.rmf
#
#
#*** Response file has format inconsistent with data:  response file epn_ff20_sdY8.rmf read skipped
#
#1 spectrum  in use
# 
#Spectral Data File: P0405090101PNS003SRSPEC0001.FTZ  Spectrum 1
#Net count rate (cts/s) for Spectrum:1  7.535e-01 +/- 3.168e-03 (97.5 % total)
# Assigned to Data Group 1 and Plot Group 1
#  Noticed Channels:  1-2707
#  Telescope: XMM Instrument: EPN  Channel Type: PI
#  Exposure Time: 7.708e+04 sec
# Using fit statistic: chi
# Using test statistic: chi
# Using Background File                P0405090101PNS003BGSPEC0001.FTZ
#  Background Exposure Time: 7.704e+04 sec
# No response loaded.
#
#***Warning!  One or more spectra are missing responses,
#               and are not suitable for fit.
#
!XSPEC12>back P0405090101PNS003BGSPEC0001.FTZ
#
!XSPEC12>backgrnd P0405090101PNS003BGSPEC0001.FTZ
#Net count rate (cts/s) for Spectrum:1  7.535e-01 +/- 3.168e-03 (97.5 % total)
#***Warning!  One or more spectra are missing responses,
#               and are not suitable for fit.
#
!XSPEC12>resp epn_e1_ff20_sY9_v16.0.rmf
#
!XSPEC12>response epn_e1_ff20_sY9_v16.0.rmf
#Response successfully loaded.
#
!XSPEC12>arf P0405090101PNS003SRCARF0001.FTZ
#Arf successfully loaded.
#
!XSPEC12>ignore **-2.0 10.0-**
#   400 channels (1-400) ignored in spectrum #     1
#  1714 channels (994-2707) ignored in spectrum #     1
#
#
!XSPEC12>ignore bad
#
#ignore:  1769 channels ignored from  source number 1
#
!XSPEC12>model tbabs*cutoffpl  ;  1.0,0.1  ;  2, 0.01  ;  15, 0.01  ;  1.E-4 1E-5
#
#========================================================================
#Model TBabs<1>*cutoffpl<2> Source No.: 1   Active/On
#Model Model Component  Parameter  Unit     Value
# par  comp
#   1    1   TBabs      nH         10^22    1.00000      +/-  0.0          
#   2    2   cutoffpl   PhoIndex            2.00000      +/-  0.0          
#   3    2   cutoffpl   HighECut   keV      15.0000      +/-  0.0          
#   4    2   cutoffpl   norm                1.00000E-04  +/-  0.0          
#________________________________________________________________________
#
#
#Fit statistic : Chi-Squared =       12823.03 using 592 PHA bins.
#
#Test statistic : Chi-Squared =       12823.03 using 592 PHA bins.
# Reduced chi-squared =       21.80787 for    588 degrees of freedom 
# Null hypothesis probability =   0.000000e+00
# Current data and model not fit yet.
#
!XSPEC12>fit
#                                   Parameters
#Chi-Squared  |beta|/N    Lvl          1:nH    2:PhoIndex    3:HighECut        4:norm
#601.177      133.635      -1       1.29094       1.97731       19.6585   0.000943988
#583.142      52326.5      -1       1.29967       1.97058       24.0759   0.000913045
#576.037      21353.2      -1       1.25235       1.96952       28.5715   0.000885996
#571.362      9597.75      -1       1.19988       1.96967       33.6120   0.000862701
#567.956      5955.4       -1       1.15190       1.96983       39.4297   0.000842880
#565.432      4275.67      -1       1.10978       1.96982       46.1999   0.000826005
#563.556      3211.94      -1       1.07312       1.96963       54.0832   0.000811597
#562.162      2402.17      -1       1.04131       1.96926       63.2230   0.000799268
#561.125      1711.94      -1       1.01372       1.96872       73.7351   0.000788689
#560.926      1090.6       -2      0.898985       1.95874       114.411   0.000743061
#558.041      56840.4      -2      0.845773       1.94167       148.677   0.000722243
#556.44       12398        -3      0.687668       1.81287       41.6860   0.000642642
#556.186      9323.47      -2      0.668913       1.80065       35.3609   0.000638895
#555.937      14522.7      -2      0.658277       1.78716       32.8969   0.000633420
#555.8        3113.73      -2      0.645765       1.77457       30.6911   0.000627466
#555.665      3126.12      -2      0.632948       1.76234       28.8771   0.000621556
#555.539      2561.53      -2      0.620287       1.75043       27.3068   0.000615804
#555.415      2284.56      -2      0.607915       1.73854       25.8777   0.000610200
#555.296      2247.98      -2      0.595663       1.72692       24.6330   0.000604719
#555.182      1980.81      -2      0.583585       1.71558       23.5329   0.000599382
#555.073      1775.91      -2      0.571755       1.70450       22.5499   0.000594205
#554.968      1611.64      -2      0.560218       1.69357       21.6489   0.000589181
#554.866      1536.05      -2      0.548858       1.68290       20.8432   0.000584289
#554.769      1368.59      -2      0.537762       1.67239       20.0997   0.000579537
#554.675      1300.44      -2      0.526849       1.66210       19.4246   0.000574908
#554.584      1180.9       -2      0.516179       1.65190       18.7930   0.000570399
#554.497      1144.21      -2      0.505622       1.64197       18.2231   0.000565993
#554.414      1004.75      -2      0.495274       1.63231       17.7018   0.000561718
#554.333      904.315      -2      0.485208       1.62276       17.2100   0.000557571
#554.255      878.049      -2      0.475335       1.61331       16.7476   0.000553522
#554.18       839.702      -2      0.465555       1.60414       16.3275   0.000549562
#554.108      726.062      -2      0.456021       1.59507       15.9283   0.000545716
#554.039      706.258      -2      0.446617       1.58627       15.5629   0.000541964
#553.97       613.357      -2      0.437489       1.57746       15.2065   0.000538316
#553.905      638.611      -2      0.428423       1.56886       14.8782   0.000534732
#553.843      557.927      -2      0.419492       1.56050       14.5745   0.000531241
#553.784      488.51       -2      0.410785       1.55230       14.2870   0.000527853
#553.726      457.835      -2      0.402282       1.54419       14.0118   0.000524554
#553.671      442.616      -2      0.393888       1.53631       13.7567   0.000521330
#553.618      380.168      -2      0.385685       1.52859       13.5156   0.000518199
#553.566      348.19       -2      0.377691       1.52094       13.2818   0.000515150
#553.516      347.386      -2      0.369817       1.51338       13.0585   0.000512159
#553.469      326.318      -2      0.361989       1.50610       12.8551   0.000509232
#553.424      250.99       -2      0.354396       1.49896       12.6591   0.000506400
#553.379      242.123      -2      0.346992       1.49188       12.4692   0.000503640
#553.337      238.048      -2      0.339694       1.48492       12.2887   0.000500937
#553.295      212.176      -2      0.332515       1.47810       12.1168   0.000498293
#553.255      189.979      -2      0.325467       1.47138       11.9517   0.000495709
#553.217      175.671      -2      0.318528       1.46479       11.7946   0.000493181
#553.18       153.458      -2      0.311719       1.45831       11.6440   0.000490712
#553.144      138.442      -2      0.305030       1.45194       11.4995   0.000488297
#553.11       123.448      -2      0.298445       1.44572       11.3623   0.000485937
#553.076      100.961      -2      0.292004       1.43958       11.2296   0.000483635
#553.044      94.0007      -2      0.285679       1.43354       11.1017   0.000481382
#553.014      82.8572      -2      0.279435       1.42767       10.9813   0.000479178
#552.985      56.7547      -2      0.273332       1.42194       10.8663   0.000477036
#552.956      42.5688      -2      0.267380       1.41631       10.7552   0.000474951
#552.953      35.7025      -3      0.217748       1.36909       9.83040   0.000457576
#==================================================
# Variances and Principal Axes
#                 1        2        3        4  
# 1.4892E-11| -0.0001  -0.0006   0.0000   1.0000  
# 3.9688E-04|  0.2838  -0.9583   0.0335  -0.0006  
# 2.5760E-02| -0.9576  -0.2815   0.0621  -0.0002  
# 4.8442E+01|  0.0501   0.0497   0.9975   0.0000  
#--------------------------------------------------
#
#================================================
#  Covariance Matrix
#        1           2           3           4   
#   1.451e-01   1.274e-01   2.418e+00   4.895e-05
#   1.274e-01   1.221e-01   2.401e+00   4.473e-05
#   2.418e+00   2.401e+00   4.820e+01   8.583e-04
#   4.895e-05   4.473e-05   8.583e-04   1.691e-08
#------------------------------------------------
#
#========================================================================
#Model TBabs<1>*cutoffpl<2> Source No.: 1   Active/On
#Model Model Component  Parameter  Unit     Value
# par  comp
#   1    1   TBabs      nH         10^22    0.217748     +/-  0.380901     
#   2    2   cutoffpl   PhoIndex            1.36909      +/-  0.349361     
#   3    2   cutoffpl   HighECut   keV      9.83040      +/-  6.94269      
#   4    2   cutoffpl   norm                4.57576E-04  +/-  1.30056E-04  
#________________________________________________________________________
#
#
#Fit statistic : Chi-Squared =         552.95 using 592 PHA bins.
#
#Test statistic : Chi-Squared =         552.95 using 592 PHA bins.
# Reduced chi-squared =        0.94040 for    588 degrees of freedom 
# Null hypothesis probability =   8.469644e-01
#
!XSPEC12>save all fit_tbabscutoffpl.xcm
#
!XSPEC12>setplot energy
#
!XSPEC12>setplot rebin 3 10
#
!XSPEC12>setplot command wdata wdata.dat
#
!XSPEC12>plot ldata
#
!XSPEC12>mv wdata.dat fit_tbabscutoffpl_ld.dat
#
!XSPEC12>log none
#