#XSPEC version: 12.10.0c
#Build Date/Time: Fri Apr 20 13:14:53 2018
#
!XSPEC12>data P0203170301PNU002SRSPEC0001.FTZ
#
#***XSPEC Error:  cannot open file named: epn_ff20_sdY9.rmf
#Error: cannot read response file epn_ff20_sdY9.rmf
#
#
#*** Response file has format inconsistent with data:  response file epn_ff20_sdY9.rmf read skipped
#
#1 spectrum  in use
# 
#Spectral Data File: P0203170301PNU002SRSPEC0001.FTZ  Spectrum 1
#Net count rate (cts/s) for Spectrum:1  1.177e-01 +/- 1.466e-03 (91.3 % total)
# Assigned to Data Group 1 and Plot Group 1
#  Noticed Channels:  1-2171
#  Telescope: XMM Instrument: EPN  Channel Type: PI
#  Exposure Time: 6.02e+04 sec
# Using fit statistic: chi
# Using test statistic: chi
# Using Background File                P0203170301PNU002BGSPEC0001.FTZ
#  Background Exposure Time: 6.017e+04 sec
# No response loaded.
#
#***Warning!  One or more spectra are missing responses,
#               and are not suitable for fit.
#
!XSPEC12>back P0203170301PNU002BGSPEC0001.FTZ
#
!XSPEC12>backgrnd P0203170301PNU002BGSPEC0001.FTZ
#Net count rate (cts/s) for Spectrum:1  1.177e-01 +/- 1.466e-03 (91.3 % total)
#***Warning!  One or more spectra are missing responses,
#               and are not suitable for fit.
#
!XSPEC12>resp epn_e1_ff20_sY9_v16.0.rmf
#
!XSPEC12>response epn_e1_ff20_sY9_v16.0.rmf
#Response successfully loaded.
#
!XSPEC12>arf P0203170301PNU002SRCARF0001.FTZ
#Arf successfully loaded.
#
!XSPEC12>ignore **-2.0 10.0-**
#   204 channels (1-204) ignored in spectrum #     1
#  1793 channels (379-2171) ignored in spectrum #     1
#
#
!XSPEC12>ignore bad
#
#ignore:  1855 channels ignored from  source number 1
#
!XSPEC12>model tbabs*cutoffpl  ;  1.0,0.1  ;  2, 0.01  ;  15, 0.01  ;  1.E-4 1E-5
#
#========================================================================
#Model TBabs<1>*cutoffpl<2> Source No.: 1   Active/On
#Model Model Component  Parameter  Unit     Value
# par  comp
#   1    1   TBabs      nH         10^22    1.00000      +/-  0.0          
#   2    2   cutoffpl   PhoIndex            2.00000      +/-  0.0          
#   3    2   cutoffpl   HighECut   keV      15.0000      +/-  0.0          
#   4    2   cutoffpl   norm                1.00000E-04  +/-  0.0          
#________________________________________________________________________
#
#
#Fit statistic : Chi-Squared =        1638.39 using 173 PHA bins.
#
#Test statistic : Chi-Squared =        1638.39 using 173 PHA bins.
# Reduced chi-squared =        9.69461 for    169 degrees of freedom 
# Null hypothesis probability =  9.666870e-239
# Current data and model not fit yet.
#
!XSPEC12>fit
#                                   Parameters
#Chi-Squared  |beta|/N    Lvl          1:nH    2:PhoIndex    3:HighECut        4:norm
#191.781      9.09657      -1       1.30001       1.97715       12.9412   0.000313130
#187.762      31184.8      -1       1.43666       1.96303       11.1596   0.000329176
#184.789      31830.8      -1       1.53505       1.95101       9.98881   0.000343798
#182.678      22799        -1       1.61565       1.94096       9.15923   0.000356583
#181.146      16742.3      -1       1.68347       1.93221       8.54372   0.000367747
#180.019      12621        -1       1.74097       1.92447       8.07218   0.000377467
#179.184      9696.34      -1       1.78986       1.91752       7.70138   0.000385906
#178.559      7568.19      -1       1.83152       1.91119       7.40325   0.000393214
#178.446      5990.72      -2       1.97970       1.86882       6.06051   0.000418106
#176.394      42293.9      -2       2.02062       1.82712       5.72792   0.000422653
#176.206      3553.54      -2       2.01660       1.79555       5.48291   0.000418336
#176.049      2323.06      -2       1.99735       1.76554       5.30551   0.000411232
#175.902      1428.86      -2       1.97238       1.73645       5.15629   0.000403257
#175.76       1174.6       -2       1.94548       1.70787       5.02227   0.000395136
#175.621      1070.98      -2       1.91802       1.67975       4.89896   0.000387126
#175.486      1007.01      -2       1.89062       1.65200       4.78351   0.000379326
#175.354      969.091      -2       1.86343       1.62460       4.67496   0.000371757
#175.226      935.438      -2       1.83654       1.59756       4.57271   0.000364423
#175.1        902.621      -2       1.80999       1.57085       4.47597   0.000357325
#174.978      875.124      -2       1.78378       1.54447       4.38429   0.000350452
#174.859      848.863      -2       1.75789       1.51844       4.29750   0.000343793
#174.743      819.946      -2       1.73234       1.49272       4.21499   0.000337345
#174.629      795.965      -2       1.70712       1.46732       4.13652   0.000331097
#174.519      771.475      -2       1.68222       1.44224       4.06185   0.000325041
#174.411      747.135      -2       1.65764       1.41748       3.99072   0.000319170
#174.305      722.939      -2       1.63338       1.39301       3.92283   0.000313479
#174.203      701.009      -2       1.60942       1.36884       3.85792   0.000307958
#174.102      680.324      -2       1.58577       1.34497       3.79595   0.000302601
#174.005      657.348      -2       1.56241       1.32142       3.73670   0.000297403
#173.909      635.213      -2       1.53936       1.29814       3.67988   0.000292359
#173.816      616.423      -2       1.51660       1.27513       3.62538   0.000287462
#173.725      597.518      -2       1.49412       1.25242       3.57317   0.000282705
#173.637      576.366      -2       1.47193       1.23000       3.52306   0.000278086
#173.55       556.894      -2       1.45002       1.20784       3.47487   0.000273599
#173.466      539.535      -2       1.42839       1.18594       3.42849   0.000269238
#173.384      522.489      -2       1.40702       1.16431       3.38391   0.000264999
#173.303      503.829      -2       1.38591       1.14297       3.34105   0.000260877
#173.225      484.755      -2       1.36508       1.12188       3.29973   0.000256872
#173.149      468.35       -2       1.34452       1.10104       3.25984   0.000252977
#173.074      453.27       -2       1.32421       1.08044       3.22136   0.000249187
#173.001      437.083      -2       1.30414       1.06010       3.18425   0.000245498
#172.93       420.581      -2       1.28432       1.04002       3.14845   0.000241909
#172.861      403.797      -2       1.26475       1.02018       3.11386   0.000238416
#172.793      388.198      -2       1.24544       1.00058       3.08040   0.000235017
#172.727      374.315      -2       1.22636      0.981192       3.04796   0.000231705
#172.662      361.56       -2       1.20751      0.962043       3.01660   0.000228480
#172.599      346.503      -2       1.18889      0.943139       2.98628   0.000225338
#172.538      330.979      -2       1.17051      0.924479       2.95696   0.000222278
#172.478      315.963      -2       1.15235      0.906042       2.92852   0.000219297
#172.419      302.937      -2       1.13443      0.887815       2.90092   0.000216392
#172.362      290.677      -2       1.11672      0.869800       2.87415   0.000213559
#172.306      277.978      -2       1.09923      0.852000       2.84818   0.000210796
#172.252      265.238      -2       1.08194      0.834413       2.82297   0.000208101
#172.198      252.686      -2       1.06486      0.817035       2.79850   0.000205473
#172.147      240.44       -2       1.04799      0.799873       2.77474   0.000202909
#172.096      227.962      -2       1.03134      0.782921       2.75167   0.000200409
#172.046      215.842      -2       1.01489      0.766172       2.72923   0.000197971
#171.998      204.528      -2      0.998653      0.749621       2.70740   0.000195591
#171.951      193.508      -2      0.982612      0.733263       2.68617   0.000193268
#171.905      182.698      -2      0.966765      0.717102       2.66551   0.000191000
#171.86       171.691      -2      0.951107      0.701136       2.64542   0.000188785
#171.816      160.732      -2      0.935638      0.685359       2.62585   0.000186622
#171.773      150.402      -2      0.920357      0.669771       2.60681   0.000184510
#171.731      140.045      -2      0.905259      0.654369       2.58825   0.000182446
#171.691      130.01       -2      0.890344      0.639151       2.57018   0.000180430
#171.651      120.157      -2      0.875611      0.624111       2.55255   0.000178459
#171.612      110.787      -2      0.861056      0.609250       2.53537   0.000176534
#171.574      101.335      -2      0.846678      0.594565       2.51862   0.000174652
#171.536      92.2014      -2      0.832472      0.580048       2.50227   0.000172812
#171.5        83.544       -2      0.818436      0.565701       2.48631   0.000171013
#171.465      74.8036      -2      0.804567      0.551527       2.47075   0.000169254
#171.463      65.913       -3      0.682076      0.425046       2.33196   0.000153758
#==================================================
# Variances and Principal Axes
#                 1        2        3        4  
# 8.7126E-12| -0.0000  -0.0002   0.0001   1.0000  
# 1.6552E-03|  0.2563  -0.8170   0.5166  -0.0002  
# 7.8233E-02| -0.7963   0.1245   0.5919  -0.0001  
# 3.0316E+00|  0.5479   0.5631   0.6186   0.0001  
#--------------------------------------------------
#
#================================================
#  Covariance Matrix
#        1           2           3           4   
#   9.598e-01   9.272e-01   9.910e-01   1.181e-04
#   9.272e-01   9.636e-01   1.061e+00   1.177e-04
#   9.910e-01   1.061e+00   1.188e+00   1.268e-04
#   1.181e-04   1.177e-04   1.268e-04   1.478e-08
#------------------------------------------------
#
#========================================================================
#Model TBabs<1>*cutoffpl<2> Source No.: 1   Active/On
#Model Model Component  Parameter  Unit     Value
# par  comp
#   1    1   TBabs      nH         10^22    0.682076     +/-  0.979712     
#   2    2   cutoffpl   PhoIndex            0.425046     +/-  0.981611     
#   3    2   cutoffpl   HighECut   keV      2.33196      +/-  1.09001      
#   4    2   cutoffpl   norm                1.53758E-04  +/-  1.21582E-04  
#________________________________________________________________________
#
#
#Fit statistic : Chi-Squared =         171.46 using 173 PHA bins.
#
#Test statistic : Chi-Squared =         171.46 using 173 PHA bins.
# Reduced chi-squared =         1.0146 for    169 degrees of freedom 
# Null hypothesis probability =   4.326851e-01
#
!XSPEC12>save all fit_tbabscutoffpl.xcm
#
!XSPEC12>setplot energy
#
!XSPEC12>setplot rebin 3 10
#
!XSPEC12>addc 3 zgauss ; 1 0.01 0.5 0.5 8.0 8.0 ; 0.03,-1 ; 0.002,-1 ; -1e-6 1e-7 -1e10 -1e10 -1e-10 -1e-10
#
!XSPEC12>addcomp 3 zgauss ; 1 0.01 0.5 0.5 8.0 8.0 ; 0.03,-1 ; 0.002,-1 ; -1e-6 1e-7 -1e10 -1e10 -1e-10 -1e-10
#
#Fit statistic : Chi-Squared =         171.46 using 173 PHA bins.
#
#Test statistic : Chi-Squared =         171.46 using 173 PHA bins.
# Reduced chi-squared =         1.0267 for    167 degrees of freedom 
# Null hypothesis probability =   3.903294e-01
# Current data and model not fit yet.
#
#========================================================================
#Model TBabs<1>*cutoffpl<2> + zgauss<3> Source No.: 1   Active/On
#Model Model Component  Parameter  Unit     Value
# par  comp
#   1    1   TBabs      nH         10^22    0.682076     +/-  0.979712     
#   2    2   cutoffpl   PhoIndex            0.425046     +/-  0.981611     
#   3    2   cutoffpl   HighECut   keV      2.33196      +/-  1.09001      
#   4    2   cutoffpl   norm                1.53758E-04  +/-  1.21582E-04  
#   5    3   zgauss     LineE      keV      1.00000      +/-  0.0          
#   6    3   zgauss     Sigma      keV      3.00000E-02  frozen
#   7    3   zgauss     Redshift            2.00000E-03  frozen
#   8    3   zgauss     norm                -1.00000E-06 +/-  0.0          
#
#________________________________________________________________________
#
!XSPEC12>fit
#                                   Parameters
#Chi-Squared  |beta|/N    Lvl          1:nH    2:PhoIndex    3:HighECut        4:norm       5:LineE        8:norm
#***Warning: Zero alpha-matrix diagonal element for parameter 5
#***Warning: Zero alpha-matrix diagonal element for parameter 8
# Parameter 5 is pegged at 1 due to zero or negative pivot element, likely
# caused by the fit being insensitive to the parameter.
# Parameter 8 is pegged at -1.00937e-06 due to zero or negative pivot element, likely
# caused by the fit being insensitive to the parameter.
#171.101      0.907627     -3      0.571952      0.312110       2.22934   0.000141685       1.00000  -1.00937e-06
#170.828      40885.2      -3      0.470423      0.208568       2.14179   0.000131533       1.00000  -1.00937e-06
#170.638      32487.1      -3      0.381040      0.116636       2.06943   0.000123101       1.00000  -1.00937e-06
#170.493      27165.7      -3      0.301513     0.0347498       2.00884   0.000116045       1.00000  -1.00937e-06
#170.382      22625.5      -3      0.230692    -0.0382504       1.95765   0.000110095       1.00000  -1.00937e-06
#170.296      18769.1      -3      0.167328     -0.103641       1.91388   0.000105025       1.00000  -1.00937e-06
#170.228      15648.7      -3      0.110827     -0.161994       1.87640   0.000100697       1.00000  -1.00937e-06
#170.175      12877.7      -3     0.0603207     -0.214201       1.84406   9.69768e-05       1.00000  -1.00937e-06
#170.132      10616.6      -3     0.0151860     -0.260891       1.81603   9.37661e-05       1.00000  -1.00937e-06
#170.125      8709.69      -2     0.0102728     -0.265740       1.81366   9.34777e-05       1.00000  -1.00937e-06
#***Warning: Zero alpha-matrix diagonal element for parameter 5
#***Warning: Zero alpha-matrix diagonal element for parameter 8
# Parameter 5 is pegged at 1 due to zero or negative pivot element, likely
# caused by the fit being insensitive to the parameter.
# Parameter 8 is pegged at -1.00937e-06 due to zero or negative pivot element, likely
# caused by the fit being insensitive to the parameter.
#170.121      197.375      -2    0.00588422     -0.270267       1.81099   9.31707e-05       1.00000  -1.00937e-06
#==================================================
# Variances and Principal Axes
#                 1        2        3        4  
# 2.6563E-12| -0.0000  -0.0001   0.0001   1.0000  
# 1.0044E-03|  0.1958  -0.6337   0.7484  -0.0001  
# 5.2184E-02| -0.7393   0.4061   0.5372  -0.0000  
# 2.2634E+00|  0.6443   0.6585   0.3890   0.0000  
#--------------------------------------------------
#
#================================================
#  Covariance Matrix
#        1           2           3           4   
#   9.682e-01   9.445e-01   5.467e-01   6.604e-05
#   9.445e-01   9.903e-01   5.906e-01   6.641e-05
#   5.467e-01   5.906e-01   3.581e-01   3.875e-05
#   6.604e-05   6.641e-05   3.875e-05   4.583e-09
#------------------------------------------------
#
#========================================================================
#Model TBabs<1>*cutoffpl<2> + zgauss<3> Source No.: 1   Active/On
#Model Model Component  Parameter  Unit     Value
# par  comp
#   1    1   TBabs      nH         10^22    5.88422E-03  +/-  0.983980     
#   2    2   cutoffpl   PhoIndex            -0.270267    +/-  0.995162     
#   3    2   cutoffpl   HighECut   keV      1.81099      +/-  0.598386     
#   4    2   cutoffpl   norm                9.31707E-05  +/-  6.76958E-05  
#   5    3   zgauss     LineE      keV      1.00000      +/-  -1.00000     
#   6    3   zgauss     Sigma      keV      3.00000E-02  frozen
#   7    3   zgauss     Redshift            2.00000E-03  frozen
#   8    3   zgauss     norm                -1.00937E-06 +/-  -1.00000     
#________________________________________________________________________
#
#
#Fit statistic : Chi-Squared =         170.12 using 173 PHA bins.
#
#Test statistic : Chi-Squared =         170.12 using 173 PHA bins.
# Reduced chi-squared =         1.0187 for    167 degrees of freedom 
# Null hypothesis probability =   4.183261e-01
#
!XSPEC12>steppar 5 2 10. 30
#
#     Chi-Squared    Delta            LineE
#                 Chi-Squared             5
#
#          170.65     0.52799    0           2
#          170.37     0.24924    1      2.2667
#          170.34     0.21713    2      2.5333
#          170.34     0.21561    3         2.8
#           170.3     0.17956    4      3.0667
#           170.3     0.17554    5      3.3333
#          170.29     0.17027    6         3.6
#           170.2    0.083021    7      3.8667
#          168.26     -1.8625    8      4.1333
#          169.64    -0.47747    9         4.4
#          170.23     0.10939   10      4.6667
#          170.47     0.35279   11      4.9333
#          170.39     0.26686   12         5.2
#          170.39     0.26501   13      5.4667
#          170.38     0.25998   14      5.7333
#          170.42     0.29641   15           6
#          170.17    0.047622   16      6.2667
#          170.16    0.040642   17      6.5333
#          170.16    0.040944   18         6.8
#          170.16    0.039146   19      7.0667
#          168.88     -1.2366   20      7.3333
#          168.63      -1.496   21         7.6
#          164.94     -5.1796   22      7.8667
#          164.85     -5.2679   23      8.1333
#          164.85     -5.2679   24         8.4
#          164.85     -5.2679   25      8.6667
#          164.85     -5.2679   26      8.9333
#          164.85     -5.2679   27         9.2
#          164.85     -5.2679   28      9.4667
#          164.85      -5.268   29      9.7333
#          164.85      -5.268   30          10
#
#A new best fit was found during steppar.
#Parameters have been updated to the new best fit values.
#
#                                   Parameters
#Chi-Squared  |beta|/N    Lvl          1:nH    2:PhoIndex    3:HighECut        4:norm       5:LineE        8:norm
#164.853      0.177864      1     0.0400431    -0.0928326       1.99193   9.73847e-05       8.00000  -3.90774e-06
#164.853      0.30207       1     0.0400431    -0.0928326       1.99193   9.73847e-05       8.00000  -3.90774e-06
#======================================================================
# Variances and Principal Axes
#                 1        2        3        4        5        8  
# 2.3686E-12| -0.0000  -0.0001   0.0000   0.4290   0.0001   0.9033  
# 3.0019E-12|  0.0000   0.0001  -0.0001  -0.9033   0.0000   0.4290  
# 1.2293E-03| -0.2206   0.7004  -0.6786   0.0001   0.0138   0.0000  
# 5.9917E-02|  0.7479  -0.3180  -0.5688   0.0000   0.1265  -0.0000  
# 2.5141E+00| -0.6133  -0.6389  -0.4612  -0.0000  -0.0546   0.0000  
# 2.4420E-01|  0.1263   0.0043  -0.0567   0.0000  -0.9904   0.0001  
#----------------------------------------------------------------------
#
#========================================================================
#  Covariance Matrix
#        1           2           3           4           5           6   
#   9.830e-01   9.708e-01   6.840e-01   7.002e-05   5.929e-02  -4.428e-06
#   9.708e-01   1.033e+00   7.510e-01   7.129e-05   8.425e-02  -6.281e-06
#   6.840e-01   7.510e-01   5.555e-01   5.066e-05   7.269e-02  -5.410e-06
#   7.002e-05   7.129e-05   5.066e-05   5.073e-09   4.563e-06  -3.410e-10
#   5.929e-02   8.425e-02   7.269e-02   4.563e-06   2.480e-01  -1.719e-05
#  -4.428e-06  -6.281e-06  -5.410e-06  -3.410e-10  -1.719e-05   1.194e-09
#------------------------------------------------------------------------
#
#========================================================================
#Model TBabs<1>*cutoffpl<2> + zgauss<3> Source No.: 1   Active/On
#Model Model Component  Parameter  Unit     Value
# par  comp
#   1    1   TBabs      nH         10^22    4.00431E-02  +/-  0.991446     
#   2    2   cutoffpl   PhoIndex            -9.28326E-02 +/-  1.01637      
#   3    2   cutoffpl   HighECut   keV      1.99193      +/-  0.745310     
#   4    2   cutoffpl   norm                9.73847E-05  +/-  7.12276E-05  
#   5    3   zgauss     LineE      keV      8.00000      +/-  0.497964     
#   6    3   zgauss     Sigma      keV      3.00000E-02  frozen
#   7    3   zgauss     Redshift            2.00000E-03  frozen
#   8    3   zgauss     norm                -3.90774E-06 +/-  3.45567E-05  
#________________________________________________________________________
#
#
#Fit statistic : Chi-Squared =         164.85 using 173 PHA bins.
#
#Test statistic : Chi-Squared =         164.85 using 173 PHA bins.
# Reduced chi-squared =        0.98715 for    167 degrees of freedom 
# Null hypothesis probability =   5.324505e-01
#
!XSPEC12>plot contour
#
!XSPEC12>setplot command wdata wdata.dat
#
!XSPEC12>plot contour
#
!XSPEC12>mv wdata.dat fit_tbabscutoffpl+zgauss_con_e.dat
#
!XSPEC12>log none
#