#XSPEC version: 12.10.0c
#Build Date/Time: Fri Apr 20 13:14:53 2018
#
!XSPEC12>data P0203170301PNU002SRSPEC0001.FTZ
#
#***XSPEC Error:  cannot open file named: epn_ff20_sdY9.rmf
#Error: cannot read response file epn_ff20_sdY9.rmf
#
#
#*** Response file has format inconsistent with data:  response file epn_ff20_sdY9.rmf read skipped
#
#1 spectrum  in use
# 
#Spectral Data File: P0203170301PNU002SRSPEC0001.FTZ  Spectrum 1
#Net count rate (cts/s) for Spectrum:1  1.177e-01 +/- 1.466e-03 (91.3 % total)
# Assigned to Data Group 1 and Plot Group 1
#  Noticed Channels:  1-2171
#  Telescope: XMM Instrument: EPN  Channel Type: PI
#  Exposure Time: 6.02e+04 sec
# Using fit statistic: chi
# Using test statistic: chi
# Using Background File                P0203170301PNU002BGSPEC0001.FTZ
#  Background Exposure Time: 6.017e+04 sec
# No response loaded.
#
#***Warning!  One or more spectra are missing responses,
#               and are not suitable for fit.
#
!XSPEC12>back P0203170301PNU002BGSPEC0001.FTZ
#
!XSPEC12>backgrnd P0203170301PNU002BGSPEC0001.FTZ
#Net count rate (cts/s) for Spectrum:1  1.177e-01 +/- 1.466e-03 (91.3 % total)
#***Warning!  One or more spectra are missing responses,
#               and are not suitable for fit.
#
!XSPEC12>resp epn_e1_ff20_sY9_v16.0.rmf
#
!XSPEC12>response epn_e1_ff20_sY9_v16.0.rmf
#Response successfully loaded.
#
!XSPEC12>arf P0203170301PNU002SRCARF0001.FTZ
#Arf successfully loaded.
#
!XSPEC12>ignore **-2.0 10.0-**
#   204 channels (1-204) ignored in spectrum #     1
#  1793 channels (379-2171) ignored in spectrum #     1
#
#
!XSPEC12>ignore bad
#
#ignore:  1855 channels ignored from  source number 1
#
!XSPEC12>model tbabs*cutoffpl  ;  1.0,0.1  ;  2, 0.01  ;  15, 0.01  ;  1.E-4 1E-5
#
#========================================================================
#Model TBabs<1>*cutoffpl<2> Source No.: 1   Active/On
#Model Model Component  Parameter  Unit     Value
# par  comp
#   1    1   TBabs      nH         10^22    1.00000      +/-  0.0          
#   2    2   cutoffpl   PhoIndex            2.00000      +/-  0.0          
#   3    2   cutoffpl   HighECut   keV      15.0000      +/-  0.0          
#   4    2   cutoffpl   norm                1.00000E-04  +/-  0.0          
#________________________________________________________________________
#
#
#Fit statistic : Chi-Squared =        1638.39 using 173 PHA bins.
#
#Test statistic : Chi-Squared =        1638.39 using 173 PHA bins.
# Reduced chi-squared =        9.69461 for    169 degrees of freedom 
# Null hypothesis probability =  9.666870e-239
# Current data and model not fit yet.
#
!XSPEC12>fit
#                                   Parameters
#Chi-Squared  |beta|/N    Lvl          1:nH    2:PhoIndex    3:HighECut        4:norm
#191.781      9.09657      -1       1.30001       1.97715       12.9412   0.000313130
#187.762      31184.8      -1       1.43666       1.96303       11.1596   0.000329176
#184.789      31830.8      -1       1.53505       1.95101       9.98881   0.000343798
#182.678      22799        -1       1.61565       1.94096       9.15923   0.000356583
#181.146      16742.3      -1       1.68347       1.93221       8.54372   0.000367747
#180.019      12621        -1       1.74097       1.92447       8.07218   0.000377467
#179.184      9696.34      -1       1.78986       1.91752       7.70138   0.000385906
#178.559      7568.19      -1       1.83152       1.91119       7.40325   0.000393214
#178.446      5990.72      -2       1.97970       1.86882       6.06051   0.000418106
#176.394      42293.9      -2       2.02062       1.82712       5.72792   0.000422653
#176.206      3553.54      -2       2.01660       1.79555       5.48291   0.000418336
#176.049      2323.06      -2       1.99735       1.76554       5.30551   0.000411232
#175.902      1428.86      -2       1.97238       1.73645       5.15629   0.000403257
#175.76       1174.6       -2       1.94548       1.70787       5.02227   0.000395136
#175.621      1070.98      -2       1.91802       1.67975       4.89896   0.000387126
#175.486      1007.01      -2       1.89062       1.65200       4.78351   0.000379326
#175.354      969.091      -2       1.86343       1.62460       4.67496   0.000371757
#175.226      935.438      -2       1.83654       1.59756       4.57271   0.000364423
#175.1        902.621      -2       1.80999       1.57085       4.47597   0.000357325
#174.978      875.124      -2       1.78378       1.54447       4.38429   0.000350452
#174.859      848.863      -2       1.75789       1.51844       4.29750   0.000343793
#174.743      819.946      -2       1.73234       1.49272       4.21499   0.000337345
#174.629      795.965      -2       1.70712       1.46732       4.13652   0.000331097
#174.519      771.475      -2       1.68222       1.44224       4.06185   0.000325041
#174.411      747.135      -2       1.65764       1.41748       3.99072   0.000319170
#174.305      722.939      -2       1.63338       1.39301       3.92283   0.000313479
#174.203      701.009      -2       1.60942       1.36884       3.85792   0.000307958
#174.102      680.324      -2       1.58577       1.34497       3.79595   0.000302601
#174.005      657.348      -2       1.56241       1.32142       3.73670   0.000297403
#173.909      635.213      -2       1.53936       1.29814       3.67988   0.000292359
#173.816      616.423      -2       1.51660       1.27513       3.62538   0.000287462
#173.725      597.518      -2       1.49412       1.25242       3.57317   0.000282705
#173.637      576.366      -2       1.47193       1.23000       3.52306   0.000278086
#173.55       556.894      -2       1.45002       1.20784       3.47487   0.000273599
#173.466      539.535      -2       1.42839       1.18594       3.42849   0.000269238
#173.384      522.489      -2       1.40702       1.16431       3.38391   0.000264999
#173.303      503.829      -2       1.38591       1.14297       3.34105   0.000260877
#173.225      484.755      -2       1.36508       1.12188       3.29973   0.000256872
#173.149      468.35       -2       1.34452       1.10104       3.25984   0.000252977
#173.074      453.27       -2       1.32421       1.08044       3.22136   0.000249187
#173.001      437.083      -2       1.30414       1.06010       3.18425   0.000245498
#172.93       420.581      -2       1.28432       1.04002       3.14845   0.000241909
#172.861      403.797      -2       1.26475       1.02018       3.11386   0.000238416
#172.793      388.198      -2       1.24544       1.00058       3.08040   0.000235017
#172.727      374.315      -2       1.22636      0.981192       3.04796   0.000231705
#172.662      361.56       -2       1.20751      0.962043       3.01660   0.000228480
#172.599      346.503      -2       1.18889      0.943139       2.98628   0.000225338
#172.538      330.979      -2       1.17051      0.924479       2.95696   0.000222278
#172.478      315.963      -2       1.15235      0.906042       2.92852   0.000219297
#172.419      302.937      -2       1.13443      0.887815       2.90092   0.000216392
#172.362      290.677      -2       1.11672      0.869800       2.87415   0.000213559
#172.306      277.978      -2       1.09923      0.852000       2.84818   0.000210796
#172.252      265.238      -2       1.08194      0.834413       2.82297   0.000208101
#172.198      252.686      -2       1.06486      0.817035       2.79850   0.000205473
#172.147      240.44       -2       1.04799      0.799873       2.77474   0.000202909
#172.096      227.962      -2       1.03134      0.782921       2.75167   0.000200409
#172.046      215.842      -2       1.01489      0.766172       2.72923   0.000197971
#171.998      204.528      -2      0.998653      0.749621       2.70740   0.000195591
#171.951      193.508      -2      0.982612      0.733263       2.68617   0.000193268
#171.905      182.698      -2      0.966765      0.717102       2.66551   0.000191000
#171.86       171.691      -2      0.951107      0.701136       2.64542   0.000188785
#171.816      160.732      -2      0.935638      0.685359       2.62585   0.000186622
#171.773      150.402      -2      0.920357      0.669771       2.60681   0.000184510
#171.731      140.045      -2      0.905259      0.654369       2.58825   0.000182446
#171.691      130.01       -2      0.890344      0.639151       2.57018   0.000180430
#171.651      120.157      -2      0.875611      0.624111       2.55255   0.000178459
#171.612      110.787      -2      0.861056      0.609250       2.53537   0.000176534
#171.574      101.335      -2      0.846678      0.594565       2.51862   0.000174652
#171.536      92.2014      -2      0.832472      0.580048       2.50227   0.000172812
#171.5        83.544       -2      0.818436      0.565701       2.48631   0.000171013
#171.465      74.8036      -2      0.804567      0.551527       2.47075   0.000169254
#171.463      65.913       -3      0.682076      0.425046       2.33196   0.000153758
#==================================================
# Variances and Principal Axes
#                 1        2        3        4  
# 8.7126E-12| -0.0000  -0.0002   0.0001   1.0000  
# 1.6552E-03|  0.2563  -0.8170   0.5166  -0.0002  
# 7.8233E-02| -0.7963   0.1245   0.5919  -0.0001  
# 3.0316E+00|  0.5479   0.5631   0.6186   0.0001  
#--------------------------------------------------
#
#================================================
#  Covariance Matrix
#        1           2           3           4   
#   9.598e-01   9.272e-01   9.910e-01   1.181e-04
#   9.272e-01   9.636e-01   1.061e+00   1.177e-04
#   9.910e-01   1.061e+00   1.188e+00   1.268e-04
#   1.181e-04   1.177e-04   1.268e-04   1.478e-08
#------------------------------------------------
#
#========================================================================
#Model TBabs<1>*cutoffpl<2> Source No.: 1   Active/On
#Model Model Component  Parameter  Unit     Value
# par  comp
#   1    1   TBabs      nH         10^22    0.682076     +/-  0.979712     
#   2    2   cutoffpl   PhoIndex            0.425046     +/-  0.981611     
#   3    2   cutoffpl   HighECut   keV      2.33196      +/-  1.09001      
#   4    2   cutoffpl   norm                1.53758E-04  +/-  1.21582E-04  
#________________________________________________________________________
#
#
#Fit statistic : Chi-Squared =         171.46 using 173 PHA bins.
#
#Test statistic : Chi-Squared =         171.46 using 173 PHA bins.
# Reduced chi-squared =         1.0146 for    169 degrees of freedom 
# Null hypothesis probability =   4.326851e-01
#
!XSPEC12>save all fit_tbabscutoffpl.xcm
#
!XSPEC12>setplot energy
#
!XSPEC12>setplot rebin 3 10
#
!XSPEC12>setplot command wdata wdata.dat
#
!XSPEC12>plot ldata
#
!XSPEC12>mv wdata.dat fit_tbabscutoffpl_ld.dat
#
!XSPEC12>log none
#