#XSPEC version: 12.10.0c
#Build Date/Time: Fri Apr 20 13:14:53 2018
#
!XSPEC12>data P0205230601PNS003SRSPEC0001.FTZ
#
#***XSPEC Error:  cannot open file named: epn_ff20_sdY9.rmf
#Error: cannot read response file epn_ff20_sdY9.rmf
#
#
#*** Response file has format inconsistent with data:  response file epn_ff20_sdY9.rmf read skipped
#
#1 spectrum  in use
# 
#Spectral Data File: P0205230601PNS003SRSPEC0001.FTZ  Spectrum 1
#Net count rate (cts/s) for Spectrum:1  9.518e-01 +/- 1.032e-02 (97.7 % total)
# Assigned to Data Group 1 and Plot Group 1
#  Noticed Channels:  1-2433
#  Telescope: XMM Instrument: EPN  Channel Type: PI
#  Exposure Time: 9154 sec
# Using fit statistic: chi
# Using test statistic: chi
# Using Background File                P0205230601PNS003BGSPEC0001.FTZ
#  Background Exposure Time: 9152 sec
# No response loaded.
#
#***Warning!  One or more spectra are missing responses,
#               and are not suitable for fit.
#
!XSPEC12>back P0205230601PNS003BGSPEC0001.FTZ
#
!XSPEC12>backgrnd P0205230601PNS003BGSPEC0001.FTZ
#Net count rate (cts/s) for Spectrum:1  9.518e-01 +/- 1.032e-02 (97.7 % total)
#***Warning!  One or more spectra are missing responses,
#               and are not suitable for fit.
#
!XSPEC12>resp epn_e1_ff20_sY9_v16.0.rmf
#
!XSPEC12>response epn_e1_ff20_sY9_v16.0.rmf
#Response successfully loaded.
#
!XSPEC12>arf P0205230601PNS003SRCARF0001.FTZ
#Arf successfully loaded.
#
!XSPEC12>ignore **-2.0 10.0-**
#   251 channels (1-251) ignored in spectrum #     1
#  2031 channels (403-2433) ignored in spectrum #     1
#
#
!XSPEC12>ignore bad
#
#ignore:  2095 channels ignored from  source number 1
#
!XSPEC12>model tbabs*cutoffpl  ;  1.0,0.1  ;  2, 0.01  ;  15, 0.01  ;  1.E-4 1E-5
#
#========================================================================
#Model TBabs<1>*cutoffpl<2> Source No.: 1   Active/On
#Model Model Component  Parameter  Unit     Value
# par  comp
#   1    1   TBabs      nH         10^22    1.00000      +/-  0.0          
#   2    2   cutoffpl   PhoIndex            2.00000      +/-  0.0          
#   3    2   cutoffpl   HighECut   keV      15.0000      +/-  0.0          
#   4    2   cutoffpl   norm                1.00000E-04  +/-  0.0          
#________________________________________________________________________
#
#
#Fit statistic : Chi-Squared =        2838.07 using 150 PHA bins.
#
#Test statistic : Chi-Squared =        2838.07 using 150 PHA bins.
# Reduced chi-squared =        19.4388 for    146 degrees of freedom 
# Null hypothesis probability =   0.000000e+00
# Current data and model not fit yet.
#
!XSPEC12>fit
#                                   Parameters
#Chi-Squared  |beta|/N    Lvl          1:nH    2:PhoIndex    3:HighECut        4:norm
#127.182      9.64405      -2       1.19414       1.94712       13.1017    0.00167119
#126.896      1860.97      -2       1.19924       1.90769       11.6294    0.00165138
#126.637      1842.46      -2       1.17543       1.87098       10.7733    0.00161598
#126.431      901.916      -2       1.14384       1.83596       10.0909    0.00157664
#126.233      757.281      -2       1.11010       1.80167       9.51778    0.00153716
#126.042      674.384      -2       1.07598       1.76809       9.02204    0.00149872
#125.859      618.802      -2       1.04210       1.73511       8.58450    0.00146164
#125.681      580.462      -2       1.00871       1.70270       8.19392    0.00142605
#125.51       548.949      -2      0.975853       1.67088       7.84386    0.00139190
#125.344      518.133      -2      0.943572       1.63963       7.52798    0.00135915
#125.184      490.619      -2      0.911912       1.60884       7.23979    0.00132773
#125.029      470.9        -2      0.880770       1.57857       6.97728    0.00129753
#124.879      447.9        -2      0.850152       1.54880       6.73691    0.00126851
#124.734      427.327      -2      0.820054       1.51951       6.51596    0.00124061
#124.594      408.229      -2      0.790455       1.49072       6.31247    0.00121377
#124.458      389.33       -2      0.761366       1.46239       6.12412    0.00118794
#124.327      372.765      -2      0.732776       1.43451       5.94926    0.00116309
#124.199      357.23       -2      0.704644       1.40711       5.78696    0.00113915
#124.076      340.796      -2      0.676998       1.38014       5.63544    0.00111609
#123.957      327.194      -2      0.649811       1.35360       5.49384    0.00109386
#123.841      313.481      -2      0.623069       1.32750       5.36136    0.00107243
#123.73       299.869      -2      0.596776       1.30181       5.23700    0.00105176
#123.621      287.667      -2      0.570915       1.27654       5.12011    0.00103181
#123.517      275.582      -2      0.545479       1.25168       5.01011    0.00101257
#123.415      263.795      -2      0.520470       1.22719       4.90616   0.000993981
#123.317      253.703      -2      0.495853       1.20312       4.80822   0.000976026
#123.222      241.91       -2      0.471661       1.17942       4.71539   0.000958688
#123.129      232.538      -2      0.447857       1.15610       4.62742   0.000941925
#123.04       222.854      -2      0.424429       1.13316       4.54414   0.000925718
#122.954      212.544      -2      0.401400       1.11057       4.46488   0.000910049
#122.87       204.341      -2      0.378736       1.08833       4.38948   0.000894885
#122.788      195.697      -2      0.356435       1.06646       4.31781   0.000880212
#122.71       186.616      -2      0.334500       1.04494       4.24951   0.000866013
#122.634      178.345      -2      0.312929       1.02374       4.18425   0.000852266
#122.56       171.06       -2      0.291698       1.00287       4.12193   0.000838947
#122.488      163.431      -2      0.270804      0.982353       4.06247   0.000826045
#122.419      155.388      -2      0.250241      0.962148       4.00554   0.000813539
#122.352      148.446      -2      0.230018      0.942251       3.95097   0.000801421
#122.287      141.892      -2      0.210115      0.922661       3.89868   0.000789668
#122.223      135.235      -2      0.190526      0.903385       3.84855   0.000778269
#122.162      128.512      -2      0.171248      0.884415       3.80047   0.000767212
#122.103      122.078      -2      0.152284      0.865736       3.75425   0.000756485
#122.046      116.176      -2      0.133622      0.847341       3.70981   0.000746072
#121.99       110.473      -2      0.115255      0.829232       3.66706   0.000735963
#121.936      104.713      -2     0.0971780      0.811404       3.62592   0.000726146
#121.884      99.1647      -2     0.0793888      0.793858       3.58632   0.000716613
#121.833      93.6633      -2     0.0618843      0.776588       3.54817   0.000707354
#121.784      88.3812      -2     0.0446599      0.759587       3.51139   0.000698358
#121.736      83.3331      -2     0.0277106      0.742850       3.47591   0.000689616
#121.69       78.4165      -2     0.0110293      0.726367       3.44165   0.000681118
#121.655      73.7939      -2    0.00281711      0.710134       3.40855   0.000672851
#121.647      1560.09      -1   0.000777639      0.708503       3.40519   0.000672318
#==================================================
# Variances and Principal Axes
#                 1        2        3        4  
# 1.4779E-10| -0.0001  -0.0008   0.0002   1.0000  
# 1.9398E-03|  0.2800  -0.9091   0.3083  -0.0008  
# 1.0435E-01|  0.8737   0.1083  -0.4742   0.0003  
# 4.7567E+00| -0.3977  -0.4021  -0.8247  -0.0002  
#--------------------------------------------------
#
#================================================
#  Covariance Matrix
#        1           2           3           4   
#   8.323e-01   7.702e-01   1.517e+00   4.041e-04
#   7.702e-01   7.721e-01   1.572e+00   3.873e-04
#   1.517e+00   1.572e+00   3.259e+00   7.701e-04
#   4.041e-04   3.873e-04   7.701e-04   2.002e-07
#------------------------------------------------
#
#========================================================================
#Model TBabs<1>*cutoffpl<2> Source No.: 1   Active/On
#Model Model Component  Parameter  Unit     Value
# par  comp
#   1    1   TBabs      nH         10^22    7.77639E-04  +/-  0.912330     
#   2    2   cutoffpl   PhoIndex            0.708503     +/-  0.878690     
#   3    2   cutoffpl   HighECut   keV      3.40519      +/-  1.80516      
#   4    2   cutoffpl   norm                6.72318E-04  +/-  4.47442E-04  
#________________________________________________________________________
#
#
#Fit statistic : Chi-Squared =         121.65 using 150 PHA bins.
#
#Test statistic : Chi-Squared =         121.65 using 150 PHA bins.
# Reduced chi-squared =        0.83320 for    146 degrees of freedom 
# Null hypothesis probability =   9.296934e-01
#
!XSPEC12>save all fit_tbabscutoffpl.xcm
#
!XSPEC12>setplot energy
#
!XSPEC12>setplot rebin 3 10
#
!XSPEC12>setplot command wdata wdata.dat
#
!XSPEC12>plot ldata
#
!XSPEC12>mv wdata.dat fit_tbabscutoffpl_ld.dat
#
!XSPEC12>log none
#