#XSPEC version: 12.10.0c
#Build Date/Time: Fri Apr 20 13:14:53 2018
#
!XSPEC12>data P0302900101PNS003SRSPEC0002.FTZ
#
#***XSPEC Error:  cannot open file named: epn_ff20_sdY9.rmf
#Error: cannot read response file epn_ff20_sdY9.rmf
#
#
#*** Response file has format inconsistent with data:  response file epn_ff20_sdY9.rmf read skipped
#
#1 spectrum  in use
# 
#Spectral Data File: P0302900101PNS003SRSPEC0002.FTZ  Spectrum 1
#Net count rate (cts/s) for Spectrum:1  2.138e+00 +/- 4.976e-03 (99.0 % total)
# Assigned to Data Group 1 and Plot Group 1
#  Noticed Channels:  1-2051
#  Telescope: XMM Instrument: EPN  Channel Type: PI
#  Exposure Time: 8.732e+04 sec
# Using fit statistic: chi
# Using test statistic: chi
# Using Background File                P0302900101PNS003BGSPEC0002.FTZ
#  Background Exposure Time: 8.73e+04 sec
# No response loaded.
#
#***Warning!  One or more spectra are missing responses,
#               and are not suitable for fit.
#
!XSPEC12>back P0302900101PNS003BGSPEC0002.FTZ
#
!XSPEC12>backgrnd P0302900101PNS003BGSPEC0002.FTZ
#Net count rate (cts/s) for Spectrum:1  2.138e+00 +/- 4.976e-03 (99.0 % total)
#***Warning!  One or more spectra are missing responses,
#               and are not suitable for fit.
#
!XSPEC12>resp epn_e1_ff20_sY9_v16.0.rmf
#
!XSPEC12>response epn_e1_ff20_sY9_v16.0.rmf
#Response successfully loaded.
#
!XSPEC12>arf P0302900101PNS003SRCARF0002.FTZ
#Arf successfully loaded.
#
!XSPEC12>ignore **-2.0 10.0-**
#   215 channels (1-215) ignored in spectrum #     1
#  1817 channels (235-2051) ignored in spectrum #     1
#
#
!XSPEC12>ignore bad
#
#ignore:  1880 channels ignored from  source number 1
#
!XSPEC12>model tbabs*cutoffpl  ;  1.0,0.1  ;  2, 0.01  ;  15, 0.01  ;  1.E-4 1E-5
#
#========================================================================
#Model TBabs<1>*cutoffpl<2> Source No.: 1   Active/On
#Model Model Component  Parameter  Unit     Value
# par  comp
#   1    1   TBabs      nH         10^22    1.00000      +/-  0.0          
#   2    2   cutoffpl   PhoIndex            2.00000      +/-  0.0          
#   3    2   cutoffpl   HighECut   keV      15.0000      +/-  0.0          
#   4    2   cutoffpl   norm                1.00000E-04  +/-  0.0          
#________________________________________________________________________
#
#
#Fit statistic : Chi-Squared =       11493.98 using 18 PHA bins.
#
#Test statistic : Chi-Squared =       11493.98 using 18 PHA bins.
# Reduced chi-squared =       820.9983 for     14 degrees of freedom 
# Null hypothesis probability =   0.000000e+00
# Current data and model not fit yet.
#
!XSPEC12>fit
#                                   Parameters
#Chi-Squared  |beta|/N    Lvl          1:nH    2:PhoIndex    3:HighECut        4:norm
# Due to zero model norms, the following fit parameters are temporarily frozen:1 2 3 
#49.1041      341252       -3       1.00000       2.00000       15.0000       0.00000
# Due to zero model norms, the following fit parameters are temporarily frozen:1 2 3 
#49.1041      341252       -3       1.00000       2.00000       15.0000       0.00000
#====================
# Variances and Principal Axes
#                 4  
# 3.5372E-12| -1.0000  
#--------------------
#
#============
#  Covariance Matrix
#        1   
#   3.537e-12
#------------
#
#========================================================================
#Model TBabs<1>*cutoffpl<2> Source No.: 1   Active/On
#Model Model Component  Parameter  Unit     Value
# par  comp
#   1    1   TBabs      nH         10^22    1.00000      +/-  -1.00000     
#   2    2   cutoffpl   PhoIndex            2.00000      +/-  -1.00000     
#   3    2   cutoffpl   HighECut   keV      15.0000      +/-  -1.00000     
#   4    2   cutoffpl   norm                0.0          +/-  1.88075E-06  
#________________________________________________________________________
#
#
#Fit statistic : Chi-Squared =          49.10 using 18 PHA bins.
#
#Test statistic : Chi-Squared =          49.10 using 18 PHA bins.
# Reduced chi-squared =          3.507 for     14 degrees of freedom 
# Null hypothesis probability =   8.618454e-06
#
!XSPEC12>save all fit_tbabscutoffpl.xcm
#
!XSPEC12>setplot energy
#
!XSPEC12>setplot rebin 3 10
#
!XSPEC12>addc 3 zgauss ; 1 0.01 0.5 0.5 8.0 8.0 ; 0.03,-1 ; 0.002,-1 ; -1e-6 1e-7 -1e10 -1e10 -1e-10 -1e-10
#
!XSPEC12>addcomp 3 zgauss ; 1 0.01 0.5 0.5 8.0 8.0 ; 0.03,-1 ; 0.002,-1 ; -1e-6 1e-7 -1e10 -1e10 -1e-10 -1e-10
#
#Fit statistic : Chi-Squared =          49.10 using 18 PHA bins.
#
#Test statistic : Chi-Squared =          49.10 using 18 PHA bins.
# Reduced chi-squared =          4.092 for     12 degrees of freedom 
# Null hypothesis probability =   2.005808e-06
# Current data and model not fit yet.
#
#========================================================================
#Model TBabs<1>*cutoffpl<2> + zgauss<3> Source No.: 1   Active/On
#Model Model Component  Parameter  Unit     Value
# par  comp
#   1    1   TBabs      nH         10^22    1.00000      +/-  -1.00000     
#   2    2   cutoffpl   PhoIndex            2.00000      +/-  -1.00000     
#   3    2   cutoffpl   HighECut   keV      15.0000      +/-  -1.00000     
#   4    2   cutoffpl   norm                0.0          +/-  1.88075E-06  
#   5    3   zgauss     LineE      keV      1.00000      +/-  0.0          
#   6    3   zgauss     Sigma      keV      3.00000E-02  frozen
#   7    3   zgauss     Redshift            2.00000E-03  frozen
#   8    3   zgauss     norm                -1.00000E-06 +/-  0.0          
#
#________________________________________________________________________
#
!XSPEC12>fit
# renorm: no renormalization necessary
#                                   Parameters
#Chi-Squared  |beta|/N    Lvl          1:nH    2:PhoIndex    3:HighECut        4:norm       5:LineE        8:norm
# Due to zero model norms, the following fit parameters are temporarily frozen:1 2 3 
#***Warning: Zero alpha-matrix diagonal element for parameter 5
#***Warning: Zero alpha-matrix diagonal element for parameter 8
# Parameter 5 is pegged at 1 due to zero or negative pivot element, likely
# caused by the fit being insensitive to the parameter.
# Parameter 8 is pegged at -1e-06 due to zero or negative pivot element, likely
# caused by the fit being insensitive to the parameter.
# Due to zero model norms, the following fit parameters are temporarily frozen:1 2 3 
#49.1041      341252       -3       1.00000       2.00000       15.0000       0.00000       1.00000  -1.00000e-06
# Due to zero model norms, the following fit parameters are temporarily frozen:1 2 3 
#***Warning: Zero alpha-matrix diagonal element for parameter 5
#***Warning: Zero alpha-matrix diagonal element for parameter 8
# Parameter 5 is pegged at 1 due to zero or negative pivot element, likely
# caused by the fit being insensitive to the parameter.
# Parameter 8 is pegged at -1e-06 due to zero or negative pivot element, likely
# caused by the fit being insensitive to the parameter.
# Due to zero model norms, the following fit parameters are temporarily frozen:1 2 3 
#49.1041      341252       -3       1.00000       2.00000       15.0000       0.00000       1.00000  -1.00000e-06
#====================
# Variances and Principal Axes
#                 4  
# 3.5372E-12| -1.0000  
#--------------------
#
#============
#  Covariance Matrix
#        1   
#   3.537e-12
#------------
#
#========================================================================
#Model TBabs<1>*cutoffpl<2> + zgauss<3> Source No.: 1   Active/On
#Model Model Component  Parameter  Unit     Value
# par  comp
#   1    1   TBabs      nH         10^22    1.00000      +/-  -1.00000     
#   2    2   cutoffpl   PhoIndex            2.00000      +/-  -1.00000     
#   3    2   cutoffpl   HighECut   keV      15.0000      +/-  -1.00000     
#   4    2   cutoffpl   norm                0.0          +/-  1.88075E-06  
#   5    3   zgauss     LineE      keV      1.00000      +/-  -1.00000     
#   6    3   zgauss     Sigma      keV      3.00000E-02  frozen
#   7    3   zgauss     Redshift            2.00000E-03  frozen
#   8    3   zgauss     norm                -1.00000E-06 +/-  -1.00000     
#________________________________________________________________________
#
#
#Fit statistic : Chi-Squared =          49.10 using 18 PHA bins.
#
#Test statistic : Chi-Squared =          49.10 using 18 PHA bins.
# Reduced chi-squared =          4.092 for     12 degrees of freedom 
# Null hypothesis probability =   2.005808e-06
#
!XSPEC12>steppar 5 2 10. 30
# renorm: no renormalization necessary
#
#     Chi-Squared    Delta            LineE
#                 Chi-Squared             5
#
# Due to zero model norms, the following fit parameters are temporarily frozen:1 2 3 
# Due to zero model norms, the following fit parameters are temporarily frozen:1 2 3 
#          49.104  0.00010654    0           2
# Due to zero model norms, the following fit parameters are temporarily frozen:1 2 3 
# Due to zero model norms, the following fit parameters are temporarily frozen:1 2 3 
#          49.106   0.0018293    1      2.2667
# Due to zero model norms, the following fit parameters are temporarily frozen:1 2 3 
#          47.288     -1.8162    2      2.5333
#          45.941     -3.1627    3         2.8
#          47.824     -1.2802    4      3.0667
# Due to zero model norms, the following fit parameters are temporarily frozen:1 2 3 
# Due to zero model norms, the following fit parameters are temporarily frozen:1 2 3 
#          49.108   0.0034881    5      3.3333
# Due to zero model norms, the following fit parameters are temporarily frozen:1 2 3 
#          48.565     -0.5394    6         3.6
#          48.446    -0.65763    7      3.8667
#          49.081   -0.023396    8      4.1333
#           48.74     -0.3638    9         4.4
#          48.739    -0.36477   10      4.6667
#          48.735    -0.36958   11      4.9333
#           45.43     -3.6739   12         5.2
#          46.152     -2.9516   13      5.4667
# Due to zero model norms, the following fit parameters are temporarily frozen:1 2 3 
#          48.626    -0.47781   14      5.7333
#          47.675     -1.4293   15           6
#          47.459     -1.6451   16      6.2667
#          48.446    -0.65831   17      6.5333
#           48.62    -0.48422   18         6.8
#           41.05     -8.0545   19      7.0667
#          40.756     -8.3477   20      7.3333
#          36.135     -12.969   21         7.6
#          43.617     -5.4872   22      7.8667
#          43.664     -5.4397   23      8.1333
#           43.55     -5.5544   24         8.4
#          43.547     -5.5568   25      8.6667
#          43.546     -5.5581   26      8.9333
#          43.545      -5.559   27         9.2
#          43.544     -5.5597   28      9.4667
#          43.544     -5.5603   29      9.7333
#          43.543     -5.5609   30          10
#
#A new best fit was found during steppar.
#Parameters have been updated to the new best fit values.
#
#                                   Parameters
#Chi-Squared  |beta|/N    Lvl          1:nH    2:PhoIndex    3:HighECut        4:norm       5:LineE        8:norm
#35.9753      111969       -1       45.5737      0.945257      0.508167     0.0246720       7.61241  -4.51687e-07
#35.9708      11709.3      -1       45.9029       1.00230      0.508167     0.0273810       7.61162  -4.52609e-07
#======================================================================
# Variances and Principal Axes
#                 1        2        3        4        5        8  
# 1.6177E-14| -0.0000  -0.0000   0.0000   0.0000  -0.0000   1.0000  
# 4.6410E-04|  0.0015   0.0326  -0.3720  -0.9277  -0.0040   0.0000  
# 1.0684E-03| -0.0000  -0.0001   0.0005   0.0041  -1.0000  -0.0000  
# 9.7728E+03| -0.9999  -0.0006   0.0103  -0.0058  -0.0000  -0.0000  
# 2.2914E-01| -0.0117   0.0513  -0.9263   0.3732   0.0011   0.0000  
# 3.8562E+05|  0.0000  -0.9982  -0.0597  -0.0111   0.0000   0.0000  
#----------------------------------------------------------------------
#
#========================================================================
#  Covariance Matrix
#        1           2           3           4           5           6   
#   4.441e+05   2.826e+05   1.233e+04   5.724e+03  -8.360e-01  -7.355e-06
#   2.826e+05   1.873e+05   8.292e+03   3.726e+03  -6.323e-01  -5.540e-06
#   1.233e+04   8.292e+03   3.691e+02   1.638e+02  -2.944e-02  -2.574e-07
#   5.724e+03   3.726e+03   1.638e+02   7.475e+01  -1.181e-02  -1.037e-07
#  -8.360e-01  -6.323e-01  -2.944e-02  -1.181e-02   1.072e-03   4.101e-10
#  -7.355e-06  -5.540e-06  -2.574e-07  -1.037e-07   4.101e-10   1.655e-14
#------------------------------------------------------------------------
#
#========================================================================
#Model TBabs<1>*cutoffpl<2> + zgauss<3> Source No.: 1   Active/On
#Model Model Component  Parameter  Unit     Value
# par  comp
#   1    1   TBabs      nH         10^22    45.9029      +/-  666.382      
#   2    2   cutoffpl   PhoIndex            1.00230      +/-  432.799      
#   3    2   cutoffpl   HighECut   keV      0.508167     +/-  19.2127      
#   4    2   cutoffpl   norm                2.73810E-02  +/-  8.64564      
#   5    3   zgauss     LineE      keV      7.61162      +/-  3.27347E-02  
#   6    3   zgauss     Sigma      keV      3.00000E-02  frozen
#   7    3   zgauss     Redshift            2.00000E-03  frozen
#   8    3   zgauss     norm                -4.52609E-07 +/-  1.28654E-07  
#________________________________________________________________________
#
#
#Fit statistic : Chi-Squared =          35.97 using 18 PHA bins.
#
#Test statistic : Chi-Squared =          35.97 using 18 PHA bins.
# Reduced chi-squared =          2.998 for     12 degrees of freedom 
# Null hypothesis probability =   3.275095e-04
#
!XSPEC12>plot contour
#
!XSPEC12>setplot command wdata wdata.dat
#
!XSPEC12>plot contour
#
!XSPEC12>mv wdata.dat fit_tbabscutoffpl+zgauss_con_e.dat
#
!XSPEC12>log none
#