#XSPEC version: 12.10.0c
#Build Date/Time: Fri Apr 20 13:14:53 2018
#
!XSPEC12>data P0561580401PNS001SRSPEC0001.FTZ
#
#***XSPEC Error:  cannot open file named: epn_ff20_sdY9.rmf
#Error: cannot read response file epn_ff20_sdY9.rmf
#
#
#*** Response file has format inconsistent with data:  response file epn_ff20_sdY9.rmf read skipped
#
#1 spectrum  in use
# 
#Spectral Data File: P0561580401PNS001SRSPEC0001.FTZ  Spectrum 1
#Net count rate (cts/s) for Spectrum:1  1.285e+00 +/- 7.822e-03 (98.4 % total)
# Assigned to Data Group 1 and Plot Group 1
#  Noticed Channels:  1-2296
#  Telescope: XMM Instrument: EPN  Channel Type: PI
#  Exposure Time: 2.138e+04 sec
# Using fit statistic: chi
# Using test statistic: chi
# Using Background File                P0561580401PNS001BGSPEC0001.FTZ
#  Background Exposure Time: 2.137e+04 sec
# No response loaded.
#
#***Warning!  One or more spectra are missing responses,
#               and are not suitable for fit.
#
!XSPEC12>back P0561580401PNS001BGSPEC0001.FTZ
#
!XSPEC12>backgrnd P0561580401PNS001BGSPEC0001.FTZ
#Net count rate (cts/s) for Spectrum:1  1.285e+00 +/- 7.822e-03 (98.4 % total)
#***Warning!  One or more spectra are missing responses,
#               and are not suitable for fit.
#
!XSPEC12>resp epn_e2_ff20_sY9_v16.0.rmf
#
!XSPEC12>response epn_e2_ff20_sY9_v16.0.rmf
#Response successfully loaded.
#
!XSPEC12>arf P0561580401PNS001SRCARF0001.FTZ
#Arf successfully loaded.
#
!XSPEC12>ignore **-2.0 10.0-**
#   379 channels (1-379) ignored in spectrum #     1
#  1794 channels (503-2296) ignored in spectrum #     1
#
#
!XSPEC12>ignore bad
#
#ignore:  1857 channels ignored from  source number 1
#
!XSPEC12>model tbabs*cutoffpl  ;  1.0,0.1  ;  2, 0.01  ;  15, 0.01  ;  1.E-4 1E-5
#
#========================================================================
#Model TBabs<1>*cutoffpl<2> Source No.: 1   Active/On
#Model Model Component  Parameter  Unit     Value
# par  comp
#   1    1   TBabs      nH         10^22    1.00000      +/-  0.0          
#   2    2   cutoffpl   PhoIndex            2.00000      +/-  0.0          
#   3    2   cutoffpl   HighECut   keV      15.0000      +/-  0.0          
#   4    2   cutoffpl   norm                1.00000E-04  +/-  0.0          
#________________________________________________________________________
#
#
#Fit statistic : Chi-Squared =        1737.00 using 122 PHA bins.
#
#Test statistic : Chi-Squared =        1737.00 using 122 PHA bins.
# Reduced chi-squared =        14.7204 for    118 degrees of freedom 
# Null hypothesis probability =  8.355329e-286
# Current data and model not fit yet.
#
!XSPEC12>fit
#                                   Parameters
#Chi-Squared  |beta|/N    Lvl          1:nH    2:PhoIndex    3:HighECut        4:norm
#268.23       66.9871      -3    0.00715562       1.96367       7.45661   0.000729068
#160.191      244820       -2      0.241565       1.98872       3.93100   0.000797187
#119.191      94524.9      -3      0.312154       1.56392       2.74173   0.000776017
#99.9061      59882.2      -3     0.0542934       1.28531       2.57584   0.000626345
#98.8015      19312.7      -2     0.0202017       1.25765       2.53776   0.000627747
#98.7486      85.254       -2     0.0108330       1.23532       2.50337   0.000621905
#98.7072      187.545      -2    0.00396253       1.21356       2.47431   0.000614646
#98.7057      1451.05      -2    0.00120896       1.19234       2.44786   0.000607008
#==================================================
# Variances and Principal Axes
#                 1        2        3        4  
# 1.5990E-10| -0.0001  -0.0007   0.0003   1.0000  
# 2.7728E-03|  0.3012  -0.8231   0.4815  -0.0007  
# 1.3207E-01|  0.8181  -0.0363  -0.5739   0.0003  
# 5.5578E+00| -0.4899  -0.5668  -0.6624  -0.0002  
#--------------------------------------------------
#
#================================================
#  Covariance Matrix
#        1           2           3           4   
#   1.422e+00   1.538e+00   1.742e+00   6.613e-04
#   1.538e+00   1.787e+00   2.088e+00   7.336e-04
#   1.742e+00   2.088e+00   2.483e+00   8.364e-04
#   6.613e-04   7.336e-04   8.364e-04   3.115e-07
#------------------------------------------------
#
#========================================================================
#Model TBabs<1>*cutoffpl<2> Source No.: 1   Active/On
#Model Model Component  Parameter  Unit     Value
# par  comp
#   1    1   TBabs      nH         10^22    1.20896E-03  +/-  1.19261      
#   2    2   cutoffpl   PhoIndex            1.19234      +/-  1.33692      
#   3    2   cutoffpl   HighECut   keV      2.44786      +/-  1.57576      
#   4    2   cutoffpl   norm                6.07008E-04  +/-  5.58142E-04  
#________________________________________________________________________
#
#
#Fit statistic : Chi-Squared =          98.71 using 122 PHA bins.
#
#Test statistic : Chi-Squared =          98.71 using 122 PHA bins.
# Reduced chi-squared =         0.8365 for    118 degrees of freedom 
# Null hypothesis probability =   9.010831e-01
#
!XSPEC12>save all fit_tbabscutoffpl.xcm
#
!XSPEC12>setplot energy
#
!XSPEC12>setplot rebin 3 10
#
!XSPEC12>addc 3 zgauss ; 1 0.01 0.5 0.5 8.0 8.0 ; 0.01,-1 ; 0.002,-1 ; -1e-6 1e-7 -1e10 -1e10 -1e-10 -1e-10
#
!XSPEC12>addcomp 3 zgauss ; 1 0.01 0.5 0.5 8.0 8.0 ; 0.01,-1 ; 0.002,-1 ; -1e-6 1e-7 -1e10 -1e10 -1e-10 -1e-10
#
#Fit statistic : Chi-Squared =          98.71 using 122 PHA bins.
#
#Test statistic : Chi-Squared =          98.71 using 122 PHA bins.
# Reduced chi-squared =         0.8509 for    116 degrees of freedom 
# Null hypothesis probability =   8.755403e-01
# Current data and model not fit yet.
#
#========================================================================
#Model TBabs<1>*cutoffpl<2> + zgauss<3> Source No.: 1   Active/On
#Model Model Component  Parameter  Unit     Value
# par  comp
#   1    1   TBabs      nH         10^22    1.20896E-03  +/-  1.19261      
#   2    2   cutoffpl   PhoIndex            1.19234      +/-  1.33692      
#   3    2   cutoffpl   HighECut   keV      2.44786      +/-  1.57576      
#   4    2   cutoffpl   norm                6.07008E-04  +/-  5.58142E-04  
#   5    3   zgauss     LineE      keV      1.00000      +/-  0.0          
#   6    3   zgauss     Sigma      keV      1.00000E-02  frozen
#   7    3   zgauss     Redshift            2.00000E-03  frozen
#   8    3   zgauss     norm                -1.00000E-06 +/-  0.0          
#
#________________________________________________________________________
#
!XSPEC12>fit
#                                   Parameters
#Chi-Squared  |beta|/N    Lvl          1:nH    2:PhoIndex    3:HighECut        4:norm       5:LineE        8:norm
#***Warning: Zero alpha-matrix diagonal element for parameter 5
#***Warning: Zero alpha-matrix diagonal element for parameter 8
# Parameter 5 is pegged at 1 due to zero or negative pivot element, likely
# caused by the fit being insensitive to the parameter.
# Parameter 8 is pegged at -1.00396e-06 due to zero or negative pivot element, likely
# caused by the fit being insensitive to the parameter.
#98.666       0.358104      0   0.000183459       1.19245       2.44687   0.000609364       1.00000  -1.00396e-06
#***Warning: Zero alpha-matrix diagonal element for parameter 5
#***Warning: Zero alpha-matrix diagonal element for parameter 8
# Parameter 5 is pegged at 1 due to zero or negative pivot element, likely
# caused by the fit being insensitive to the parameter.
# Parameter 8 is pegged at -1.00396e-06 due to zero or negative pivot element, likely
# caused by the fit being insensitive to the parameter.
#98.6657      518.334       0   5.83337e-05       1.19241       2.44619   0.000609382       1.00000  -1.00396e-06
#==================================================
# Variances and Principal Axes
#                 1        2        3        4  
# 1.5686E-10| -0.0001  -0.0007   0.0003   1.0000  
# 2.7385E-03|  0.2993  -0.8188   0.4900  -0.0007  
# 1.3001E-01|  0.8157  -0.0468  -0.5765   0.0003  
# 5.4495E+00| -0.4950  -0.5722  -0.6539  -0.0002  
#--------------------------------------------------
#
#================================================
#  Covariance Matrix
#        1           2           3           4   
#   1.422e+00   1.538e+00   1.703e+00   6.553e-04
#   1.538e+00   1.786e+00   2.041e+00   7.269e-04
#   1.703e+00   2.041e+00   2.374e+00   8.106e-04
#   6.553e-04   7.269e-04   8.106e-04   3.060e-07
#------------------------------------------------
#
#========================================================================
#Model TBabs<1>*cutoffpl<2> + zgauss<3> Source No.: 1   Active/On
#Model Model Component  Parameter  Unit     Value
# par  comp
#   1    1   TBabs      nH         10^22    5.83337E-05  +/-  1.19246      
#   2    2   cutoffpl   PhoIndex            1.19241      +/-  1.33659      
#   3    2   cutoffpl   HighECut   keV      2.44619      +/-  1.54071      
#   4    2   cutoffpl   norm                6.09382E-04  +/-  5.53188E-04  
#   5    3   zgauss     LineE      keV      1.00000      +/-  -1.00000     
#   6    3   zgauss     Sigma      keV      1.00000E-02  frozen
#   7    3   zgauss     Redshift            2.00000E-03  frozen
#   8    3   zgauss     norm                -1.00396E-06 +/-  -1.00000     
#________________________________________________________________________
#
#
#Fit statistic : Chi-Squared =          98.67 using 122 PHA bins.
#
#Test statistic : Chi-Squared =          98.67 using 122 PHA bins.
# Reduced chi-squared =         0.8506 for    116 degrees of freedom 
# Null hypothesis probability =   8.761401e-01
#
!XSPEC12>steppar 5 2 10. 30
#
#     Chi-Squared    Delta            LineE
#                 Chi-Squared             5
#
#          99.053     0.38774    0           2
#          97.229     -1.4365    1      2.2667
#          99.649     0.98327    2      2.5333
#          98.518    -0.14811    3         2.8
#          97.458     -1.2081    4      3.0667
#          98.589   -0.076775    5      3.3333
#          98.574     -0.0915    6         3.6
#          98.572   -0.093313    7      3.8667
#           98.57   -0.095719    8      4.1333
#           98.57   -0.095651    9         4.4
#          98.314    -0.35176   10      4.6667
#          96.346     -2.3192   11      4.9333
#***Warning: Zero alpha-matrix diagonal element for parameter 1
# Parameter 1 is pegged at 8.27532e-17 due to zero or negative pivot element, likely
# caused by the fit being insensitive to the parameter.
#***Warning: Zero alpha-matrix diagonal element for parameter 1
# Parameter 1 is pegged at 8.27532e-17 due to zero or negative pivot element, likely
# caused by the fit being insensitive to the parameter.
#          98.572    -0.09395   12         5.2
#***Warning: Zero alpha-matrix diagonal element for parameter 1
# Parameter 1 is pegged at 8.27532e-17 due to zero or negative pivot element, likely
# caused by the fit being insensitive to the parameter.
#***Warning: Zero alpha-matrix diagonal element for parameter 1
# Parameter 1 is pegged at 8.27532e-17 due to zero or negative pivot element, likely
# caused by the fit being insensitive to the parameter.
#          98.556    -0.10973   13      5.4667
#***Warning: Zero alpha-matrix diagonal element for parameter 1
# Parameter 1 is pegged at 8.27532e-17 due to zero or negative pivot element, likely
# caused by the fit being insensitive to the parameter.
#***Warning: Zero alpha-matrix diagonal element for parameter 1
# Parameter 1 is pegged at 8.27532e-17 due to zero or negative pivot element, likely
# caused by the fit being insensitive to the parameter.
#          98.556    -0.10946   14      5.7333
#***Warning: Zero alpha-matrix diagonal element for parameter 1
# Parameter 1 is pegged at 8.27532e-17 due to zero or negative pivot element, likely
# caused by the fit being insensitive to the parameter.
#***Warning: Zero alpha-matrix diagonal element for parameter 1
# Parameter 1 is pegged at 8.27532e-17 due to zero or negative pivot element, likely
# caused by the fit being insensitive to the parameter.
#          96.803      -1.863   15           6
#***Warning: Zero alpha-matrix diagonal element for parameter 1
# Parameter 1 is pegged at 8.27532e-17 due to zero or negative pivot element, likely
# caused by the fit being insensitive to the parameter.
#***Warning: Zero alpha-matrix diagonal element for parameter 1
# Parameter 1 is pegged at 8.27532e-17 due to zero or negative pivot element, likely
# caused by the fit being insensitive to the parameter.
#          97.772    -0.89395   16      6.2667
#***Warning: Zero alpha-matrix diagonal element for parameter 1
# Parameter 1 is pegged at 8.27532e-17 due to zero or negative pivot element, likely
# caused by the fit being insensitive to the parameter.
#***Warning: Zero alpha-matrix diagonal element for parameter 1
# Parameter 1 is pegged at 8.27532e-17 due to zero or negative pivot element, likely
# caused by the fit being insensitive to the parameter.
#          98.613   -0.052338   17      6.5333
#***Warning: Zero alpha-matrix diagonal element for parameter 1
# Parameter 1 is pegged at 8.27532e-17 due to zero or negative pivot element, likely
# caused by the fit being insensitive to the parameter.
#***Warning: Zero alpha-matrix diagonal element for parameter 1
# Parameter 1 is pegged at 8.27532e-17 due to zero or negative pivot element, likely
# caused by the fit being insensitive to the parameter.
#          98.609    -0.05712   18         6.8
#***Warning: Zero alpha-matrix diagonal element for parameter 1
# Parameter 1 is pegged at 8.27532e-17 due to zero or negative pivot element, likely
# caused by the fit being insensitive to the parameter.
#***Warning: Zero alpha-matrix diagonal element for parameter 1
# Parameter 1 is pegged at 8.27532e-17 due to zero or negative pivot element, likely
# caused by the fit being insensitive to the parameter.
#          98.533    -0.13231   19      7.0667
#***Warning: Zero alpha-matrix diagonal element for parameter 1
# Parameter 1 is pegged at 8.27532e-17 due to zero or negative pivot element, likely
# caused by the fit being insensitive to the parameter.
#***Warning: Zero alpha-matrix diagonal element for parameter 1
# Parameter 1 is pegged at 8.27532e-17 due to zero or negative pivot element, likely
# caused by the fit being insensitive to the parameter.
#          98.377    -0.28892   20      7.3333
#***Warning: Zero alpha-matrix diagonal element for parameter 1
# Parameter 1 is pegged at 8.27532e-17 due to zero or negative pivot element, likely
# caused by the fit being insensitive to the parameter.
#***Warning: Zero alpha-matrix diagonal element for parameter 1
# Parameter 1 is pegged at 8.27532e-17 due to zero or negative pivot element, likely
# caused by the fit being insensitive to the parameter.
#          98.589   -0.076464   21         7.6
#***Warning: Zero alpha-matrix diagonal element for parameter 1
# Parameter 1 is pegged at 8.27532e-17 due to zero or negative pivot element, likely
# caused by the fit being insensitive to the parameter.
#***Warning: Zero alpha-matrix diagonal element for parameter 1
# Parameter 1 is pegged at 8.27532e-17 due to zero or negative pivot element, likely
# caused by the fit being insensitive to the parameter.
#          98.539    -0.12666   22      7.8667
#***Warning: Zero alpha-matrix diagonal element for parameter 1
# Parameter 1 is pegged at 8.27532e-17 due to zero or negative pivot element, likely
# caused by the fit being insensitive to the parameter.
#***Warning: Zero alpha-matrix diagonal element for parameter 1
# Parameter 1 is pegged at 8.27532e-17 due to zero or negative pivot element, likely
# caused by the fit being insensitive to the parameter.
#          98.507    -0.15914   23      8.1333
#***Warning: Zero alpha-matrix diagonal element for parameter 1
# Parameter 1 is pegged at 8.27532e-17 due to zero or negative pivot element, likely
# caused by the fit being insensitive to the parameter.
#***Warning: Zero alpha-matrix diagonal element for parameter 1
# Parameter 1 is pegged at 8.27532e-17 due to zero or negative pivot element, likely
# caused by the fit being insensitive to the parameter.
#          98.507    -0.15914   24         8.4
#***Warning: Zero alpha-matrix diagonal element for parameter 1
# Parameter 1 is pegged at 8.27532e-17 due to zero or negative pivot element, likely
# caused by the fit being insensitive to the parameter.
#***Warning: Zero alpha-matrix diagonal element for parameter 1
# Parameter 1 is pegged at 8.27532e-17 due to zero or negative pivot element, likely
# caused by the fit being insensitive to the parameter.
#          98.507    -0.15914   25      8.6667
#***Warning: Zero alpha-matrix diagonal element for parameter 1
# Parameter 1 is pegged at 8.27532e-17 due to zero or negative pivot element, likely
# caused by the fit being insensitive to the parameter.
#***Warning: Zero alpha-matrix diagonal element for parameter 1
# Parameter 1 is pegged at 8.27532e-17 due to zero or negative pivot element, likely
# caused by the fit being insensitive to the parameter.
#          98.507    -0.15914   26      8.9333
#***Warning: Zero alpha-matrix diagonal element for parameter 1
# Parameter 1 is pegged at 8.27532e-17 due to zero or negative pivot element, likely
# caused by the fit being insensitive to the parameter.
#***Warning: Zero alpha-matrix diagonal element for parameter 1
# Parameter 1 is pegged at 8.27532e-17 due to zero or negative pivot element, likely
# caused by the fit being insensitive to the parameter.
#          98.507    -0.15914   27         9.2
#***Warning: Zero alpha-matrix diagonal element for parameter 1
# Parameter 1 is pegged at 8.27532e-17 due to zero or negative pivot element, likely
# caused by the fit being insensitive to the parameter.
#***Warning: Zero alpha-matrix diagonal element for parameter 1
# Parameter 1 is pegged at 8.27532e-17 due to zero or negative pivot element, likely
# caused by the fit being insensitive to the parameter.
#          98.507    -0.15914   28      9.4667
#***Warning: Zero alpha-matrix diagonal element for parameter 1
# Parameter 1 is pegged at 8.27532e-17 due to zero or negative pivot element, likely
# caused by the fit being insensitive to the parameter.
#***Warning: Zero alpha-matrix diagonal element for parameter 1
# Parameter 1 is pegged at 8.27532e-17 due to zero or negative pivot element, likely
# caused by the fit being insensitive to the parameter.
#          98.507    -0.15914   29      9.7333
#***Warning: Zero alpha-matrix diagonal element for parameter 1
# Parameter 1 is pegged at 8.27532e-17 due to zero or negative pivot element, likely
# caused by the fit being insensitive to the parameter.
#***Warning: Zero alpha-matrix diagonal element for parameter 1
# Parameter 1 is pegged at 8.27532e-17 due to zero or negative pivot element, likely
# caused by the fit being insensitive to the parameter.
#          98.507    -0.15914   30          10
#
#A new best fit was found during steppar.
#Parameters have been updated to the new best fit values.
#
#                                   Parameters
#Chi-Squared  |beta|/N    Lvl          1:nH    2:PhoIndex    3:HighECut        4:norm       5:LineE        8:norm
#95.8801      9214.7       -1   2.13451e-13       1.08867       2.33633   0.000577345       4.96638  -6.66320e-07
#95.7058      54125.2      -1   8.42818e-14       1.08689       2.33626   0.000576562       4.98291  -7.15843e-07
#95.6442      14852.2       0   2.60695e-14       1.08616       2.33707   0.000577285       4.98250  -7.29268e-07
#95.6214      11833.7      -1   9.87692e-15       1.08551       2.33395   0.000578455       4.98183  -7.43033e-07
#95.5888      2788.86      -1    0.00261019       1.08528       2.32969   0.000581846       4.98200  -7.48176e-07
#95.5807      1054.88       0   0.000207551       1.08559       2.32878   0.000581717       4.98195  -7.46698e-07
#======================================================================
# Variances and Principal Axes
#                 1        2        3        4        5        8  
# 1.6586E-13| -0.0000  -0.0000   0.0000   0.0058  -0.0000   1.0000  
# 1.4540E-10|  0.0001   0.0006  -0.0003  -1.0000  -0.0000   0.0058  
# 2.7293E-03|  0.2905  -0.7968   0.5284  -0.0007   0.0387  -0.0000  
# 4.2650E-03| -0.0091   0.0300  -0.0230   0.0000   0.9992   0.0000  
# 1.2027E-01|  0.8039  -0.0963  -0.5869   0.0002  -0.0033   0.0000  
# 5.2087E+00| -0.5189  -0.5957  -0.6130  -0.0002  -0.0009  -0.0000  
#----------------------------------------------------------------------
#
#========================================================================
#  Covariance Matrix
#        1           2           3           4           5           6   
#   1.481e+00   1.600e+00   1.601e+00   6.527e-04   2.226e-03   1.159e-07
#   1.600e+00   1.852e+00   1.908e+00   7.229e-04   3.008e-03   1.340e-07
#   1.601e+00   1.908e+00   2.000e+00   7.279e-04   3.199e-03   1.274e-07
#   6.527e-04   7.229e-04   7.279e-04   2.915e-07   1.082e-06   5.510e-11
#   2.226e-03   3.008e-03   3.199e-03   1.082e-06   4.268e-03   4.165e-09
#   1.159e-07   1.340e-07   1.274e-07   5.510e-11   4.165e-09   1.958e-13
#------------------------------------------------------------------------
#
#========================================================================
#Model TBabs<1>*cutoffpl<2> + zgauss<3> Source No.: 1   Active/On
#Model Model Component  Parameter  Unit     Value
# par  comp
#   1    1   TBabs      nH         10^22    2.07551E-04  +/-  1.21676      
#   2    2   cutoffpl   PhoIndex            1.08559      +/-  1.36075      
#   3    2   cutoffpl   HighECut   keV      2.32878      +/-  1.41417      
#   4    2   cutoffpl   norm                5.81717E-04  +/-  5.39874E-04  
#   5    3   zgauss     LineE      keV      4.98195      +/-  6.53338E-02  
#   6    3   zgauss     Sigma      keV      1.00000E-02  frozen
#   7    3   zgauss     Redshift            2.00000E-03  frozen
#   8    3   zgauss     norm                -7.46698E-07 +/-  4.42548E-07  
#________________________________________________________________________
#
#
#Fit statistic : Chi-Squared =          95.58 using 122 PHA bins.
#
#Test statistic : Chi-Squared =          95.58 using 122 PHA bins.
# Reduced chi-squared =         0.8240 for    116 degrees of freedom 
# Null hypothesis probability =   9.168221e-01
#
!XSPEC12>plot contour
#
!XSPEC12>setplot command wdata wdata.dat
#
!XSPEC12>plot contour
#
!XSPEC12>mv wdata.dat fit_tbabscutoffpl+zgauss_con_e_0.01.dat
#
!XSPEC12>log none
#