#XSPEC version: 12.10.0c
#Build Date/Time: Fri Apr 20 13:14:53 2018
#
!XSPEC12>data P0561580401PNS001SRSPEC0001.FTZ
#
#***XSPEC Error:  cannot open file named: epn_ff20_sdY9.rmf
#Error: cannot read response file epn_ff20_sdY9.rmf
#
#
#*** Response file has format inconsistent with data:  response file epn_ff20_sdY9.rmf read skipped
#
#1 spectrum  in use
# 
#Spectral Data File: P0561580401PNS001SRSPEC0001.FTZ  Spectrum 1
#Net count rate (cts/s) for Spectrum:1  1.285e+00 +/- 7.822e-03 (98.4 % total)
# Assigned to Data Group 1 and Plot Group 1
#  Noticed Channels:  1-2296
#  Telescope: XMM Instrument: EPN  Channel Type: PI
#  Exposure Time: 2.138e+04 sec
# Using fit statistic: chi
# Using test statistic: chi
# Using Background File                P0561580401PNS001BGSPEC0001.FTZ
#  Background Exposure Time: 2.137e+04 sec
# No response loaded.
#
#***Warning!  One or more spectra are missing responses,
#               and are not suitable for fit.
#
!XSPEC12>back P0561580401PNS001BGSPEC0001.FTZ
#
!XSPEC12>backgrnd P0561580401PNS001BGSPEC0001.FTZ
#Net count rate (cts/s) for Spectrum:1  1.285e+00 +/- 7.822e-03 (98.4 % total)
#***Warning!  One or more spectra are missing responses,
#               and are not suitable for fit.
#
!XSPEC12>resp epn_e2_ff20_sY9_v16.0.rmf
#
!XSPEC12>response epn_e2_ff20_sY9_v16.0.rmf
#Response successfully loaded.
#
!XSPEC12>arf P0561580401PNS001SRCARF0001.FTZ
#Arf successfully loaded.
#
!XSPEC12>ignore **-2.0 10.0-**
#   379 channels (1-379) ignored in spectrum #     1
#  1794 channels (503-2296) ignored in spectrum #     1
#
#
!XSPEC12>ignore bad
#
#ignore:  1857 channels ignored from  source number 1
#
!XSPEC12>model tbabs*cutoffpl  ;  1.0,0.1  ;  2, 0.01  ;  15, 0.01  ;  1.E-4 1E-5
#
#========================================================================
#Model TBabs<1>*cutoffpl<2> Source No.: 1   Active/On
#Model Model Component  Parameter  Unit     Value
# par  comp
#   1    1   TBabs      nH         10^22    1.00000      +/-  0.0          
#   2    2   cutoffpl   PhoIndex            2.00000      +/-  0.0          
#   3    2   cutoffpl   HighECut   keV      15.0000      +/-  0.0          
#   4    2   cutoffpl   norm                1.00000E-04  +/-  0.0          
#________________________________________________________________________
#
#
#Fit statistic : Chi-Squared =        1737.00 using 122 PHA bins.
#
#Test statistic : Chi-Squared =        1737.00 using 122 PHA bins.
# Reduced chi-squared =        14.7204 for    118 degrees of freedom 
# Null hypothesis probability =  8.355329e-286
# Current data and model not fit yet.
#
!XSPEC12>fit
#                                   Parameters
#Chi-Squared  |beta|/N    Lvl          1:nH    2:PhoIndex    3:HighECut        4:norm
#268.23       66.9871      -3    0.00715562       1.96367       7.45661   0.000729068
#160.191      244820       -2      0.241565       1.98872       3.93100   0.000797187
#119.191      94524.9      -3      0.312154       1.56392       2.74173   0.000776017
#99.9061      59882.2      -3     0.0542934       1.28531       2.57584   0.000626345
#98.8015      19312.7      -2     0.0202017       1.25765       2.53776   0.000627747
#98.7486      85.254       -2     0.0108330       1.23532       2.50337   0.000621905
#98.7072      187.545      -2    0.00396253       1.21356       2.47431   0.000614646
#98.7057      1451.05      -2    0.00120896       1.19234       2.44786   0.000607008
#==================================================
# Variances and Principal Axes
#                 1        2        3        4  
# 1.5990E-10| -0.0001  -0.0007   0.0003   1.0000  
# 2.7728E-03|  0.3012  -0.8231   0.4815  -0.0007  
# 1.3207E-01|  0.8181  -0.0363  -0.5739   0.0003  
# 5.5578E+00| -0.4899  -0.5668  -0.6624  -0.0002  
#--------------------------------------------------
#
#================================================
#  Covariance Matrix
#        1           2           3           4   
#   1.422e+00   1.538e+00   1.742e+00   6.613e-04
#   1.538e+00   1.787e+00   2.088e+00   7.336e-04
#   1.742e+00   2.088e+00   2.483e+00   8.364e-04
#   6.613e-04   7.336e-04   8.364e-04   3.115e-07
#------------------------------------------------
#
#========================================================================
#Model TBabs<1>*cutoffpl<2> Source No.: 1   Active/On
#Model Model Component  Parameter  Unit     Value
# par  comp
#   1    1   TBabs      nH         10^22    1.20896E-03  +/-  1.19261      
#   2    2   cutoffpl   PhoIndex            1.19234      +/-  1.33692      
#   3    2   cutoffpl   HighECut   keV      2.44786      +/-  1.57576      
#   4    2   cutoffpl   norm                6.07008E-04  +/-  5.58142E-04  
#________________________________________________________________________
#
#
#Fit statistic : Chi-Squared =          98.71 using 122 PHA bins.
#
#Test statistic : Chi-Squared =          98.71 using 122 PHA bins.
# Reduced chi-squared =         0.8365 for    118 degrees of freedom 
# Null hypothesis probability =   9.010831e-01
#
!XSPEC12>save all fit_tbabscutoffpl.xcm
#
!XSPEC12>setplot energy
#
!XSPEC12>setplot rebin 3 10
#
!XSPEC12>setplot command wdata wdata.dat
#
!XSPEC12>plot delchi
#
!XSPEC12>mv wdata.dat fit_tbabscutoffpl_delc.dat
#
!XSPEC12>log none
#