#XSPEC version: 12.10.0c
#Build Date/Time: Fri Apr 20 13:14:53 2018
#
!XSPEC12>data P0405690501PNS003SRSPEC0001.FTZ
#
#***XSPEC Error:  cannot open file named: epn_ff20_sdY9.rmf
#Error: cannot read response file epn_ff20_sdY9.rmf
#
#
#*** Response file has format inconsistent with data:  response file epn_ff20_sdY9.rmf read skipped
#
#1 spectrum  in use
# 
#Spectral Data File: P0405690501PNS003SRSPEC0001.FTZ  Spectrum 1
#Net count rate (cts/s) for Spectrum:1  7.863e-01 +/- 6.375e-03 (97.8 % total)
# Assigned to Data Group 1 and Plot Group 1
#  Noticed Channels:  1-2331
#  Telescope: XMM Instrument: EPN  Channel Type: PI
#  Exposure Time: 1.981e+04 sec
# Using fit statistic: chi
# Using test statistic: chi
# Using Background File                P0405690501PNS003BGSPEC0001.FTZ
#  Background Exposure Time: 1.981e+04 sec
# No response loaded.
#
#***Warning!  One or more spectra are missing responses,
#               and are not suitable for fit.
#
!XSPEC12>back P0405690501PNS003BGSPEC0001.FTZ
#
!XSPEC12>backgrnd P0405690501PNS003BGSPEC0001.FTZ
#Net count rate (cts/s) for Spectrum:1  7.863e-01 +/- 6.375e-03 (97.8 % total)
#***Warning!  One or more spectra are missing responses,
#               and are not suitable for fit.
#
!XSPEC12>resp epn_e1_ff20_sY9_v16.0.rmf
#
!XSPEC12>response epn_e1_ff20_sY9_v16.0.rmf
#Response successfully loaded.
#
!XSPEC12>arf P0405690501PNS003SRCARF0001.FTZ
#Arf successfully loaded.
#
!XSPEC12>ignore **-2.0 10.0-**
#   342 channels (1-342) ignored in spectrum #     1
#  1881 channels (451-2331) ignored in spectrum #     1
#
#
!XSPEC12>ignore bad
#
#ignore:  1945 channels ignored from  source number 1
#
!XSPEC12>model tbabs*cutoffpl  ;  1.0,0.1  ;  2, 0.01  ;  15, 0.01  ;  1.E-4 1E-5
#
#========================================================================
#Model TBabs<1>*cutoffpl<2> Source No.: 1   Active/On
#Model Model Component  Parameter  Unit     Value
# par  comp
#   1    1   TBabs      nH         10^22    1.00000      +/-  0.0          
#   2    2   cutoffpl   PhoIndex            2.00000      +/-  0.0          
#   3    2   cutoffpl   HighECut   keV      15.0000      +/-  0.0          
#   4    2   cutoffpl   norm                1.00000E-04  +/-  0.0          
#________________________________________________________________________
#
#
#Fit statistic : Chi-Squared =        1372.86 using 107 PHA bins.
#
#Test statistic : Chi-Squared =        1372.86 using 107 PHA bins.
# Reduced chi-squared =        13.3287 for    103 degrees of freedom 
# Null hypothesis probability =  6.802695e-221
# Current data and model not fit yet.
#
!XSPEC12>fit
#                                   Parameters
#Chi-Squared  |beta|/N    Lvl          1:nH    2:PhoIndex    3:HighECut        4:norm
#103.601      7.17502      -1      0.601781       2.02111       16.3573   0.000483796
#101.602      2227.57      -1      0.456822       2.02901       19.0139   0.000460711
#100.166      1786.47      -1      0.362681       2.03258       22.6681   0.000441470
#99.0192      3092.99      -1      0.286809       2.03470       27.4266   0.000425205
#98.1161      3385.04      -1      0.221369       2.03617       33.6370   0.000411342
#97.4123      3422.79      -1      0.163928       2.03721       41.8929   0.000399478
#96.8672      3423.57      -1      0.113341       2.03788       53.1807   0.000389296
#96.4471      3459.64      -1     0.0687973       2.03821       69.2154   0.000380532
#96.1249      3566.09      -1     0.0296091       2.03824       93.2003   0.000372972
#95.9604      3772.69      -1     0.0123898       2.03796       131.735   0.000366436
#95.9062      8066.26      -1    0.00144740       2.03744       199.424   0.000361079
#95.7473      12196         0   0.000343766       2.03605       230.889   0.000361362
#95.7161      5399.22       0   0.000104011       2.03569       254.685   0.000361239
#95.706       3267.93       0   4.52031e-05       2.03568       275.681   0.000360995
#95.7009      2710.75       0   1.51656e-05       2.03580       296.696   0.000360723
#==================================================
# Variances and Principal Axes
#                 1        2        3        4  
# 6.6581E-11| -0.0001  -0.0004   0.0000   1.0000  
# 3.2628E-03|  0.3041  -0.9526   0.0000  -0.0004  
# 2.0553E-01| -0.9526  -0.3041   0.0001  -0.0002  
# 2.0199E+08|  0.0001   0.0001   1.0000   0.0000  
#--------------------------------------------------
#
#================================================
#  Covariance Matrix
#        1           2           3           4   
#   1.171e+00   1.096e+00   1.410e+04   3.079e-04
#   1.096e+00   1.115e+00   1.486e+04   2.986e-04
#   1.410e+04   1.486e+04   2.020e+08   3.881e+00
#   3.079e-04   2.986e-04   3.881e+00   8.266e-08
#------------------------------------------------
#
#========================================================================
#Model TBabs<1>*cutoffpl<2> Source No.: 1   Active/On
#Model Model Component  Parameter  Unit     Value
# par  comp
#   1    1   TBabs      nH         10^22    1.51656E-05  +/-  1.08205      
#   2    2   cutoffpl   PhoIndex            2.03580      +/-  1.05587      
#   3    2   cutoffpl   HighECut   keV      296.696      +/-  1.42124E+04  
#   4    2   cutoffpl   norm                3.60723E-04  +/-  2.87509E-04  
#________________________________________________________________________
#
#
#Fit statistic : Chi-Squared =          95.70 using 107 PHA bins.
#
#Test statistic : Chi-Squared =          95.70 using 107 PHA bins.
# Reduced chi-squared =         0.9291 for    103 degrees of freedom 
# Null hypothesis probability =   6.823707e-01
#
!XSPEC12>save all fit_tbabscutoffpl.xcm
#
!XSPEC12>setplot energy
#
!XSPEC12>setplot rebin 3 10
#
!XSPEC12>setplot command wdata wdata.dat
#
!XSPEC12>plot ldata
#
!XSPEC12>mv wdata.dat fit_tbabscutoffpl_ld.dat
#
!XSPEC12>log none
#