#XSPEC version: 12.10.0c
#Build Date/Time: Fri Apr 20 13:14:53 2018
#
!XSPEC12>data P0206890401PNU002SRSPEC0001.FTZ
#
#***XSPEC Error:  cannot open file named: epn_ef20_sdY7.rmf
#Error: cannot read response file epn_ef20_sdY7.rmf
#
#
#*** Response file has format inconsistent with data:  response file epn_ef20_sdY7.rmf read skipped
#
#1 spectrum  in use
# 
#Spectral Data File: P0206890401PNU002SRSPEC0001.FTZ  Spectrum 1
#Net count rate (cts/s) for Spectrum:1  1.151e+00 +/- 1.493e-02 (98.0 % total)
# Assigned to Data Group 1 and Plot Group 1
#  Noticed Channels:  1-2281
#  Telescope: XMM Instrument: EPN  Channel Type: PI
#  Exposure Time: 5279 sec
# Using fit statistic: chi
# Using test statistic: chi
# Using Background File                P0206890401PNU002BGSPEC0001.FTZ
#  Background Exposure Time: 5275 sec
# No response loaded.
#
#***Warning!  One or more spectra are missing responses,
#               and are not suitable for fit.
#
!XSPEC12>back P0206890401PNU002BGSPEC0001.FTZ
#
!XSPEC12>backgrnd P0206890401PNU002BGSPEC0001.FTZ
#Net count rate (cts/s) for Spectrum:1  1.151e+00 +/- 1.493e-02 (98.0 % total)
#***Warning!  One or more spectra are missing responses,
#               and are not suitable for fit.
#
!XSPEC12>resp epn_e1_ff20_sY9_v16.0.rmf
#
!XSPEC12>response epn_e1_ff20_sY9_v16.0.rmf
#Response successfully loaded.
#
!XSPEC12>arf P0206890401PNU002SRCARF0001.FTZ
#Arf successfully loaded.
#
!XSPEC12>ignore **-2.0 10.0-**
#   174 channels (1-174) ignored in spectrum #     1
#  1957 channels (325-2281) ignored in spectrum #     1
#
#
!XSPEC12>ignore bad
#
#ignore:  2021 channels ignored from  source number 1
#
!XSPEC12>model tbabs*cutoffpl  ;  1.0,0.1  ;  2, 0.01  ;  15, 0.01  ;  1.E-4 1E-5
#
#========================================================================
#Model TBabs<1>*cutoffpl<2> Source No.: 1   Active/On
#Model Model Component  Parameter  Unit     Value
# par  comp
#   1    1   TBabs      nH         10^22    1.00000      +/-  0.0          
#   2    2   cutoffpl   PhoIndex            2.00000      +/-  0.0          
#   3    2   cutoffpl   HighECut   keV      15.0000      +/-  0.0          
#   4    2   cutoffpl   norm                1.00000E-04  +/-  0.0          
#________________________________________________________________________
#
#
#Fit statistic : Chi-Squared =        2950.46 using 149 PHA bins.
#
#Test statistic : Chi-Squared =        2950.46 using 149 PHA bins.
# Reduced chi-squared =        20.3480 for    145 degrees of freedom 
# Null hypothesis probability =   0.000000e+00
# Current data and model not fit yet.
#
!XSPEC12>fit
#                                   Parameters
#Chi-Squared  |beta|/N    Lvl          1:nH    2:PhoIndex    3:HighECut        4:norm
#154.279      27.5226      -2       1.30698       1.99500       23.8529    0.00271957
#145.401      13778.8      -2       1.27434       1.99725       34.9011    0.00266720
#143.955      5888.3       -2       1.25577       2.00749       46.8722    0.00265279
#143.677      2592.09      -2       1.25327       2.02006       59.9935    0.00265807
#143.59       1395.25      -2       1.25885       2.03315       75.3048    0.00267416
#143.545      944.804      -2       1.26843       2.04624       94.9468    0.00269572
#143.514      792.159      -2       1.27987       2.05916       122.925    0.00271988
#143.491      779.543      -2       1.29209       2.07182       167.605    0.00274515
#143.48       859.063      -2       1.30455       2.08417       250.013    0.00277079
#143.429      1034.52      -1       1.30697       2.08439       293.636    0.00277535
#143.425      150.295      -1       1.30847       2.08555       325.756    0.00277744
#==================================================
# Variances and Principal Axes
#                 1        2        3        4  
# 2.5682E-09| -0.0004  -0.0035   0.0000   1.0000  
# 2.0732E-03|  0.2857  -0.9583   0.0000  -0.0032  
# 1.3559E-01| -0.9583  -0.2857   0.0001  -0.0014  
# 1.5245E+08|  0.0001   0.0001   1.0000   0.0000  
#--------------------------------------------------
#
#================================================
#  Covariance Matrix
#        1           2           3           4   
#   7.790e-01   6.963e-01   9.988e+03   1.541e-03
#   6.963e-01   6.781e-01   1.007e+04   1.433e-03
#   9.988e+03   1.007e+04   1.525e+08   2.077e+01
#   1.541e-03   1.433e-03   2.077e+01   3.121e-06
#------------------------------------------------
#
#========================================================================
#Model TBabs<1>*cutoffpl<2> Source No.: 1   Active/On
#Model Model Component  Parameter  Unit     Value
# par  comp
#   1    1   TBabs      nH         10^22    1.30847      +/-  0.882607     
#   2    2   cutoffpl   PhoIndex            2.08555      +/-  0.823480     
#   3    2   cutoffpl   HighECut   keV      325.756      +/-  1.23472E+04  
#   4    2   cutoffpl   norm                2.77744E-03  +/-  1.76663E-03  
#________________________________________________________________________
#
#
#Fit statistic : Chi-Squared =         143.42 using 149 PHA bins.
#
#Test statistic : Chi-Squared =         143.42 using 149 PHA bins.
# Reduced chi-squared =        0.98914 for    145 degrees of freedom 
# Null hypothesis probability =   5.213921e-01
#
!XSPEC12>save all fit_tbabscutoffpl.xcm
#
!XSPEC12>setplot energy
#
!XSPEC12>setplot rebin 3 10
#
!XSPEC12>addc 3 zgauss ; 1 0.01 0.5 0.5 8.0 8.0 ; 0.01,-1 ; 0.002,-1 ; -1e-6 1e-7 -1e10 -1e10 -1e-10 -1e-10
#
!XSPEC12>addcomp 3 zgauss ; 1 0.01 0.5 0.5 8.0 8.0 ; 0.01,-1 ; 0.002,-1 ; -1e-6 1e-7 -1e10 -1e10 -1e-10 -1e-10
#
#Fit statistic : Chi-Squared =         143.42 using 149 PHA bins.
#
#Test statistic : Chi-Squared =         143.42 using 149 PHA bins.
# Reduced chi-squared =         1.0030 for    143 degrees of freedom 
# Null hypothesis probability =   4.742820e-01
# Current data and model not fit yet.
#
#========================================================================
#Model TBabs<1>*cutoffpl<2> + zgauss<3> Source No.: 1   Active/On
#Model Model Component  Parameter  Unit     Value
# par  comp
#   1    1   TBabs      nH         10^22    1.30847      +/-  0.882607     
#   2    2   cutoffpl   PhoIndex            2.08555      +/-  0.823480     
#   3    2   cutoffpl   HighECut   keV      325.756      +/-  1.23472E+04  
#   4    2   cutoffpl   norm                2.77744E-03  +/-  1.76663E-03  
#   5    3   zgauss     LineE      keV      1.00000      +/-  0.0          
#   6    3   zgauss     Sigma      keV      1.00000E-02  frozen
#   7    3   zgauss     Redshift            2.00000E-03  frozen
#   8    3   zgauss     norm                -1.00000E-06 +/-  0.0          
#
#________________________________________________________________________
#
!XSPEC12>fit
#                                   Parameters
#Chi-Squared  |beta|/N    Lvl          1:nH    2:PhoIndex    3:HighECut        4:norm       5:LineE        8:norm
#***Warning: Zero alpha-matrix diagonal element for parameter 5
#***Warning: Zero alpha-matrix diagonal element for parameter 8
# Parameter 5 is pegged at 1 due to zero or negative pivot element, likely
# caused by the fit being insensitive to the parameter.
# Parameter 8 is pegged at -1.00022e-06 due to zero or negative pivot element, likely
# caused by the fit being insensitive to the parameter.
#143.421      0.208526     -1       1.30963       2.08688       358.324    0.00277978       1.00000  -1.00022e-06
#***Warning: Zero alpha-matrix diagonal element for parameter 5
#***Warning: Zero alpha-matrix diagonal element for parameter 8
# Parameter 5 is pegged at 1 due to zero or negative pivot element, likely
# caused by the fit being insensitive to the parameter.
# Parameter 8 is pegged at -1.00022e-06 due to zero or negative pivot element, likely
# caused by the fit being insensitive to the parameter.
#143.419      45.8934      -1       1.31044       2.08819       397.264    0.00278176       1.00000  -1.00022e-06
#==================================================
# Variances and Principal Axes
#                 1        2        3        4  
# 2.5745E-09| -0.0004  -0.0035   0.0000   1.0000  
# 2.0709E-03|  0.2857  -0.9583   0.0000  -0.0033  
# 1.3546E-01| -0.9583  -0.2857   0.0001  -0.0014  
# 3.3749E+08|  0.0000   0.0000   1.0000   0.0000  
#--------------------------------------------------
#
#================================================
#  Covariance Matrix
#        1           2           3           4   
#   7.782e-01   6.954e-01   1.485e+04   1.542e-03
#   6.954e-01   6.771e-01   1.497e+04   1.433e-03
#   1.485e+04   1.497e+04   3.375e+08   3.093e+01
#   1.542e-03   1.433e-03   3.093e+01   3.127e-06
#------------------------------------------------
#
#========================================================================
#Model TBabs<1>*cutoffpl<2> + zgauss<3> Source No.: 1   Active/On
#Model Model Component  Parameter  Unit     Value
# par  comp
#   1    1   TBabs      nH         10^22    1.31044      +/-  0.882175     
#   2    2   cutoffpl   PhoIndex            2.08819      +/-  0.822883     
#   3    2   cutoffpl   HighECut   keV      397.264      +/-  1.83709E+04  
#   4    2   cutoffpl   norm                2.78176E-03  +/-  1.76843E-03  
#   5    3   zgauss     LineE      keV      1.00000      +/-  -1.00000     
#   6    3   zgauss     Sigma      keV      1.00000E-02  frozen
#   7    3   zgauss     Redshift            2.00000E-03  frozen
#   8    3   zgauss     norm                -1.00022E-06 +/-  -1.00000     
#________________________________________________________________________
#
#
#Fit statistic : Chi-Squared =         143.42 using 149 PHA bins.
#
#Test statistic : Chi-Squared =         143.42 using 149 PHA bins.
# Reduced chi-squared =         1.0029 for    143 degrees of freedom 
# Null hypothesis probability =   4.744264e-01
#
!XSPEC12>steppar 5 2 10. 30
#
#     Chi-Squared    Delta            LineE
#                 Chi-Squared             5
#
#          141.57     -1.8506    0           2
#          141.79     -1.6334    1      2.2667
#          143.66     0.24618    2      2.5333
#          143.32   -0.099934    3         2.8
#          143.43   0.0083898    4      3.0667
#           143.4   -0.021808    5      3.3333
#          139.19     -4.2294    6         3.6
#          143.92     0.50618    7      3.8667
#          143.41   -0.005808    8      4.1333
#          143.41   -0.013412    9         4.4
#          137.14     -6.2752   10      4.6667
#          143.43   0.0074085   11      4.9333
#          143.26    -0.15907   12         5.2
#           143.4   -0.020266   13      5.4667
#           143.4   -0.020808   14      5.7333
#           143.4   -0.020923   15           6
#           143.4   -0.020978   16      6.2667
#          143.13    -0.28954   17      6.5333
#          140.03     -3.3837   18         6.8
#          143.42   0.0055395   19      7.0667
#          143.42   0.0020115   20      7.3333
#          143.42  0.00077742   21         7.6
#          141.29      -2.124   22      7.8667
#          141.27     -2.1442   23      8.1333
#          141.27     -2.1499   24         8.4
#          141.27     -2.1513   25      8.6667
#          141.27     -2.1515   26      8.9333
#          141.27     -2.1518   27         9.2
#          141.27      -2.152   28      9.4667
#          141.27     -2.1522   29      9.7333
#          141.27     -2.1523   30          10
#
#A new best fit was found during steppar.
#Parameters have been updated to the new best fit values.
#
#                                   Parameters
#Chi-Squared  |beta|/N    Lvl          1:nH    2:PhoIndex    3:HighECut        4:norm       5:LineE        8:norm
#137.121      1.3039        0       1.44291       2.11416       500.000    0.00295495       4.67743  -5.45032e-06
#137.099      2197.14      -1       1.44307       2.11407       500.000    0.00295514       4.67382  -5.48287e-06
#137.099      322.272      12       1.44307       2.11407       500.000    0.00295514       4.67382  -5.48287e-06
#137.099      268.56       12       1.44307       2.11407       500.000    0.00295514       4.67382  -5.48287e-06
#======================================================================
# Variances and Principal Axes
#                 1        2        3        4        5        8  
# 4.4505E-12| -0.0000  -0.0000   0.0000   0.0080   0.0000   1.0000  
# 2.9764E-09|  0.0005   0.0037  -0.0000  -1.0000   0.0000   0.0080  
# 2.0911E-03| -0.2808   0.9539  -0.0000   0.0034   0.1056   0.0000  
# 2.6002E-03|  0.0305  -0.1011   0.0000  -0.0003   0.9944  -0.0000  
# 1.3580E-01| -0.9593  -0.2824   0.0000  -0.0015   0.0007   0.0000  
# 5.1840E+09| -0.0000  -0.0000  -1.0000  -0.0000   0.0000  -0.0000  
#----------------------------------------------------------------------
#
#========================================================================
#  Covariance Matrix
#        1           2           3           4           5           6   
#   7.924e-01   7.126e-01   5.882e+04   1.673e-03  -1.235e-03   3.083e-07
#   7.126e-01   6.982e-01   5.961e+04   1.565e-03  -1.256e-03   3.851e-07
#   5.882e+04   5.961e+04   5.184e+09   1.305e+02  -1.026e+02   3.418e-02
#   1.673e-03   1.565e-03   1.305e+02   3.614e-06  -2.855e-06   7.710e-10
#  -1.235e-03  -1.256e-03  -1.026e+02  -2.855e-06   2.597e-03  -1.171e-08
#   3.083e-07   3.851e-07   3.418e-02   7.710e-10  -1.171e-08   5.062e-12
#------------------------------------------------------------------------
#
#========================================================================
#Model TBabs<1>*cutoffpl<2> + zgauss<3> Source No.: 1   Active/On
#Model Model Component  Parameter  Unit     Value
# par  comp
#   1    1   TBabs      nH         10^22    1.44307      +/-  0.890194     
#   2    2   cutoffpl   PhoIndex            2.11407      +/-  0.835606     
#   3    2   cutoffpl   HighECut   keV      500.000      +/-  7.20004E+04  
#   4    2   cutoffpl   norm                2.95514E-03  +/-  1.90116E-03  
#   5    3   zgauss     LineE      keV      4.67382      +/-  5.09567E-02  
#   6    3   zgauss     Sigma      keV      1.00000E-02  frozen
#   7    3   zgauss     Redshift            2.00000E-03  frozen
#   8    3   zgauss     norm                -5.48287E-06 +/-  2.24983E-06  
#________________________________________________________________________
#
#
#Fit statistic : Chi-Squared =         137.10 using 149 PHA bins.
#
#Test statistic : Chi-Squared =         137.10 using 149 PHA bins.
# Reduced chi-squared =        0.95873 for    143 degrees of freedom 
# Null hypothesis probability =   6.233500e-01
#
!XSPEC12>plot contour
#
!XSPEC12>setplot command wdata wdata.dat
#
!XSPEC12>plot contour
#
!XSPEC12>mv wdata.dat fit_tbabscutoffpl+zgauss_con_e_0.01.dat
#
!XSPEC12>log none
#