#XSPEC version: 12.10.0c
#Build Date/Time: Fri Apr 20 13:14:53 2018
#
!XSPEC12>data P0112800101PNS001SRSPEC0001.FTZ
#
#***XSPEC Error:  cannot open file named: epn_ef20_sdY8.rmf
#Error: cannot read response file epn_ef20_sdY8.rmf
#
#
#*** Response file has format inconsistent with data:  response file epn_ef20_sdY8.rmf read skipped
#
#1 spectrum  in use
# 
#Spectral Data File: P0112800101PNS001SRSPEC0001.FTZ  Spectrum 1
#Net count rate (cts/s) for Spectrum:1  2.100e-01 +/- 2.508e-03 (96.8 % total)
# Assigned to Data Group 1 and Plot Group 1
#  Noticed Channels:  1-2056
#  Telescope: XMM Instrument: EPN  Channel Type: PI
#  Exposure Time: 3.454e+04 sec
# Using fit statistic: chi
# Using test statistic: chi
# Using Background File                P0112800101PNS001BGSPEC0001.FTZ
#  Background Exposure Time: 3.453e+04 sec
# No response loaded.
#
#***Warning!  One or more spectra are missing responses,
#               and are not suitable for fit.
#
!XSPEC12>back P0112800101PNS001BGSPEC0001.FTZ
#
!XSPEC12>backgrnd P0112800101PNS001BGSPEC0001.FTZ
#Net count rate (cts/s) for Spectrum:1  2.100e-01 +/- 2.508e-03 (96.8 % total)
#***Warning!  One or more spectra are missing responses,
#               and are not suitable for fit.
#
!XSPEC12>resp epn_e1_ff20_sY9_v16.0.rmf
#
!XSPEC12>response epn_e1_ff20_sY9_v16.0.rmf
#Response successfully loaded.
#
!XSPEC12>arf P0112800101PNS001SRCARF0001.FTZ
#Arf successfully loaded.
#
!XSPEC12>ignore **-2.0 10.0-**
#   268 channels (1-268) ignored in spectrum #     1
#  1749 channels (308-2056) ignored in spectrum #     1
#
#
!XSPEC12>ignore bad
#
#ignore:  1813 channels ignored from  source number 1
#
!XSPEC12>model tbabs*cutoffpl  ;  1.0,0.1  ;  2, 0.01  ;  15, 0.01  ;  1.E-4 1E-5
#
#========================================================================
#Model TBabs<1>*cutoffpl<2> Source No.: 1   Active/On
#Model Model Component  Parameter  Unit     Value
# par  comp
#   1    1   TBabs      nH         10^22    1.00000      +/-  0.0          
#   2    2   cutoffpl   PhoIndex            2.00000      +/-  0.0          
#   3    2   cutoffpl   HighECut   keV      15.0000      +/-  0.0          
#   4    2   cutoffpl   norm                1.00000E-04  +/-  0.0          
#________________________________________________________________________
#
#
#Fit statistic : Chi-Squared =          70.62 using 38 PHA bins.
#
#Test statistic : Chi-Squared =          70.62 using 38 PHA bins.
# Reduced chi-squared =          2.077 for     34 degrees of freedom 
# Null hypothesis probability =   2.275121e-04
# Current data and model not fit yet.
#
!XSPEC12>fit
#                                   Parameters
#Chi-Squared  |beta|/N    Lvl          1:nH    2:PhoIndex    3:HighECut        4:norm
#61.6788      13.1806      -2      0.214075       2.06684       6.88401   0.000109098
#32.8882      242596       -3     0.0578842       1.93995       6.37433   0.000116236
#32.2814      69584.8      -2     0.0144480       1.94228       6.23561   0.000117153
#31.9898      67269.3      -2    0.00527031       1.94144       6.20005   0.000117599
#31.8767      63288.4      -2   0.000885154       1.94082       6.18345   0.000117746
#31.857       61745.7      -2   0.000347939       1.94026       6.17458   0.000117777
#31.8524      61463.5      -2   7.99634e-05       1.93974       6.16890   0.000117767
#==================================================
# Variances and Principal Axes
#                 1        2        3        4  
# 2.5479E-11| -0.0000  -0.0001   0.0000   1.0000  
# 1.4838E-02|  0.3422  -0.9355   0.0882  -0.0001  
# 9.2182E-01| -0.9323  -0.3262   0.1563  -0.0001  
# 3.6597E+02|  0.1175   0.1357   0.9838   0.0000  
#--------------------------------------------------
#
#================================================
#  Covariance Matrix
#        1           2           3           4   
#   5.854e+00   6.110e+00   4.216e+01   5.175e-04
#   6.110e+00   6.852e+00   4.881e+01   5.544e-04
#   4.216e+01   4.881e+01   3.542e+02   3.853e-03
#   5.175e-04   5.544e-04   3.853e-03   4.638e-08
#------------------------------------------------
#
#========================================================================
#Model TBabs<1>*cutoffpl<2> Source No.: 1   Active/On
#Model Model Component  Parameter  Unit     Value
# par  comp
#   1    1   TBabs      nH         10^22    7.99634E-05  +/-  2.41943      
#   2    2   cutoffpl   PhoIndex            1.93974      +/-  2.61757      
#   3    2   cutoffpl   HighECut   keV      6.16890      +/-  18.8202      
#   4    2   cutoffpl   norm                1.17767E-04  +/-  2.15356E-04  
#________________________________________________________________________
#
#
#Fit statistic : Chi-Squared =          31.85 using 38 PHA bins.
#
#Test statistic : Chi-Squared =          31.85 using 38 PHA bins.
# Reduced chi-squared =         0.9368 for     34 degrees of freedom 
# Null hypothesis probability =   5.732838e-01
#
!XSPEC12>save all fit_tbabscutoffpl.xcm
#
!XSPEC12>setplot energy
#
!XSPEC12>setplot rebin 3 10
#
!XSPEC12>setplot command wdata wdata.dat
#
!XSPEC12>plot delchi
#
!XSPEC12>mv wdata.dat fit_tbabscutoffpl_delc.dat
#
!XSPEC12>log none
#