#XSPEC version: 12.10.0c
#Build Date/Time: Fri Apr 20 13:14:53 2018
#
!XSPEC12>data P0112800101PNS001SRSPEC0001.FTZ
#
#***XSPEC Error:  cannot open file named: epn_ef20_sdY8.rmf
#Error: cannot read response file epn_ef20_sdY8.rmf
#
#
#*** Response file has format inconsistent with data:  response file epn_ef20_sdY8.rmf read skipped
#
#1 spectrum  in use
# 
#Spectral Data File: P0112800101PNS001SRSPEC0001.FTZ  Spectrum 1
#Net count rate (cts/s) for Spectrum:1  2.100e-01 +/- 2.508e-03 (96.8 % total)
# Assigned to Data Group 1 and Plot Group 1
#  Noticed Channels:  1-2056
#  Telescope: XMM Instrument: EPN  Channel Type: PI
#  Exposure Time: 3.454e+04 sec
# Using fit statistic: chi
# Using test statistic: chi
# Using Background File                P0112800101PNS001BGSPEC0001.FTZ
#  Background Exposure Time: 3.453e+04 sec
# No response loaded.
#
#***Warning!  One or more spectra are missing responses,
#               and are not suitable for fit.
#
!XSPEC12>back P0112800101PNS001BGSPEC0001.FTZ
#
!XSPEC12>backgrnd P0112800101PNS001BGSPEC0001.FTZ
#Net count rate (cts/s) for Spectrum:1  2.100e-01 +/- 2.508e-03 (96.8 % total)
#***Warning!  One or more spectra are missing responses,
#               and are not suitable for fit.
#
!XSPEC12>resp epn_e1_ff20_sY9_v16.0.rmf
#
!XSPEC12>response epn_e1_ff20_sY9_v16.0.rmf
#Response successfully loaded.
#
!XSPEC12>arf P0112800101PNS001SRCARF0001.FTZ
#Arf successfully loaded.
#
!XSPEC12>ignore **-2.0 10.0-**
#   268 channels (1-268) ignored in spectrum #     1
#  1749 channels (308-2056) ignored in spectrum #     1
#
#
!XSPEC12>ignore bad
#
#ignore:  1813 channels ignored from  source number 1
#
!XSPEC12>model tbabs*cutoffpl  ;  1.0,0.1  ;  2, 0.01  ;  15, 0.01  ;  1.E-4 1E-5
#
#========================================================================
#Model TBabs<1>*cutoffpl<2> Source No.: 1   Active/On
#Model Model Component  Parameter  Unit     Value
# par  comp
#   1    1   TBabs      nH         10^22    1.00000      +/-  0.0          
#   2    2   cutoffpl   PhoIndex            2.00000      +/-  0.0          
#   3    2   cutoffpl   HighECut   keV      15.0000      +/-  0.0          
#   4    2   cutoffpl   norm                1.00000E-04  +/-  0.0          
#________________________________________________________________________
#
#
#Fit statistic : Chi-Squared =          70.62 using 38 PHA bins.
#
#Test statistic : Chi-Squared =          70.62 using 38 PHA bins.
# Reduced chi-squared =          2.077 for     34 degrees of freedom 
# Null hypothesis probability =   2.275121e-04
# Current data and model not fit yet.
#
!XSPEC12>fit
#                                   Parameters
#Chi-Squared  |beta|/N    Lvl          1:nH    2:PhoIndex    3:HighECut        4:norm
#61.6788      13.1806      -2      0.214075       2.06684       6.88401   0.000109098
#32.8882      242596       -3     0.0578842       1.93995       6.37433   0.000116236
#32.2814      69584.8      -2     0.0144480       1.94228       6.23561   0.000117153
#31.9898      67269.3      -2    0.00527031       1.94144       6.20005   0.000117599
#31.8767      63288.4      -2   0.000885154       1.94082       6.18345   0.000117746
#31.857       61745.7      -2   0.000347939       1.94026       6.17458   0.000117777
#31.8524      61463.5      -2   7.99634e-05       1.93974       6.16890   0.000117767
#==================================================
# Variances and Principal Axes
#                 1        2        3        4  
# 2.5479E-11| -0.0000  -0.0001   0.0000   1.0000  
# 1.4838E-02|  0.3422  -0.9355   0.0882  -0.0001  
# 9.2182E-01| -0.9323  -0.3262   0.1563  -0.0001  
# 3.6597E+02|  0.1175   0.1357   0.9838   0.0000  
#--------------------------------------------------
#
#================================================
#  Covariance Matrix
#        1           2           3           4   
#   5.854e+00   6.110e+00   4.216e+01   5.175e-04
#   6.110e+00   6.852e+00   4.881e+01   5.544e-04
#   4.216e+01   4.881e+01   3.542e+02   3.853e-03
#   5.175e-04   5.544e-04   3.853e-03   4.638e-08
#------------------------------------------------
#
#========================================================================
#Model TBabs<1>*cutoffpl<2> Source No.: 1   Active/On
#Model Model Component  Parameter  Unit     Value
# par  comp
#   1    1   TBabs      nH         10^22    7.99634E-05  +/-  2.41943      
#   2    2   cutoffpl   PhoIndex            1.93974      +/-  2.61757      
#   3    2   cutoffpl   HighECut   keV      6.16890      +/-  18.8202      
#   4    2   cutoffpl   norm                1.17767E-04  +/-  2.15356E-04  
#________________________________________________________________________
#
#
#Fit statistic : Chi-Squared =          31.85 using 38 PHA bins.
#
#Test statistic : Chi-Squared =          31.85 using 38 PHA bins.
# Reduced chi-squared =         0.9368 for     34 degrees of freedom 
# Null hypothesis probability =   5.732838e-01
#
!XSPEC12>save all fit_tbabscutoffpl.xcm
#
!XSPEC12>setplot energy
#
!XSPEC12>setplot rebin 3 10
#
!XSPEC12>addc 3 zgauss ; 1 0.01 0.5 0.5 8.0 8.0 ; 0.03,-1 ; 0.002,-1 ; -1e-6 1e-7 -1e10 -1e10 -1e-10 -1e-10
#
!XSPEC12>addcomp 3 zgauss ; 1 0.01 0.5 0.5 8.0 8.0 ; 0.03,-1 ; 0.002,-1 ; -1e-6 1e-7 -1e10 -1e10 -1e-10 -1e-10
#
#Fit statistic : Chi-Squared =          31.85 using 38 PHA bins.
#
#Test statistic : Chi-Squared =          31.85 using 38 PHA bins.
# Reduced chi-squared =         0.9954 for     32 degrees of freedom 
# Null hypothesis probability =   4.740832e-01
# Current data and model not fit yet.
#
#========================================================================
#Model TBabs<1>*cutoffpl<2> + zgauss<3> Source No.: 1   Active/On
#Model Model Component  Parameter  Unit     Value
# par  comp
#   1    1   TBabs      nH         10^22    7.99634E-05  +/-  2.41943      
#   2    2   cutoffpl   PhoIndex            1.93974      +/-  2.61757      
#   3    2   cutoffpl   HighECut   keV      6.16890      +/-  18.8202      
#   4    2   cutoffpl   norm                1.17767E-04  +/-  2.15356E-04  
#   5    3   zgauss     LineE      keV      1.00000      +/-  0.0          
#   6    3   zgauss     Sigma      keV      3.00000E-02  frozen
#   7    3   zgauss     Redshift            2.00000E-03  frozen
#   8    3   zgauss     norm                -1.00000E-06 +/-  0.0          
#
#________________________________________________________________________
#
!XSPEC12>fit
#                                   Parameters
#Chi-Squared  |beta|/N    Lvl          1:nH    2:PhoIndex    3:HighECut        4:norm       5:LineE        8:norm
#***Warning: Zero alpha-matrix diagonal element for parameter 5
#***Warning: Zero alpha-matrix diagonal element for parameter 8
# Parameter 5 is pegged at 1 due to zero or negative pivot element, likely
# caused by the fit being insensitive to the parameter.
# Parameter 8 is pegged at -1.05312e-06 due to zero or negative pivot element, likely
# caused by the fit being insensitive to the parameter.
#30.2662      1.67298       0   2.46406e-05       1.94452       6.10058   0.000124040       1.00000  -1.05312e-06
#30.2575      13470         0   9.81229e-06       1.94682       6.06567   0.000124358       1.00000  -1.05312e-06
#***Warning: Zero alpha-matrix diagonal element for parameter 5
#***Warning: Zero alpha-matrix diagonal element for parameter 8
# Parameter 5 is pegged at 1 due to zero or negative pivot element, likely
# caused by the fit being insensitive to the parameter.
# Parameter 8 is pegged at -1.05312e-06 due to zero or negative pivot element, likely
# caused by the fit being insensitive to the parameter.
#30.2324      17097.6       0   2.42080e-06       1.94831       6.04197   0.000124759       1.00000  -1.05312e-06
#30.2015      17717.9       0   6.17660e-07       1.94952       6.02255   0.000125172       1.00000  -1.05312e-06
#30.1707      17437         0   1.80546e-07       1.95063       6.00519   0.000125576       1.00000  -1.05312e-06
#30.1416      16901.9       0   7.47504e-08       1.95167       5.98919   0.000125966       1.00000  -1.05312e-06
#30.1148      16311.5       0   2.35437e-08       1.95269       5.97427   0.000126340       1.00000  -1.05312e-06
#30.0901      15725.9       0   1.11466e-08       1.95366       5.96031   0.000126699       1.00000  -1.05312e-06
#30.0675      15162.9       0   5.14062e-09       1.95462       5.94725   0.000127041       1.00000  -1.05312e-06
#30.0468      14626.4       0   2.22927e-09       1.95554       5.93502   0.000127369       1.00000  -1.05312e-06
#30.0277      14116.6       0   8.17166e-10       1.95644       5.92358   0.000127683       1.00000  -1.05312e-06
#30.0102      13632.6       0   1.31827e-10       1.95732       5.91288   0.000127983       1.00000  -1.05312e-06
#29.9942      13173.3       0   4.86296e-11       1.95817       5.90288   0.000128271       1.00000  -1.05312e-06
#29.9794      12736.8       0   8.20873e-12       1.95900       5.89355   0.000128546       1.00000  -1.05312e-06
#29.9658      12321.8       0   3.29289e-12       1.95981       5.88483   0.000128809       1.00000  -1.05312e-06
#29.9532      11929.8       0   9.05022e-13       1.96060       5.87673   0.000129061       1.00000  -1.05312e-06
#29.9418      11546.3       0   3.24308e-13       1.96137       5.86913   0.000129302       1.00000  -1.05312e-06
#29.9305      11202.4       0   4.38726e-14       1.96211       5.86223   0.000129538       1.00000  -1.05312e-06
#29.9162      10786.5       0   1.31076e-14       1.96271       5.85676   0.000129798       1.00000  -1.05312e-06
#29.9141      9841.88       0   3.97247e-15       1.96359       5.84919   0.000129947       1.00000  -1.05312e-06
#***Warning: Zero alpha-matrix diagonal element for parameter 5
#***Warning: Zero alpha-matrix diagonal element for parameter 8
# Parameter 5 is pegged at 1 due to zero or negative pivot element, likely
# caused by the fit being insensitive to the parameter.
# Parameter 8 is pegged at -1.05312e-06 due to zero or negative pivot element, likely
# caused by the fit being insensitive to the parameter.
#29.9141      10445.5      12   1.13136e-14       1.96359       5.84919   0.000129947       1.00000  -1.05312e-06
#==================================================
# Variances and Principal Axes
#                 1        2        3        4  
# 2.8456E-11| -0.0000  -0.0001   0.0000   1.0000  
# 1.5497E-02|  0.1571  -0.9822   0.1032  -0.0001  
# 1.5014E-01| -0.9876  -0.1567   0.0121  -0.0000  
# 4.0158E+01| -0.0043   0.1038   0.9946   0.0000  
#--------------------------------------------------
#
#================================================
#  Covariance Matrix
#        1           2           3           4   
#   1.475e-01   3.091e-03  -1.716e-01   5.031e-06
#   3.091e-03   4.516e-01   4.145e+00   1.460e-05
#  -1.716e-01   4.145e+00   3.972e+01   1.102e-04
#   5.031e-06   1.460e-05   1.102e-04   8.756e-10
#------------------------------------------------
#
#========================================================================
#Model TBabs<1>*cutoffpl<2> + zgauss<3> Source No.: 1   Active/On
#Model Model Component  Parameter  Unit     Value
# par  comp
#   1    1   TBabs      nH         10^22    1.13136E-14  +/-  0.384114     
#   2    2   cutoffpl   PhoIndex            1.96359      +/-  0.671993     
#   3    2   cutoffpl   HighECut   keV      5.84919      +/-  6.30277      
#   4    2   cutoffpl   norm                1.29947E-04  +/-  2.95909E-05  
#   5    3   zgauss     LineE      keV      1.00000      +/-  -1.00000     
#   6    3   zgauss     Sigma      keV      3.00000E-02  frozen
#   7    3   zgauss     Redshift            2.00000E-03  frozen
#   8    3   zgauss     norm                -1.05312E-06 +/-  -1.00000     
#________________________________________________________________________
#
#
#Fit statistic : Chi-Squared =          29.91 using 38 PHA bins.
#
#Test statistic : Chi-Squared =          29.91 using 38 PHA bins.
# Reduced chi-squared =         0.9348 for     32 degrees of freedom 
# Null hypothesis probability =   5.724878e-01
#
!XSPEC12>steppar 5 2 10. 30
#
#     Chi-Squared    Delta            LineE
#                 Chi-Squared             5
#
#          30.073     0.15934    0           2
#          29.966    0.051464    1      2.2667
#           28.77     -1.1445    2      2.5333
#          29.678     -0.2365    3         2.8
#          29.668    -0.24627    4      3.0667
#          29.668    -0.24613    5      3.3333
#          29.501     -0.4129    6         3.6
#          29.551    -0.36342    7      3.8667
#          29.118    -0.79587    8      4.1333
#          29.083    -0.83142    9         4.4
#          29.718    -0.19653   10      4.6667
#          29.691    -0.22277   11      4.9333
#          29.694    -0.22026   12         5.2
#          29.676     -0.2385   13      5.4667
#          29.674    -0.23997   14      5.7333
#          29.674    -0.24039   15           6
#          29.672    -0.24178   16      6.2667
#          29.447    -0.46733   17      6.5333
#          29.417    -0.49709   18         6.8
#          29.306    -0.60839   19      7.0667
#          29.348    -0.56579   20      7.3333
#           29.35    -0.56385   21         7.6
#           29.36    -0.55398   22      7.8667
#          29.342    -0.57232   23      8.1333
#          29.333    -0.58103   24         8.4
#          29.333     -0.5813   25      8.6667
#          29.333    -0.58153   26      8.9333
#          29.332    -0.58174   27         9.2
#          29.332    -0.58192   28      9.4667
#          29.332    -0.58209   29      9.7333
#          29.332    -0.58225   30          10
#
#A new best fit was found during steppar.
#Parameters have been updated to the new best fit values.
#
#                                   Parameters
#Chi-Squared  |beta|/N    Lvl          1:nH    2:PhoIndex    3:HighECut        4:norm       5:LineE        8:norm
#28.1468      307.177      -3     0.0900944       2.27226       8.93240   0.000157978       2.58313  -3.95963e-07
#27.5491      121788       -4      0.235982       2.38706       10.2084   0.000175330       2.63016  -4.99575e-07
#27.3217      49870.2      -3      0.292086       2.41131       10.4456   0.000183479       2.64739  -5.81958e-07
#27.3194      7689.65      -3      0.324381       2.44150       10.9801   0.000188215       2.64472  -5.95441e-07
#======================================================================
# Variances and Principal Axes
#                 1        2        3        4        5        8  
# 1.2087E-13| -0.0000  -0.0000   0.0000   0.0171  -0.0000   0.9999  
# 6.1025E-11|  0.0000   0.0002  -0.0000  -0.9999  -0.0000   0.0171  
# 3.5416E-03| -0.0130   0.0269  -0.0007   0.0000   0.9996   0.0000  
# 1.3847E-02|  0.3565  -0.9333   0.0302  -0.0002   0.0298   0.0000  
# 8.9826E-01| -0.9333  -0.3548   0.0561  -0.0001  -0.0025   0.0000  
# 2.9177E+03| -0.0416  -0.0482  -0.9980  -0.0000   0.0000   0.0000  
#----------------------------------------------------------------------
#
#========================================================================
#  Covariance Matrix
#        1           2           3           4           5           6   
#   5.800e+00   6.114e+00   1.207e+02   8.071e-04   1.291e-03  -3.330e-07
#   6.114e+00   6.882e+00   1.401e+02   8.699e-04  -5.770e-04  -3.268e-07
#   1.207e+02   1.401e+02   2.906e+03   1.728e-02  -2.293e-02  -5.964e-06
#   8.071e-04   8.699e-04   1.728e-02   1.136e-07   4.853e-08  -4.768e-11
#   1.291e-03  -5.770e-04  -2.293e-02   4.853e-08   3.557e-03   9.704e-10
#  -3.330e-07  -3.268e-07  -5.964e-06  -4.768e-11   9.704e-10   1.637e-13
#------------------------------------------------------------------------
#
#========================================================================
#Model TBabs<1>*cutoffpl<2> + zgauss<3> Source No.: 1   Active/On
#Model Model Component  Parameter  Unit     Value
# par  comp
#   1    1   TBabs      nH         10^22    0.324381     +/-  2.40828      
#   2    2   cutoffpl   PhoIndex            2.44150      +/-  2.62332      
#   3    2   cutoffpl   HighECut   keV      10.9801      +/-  53.9058      
#   4    2   cutoffpl   norm                1.88215E-04  +/-  3.37103E-04  
#   5    3   zgauss     LineE      keV      2.64472      +/-  5.96380E-02  
#   6    3   zgauss     Sigma      keV      3.00000E-02  frozen
#   7    3   zgauss     Redshift            2.00000E-03  frozen
#   8    3   zgauss     norm                -5.95441E-07 +/-  4.04591E-07  
#________________________________________________________________________
#
#
#Fit statistic : Chi-Squared =          27.32 using 38 PHA bins.
#
#Test statistic : Chi-Squared =          27.32 using 38 PHA bins.
# Reduced chi-squared =         0.8537 for     32 degrees of freedom 
# Null hypothesis probability =   7.025695e-01
#
!XSPEC12>plot contour
#
!XSPEC12>setplot command wdata wdata.dat
#
!XSPEC12>plot contour
#
!XSPEC12>mv wdata.dat fit_tbabscutoffpl+zgauss_con_e.dat
#
!XSPEC12>log none
#