#XSPEC version: 12.10.0c
#Build Date/Time: Fri Apr 20 13:14:53 2018
#
!XSPEC12>data P0112290501PNS003SRSPEC0001.FTZ
#
#***XSPEC Error:  cannot open file named: epn_ff20_sdY9.rmf
#Error: cannot read response file epn_ff20_sdY9.rmf
#
#
#*** Response file has format inconsistent with data:  response file epn_ff20_sdY9.rmf read skipped
#
#1 spectrum  in use
# 
#Spectral Data File: P0112290501PNS003SRSPEC0001.FTZ  Spectrum 1
#Net count rate (cts/s) for Spectrum:1  1.450e+00 +/- 2.134e-02 (98.1 % total)
# Assigned to Data Group 1 and Plot Group 1
#  Noticed Channels:  1-2817
#  Telescope: XMM Instrument: EPN  Channel Type: PI
#  Exposure Time: 3250 sec
# Using fit statistic: chi
# Using test statistic: chi
# Using Background File                P0112290501PNS003BGSPEC0001.FTZ
#  Background Exposure Time: 3249 sec
# No response loaded.
#
#***Warning!  One or more spectra are missing responses,
#               and are not suitable for fit.
#
!XSPEC12>back P0112290501PNS003BGSPEC0001.FTZ
#
!XSPEC12>backgrnd P0112290501PNS003BGSPEC0001.FTZ
#Net count rate (cts/s) for Spectrum:1  1.450e+00 +/- 2.134e-02 (98.1 % total)
#***Warning!  One or more spectra are missing responses,
#               and are not suitable for fit.
#
!XSPEC12>resp epn_e1_ff20_sY9_v16.0.rmf
#
!XSPEC12>response epn_e1_ff20_sY9_v16.0.rmf
#Response successfully loaded.
#
!XSPEC12>arf P0112290501PNS003SRCARF0001.FTZ
#Arf successfully loaded.
#
!XSPEC12>ignore **-2.0 10.0-**
#   208 channels (1-208) ignored in spectrum #     1
#  2097 channels (721-2817) ignored in spectrum #     1
#
#
!XSPEC12>ignore bad
#
#ignore:  2663 channels ignored from  source number 1
#
!XSPEC12>model tbabs*cutoffpl  ;  1.0,0.1  ;  2, 0.01  ;  15, 0.01  ;  1.E-4 1E-5
#
#========================================================================
#Model TBabs<1>*cutoffpl<2> Source No.: 1   Active/On
#Model Model Component  Parameter  Unit     Value
# par  comp
#   1    1   TBabs      nH         10^22    1.00000      +/-  0.0          
#   2    2   cutoffpl   PhoIndex            2.00000      +/-  0.0          
#   3    2   cutoffpl   HighECut   keV      15.0000      +/-  0.0          
#   4    2   cutoffpl   norm                1.00000E-04  +/-  0.0          
#________________________________________________________________________
#
#
#Fit statistic : Chi-Squared =          92.88 using 10 PHA bins.
#
#Test statistic : Chi-Squared =          92.88 using 10 PHA bins.
# Reduced chi-squared =          15.48 for      6 degrees of freedom 
# Null hypothesis probability =   7.632509e-18
# Current data and model not fit yet.
#
!XSPEC12>fit
#                                   Parameters
#Chi-Squared  |beta|/N    Lvl          1:nH    2:PhoIndex    3:HighECut        4:norm
#21.7098      5.84608       0      0.462241       2.04406       10.7404   0.000274208
#15.5613      15806.9       0     0.0439672       2.06073       9.52365   0.000285259
#14.4457      13783.6       0    0.00942114       2.07124       8.79387   0.000295398
#13.5126      14289         0    0.00150786       2.07771       8.28451   0.000306443
#12.6703      13606.1       0   0.000595391       2.08276       7.87532   0.000317605
#11.895       12650.5       0   0.000173802       2.08722       7.52748   0.000328623
#11.1963      11663.8       0   7.65036e-05       2.09136       7.22470   0.000339389
#10.5682      10739.8       0   3.15716e-05       2.09524       6.95805   0.000349871
#10.4577      9890.64      -1   1.13909e-05       2.11504       5.47930   0.000385690
#7.72222      14242.1      -1   4.07000e-06       2.10112       4.93617   0.000429945
#6.41778      8930.02      -1   1.79560e-06       2.09233       4.53886   0.000466533
#5.682        5867.6       -1   4.86183e-07       2.08393       4.25180   0.000497720
#5.29343      3595.86      -1   1.90565e-07       2.07573       4.03447   0.000524052
#5.1097       1904.49      -1   1.01159e-08       2.06751       3.86467   0.000546144
#5.02279      619.41       -1     0.0494570       2.05917       3.72859   0.000564559
#4.95001      408.015      -1      0.106284       2.05081       3.61301   0.000581739
#4.88683      346.529      -1      0.160700       2.04275       3.51168   0.000598080
#4.83185      303.39       -1      0.211473       2.03504       3.42176   0.000613631
#4.78394      267.845      -1      0.258644       2.02767       3.34145   0.000628410
#4.76121      237.518      -2      0.522242       1.97301       2.84347   0.000712869
#4.48676      2070.99      -2      0.670287       1.91493       2.64807   0.000766723
#4.44498      496.638      -2      0.742701       1.87280       2.52093   0.000792050
#4.42686      212.747      -2      0.775687       1.83554       2.43637   0.000800694
#4.41588      92.5796      -2      0.784789       1.80097       2.37439   0.000799295
#4.40714      48.8729      -2      0.779621       1.76790       2.32544   0.000792014
#==================================================
# Variances and Principal Axes
#                 1        2        3        4  
# 3.5464E-09| -0.0002  -0.0009   0.0004   1.0000  
# 4.5007E-02|  0.2954  -0.8113   0.5045  -0.0009  
# 2.7162E+00| -0.8219   0.0533   0.5671  -0.0003  
# 2.1841E+02|  0.4870   0.5821   0.6511   0.0003  
#--------------------------------------------------
#
#================================================
#  Covariance Matrix
#        1           2           3           4   
#   5.364e+01   6.179e+01   6.800e+01   3.227e-02
#   6.179e+01   7.406e+01   8.285e+01   3.769e-02
#   6.800e+01   8.285e+01   9.347e+01   4.163e-02
#   3.227e-02   3.769e-02   4.163e-02   1.954e-05
#------------------------------------------------
#
#========================================================================
#Model TBabs<1>*cutoffpl<2> Source No.: 1   Active/On
#Model Model Component  Parameter  Unit     Value
# par  comp
#   1    1   TBabs      nH         10^22    0.779621     +/-  7.32423      
#   2    2   cutoffpl   PhoIndex            1.76790      +/-  8.60564      
#   3    2   cutoffpl   HighECut   keV      2.32544      +/-  9.66811      
#   4    2   cutoffpl   norm                7.92014E-04  +/-  4.42074E-03  
#________________________________________________________________________
#
#
#Fit statistic : Chi-Squared =           4.41 using 10 PHA bins.
#
#Test statistic : Chi-Squared =           4.41 using 10 PHA bins.
# Reduced chi-squared =          0.735 for      6 degrees of freedom 
# Null hypothesis probability =   6.217563e-01
#
!XSPEC12>save all fit_tbabscutoffpl.xcm
#
!XSPEC12>setplot energy
#
!XSPEC12>setplot rebin 3 10
#
!XSPEC12>addc 3 zgauss ; 1 0.01 0.5 0.5 8.0 8.0 ; 0.01,-1 ; 0.002,-1 ; -1e-6 1e-7 -1e10 -1e10 -1e-10 -1e-10
#
!XSPEC12>addcomp 3 zgauss ; 1 0.01 0.5 0.5 8.0 8.0 ; 0.01,-1 ; 0.002,-1 ; -1e-6 1e-7 -1e10 -1e10 -1e-10 -1e-10
#
#Fit statistic : Chi-Squared =           4.41 using 10 PHA bins.
#
#Test statistic : Chi-Squared =           4.41 using 10 PHA bins.
# Reduced chi-squared =           1.10 for      4 degrees of freedom 
# Null hypothesis probability =   3.537004e-01
# Current data and model not fit yet.
#
#========================================================================
#Model TBabs<1>*cutoffpl<2> + zgauss<3> Source No.: 1   Active/On
#Model Model Component  Parameter  Unit     Value
# par  comp
#   1    1   TBabs      nH         10^22    0.779621     +/-  7.32423      
#   2    2   cutoffpl   PhoIndex            1.76790      +/-  8.60564      
#   3    2   cutoffpl   HighECut   keV      2.32544      +/-  9.66811      
#   4    2   cutoffpl   norm                7.92014E-04  +/-  4.42074E-03  
#   5    3   zgauss     LineE      keV      1.00000      +/-  0.0          
#   6    3   zgauss     Sigma      keV      1.00000E-02  frozen
#   7    3   zgauss     Redshift            2.00000E-03  frozen
#   8    3   zgauss     norm                -1.00000E-06 +/-  0.0          
#
#________________________________________________________________________
#
!XSPEC12>fit
#                                   Parameters
#Chi-Squared  |beta|/N    Lvl          1:nH    2:PhoIndex    3:HighECut        4:norm       5:LineE        8:norm
#***Warning: Zero alpha-matrix diagonal element for parameter 5
#***Warning: Zero alpha-matrix diagonal element for parameter 8
# Parameter 5 is pegged at 1 due to zero or negative pivot element, likely
# caused by the fit being insensitive to the parameter.
# Parameter 8 is pegged at -1.00055e-06 due to zero or negative pivot element, likely
# caused by the fit being insensitive to the parameter.
#4.39924      0.0276159    -2      0.766427       1.73585       2.28423   0.000781605       1.00000  -1.00055e-06
#***Warning: Zero alpha-matrix diagonal element for parameter 5
#***Warning: Zero alpha-matrix diagonal element for parameter 8
# Parameter 5 is pegged at 1 due to zero or negative pivot element, likely
# caused by the fit being insensitive to the parameter.
# Parameter 8 is pegged at -1.00055e-06 due to zero or negative pivot element, likely
# caused by the fit being insensitive to the parameter.
#4.39162      23.8453      -2      0.747599       1.70421       2.24801   0.000769076       1.00000  -1.00055e-06
#==================================================
# Variances and Principal Axes
#                 1        2        3        4  
# 3.3878E-09| -0.0002  -0.0009   0.0005   1.0000  
# 4.3335E-02|  0.2891  -0.7946   0.5339  -0.0009  
# 2.5914E+00| -0.8146   0.0889   0.5732  -0.0003  
# 2.0553E+02|  0.5029   0.6006   0.6216   0.0003  
#--------------------------------------------------
#
#================================================
#  Covariance Matrix
#        1           2           3           4   
#   5.371e+01   6.188e+01   6.304e+01   3.159e-02
#   6.188e+01   7.419e+01   7.684e+01   3.690e-02
#   6.304e+01   7.684e+01   8.027e+01   3.774e-02
#   3.159e-02   3.690e-02   3.774e-02   1.871e-05
#------------------------------------------------
#
#========================================================================
#Model TBabs<1>*cutoffpl<2> + zgauss<3> Source No.: 1   Active/On
#Model Model Component  Parameter  Unit     Value
# par  comp
#   1    1   TBabs      nH         10^22    0.747599     +/-  7.32860      
#   2    2   cutoffpl   PhoIndex            1.70421      +/-  8.61322      
#   3    2   cutoffpl   HighECut   keV      2.24801      +/-  8.95917      
#   4    2   cutoffpl   norm                7.69076E-04  +/-  4.32497E-03  
#   5    3   zgauss     LineE      keV      1.00000      +/-  -1.00000     
#   6    3   zgauss     Sigma      keV      1.00000E-02  frozen
#   7    3   zgauss     Redshift            2.00000E-03  frozen
#   8    3   zgauss     norm                -1.00055E-06 +/-  -1.00000     
#________________________________________________________________________
#
#
#Fit statistic : Chi-Squared =           4.39 using 10 PHA bins.
#
#Test statistic : Chi-Squared =           4.39 using 10 PHA bins.
# Reduced chi-squared =           1.10 for      4 degrees of freedom 
# Null hypothesis probability =   3.555925e-01
#
!XSPEC12>steppar 5 2 10. 30
#
#     Chi-Squared    Delta            LineE
#                 Chi-Squared             5
#
#          4.4124    0.020753    0           2
#           4.398   0.0063977    1      2.2667
#          3.5084    -0.88322    2      2.5333
#          3.6935     -0.6981    3         2.8
#          4.2439    -0.14772    4      3.0667
#          4.1929    -0.19876    5      3.3333
#          3.8943    -0.49736    6         3.6
#          3.7641    -0.62749    7      3.8667
#          4.1685     -0.2231    8      4.1333
#          4.1982    -0.19347    9         4.4
#          4.1742    -0.21747   10      4.6667
#          3.9803    -0.41133   11      4.9333
#          3.9149    -0.47668   12         5.2
#          3.9048    -0.48685   13      5.4667
#          3.9049     -0.4867   14      5.7333
#          3.8543    -0.53733   15           6
#          3.8539    -0.53771   16      6.2667
#            3.85    -0.54163   17      6.5333
#          3.8489    -0.54268   18         6.8
#          3.8488    -0.54278   19      7.0667
#          3.8502    -0.54139   20      7.3333
#          3.9318    -0.45981   21         7.6
#          3.8532    -0.53842   22      7.8667
#          3.8205    -0.57109   23      8.1333
#          3.8189    -0.57276   24         8.4
#          3.8187    -0.57295   25      8.6667
#          3.8185    -0.57312   26      8.9333
#          3.8175    -0.57414   27         9.2
#          3.8174    -0.57418   28      9.4667
#          3.8173    -0.57428   29      9.7333
#          3.8172    -0.57438   30          10
#
#A new best fit was found during steppar.
#Parameters have been updated to the new best fit values.
#
#                                   Parameters
#Chi-Squared  |beta|/N    Lvl          1:nH    2:PhoIndex    3:HighECut        4:norm       5:LineE        8:norm
#3.49983      46.1073       0     0.0808948      0.813926       1.55344   0.000488529       2.70962  -1.69954e-06
#======================================================================
# Variances and Principal Axes
#                 1        2        3        4        5        8  
# 3.9723E-12| -0.0000  -0.0000   0.0000   0.0230  -0.0000   0.9997  
# 1.4978E-09|  0.0001   0.0005  -0.0007  -0.9997  -0.0000   0.0230  
# 2.2434E-02|  0.2039  -0.5548   0.8053  -0.0008  -0.0460   0.0000  
# 4.4171E-01| -0.0966   0.0406   0.1089  -0.0001   0.9885   0.0000  
# 1.7006E+00|  0.7661  -0.4135  -0.4706   0.0001   0.1437   0.0000  
# 1.6632E+02| -0.6018  -0.7208  -0.3437  -0.0002   0.0087   0.0000  
#----------------------------------------------------------------------
#
#========================================================================
#  Covariance Matrix
#        1           2           3           4           5           6   
#   6.124e+01   7.161e+01   3.379e+01   2.279e-02  -7.238e-01  -9.133e-06
#   7.161e+01   8.671e+01   4.153e+01   2.696e-02  -1.123e+00  -1.126e-05
#   3.379e+01   4.153e+01   2.005e+01   1.277e-02  -5.644e-01  -5.273e-06
#   2.279e-02   2.696e-02   1.277e-02   8.529e-06  -3.169e-04  -3.604e-09
#  -7.238e-01  -1.123e+00  -5.644e-01  -3.169e-04   4.793e-01   1.140e-06
#  -9.133e-06  -1.126e-05  -5.273e-06  -3.604e-09   1.140e-06   8.726e-12
#------------------------------------------------------------------------
#
#========================================================================
#Model TBabs<1>*cutoffpl<2> + zgauss<3> Source No.: 1   Active/On
#Model Model Component  Parameter  Unit     Value
# par  comp
#   1    1   TBabs      nH         10^22    8.08948E-02  +/-  7.82579      
#   2    2   cutoffpl   PhoIndex            0.813926     +/-  9.31179      
#   3    2   cutoffpl   HighECut   keV      1.55344      +/-  4.47745      
#   4    2   cutoffpl   norm                4.88529E-04  +/-  2.92037E-03  
#   5    3   zgauss     LineE      keV      2.70962      +/-  0.692318     
#   6    3   zgauss     Sigma      keV      1.00000E-02  frozen
#   7    3   zgauss     Redshift            2.00000E-03  frozen
#   8    3   zgauss     norm                -1.69954E-06 +/-  2.95398E-06  
#________________________________________________________________________
#
#
#Fit statistic : Chi-Squared =           3.50 using 10 PHA bins.
#
#Test statistic : Chi-Squared =           3.50 using 10 PHA bins.
# Reduced chi-squared =          0.875 for      4 degrees of freedom 
# Null hypothesis probability =   4.779038e-01
#
!XSPEC12>plot contour
#
!XSPEC12>setplot command wdata wdata.dat
#
!XSPEC12>plot contour
#
!XSPEC12>mv wdata.dat fit_tbabscutoffpl+zgauss_con_e_0.01.dat
#
!XSPEC12>log none
#