#XSPEC version: 12.10.0c
#Build Date/Time: Fri Apr 20 13:14:53 2018
#
!XSPEC12>data P0112290501PNS003SRSPEC0001.FTZ
#
#***XSPEC Error:  cannot open file named: epn_ff20_sdY9.rmf
#Error: cannot read response file epn_ff20_sdY9.rmf
#
#
#*** Response file has format inconsistent with data:  response file epn_ff20_sdY9.rmf read skipped
#
#1 spectrum  in use
# 
#Spectral Data File: P0112290501PNS003SRSPEC0001.FTZ  Spectrum 1
#Net count rate (cts/s) for Spectrum:1  1.450e+00 +/- 2.134e-02 (98.1 % total)
# Assigned to Data Group 1 and Plot Group 1
#  Noticed Channels:  1-2817
#  Telescope: XMM Instrument: EPN  Channel Type: PI
#  Exposure Time: 3250 sec
# Using fit statistic: chi
# Using test statistic: chi
# Using Background File                P0112290501PNS003BGSPEC0001.FTZ
#  Background Exposure Time: 3249 sec
# No response loaded.
#
#***Warning!  One or more spectra are missing responses,
#               and are not suitable for fit.
#
!XSPEC12>back P0112290501PNS003BGSPEC0001.FTZ
#
!XSPEC12>backgrnd P0112290501PNS003BGSPEC0001.FTZ
#Net count rate (cts/s) for Spectrum:1  1.450e+00 +/- 2.134e-02 (98.1 % total)
#***Warning!  One or more spectra are missing responses,
#               and are not suitable for fit.
#
!XSPEC12>resp epn_e1_ff20_sY9_v16.0.rmf
#
!XSPEC12>response epn_e1_ff20_sY9_v16.0.rmf
#Response successfully loaded.
#
!XSPEC12>arf P0112290501PNS003SRCARF0001.FTZ
#Arf successfully loaded.
#
!XSPEC12>ignore **-2.0 10.0-**
#   208 channels (1-208) ignored in spectrum #     1
#  2097 channels (721-2817) ignored in spectrum #     1
#
#
!XSPEC12>ignore bad
#
#ignore:  2663 channels ignored from  source number 1
#
!XSPEC12>model tbabs*cutoffpl  ;  1.0,0.1  ;  2, 0.01  ;  15, 0.01  ;  1.E-4 1E-5
#
#========================================================================
#Model TBabs<1>*cutoffpl<2> Source No.: 1   Active/On
#Model Model Component  Parameter  Unit     Value
# par  comp
#   1    1   TBabs      nH         10^22    1.00000      +/-  0.0          
#   2    2   cutoffpl   PhoIndex            2.00000      +/-  0.0          
#   3    2   cutoffpl   HighECut   keV      15.0000      +/-  0.0          
#   4    2   cutoffpl   norm                1.00000E-04  +/-  0.0          
#________________________________________________________________________
#
#
#Fit statistic : Chi-Squared =          92.88 using 10 PHA bins.
#
#Test statistic : Chi-Squared =          92.88 using 10 PHA bins.
# Reduced chi-squared =          15.48 for      6 degrees of freedom 
# Null hypothesis probability =   7.632509e-18
# Current data and model not fit yet.
#
!XSPEC12>fit
#                                   Parameters
#Chi-Squared  |beta|/N    Lvl          1:nH    2:PhoIndex    3:HighECut        4:norm
#21.7098      5.84608       0      0.462241       2.04406       10.7404   0.000274208
#15.5613      15806.9       0     0.0439672       2.06073       9.52365   0.000285259
#14.4457      13783.6       0    0.00942114       2.07124       8.79387   0.000295398
#13.5126      14289         0    0.00150786       2.07771       8.28451   0.000306443
#12.6703      13606.1       0   0.000595391       2.08276       7.87532   0.000317605
#11.895       12650.5       0   0.000173802       2.08722       7.52748   0.000328623
#11.1963      11663.8       0   7.65036e-05       2.09136       7.22470   0.000339389
#10.5682      10739.8       0   3.15716e-05       2.09524       6.95805   0.000349871
#10.4577      9890.64      -1   1.13909e-05       2.11504       5.47930   0.000385690
#7.72222      14242.1      -1   4.07000e-06       2.10112       4.93617   0.000429945
#6.41778      8930.02      -1   1.79560e-06       2.09233       4.53886   0.000466533
#5.682        5867.6       -1   4.86183e-07       2.08393       4.25180   0.000497720
#5.29343      3595.86      -1   1.90565e-07       2.07573       4.03447   0.000524052
#5.1097       1904.49      -1   1.01159e-08       2.06751       3.86467   0.000546144
#5.02279      619.41       -1     0.0494570       2.05917       3.72859   0.000564559
#4.95001      408.015      -1      0.106284       2.05081       3.61301   0.000581739
#4.88683      346.529      -1      0.160700       2.04275       3.51168   0.000598080
#4.83185      303.39       -1      0.211473       2.03504       3.42176   0.000613631
#4.78394      267.845      -1      0.258644       2.02767       3.34145   0.000628410
#4.76121      237.518      -2      0.522242       1.97301       2.84347   0.000712869
#4.48676      2070.99      -2      0.670287       1.91493       2.64807   0.000766723
#4.44498      496.638      -2      0.742701       1.87280       2.52093   0.000792050
#4.42686      212.747      -2      0.775687       1.83554       2.43637   0.000800694
#4.41588      92.5796      -2      0.784789       1.80097       2.37439   0.000799295
#4.40714      48.8729      -2      0.779621       1.76790       2.32544   0.000792014
#==================================================
# Variances and Principal Axes
#                 1        2        3        4  
# 3.5464E-09| -0.0002  -0.0009   0.0004   1.0000  
# 4.5007E-02|  0.2954  -0.8113   0.5045  -0.0009  
# 2.7162E+00| -0.8219   0.0533   0.5671  -0.0003  
# 2.1841E+02|  0.4870   0.5821   0.6511   0.0003  
#--------------------------------------------------
#
#================================================
#  Covariance Matrix
#        1           2           3           4   
#   5.364e+01   6.179e+01   6.800e+01   3.227e-02
#   6.179e+01   7.406e+01   8.285e+01   3.769e-02
#   6.800e+01   8.285e+01   9.347e+01   4.163e-02
#   3.227e-02   3.769e-02   4.163e-02   1.954e-05
#------------------------------------------------
#
#========================================================================
#Model TBabs<1>*cutoffpl<2> Source No.: 1   Active/On
#Model Model Component  Parameter  Unit     Value
# par  comp
#   1    1   TBabs      nH         10^22    0.779621     +/-  7.32423      
#   2    2   cutoffpl   PhoIndex            1.76790      +/-  8.60564      
#   3    2   cutoffpl   HighECut   keV      2.32544      +/-  9.66811      
#   4    2   cutoffpl   norm                7.92014E-04  +/-  4.42074E-03  
#________________________________________________________________________
#
#
#Fit statistic : Chi-Squared =           4.41 using 10 PHA bins.
#
#Test statistic : Chi-Squared =           4.41 using 10 PHA bins.
# Reduced chi-squared =          0.735 for      6 degrees of freedom 
# Null hypothesis probability =   6.217563e-01
#
!XSPEC12>save all fit_tbabscutoffpl.xcm
#
!XSPEC12>setplot energy
#
!XSPEC12>setplot rebin 3 10
#
!XSPEC12>addc 3 zgauss ; 1 0.01 0.5 0.5 8.0 8.0 ; 0.03,-1 ; 0.002,-1 ; -1e-6 1e-7 -1e10 -1e10 -1e-10 -1e-10
#
!XSPEC12>addcomp 3 zgauss ; 1 0.01 0.5 0.5 8.0 8.0 ; 0.03,-1 ; 0.002,-1 ; -1e-6 1e-7 -1e10 -1e10 -1e-10 -1e-10
#
#Fit statistic : Chi-Squared =           4.41 using 10 PHA bins.
#
#Test statistic : Chi-Squared =           4.41 using 10 PHA bins.
# Reduced chi-squared =           1.10 for      4 degrees of freedom 
# Null hypothesis probability =   3.537004e-01
# Current data and model not fit yet.
#
#========================================================================
#Model TBabs<1>*cutoffpl<2> + zgauss<3> Source No.: 1   Active/On
#Model Model Component  Parameter  Unit     Value
# par  comp
#   1    1   TBabs      nH         10^22    0.779621     +/-  7.32423      
#   2    2   cutoffpl   PhoIndex            1.76790      +/-  8.60564      
#   3    2   cutoffpl   HighECut   keV      2.32544      +/-  9.66811      
#   4    2   cutoffpl   norm                7.92014E-04  +/-  4.42074E-03  
#   5    3   zgauss     LineE      keV      1.00000      +/-  0.0          
#   6    3   zgauss     Sigma      keV      3.00000E-02  frozen
#   7    3   zgauss     Redshift            2.00000E-03  frozen
#   8    3   zgauss     norm                -1.00000E-06 +/-  0.0          
#
#________________________________________________________________________
#
!XSPEC12>fit
#                                   Parameters
#Chi-Squared  |beta|/N    Lvl          1:nH    2:PhoIndex    3:HighECut        4:norm       5:LineE        8:norm
#***Warning: Zero alpha-matrix diagonal element for parameter 5
#***Warning: Zero alpha-matrix diagonal element for parameter 8
# Parameter 5 is pegged at 1 due to zero or negative pivot element, likely
# caused by the fit being insensitive to the parameter.
# Parameter 8 is pegged at -1.00055e-06 due to zero or negative pivot element, likely
# caused by the fit being insensitive to the parameter.
#4.39924      0.0276159    -2      0.766427       1.73585       2.28423   0.000781605       1.00000  -1.00055e-06
#***Warning: Zero alpha-matrix diagonal element for parameter 5
#***Warning: Zero alpha-matrix diagonal element for parameter 8
# Parameter 5 is pegged at 1 due to zero or negative pivot element, likely
# caused by the fit being insensitive to the parameter.
# Parameter 8 is pegged at -1.00055e-06 due to zero or negative pivot element, likely
# caused by the fit being insensitive to the parameter.
#4.39162      23.8453      -2      0.747599       1.70421       2.24801   0.000769076       1.00000  -1.00055e-06
#==================================================
# Variances and Principal Axes
#                 1        2        3        4  
# 3.3878E-09| -0.0002  -0.0009   0.0005   1.0000  
# 4.3335E-02|  0.2891  -0.7946   0.5339  -0.0009  
# 2.5914E+00| -0.8146   0.0889   0.5732  -0.0003  
# 2.0553E+02|  0.5029   0.6006   0.6216   0.0003  
#--------------------------------------------------
#
#================================================
#  Covariance Matrix
#        1           2           3           4   
#   5.371e+01   6.188e+01   6.304e+01   3.159e-02
#   6.188e+01   7.419e+01   7.684e+01   3.690e-02
#   6.304e+01   7.684e+01   8.027e+01   3.774e-02
#   3.159e-02   3.690e-02   3.774e-02   1.871e-05
#------------------------------------------------
#
#========================================================================
#Model TBabs<1>*cutoffpl<2> + zgauss<3> Source No.: 1   Active/On
#Model Model Component  Parameter  Unit     Value
# par  comp
#   1    1   TBabs      nH         10^22    0.747599     +/-  7.32860      
#   2    2   cutoffpl   PhoIndex            1.70421      +/-  8.61322      
#   3    2   cutoffpl   HighECut   keV      2.24801      +/-  8.95917      
#   4    2   cutoffpl   norm                7.69076E-04  +/-  4.32497E-03  
#   5    3   zgauss     LineE      keV      1.00000      +/-  -1.00000     
#   6    3   zgauss     Sigma      keV      3.00000E-02  frozen
#   7    3   zgauss     Redshift            2.00000E-03  frozen
#   8    3   zgauss     norm                -1.00055E-06 +/-  -1.00000     
#________________________________________________________________________
#
#
#Fit statistic : Chi-Squared =           4.39 using 10 PHA bins.
#
#Test statistic : Chi-Squared =           4.39 using 10 PHA bins.
# Reduced chi-squared =           1.10 for      4 degrees of freedom 
# Null hypothesis probability =   3.555925e-01
#
!XSPEC12>steppar 5 2 10. 30
#
#     Chi-Squared    Delta            LineE
#                 Chi-Squared             5
#
#          4.4094    0.017738    0           2
#          4.4002   0.0086255    1      2.2667
#          3.4941    -0.89757    2      2.5333
#          3.6818    -0.70984    3         2.8
#          4.5891     0.19746    4      3.0667
#          4.2171    -0.17452    5      3.3333
#          3.9096    -0.48202    6         3.6
#          3.7586    -0.63303    7      3.8667
#          4.1782    -0.21345    8      4.1333
#          4.1938     -0.1978    9         4.4
#          4.1706    -0.22104   10      4.6667
#          3.9955    -0.39616   11      4.9333
#          3.9189    -0.47275   12         5.2
#          3.8925    -0.49912   13      5.4667
#          3.8915    -0.50017   14      5.7333
#          3.9018    -0.48985   15           6
#          3.9021     -0.4895   16      6.2667
#          3.8987    -0.49292   17      6.5333
#          3.8954    -0.49617   18         6.8
#           3.895    -0.49667   19      7.0667
#          3.8957    -0.49589   20      7.3333
#          3.9394     -0.4522   21         7.6
#          3.9758    -0.41582   22      7.8667
#          3.8733    -0.51834   23      8.1333
#          3.8587    -0.53294   24         8.4
#          3.7881    -0.60356   25      8.6667
#          3.7789    -0.61271   26      8.9333
#          3.7788    -0.61281   27         9.2
#          3.7788    -0.61283   28      9.4667
#          3.7781    -0.61352   29      9.7333
#           3.778    -0.61358   30          10
#
#A new best fit was found during steppar.
#Parameters have been updated to the new best fit values.
#
#                                   Parameters
#Chi-Squared  |beta|/N    Lvl          1:nH    2:PhoIndex    3:HighECut        4:norm       5:LineE        8:norm
#3.32291      172.592       0    0.00574662      0.716228       1.50707   0.000460675       2.69112  -1.76884e-06
#3.12153      23695.1      -1    0.00126682      0.710488       1.50355   0.000467248       2.61112  -3.25708e-06
#2.83961      12367.2      -2     0.0889881      0.692354       1.45786   0.000499984       2.66694  -3.71334e-06
#2.74641      3455.24      -3      0.241219      0.605870       1.36350   0.000540828       2.65058  -3.96436e-06
#2.70861      5659.51      -3      0.216034      0.537434       1.33684   0.000528938       2.65249  -3.98443e-06
#2.70561      463.516      -3      0.168872      0.477205       1.31532   0.000509602       2.65243  -3.97512e-06
#======================================================================
# Variances and Principal Axes
#                 1        2        3        4        5        8  
# 6.6988E-12| -0.0000  -0.0000   0.0000   0.0380   0.0000   0.9993  
# 1.9562E-09|  0.0001   0.0006  -0.0010  -0.9993   0.0000   0.0380  
# 2.8837E-03| -0.0109   0.0188  -0.0274   0.0001   0.9994  -0.0000  
# 1.5235E-02|  0.1706  -0.4519   0.8749  -0.0011   0.0343   0.0000  
# 1.5458E+00| -0.7582   0.5070   0.4100  -0.0002  -0.0066   0.0000  
# 1.8598E+02| -0.6292  -0.7338  -0.2563  -0.0003  -0.0001   0.0000  
#----------------------------------------------------------------------
#
#========================================================================
#  Covariance Matrix
#        1           2           3           4           5           6   
#   7.452e+01   8.527e+01   2.951e+01   2.990e-02   2.255e-02  -2.022e-05
#   8.527e+01   1.005e+02   3.529e+01   3.451e-02   1.191e-02  -2.212e-05
#   2.951e+01   3.529e+01   1.248e+01   1.198e-02   2.237e-03  -7.352e-06
#   2.990e-02   3.451e-02   1.198e-02   1.205e-05   7.262e-06  -8.213e-09
#   2.255e-02   1.191e-02   2.237e-03   7.262e-06   2.968e-03  -1.642e-08
#  -2.022e-05  -2.212e-05  -7.352e-06  -8.213e-09  -1.642e-08   1.629e-11
#------------------------------------------------------------------------
#
#========================================================================
#Model TBabs<1>*cutoffpl<2> + zgauss<3> Source No.: 1   Active/On
#Model Model Component  Parameter  Unit     Value
# par  comp
#   1    1   TBabs      nH         10^22    0.168872     +/-  8.63268      
#   2    2   cutoffpl   PhoIndex            0.477205     +/-  10.0263      
#   3    2   cutoffpl   HighECut   keV      1.31532      +/-  3.53339      
#   4    2   cutoffpl   norm                5.09602E-04  +/-  3.47077E-03  
#   5    3   zgauss     LineE      keV      2.65243      +/-  5.44782E-02  
#   6    3   zgauss     Sigma      keV      3.00000E-02  frozen
#   7    3   zgauss     Redshift            2.00000E-03  frozen
#   8    3   zgauss     norm                -3.97512E-06 +/-  4.03665E-06  
#________________________________________________________________________
#
#
#Fit statistic : Chi-Squared =           2.71 using 10 PHA bins.
#
#Test statistic : Chi-Squared =           2.71 using 10 PHA bins.
# Reduced chi-squared =          0.676 for      4 degrees of freedom 
# Null hypothesis probability =   6.082333e-01
#
!XSPEC12>plot contour
#
!XSPEC12>setplot command wdata wdata.dat
#
!XSPEC12>plot contour
#
!XSPEC12>mv wdata.dat fit_tbabscutoffpl+zgauss_con_e.dat
#
!XSPEC12>log none
#