#XSPEC version: 12.10.0c
#Build Date/Time: Fri Apr 20 13:14:53 2018
#
!XSPEC12>data P0112520701PNS003SRSPEC0001.FTZ
#
#***XSPEC Error:  cannot open file named: epn_ff20_sdY9.rmf
#Error: cannot read response file epn_ff20_sdY9.rmf
#
#
#*** Response file has format inconsistent with data:  response file epn_ff20_sdY9.rmf read skipped
#
#1 spectrum  in use
# 
#Spectral Data File: P0112520701PNS003SRSPEC0001.FTZ  Spectrum 1
#Net count rate (cts/s) for Spectrum:1  2.806e+00 +/- 3.029e-02 (98.8 % total)
# Assigned to Data Group 1 and Plot Group 1
#  Noticed Channels:  1-2630
#  Telescope: XMM Instrument: EPN  Channel Type: PI
#  Exposure Time: 3097 sec
# Using fit statistic: chi
# Using test statistic: chi
# Using Background File                P0112520701PNS003BGSPEC0001.FTZ
#  Background Exposure Time: 3097 sec
# No response loaded.
#
#***Warning!  One or more spectra are missing responses,
#               and are not suitable for fit.
#
!XSPEC12>back P0112520701PNS003BGSPEC0001.FTZ
#
!XSPEC12>backgrnd P0112520701PNS003BGSPEC0001.FTZ
#Net count rate (cts/s) for Spectrum:1  2.806e+00 +/- 3.029e-02 (98.8 % total)
#***Warning!  One or more spectra are missing responses,
#               and are not suitable for fit.
#
!XSPEC12>resp epn_e1_ff20_sY9_v16.0.rmf
#
!XSPEC12>response epn_e1_ff20_sY9_v16.0.rmf
#Response successfully loaded.
#
!XSPEC12>arf P0112520701PNS003SRCARF0001.FTZ
#Arf successfully loaded.
#
!XSPEC12>ignore **-2.0 10.0-**
#   299 channels (1-299) ignored in spectrum #     1
#  2097 channels (534-2630) ignored in spectrum #     1
#
#
!XSPEC12>ignore bad
#
#ignore:  2341 channels ignored from  source number 1
#
!XSPEC12>model tbabs*cutoffpl  ;  1.0,0.1  ;  2, 0.01  ;  15, 0.01  ;  1.E-4 1E-5
#
#========================================================================
#Model TBabs<1>*cutoffpl<2> Source No.: 1   Active/On
#Model Model Component  Parameter  Unit     Value
# par  comp
#   1    1   TBabs      nH         10^22    1.00000      +/-  0.0          
#   2    2   cutoffpl   PhoIndex            2.00000      +/-  0.0          
#   3    2   cutoffpl   HighECut   keV      15.0000      +/-  0.0          
#   4    2   cutoffpl   norm                1.00000E-04  +/-  0.0          
#________________________________________________________________________
#
#
#Fit statistic : Chi-Squared =         943.73 using 54 PHA bins.
#
#Test statistic : Chi-Squared =         943.73 using 54 PHA bins.
# Reduced chi-squared =         18.875 for     50 degrees of freedom 
# Null hypothesis probability =  2.979910e-165
# Current data and model not fit yet.
#
!XSPEC12>fit
#                                   Parameters
#Chi-Squared  |beta|/N    Lvl          1:nH    2:PhoIndex    3:HighECut        4:norm
#81.7987      17.3664      -2      0.170234       2.06421       15.9077    0.00133653
#77.6204      20098.5      -2     0.0589883       2.06678       16.7905    0.00131609
#75.4427      19065.8      -2     0.0109844       2.06667       17.1430    0.00130971
#75.3007      18202.9      -2    0.00540456       2.06595       17.2189    0.00130695
#75.2561      18159.6      -2    0.00263109       2.06515       17.2108    0.00130540
#75.2472      18163        -2    0.00124774       2.06431       17.1793    0.00130432
#==================================================
# Variances and Principal Axes
#                 1        2        3        4  
# 2.1413E-09| -0.0002  -0.0016   0.0000   1.0000  
# 8.5139E-03|  0.3021  -0.9532   0.0124  -0.0014  
# 5.6758E-01| -0.9531  -0.3018   0.0224  -0.0007  
# 1.0245E+04|  0.0176   0.0186   0.9997   0.0000  
#--------------------------------------------------
#
#================================================
#  Covariance Matrix
#        1           2           3           4   
#   3.675e+00   3.507e+00   1.798e+02   3.483e-03
#   3.507e+00   3.604e+00   1.905e+02   3.430e-03
#   1.798e+02   1.905e+02   1.024e+04   1.774e-01
#   3.483e-03   3.430e-03   1.774e-01   3.361e-06
#------------------------------------------------
#
#========================================================================
#Model TBabs<1>*cutoffpl<2> Source No.: 1   Active/On
#Model Model Component  Parameter  Unit     Value
# par  comp
#   1    1   TBabs      nH         10^22    1.24774E-03  +/-  1.91697      
#   2    2   cutoffpl   PhoIndex            2.06431      +/-  1.89837      
#   3    2   cutoffpl   HighECut   keV      17.1793      +/-  101.187      
#   4    2   cutoffpl   norm                1.30432E-03  +/-  1.83320E-03  
#________________________________________________________________________
#
#
#Fit statistic : Chi-Squared =          75.25 using 54 PHA bins.
#
#Test statistic : Chi-Squared =          75.25 using 54 PHA bins.
# Reduced chi-squared =          1.505 for     50 degrees of freedom 
# Null hypothesis probability =   1.199357e-02
#
!XSPEC12>save all fit_tbabscutoffpl.xcm
#
!XSPEC12>setplot energy
#
!XSPEC12>setplot rebin 3 10
#
!XSPEC12>addc 3 zgauss ; 1 0.01 0.5 0.5 8.0 8.0 ; 0.03,-1 ; 0.002,-1 ; -1e-6 1e-7 -1e10 -1e10 -1e-10 -1e-10
#
!XSPEC12>addcomp 3 zgauss ; 1 0.01 0.5 0.5 8.0 8.0 ; 0.03,-1 ; 0.002,-1 ; -1e-6 1e-7 -1e10 -1e10 -1e-10 -1e-10
#
#Fit statistic : Chi-Squared =          75.25 using 54 PHA bins.
#
#Test statistic : Chi-Squared =          75.25 using 54 PHA bins.
# Reduced chi-squared =          1.568 for     48 degrees of freedom 
# Null hypothesis probability =   7.222476e-03
# Current data and model not fit yet.
#
#========================================================================
#Model TBabs<1>*cutoffpl<2> + zgauss<3> Source No.: 1   Active/On
#Model Model Component  Parameter  Unit     Value
# par  comp
#   1    1   TBabs      nH         10^22    1.24774E-03  +/-  1.91697      
#   2    2   cutoffpl   PhoIndex            2.06431      +/-  1.89837      
#   3    2   cutoffpl   HighECut   keV      17.1793      +/-  101.187      
#   4    2   cutoffpl   norm                1.30432E-03  +/-  1.83320E-03  
#   5    3   zgauss     LineE      keV      1.00000      +/-  0.0          
#   6    3   zgauss     Sigma      keV      3.00000E-02  frozen
#   7    3   zgauss     Redshift            2.00000E-03  frozen
#   8    3   zgauss     norm                -1.00000E-06 +/-  0.0          
#
#________________________________________________________________________
#
!XSPEC12>fit
#                                   Parameters
#Chi-Squared  |beta|/N    Lvl          1:nH    2:PhoIndex    3:HighECut        4:norm       5:LineE        8:norm
#***Warning: Zero alpha-matrix diagonal element for parameter 5
#***Warning: Zero alpha-matrix diagonal element for parameter 8
# Parameter 5 is pegged at 1 due to zero or negative pivot element, likely
# caused by the fit being insensitive to the parameter.
# Parameter 8 is pegged at -1.11914e-06 due to zero or negative pivot element, likely
# caused by the fit being insensitive to the parameter.
#63.4259      7.04666       0   5.23837e-05       2.07463       16.0433    0.00146004       1.00000  -1.11914e-06
#63.3117      4480.13       0   1.24752e-05       2.07938       15.5310    0.00146921       1.00000  -1.11914e-06
#63.0542      5535.11       0   2.57984e-06       2.08240       15.1982    0.00148063       1.00000  -1.11914e-06
#62.7566      5648.11       0   1.77691e-07       2.08487       14.9325    0.00149233       1.00000  -1.11914e-06
#62.4668      5504.15       0   3.27209e-08       2.08714       14.7013    0.00150375       1.00000  -1.11914e-06
#62.1978      5297.22       0   1.52410e-08       2.08930       14.4939    0.00151473       1.00000  -1.11914e-06
#61.9518      5082.33       0   6.80771e-09       2.09139       14.3056    0.00152525       1.00000  -1.11914e-06
#61.7274      4875.06       0   2.73609e-09       2.09342       14.1338    0.00153531       1.00000  -1.11914e-06
#61.5231      4678.97       0   7.68682e-10       2.09539       13.9768    0.00154493       1.00000  -1.11914e-06
#61.3368      4494.45       0   2.92959e-10       2.09732       13.8331    0.00155413       1.00000  -1.11914e-06
#61.1669      4320.88       0   6.27068e-11       2.09919       13.7018    0.00156292       1.00000  -1.11914e-06
#61.012       4157.5        0   6.93554e-12       2.10102       13.5817    0.00157133       1.00000  -1.11914e-06
#60.8704      4003.8        0   1.77449e-13       2.10280       13.4718    0.00157935       1.00000  -1.11914e-06
#60.728       3859.13       0   7.78931e-14       2.10449       13.3732    0.00158738       1.00000  -1.11914e-06
#60.6109      3674.31       0   2.98965e-14       2.10623       13.2781    0.00159477       1.00000  -1.11914e-06
#60.4214      3555.67       0   1.28258e-14       2.10748       13.2083    0.00160426       1.00000  -1.11914e-06
#59.6978      3089.78      -1   1.39586e-15       2.12323       12.6764    0.00166313       1.00000  -1.11914e-06
#59.6978      2075.68      12   8.95426e-15       2.12323       12.6764    0.00166313       1.00000  -1.11914e-06
#***Warning: Zero alpha-matrix diagonal element for parameter 5
#***Warning: Zero alpha-matrix diagonal element for parameter 8
# Parameter 5 is pegged at 1 due to zero or negative pivot element, likely
# caused by the fit being insensitive to the parameter.
# Parameter 8 is pegged at -1.11914e-06 due to zero or negative pivot element, likely
# caused by the fit being insensitive to the parameter.
#59.266       2075.68      -2   4.30656e-15       2.21775       15.0794    0.00176415       1.00000  -1.11914e-06
#58.7735      3071.48      -2     0.0252603       2.29456       18.6824    0.00187270       1.00000  -1.11914e-06
#58.5596      1666.65       0    0.00815505       2.29342       18.9971    0.00187464       1.00000  -1.11914e-06
#58.5215      559.757       0    0.00181704       2.29368       19.1589    0.00187303       1.00000  -1.11914e-06
#58.5129      359.149       0   0.000355563       2.29415       19.2962    0.00187082       1.00000  -1.11914e-06
#***Warning: Zero alpha-matrix diagonal element for parameter 5
#***Warning: Zero alpha-matrix diagonal element for parameter 8
# Parameter 5 is pegged at 1 due to zero or negative pivot element, likely
# caused by the fit being insensitive to the parameter.
# Parameter 8 is pegged at -1.11914e-06 due to zero or negative pivot element, likely
# caused by the fit being insensitive to the parameter.
#58.51        387.023       0   0.000170221       2.29460       19.4356    0.00186871       1.00000  -1.11914e-06
#==================================================
# Variances and Principal Axes
#                 1        2        3        4  
# 3.5124E-09| -0.0003  -0.0022   0.0000   1.0000  
# 7.3738E-03|  0.3199  -0.9474   0.0095  -0.0019  
# 4.7144E-01| -0.9474  -0.3197   0.0171  -0.0010  
# 1.4957E+04|  0.0132   0.0145   0.9998   0.0000  
#--------------------------------------------------
#
#================================================
#  Covariance Matrix
#        1           2           3           4   
#   3.013e+00   2.996e+00   1.968e+02   4.161e-03
#   2.996e+00   3.204e+00   2.170e+02   4.259e-03
#   1.968e+02   2.170e+02   1.495e+04   2.819e-01
#   4.161e-03   4.259e-03   2.819e-01   5.836e-06
#------------------------------------------------
#
#========================================================================
#Model TBabs<1>*cutoffpl<2> + zgauss<3> Source No.: 1   Active/On
#Model Model Component  Parameter  Unit     Value
# par  comp
#   1    1   TBabs      nH         10^22    1.70221E-04  +/-  1.73593      
#   2    2   cutoffpl   PhoIndex            2.29460      +/-  1.79011      
#   3    2   cutoffpl   HighECut   keV      19.4356      +/-  122.275      
#   4    2   cutoffpl   norm                1.86871E-03  +/-  2.41577E-03  
#   5    3   zgauss     LineE      keV      1.00000      +/-  -1.00000     
#   6    3   zgauss     Sigma      keV      3.00000E-02  frozen
#   7    3   zgauss     Redshift            2.00000E-03  frozen
#   8    3   zgauss     norm                -1.11914E-06 +/-  -1.00000     
#________________________________________________________________________
#
#
#Fit statistic : Chi-Squared =          58.51 using 54 PHA bins.
#
#Test statistic : Chi-Squared =          58.51 using 54 PHA bins.
# Reduced chi-squared =          1.219 for     48 degrees of freedom 
# Null hypothesis probability =   1.423038e-01
#
!XSPEC12>steppar 5 2 10. 30
#
#     Chi-Squared    Delta            LineE
#                 Chi-Squared             5
#
#          58.566    0.056388    0           2
#          58.489   -0.021131    1      2.2667
#          58.487   -0.023307    2      2.5333
#          58.107    -0.40325    3         2.8
#           57.61    -0.89956    4      3.0667
#          56.709     -1.8015    5      3.3333
#          58.538    0.027487    6         3.6
#          58.419   -0.090962    7      3.8667
#          58.417     -0.0935    8      4.1333
#          58.415   -0.095405    9         4.4
#          58.413   -0.097297   10      4.6667
#          49.036      -9.474   11      4.9333
#          54.667     -3.8434   12         5.2
#          58.906     0.39556   13      5.4667
#           58.71     0.19981   14      5.7333
#          58.305    -0.20522   15           6
#          58.297    -0.21254   16      6.2667
#          58.293    -0.21667   17      6.5333
#          58.291    -0.21927   18         6.8
#          58.129    -0.38052   19      7.0667
#           58.11    -0.39993   20      7.3333
#          55.737     -2.7726   21         7.6
#          55.833     -2.6771   22      7.8667
#***Warning: Zero alpha-matrix diagonal element for parameter 1
# Parameter 1 is pegged at 7.77671e-17 due to zero or negative pivot element, likely
# caused by the fit being insensitive to the parameter.
#***Warning: Zero alpha-matrix diagonal element for parameter 1
# Parameter 1 is pegged at 7.77671e-17 due to zero or negative pivot element, likely
# caused by the fit being insensitive to the parameter.
#          55.705     -2.8052   23      8.1333
#***Warning: Zero alpha-matrix diagonal element for parameter 1
# Parameter 1 is pegged at 7.77671e-17 due to zero or negative pivot element, likely
# caused by the fit being insensitive to the parameter.
#***Warning: Zero alpha-matrix diagonal element for parameter 1
# Parameter 1 is pegged at 7.77671e-17 due to zero or negative pivot element, likely
# caused by the fit being insensitive to the parameter.
#          55.701     -2.8092   24         8.4
#***Warning: Zero alpha-matrix diagonal element for parameter 1
# Parameter 1 is pegged at 7.77671e-17 due to zero or negative pivot element, likely
# caused by the fit being insensitive to the parameter.
#***Warning: Zero alpha-matrix diagonal element for parameter 1
# Parameter 1 is pegged at 7.77671e-17 due to zero or negative pivot element, likely
# caused by the fit being insensitive to the parameter.
#          55.697     -2.8128   25      8.6667
#***Warning: Zero alpha-matrix diagonal element for parameter 1
# Parameter 1 is pegged at 7.77671e-17 due to zero or negative pivot element, likely
# caused by the fit being insensitive to the parameter.
#***Warning: Zero alpha-matrix diagonal element for parameter 1
# Parameter 1 is pegged at 7.77671e-17 due to zero or negative pivot element, likely
# caused by the fit being insensitive to the parameter.
#          55.694     -2.8157   26      8.9333
#***Warning: Zero alpha-matrix diagonal element for parameter 1
# Parameter 1 is pegged at 7.77671e-17 due to zero or negative pivot element, likely
# caused by the fit being insensitive to the parameter.
#***Warning: Zero alpha-matrix diagonal element for parameter 1
# Parameter 1 is pegged at 7.77671e-17 due to zero or negative pivot element, likely
# caused by the fit being insensitive to the parameter.
#          55.692     -2.8184   27         9.2
#***Warning: Zero alpha-matrix diagonal element for parameter 1
# Parameter 1 is pegged at 7.77671e-17 due to zero or negative pivot element, likely
# caused by the fit being insensitive to the parameter.
#***Warning: Zero alpha-matrix diagonal element for parameter 1
# Parameter 1 is pegged at 7.77671e-17 due to zero or negative pivot element, likely
# caused by the fit being insensitive to the parameter.
#           55.69     -2.8196   28      9.4667
#***Warning: Zero alpha-matrix diagonal element for parameter 1
# Parameter 1 is pegged at 7.77671e-17 due to zero or negative pivot element, likely
# caused by the fit being insensitive to the parameter.
#***Warning: Zero alpha-matrix diagonal element for parameter 1
# Parameter 1 is pegged at 7.77671e-17 due to zero or negative pivot element, likely
# caused by the fit being insensitive to the parameter.
#          55.689     -2.8207   29      9.7333
#***Warning: Zero alpha-matrix diagonal element for parameter 1
# Parameter 1 is pegged at 7.77671e-17 due to zero or negative pivot element, likely
# caused by the fit being insensitive to the parameter.
#***Warning: Zero alpha-matrix diagonal element for parameter 1
# Parameter 1 is pegged at 7.77671e-17 due to zero or negative pivot element, likely
# caused by the fit being insensitive to the parameter.
#          55.688     -2.8217   30          10
#
#A new best fit was found during steppar.
#Parameters have been updated to the new best fit values.
#
#                                   Parameters
#Chi-Squared  |beta|/N    Lvl          1:nH    2:PhoIndex    3:HighECut        4:norm       5:LineE        8:norm
#48.4219      672.725       0   0.000121055       2.25738       27.1405    0.00174503       5.01239  -5.74714e-06
#48.4103      20618         0   2.44983e-05       2.25767       27.1873    0.00174399       5.12990  -6.26038e-06
#46.9656      64491.5      -1   1.06106e-05       2.25372       29.6052    0.00171831       5.10189  -8.21527e-06
#46.8725      2807.97       0   4.26453e-06       2.25236       30.0886    0.00172005       5.10467  -8.28389e-06
#46.8489      2011.33       0   1.38141e-06       2.25185       30.3303    0.00172017       5.10616  -8.36537e-06
#46.8403      2251.09       0   6.85437e-07       2.25162       30.4917    0.00171977       5.10702  -8.43057e-06
#======================================================================
# Variances and Principal Axes
#                 1        2        3        4        5        8  
# 5.1219E-12| -0.0000  -0.0000   0.0000   0.0120   0.0000   0.9999  
# 3.0350E-09|  0.0003   0.0020  -0.0000  -0.9999   0.0001   0.0120  
# 1.4419E-03| -0.0198   0.0687  -0.0003   0.0002   0.9974  -0.0000  
# 7.6145E-03|  0.3095  -0.9482   0.0040  -0.0018   0.0715  -0.0000  
# 4.2854E-01| -0.9507  -0.3101   0.0071  -0.0009   0.0025  -0.0000  
# 9.2781E+04| -0.0055  -0.0060  -1.0000  -0.0000   0.0000  -0.0000  
#----------------------------------------------------------------------
#
#========================================================================
#  Covariance Matrix
#        1           2           3           4           5           6   
#   3.228e+00   3.205e+00   5.133e+02   4.124e-03  -8.917e-03   2.110e-06
#   3.205e+00   3.391e+00   5.569e+02   4.207e-03  -9.477e-03   2.373e-06
#   5.133e+02   5.569e+02   9.277e+04   6.785e-01  -1.454e+00   3.788e-04
#   4.124e-03   4.207e-03   6.785e-01   5.350e-06  -1.222e-05   2.928e-09
#  -8.917e-03  -9.477e-03  -1.454e+00  -1.222e-05   1.499e-03  -5.300e-08
#   2.110e-06   2.373e-06   3.788e-04   2.928e-09  -5.300e-08   9.386e-12
#------------------------------------------------------------------------
#
#========================================================================
#Model TBabs<1>*cutoffpl<2> + zgauss<3> Source No.: 1   Active/On
#Model Model Component  Parameter  Unit     Value
# par  comp
#   1    1   TBabs      nH         10^22    6.85437E-07  +/-  1.79668      
#   2    2   cutoffpl   PhoIndex            2.25162      +/-  1.84139      
#   3    2   cutoffpl   HighECut   keV      30.4917      +/-  304.583      
#   4    2   cutoffpl   norm                1.71977E-03  +/-  2.31300E-03  
#   5    3   zgauss     LineE      keV      5.10702      +/-  3.87143E-02  
#   6    3   zgauss     Sigma      keV      3.00000E-02  frozen
#   7    3   zgauss     Redshift            2.00000E-03  frozen
#   8    3   zgauss     norm                -8.43057E-06 +/-  3.06367E-06  
#________________________________________________________________________
#
#
#Fit statistic : Chi-Squared =          46.84 using 54 PHA bins.
#
#Test statistic : Chi-Squared =          46.84 using 54 PHA bins.
# Reduced chi-squared =         0.9758 for     48 degrees of freedom 
# Null hypothesis probability =   5.203723e-01
#
!XSPEC12>plot contour
#
!XSPEC12>setplot command wdata wdata.dat
#
!XSPEC12>plot contour
#
!XSPEC12>mv wdata.dat fit_tbabscutoffpl+zgauss_con_e.dat
#
!XSPEC12>log none
#