#XSPEC version: 12.10.0c
#Build Date/Time: Fri Apr 20 13:14:53 2018
#
!XSPEC12>data P0401360101PNS003SRSPEC0001.FTZ
#
#***XSPEC Error:  cannot open file named: epn_ff20_sdY8.rmf
#Error: cannot read response file epn_ff20_sdY8.rmf
#
#
#*** Response file has format inconsistent with data:  response file epn_ff20_sdY8.rmf read skipped
#
#1 spectrum  in use
# 
#Spectral Data File: P0401360101PNS003SRSPEC0001.FTZ  Spectrum 1
#Net count rate (cts/s) for Spectrum:1  3.420e-01 +/- 5.708e-03 (81.0 % total)
# Assigned to Data Group 1 and Plot Group 1
#  Noticed Channels:  1-1986
#  Telescope: XMM Instrument: EPN  Channel Type: PI
#  Exposure Time: 1.299e+04 sec
# Using fit statistic: chi
# Using test statistic: chi
# Using Background File                P0401360101PNS003BGSPEC0001.FTZ
#  Background Exposure Time: 1.292e+04 sec
# No response loaded.
#
#***Warning!  One or more spectra are missing responses,
#               and are not suitable for fit.
#
!XSPEC12>back P0401360101PNS003BGSPEC0001.FTZ
#
!XSPEC12>backgrnd P0401360101PNS003BGSPEC0001.FTZ
#Net count rate (cts/s) for Spectrum:1  3.420e-01 +/- 5.708e-03 (81.0 % total)
#***Warning!  One or more spectra are missing responses,
#               and are not suitable for fit.
#
!XSPEC12>resp epn_e1_ff20_sY9_v16.0.rmf
#
!XSPEC12>response epn_e1_ff20_sY9_v16.0.rmf
#Response successfully loaded.
#
!XSPEC12>arf P0401360101PNS003SRCARF0001.FTZ
#Arf successfully loaded.
#
!XSPEC12>ignore **-2.0 10.0-**
#   206 channels (1-206) ignored in spectrum #     1
#  1713 channels (274-1986) ignored in spectrum #     1
#
#
!XSPEC12>ignore bad
#
#ignore:  1773 channels ignored from  source number 1
#
!XSPEC12>model tbabs*cutoffpl  ;  1.0,0.1  ;  2, 0.01  ;  15, 0.01  ;  1.E-4 1E-5
#
#========================================================================
#Model TBabs<1>*cutoffpl<2> Source No.: 1   Active/On
#Model Model Component  Parameter  Unit     Value
# par  comp
#   1    1   TBabs      nH         10^22    1.00000      +/-  0.0          
#   2    2   cutoffpl   PhoIndex            2.00000      +/-  0.0          
#   3    2   cutoffpl   HighECut   keV      15.0000      +/-  0.0          
#   4    2   cutoffpl   norm                1.00000E-04  +/-  0.0          
#________________________________________________________________________
#
#
#Fit statistic : Chi-Squared =         242.56 using 66 PHA bins.
#
#Test statistic : Chi-Squared =         242.56 using 66 PHA bins.
# Reduced chi-squared =         3.9123 for     62 degrees of freedom 
# Null hypothesis probability =   3.466476e-23
# Current data and model not fit yet.
#
!XSPEC12>fit
#                                   Parameters
#Chi-Squared  |beta|/N    Lvl          1:nH    2:PhoIndex    3:HighECut        4:norm
#51.5005      5.67095      -1      0.325108       2.04568       8.79292   0.000312933
#50.5965      17651.2      -2      0.391166       1.97471       6.41702   0.000341663
#49.9218      10864.9      -2      0.436454       1.91739       5.99384   0.000348074
#49.8957      539.185      -2      0.437287       1.87935       5.60725   0.000346111
#49.873       672.861      -2      0.422574       1.84363       5.35804   0.000341047
#49.8535      337.344      -2      0.400339       1.80972       5.16084   0.000334688
#49.8349      252.325      -2      0.374820       1.77681       4.99308   0.000327889
#49.8169      213.614      -2      0.347977       1.74461       4.84397   0.000321024
#49.7995      193.079      -2      0.320758       1.71294       4.70755   0.000314267
#49.7826      181.731      -2      0.293532       1.68178       4.58177   0.000307677
#49.766       172.081      -2      0.266555       1.65101       4.46404   0.000301293
#49.75        166.426      -2      0.239834       1.62073       4.35441   0.000295107
#49.7343      158.773      -2      0.213484       1.59082       4.25108   0.000289131
#49.7191      154.176      -2      0.187475       1.56132       4.15393   0.000283352
#49.7043      148.593      -2      0.161811       1.53223       4.06241   0.000277764
#49.6899      143.278      -2      0.136514       1.50351       3.97581   0.000272362
#49.6758      138.851      -2      0.111558       1.47518       3.89393   0.000267135
#49.6621      134.024      -2     0.0869488       1.44723       3.81634   0.000262079
#49.6488      129.577      -2     0.0626746       1.41963       3.74269   0.000257185
#49.6358      125.342      -2     0.0387384       1.39239       3.67264   0.000252448
#49.6232      121.411      -2     0.0151110       1.36554       3.60620   0.000247858
#49.6153      116.663      -2    0.00346415       1.33904       3.54287   0.000243414
#==================================================
# Variances and Principal Axes
#                 1        2        3        4  
# 1.4836E-10| -0.0001  -0.0003   0.0001   1.0000  
# 2.1616E-02|  0.3606  -0.9019   0.2377  -0.0002  
# 1.2050E+00| -0.8884  -0.2546   0.3820  -0.0001  
# 9.3095E+01|  0.2840   0.3489   0.8931   0.0001  
#--------------------------------------------------
#
#================================================
#  Covariance Matrix
#        1           2           3           4   
#   8.464e+00   9.491e+00   2.321e+01   1.608e-03
#   9.491e+00   1.143e+01   2.889e+01   1.844e-03
#   2.321e+01   2.889e+01   7.443e+01   4.537e-03
#   1.608e-03   1.844e-03   4.537e-03   3.090e-07
#------------------------------------------------
#
#========================================================================
#Model TBabs<1>*cutoffpl<2> Source No.: 1   Active/On
#Model Model Component  Parameter  Unit     Value
# par  comp
#   1    1   TBabs      nH         10^22    3.46415E-03  +/-  2.90931      
#   2    2   cutoffpl   PhoIndex            1.33904      +/-  3.38068      
#   3    2   cutoffpl   HighECut   keV      3.54287      +/-  8.62721      
#   4    2   cutoffpl   norm                2.43414E-04  +/-  5.55885E-04  
#________________________________________________________________________
#
#
#Fit statistic : Chi-Squared =          49.62 using 66 PHA bins.
#
#Test statistic : Chi-Squared =          49.62 using 66 PHA bins.
# Reduced chi-squared =         0.8002 for     62 degrees of freedom 
# Null hypothesis probability =   8.718767e-01
#
!XSPEC12>save all fit_tbabscutoffpl.xcm
#
!XSPEC12>setplot energy
#
!XSPEC12>setplot rebin 3 10
#
!XSPEC12>addc 3 zgauss ; 1 0.01 0.5 0.5 8.0 8.0 ; 0.03,-1 ; 0.002,-1 ; -1e-6 1e-7 -1e10 -1e10 -1e-10 -1e-10
#
!XSPEC12>addcomp 3 zgauss ; 1 0.01 0.5 0.5 8.0 8.0 ; 0.03,-1 ; 0.002,-1 ; -1e-6 1e-7 -1e10 -1e10 -1e-10 -1e-10
#
#Fit statistic : Chi-Squared =          49.62 using 66 PHA bins.
#
#Test statistic : Chi-Squared =          49.62 using 66 PHA bins.
# Reduced chi-squared =         0.8269 for     60 degrees of freedom 
# Null hypothesis probability =   8.282169e-01
# Current data and model not fit yet.
#
#========================================================================
#Model TBabs<1>*cutoffpl<2> + zgauss<3> Source No.: 1   Active/On
#Model Model Component  Parameter  Unit     Value
# par  comp
#   1    1   TBabs      nH         10^22    3.46415E-03  +/-  2.90931      
#   2    2   cutoffpl   PhoIndex            1.33904      +/-  3.38068      
#   3    2   cutoffpl   HighECut   keV      3.54287      +/-  8.62721      
#   4    2   cutoffpl   norm                2.43414E-04  +/-  5.55885E-04  
#   5    3   zgauss     LineE      keV      1.00000      +/-  0.0          
#   6    3   zgauss     Sigma      keV      3.00000E-02  frozen
#   7    3   zgauss     Redshift            2.00000E-03  frozen
#   8    3   zgauss     norm                -1.00000E-06 +/-  0.0          
#
#________________________________________________________________________
#
!XSPEC12>fit
#                                   Parameters
#Chi-Squared  |beta|/N    Lvl          1:nH    2:PhoIndex    3:HighECut        4:norm       5:LineE        8:norm
#***Warning: Zero alpha-matrix diagonal element for parameter 5
#***Warning: Zero alpha-matrix diagonal element for parameter 8
# Parameter 5 is pegged at 1 due to zero or negative pivot element, likely
# caused by the fit being insensitive to the parameter.
# Parameter 8 is pegged at -1.00275e-06 due to zero or negative pivot element, likely
# caused by the fit being insensitive to the parameter.
#49.6115      0.0293027    -1    0.00136723       1.33695       3.53474   0.000243631       1.00000  -1.00275e-06
#***Warning: Zero alpha-matrix diagonal element for parameter 5
#***Warning: Zero alpha-matrix diagonal element for parameter 8
# Parameter 5 is pegged at 1 due to zero or negative pivot element, likely
# caused by the fit being insensitive to the parameter.
# Parameter 8 is pegged at -1.00275e-06 due to zero or negative pivot element, likely
# caused by the fit being insensitive to the parameter.
#49.6108      493.889      -1   0.000307092       1.33448       3.52841   0.000243248       1.00000  -1.00275e-06
#==================================================
# Variances and Principal Axes
#                 1        2        3        4  
# 1.4360E-10| -0.0001  -0.0003   0.0001   1.0000  
# 2.1537E-02|  0.3595  -0.8999   0.2469  -0.0002  
# 1.1930E+00| -0.8858  -0.2459   0.3936  -0.0001  
# 8.7646E+01|  0.2935   0.3602   0.8855   0.0001  
#--------------------------------------------------
#
#================================================
#  Covariance Matrix
#        1           2           3           4   
#   8.491e+00   9.520e+00   2.237e+01   1.585e-03
#   9.520e+00   1.146e+01   2.784e+01   1.818e-03
#   2.237e+01   2.784e+01   6.891e+01   4.298e-03
#   1.585e-03   1.818e-03   4.298e-03   2.994e-07
#------------------------------------------------
#
#========================================================================
#Model TBabs<1>*cutoffpl<2> + zgauss<3> Source No.: 1   Active/On
#Model Model Component  Parameter  Unit     Value
# par  comp
#   1    1   TBabs      nH         10^22    3.07092E-04  +/-  2.91385      
#   2    2   cutoffpl   PhoIndex            1.33448      +/-  3.38561      
#   3    2   cutoffpl   HighECut   keV      3.52841      +/-  8.30107      
#   4    2   cutoffpl   norm                2.43248E-04  +/-  5.47187E-04  
#   5    3   zgauss     LineE      keV      1.00000      +/-  -1.00000     
#   6    3   zgauss     Sigma      keV      3.00000E-02  frozen
#   7    3   zgauss     Redshift            2.00000E-03  frozen
#   8    3   zgauss     norm                -1.00275E-06 +/-  -1.00000     
#________________________________________________________________________
#
#
#Fit statistic : Chi-Squared =          49.61 using 66 PHA bins.
#
#Test statistic : Chi-Squared =          49.61 using 66 PHA bins.
# Reduced chi-squared =         0.8268 for     60 degrees of freedom 
# Null hypothesis probability =   8.283354e-01
#
!XSPEC12>steppar 5 2 10. 30
#
#     Chi-Squared    Delta            LineE
#                 Chi-Squared             5
#
#          49.698    0.086986    0           2
#          49.651    0.039844    1      2.2667
#          49.308     -0.3032    2      2.5333
#          49.811     0.20054    3         2.8
#          49.611  0.00054184    4      3.0667
#           49.59     -0.0205    5      3.3333
#           49.59   -0.020629    6         3.6
#          46.522     -3.0885    7      3.8667
#          50.093     0.48222    8      4.1333
#          48.184     -1.4264    9         4.4
#***Warning: Zero alpha-matrix diagonal element for parameter 1
# Parameter 1 is pegged at 1.18442e-17 due to zero or negative pivot element, likely
# caused by the fit being insensitive to the parameter.
#***Warning: Zero alpha-matrix diagonal element for parameter 1
# Parameter 1 is pegged at 1.18442e-17 due to zero or negative pivot element, likely
# caused by the fit being insensitive to the parameter.
#          49.664    0.053278   10      4.6667
#***Warning: Zero alpha-matrix diagonal element for parameter 1
# Parameter 1 is pegged at 1.18442e-17 due to zero or negative pivot element, likely
# caused by the fit being insensitive to the parameter.
#***Warning: Zero alpha-matrix diagonal element for parameter 1
# Parameter 1 is pegged at 1.18442e-17 due to zero or negative pivot element, likely
# caused by the fit being insensitive to the parameter.
#           49.64     0.02887   11      4.9333
#***Warning: Zero alpha-matrix diagonal element for parameter 1
# Parameter 1 is pegged at 1.18442e-17 due to zero or negative pivot element, likely
# caused by the fit being insensitive to the parameter.
#***Warning: Zero alpha-matrix diagonal element for parameter 1
# Parameter 1 is pegged at 1.18442e-17 due to zero or negative pivot element, likely
# caused by the fit being insensitive to the parameter.
#           49.62   0.0091472   12         5.2
#***Warning: Zero alpha-matrix diagonal element for parameter 1
# Parameter 1 is pegged at 1.18442e-17 due to zero or negative pivot element, likely
# caused by the fit being insensitive to the parameter.
#***Warning: Zero alpha-matrix diagonal element for parameter 1
# Parameter 1 is pegged at 1.18442e-17 due to zero or negative pivot element, likely
# caused by the fit being insensitive to the parameter.
#          49.612   0.0014919   13      5.4667
#***Warning: Zero alpha-matrix diagonal element for parameter 1
# Parameter 1 is pegged at 1.18442e-17 due to zero or negative pivot element, likely
# caused by the fit being insensitive to the parameter.
#***Warning: Zero alpha-matrix diagonal element for parameter 1
# Parameter 1 is pegged at 1.18442e-17 due to zero or negative pivot element, likely
# caused by the fit being insensitive to the parameter.
#          49.586   -0.024282   14      5.7333
#***Warning: Zero alpha-matrix diagonal element for parameter 1
# Parameter 1 is pegged at 1.18442e-17 due to zero or negative pivot element, likely
# caused by the fit being insensitive to the parameter.
#***Warning: Zero alpha-matrix diagonal element for parameter 1
# Parameter 1 is pegged at 1.18442e-17 due to zero or negative pivot element, likely
# caused by the fit being insensitive to the parameter.
#          49.053    -0.55783   15           6
#***Warning: Zero alpha-matrix diagonal element for parameter 1
# Parameter 1 is pegged at 1.18442e-17 due to zero or negative pivot element, likely
# caused by the fit being insensitive to the parameter.
#***Warning: Zero alpha-matrix diagonal element for parameter 1
# Parameter 1 is pegged at 1.18442e-17 due to zero or negative pivot element, likely
# caused by the fit being insensitive to the parameter.
#          49.413    -0.19796   16      6.2667
#***Warning: Zero alpha-matrix diagonal element for parameter 1
# Parameter 1 is pegged at 1.18442e-17 due to zero or negative pivot element, likely
# caused by the fit being insensitive to the parameter.
#***Warning: Zero alpha-matrix diagonal element for parameter 1
# Parameter 1 is pegged at 1.18442e-17 due to zero or negative pivot element, likely
# caused by the fit being insensitive to the parameter.
#          49.592   -0.018696   17      6.5333
#***Warning: Zero alpha-matrix diagonal element for parameter 1
# Parameter 1 is pegged at 1.18442e-17 due to zero or negative pivot element, likely
# caused by the fit being insensitive to the parameter.
#***Warning: Zero alpha-matrix diagonal element for parameter 1
# Parameter 1 is pegged at 1.18442e-17 due to zero or negative pivot element, likely
# caused by the fit being insensitive to the parameter.
#            48.9    -0.71114   18         6.8
#***Warning: Zero alpha-matrix diagonal element for parameter 1
# Parameter 1 is pegged at 1.18442e-17 due to zero or negative pivot element, likely
# caused by the fit being insensitive to the parameter.
#***Warning: Zero alpha-matrix diagonal element for parameter 1
# Parameter 1 is pegged at 1.18442e-17 due to zero or negative pivot element, likely
# caused by the fit being insensitive to the parameter.
#            47.9     -1.7103   19      7.0667
#***Warning: Zero alpha-matrix diagonal element for parameter 1
# Parameter 1 is pegged at 1.18442e-17 due to zero or negative pivot element, likely
# caused by the fit being insensitive to the parameter.
#***Warning: Zero alpha-matrix diagonal element for parameter 1
# Parameter 1 is pegged at 1.18442e-17 due to zero or negative pivot element, likely
# caused by the fit being insensitive to the parameter.
#***Warning: Zero alpha-matrix diagonal element for parameter 1
# Parameter 1 is pegged at 1.18442e-17 due to zero or negative pivot element, likely
# caused by the fit being insensitive to the parameter.
#          49.646    0.034766   20      7.3333
#***Warning: Zero alpha-matrix diagonal element for parameter 1
# Parameter 1 is pegged at 1.18442e-17 due to zero or negative pivot element, likely
# caused by the fit being insensitive to the parameter.
#***Warning: Zero alpha-matrix diagonal element for parameter 1
# Parameter 1 is pegged at 1.18442e-17 due to zero or negative pivot element, likely
# caused by the fit being insensitive to the parameter.
#          49.591   -0.020126   21         7.6
#***Warning: Zero alpha-matrix diagonal element for parameter 1
# Parameter 1 is pegged at 1.18442e-17 due to zero or negative pivot element, likely
# caused by the fit being insensitive to the parameter.
#***Warning: Zero alpha-matrix diagonal element for parameter 1
# Parameter 1 is pegged at 1.18442e-17 due to zero or negative pivot element, likely
# caused by the fit being insensitive to the parameter.
#          47.924     -1.6869   22      7.8667
#***Warning: Zero alpha-matrix diagonal element for parameter 1
# Parameter 1 is pegged at 1.18442e-17 due to zero or negative pivot element, likely
# caused by the fit being insensitive to the parameter.
#***Warning: Zero alpha-matrix diagonal element for parameter 1
# Parameter 1 is pegged at 1.18442e-17 due to zero or negative pivot element, likely
# caused by the fit being insensitive to the parameter.
#          47.953     -1.6577   23      8.1333
#***Warning: Zero alpha-matrix diagonal element for parameter 1
# Parameter 1 is pegged at 1.18442e-17 due to zero or negative pivot element, likely
# caused by the fit being insensitive to the parameter.
#***Warning: Zero alpha-matrix diagonal element for parameter 1
# Parameter 1 is pegged at 1.18442e-17 due to zero or negative pivot element, likely
# caused by the fit being insensitive to the parameter.
#          47.953     -1.6577   24         8.4
#***Warning: Zero alpha-matrix diagonal element for parameter 1
# Parameter 1 is pegged at 1.18442e-17 due to zero or negative pivot element, likely
# caused by the fit being insensitive to the parameter.
#***Warning: Zero alpha-matrix diagonal element for parameter 1
# Parameter 1 is pegged at 1.18442e-17 due to zero or negative pivot element, likely
# caused by the fit being insensitive to the parameter.
#          47.953     -1.6577   25      8.6667
#***Warning: Zero alpha-matrix diagonal element for parameter 1
# Parameter 1 is pegged at 1.18442e-17 due to zero or negative pivot element, likely
# caused by the fit being insensitive to the parameter.
#***Warning: Zero alpha-matrix diagonal element for parameter 1
# Parameter 1 is pegged at 1.18442e-17 due to zero or negative pivot element, likely
# caused by the fit being insensitive to the parameter.
#          47.953     -1.6577   26      8.9333
#***Warning: Zero alpha-matrix diagonal element for parameter 1
# Parameter 1 is pegged at 1.18442e-17 due to zero or negative pivot element, likely
# caused by the fit being insensitive to the parameter.
#***Warning: Zero alpha-matrix diagonal element for parameter 1
# Parameter 1 is pegged at 1.18442e-17 due to zero or negative pivot element, likely
# caused by the fit being insensitive to the parameter.
#          47.953     -1.6577   27         9.2
#***Warning: Zero alpha-matrix diagonal element for parameter 1
# Parameter 1 is pegged at 1.18442e-17 due to zero or negative pivot element, likely
# caused by the fit being insensitive to the parameter.
#***Warning: Zero alpha-matrix diagonal element for parameter 1
# Parameter 1 is pegged at 1.18442e-17 due to zero or negative pivot element, likely
# caused by the fit being insensitive to the parameter.
#          47.953     -1.6577   28      9.4667
#***Warning: Zero alpha-matrix diagonal element for parameter 1
# Parameter 1 is pegged at 1.18442e-17 due to zero or negative pivot element, likely
# caused by the fit being insensitive to the parameter.
#***Warning: Zero alpha-matrix diagonal element for parameter 1
# Parameter 1 is pegged at 1.18442e-17 due to zero or negative pivot element, likely
# caused by the fit being insensitive to the parameter.
#          47.953     -1.6577   29      9.7333
#***Warning: Zero alpha-matrix diagonal element for parameter 1
# Parameter 1 is pegged at 1.18442e-17 due to zero or negative pivot element, likely
# caused by the fit being insensitive to the parameter.
#***Warning: Zero alpha-matrix diagonal element for parameter 1
# Parameter 1 is pegged at 1.18442e-17 due to zero or negative pivot element, likely
# caused by the fit being insensitive to the parameter.
#          47.953     -1.6577   30          10
#
#A new best fit was found during steppar.
#Parameters have been updated to the new best fit values.
#
#                                   Parameters
#Chi-Squared  |beta|/N    Lvl          1:nH    2:PhoIndex    3:HighECut        4:norm       5:LineE        8:norm
#45.5465      772.939      -2   0.000808307      0.974192       2.72799   0.000217231       3.80603  -1.36570e-06
#45.471       52108.8      -2   0.000265178      0.938576       2.67113   0.000214440       3.80696  -1.56090e-06
#45.459       4364.81      -1   5.02973e-05      0.935074       2.66541   0.000214566       3.80691  -1.56605e-06
#45.4559      3197.35      -1   2.44898e-05      0.932098       2.65875   0.000214554       3.80690  -1.56749e-06
#======================================================================
# Variances and Principal Axes
#                 1        2        3        4        5        8  
# 5.2953E-13| -0.0000  -0.0000   0.0000   0.0176  -0.0000   0.9998  
# 1.1386E-10|  0.0000   0.0002  -0.0001  -0.9998  -0.0000   0.0176  
# 4.4295E-03| -0.0020   0.0098  -0.0054   0.0000   0.9999   0.0000  
# 1.9153E-02|  0.3287  -0.8481   0.4153  -0.0002   0.0112  -0.0000  
# 9.3740E-01| -0.8401  -0.0617   0.5389  -0.0001   0.0018   0.0000  
# 4.3096E+01| -0.4314  -0.5261  -0.7329  -0.0001   0.0003  -0.0000  
#----------------------------------------------------------------------
#
#========================================================================
#  Covariance Matrix
#        1           2           3           4           5           6   
#   8.680e+00   9.819e+00   1.320e+01   1.428e-03  -7.092e-03   3.287e-07
#   9.819e+00   1.194e+01   1.657e+01   1.654e-03  -7.200e-03   5.600e-07
#   1.320e+01   1.657e+01   2.341e+01   2.237e-03  -8.691e-03   8.307e-07
#   1.428e-03   1.654e-03   2.237e-03   2.377e-07  -1.174e-06   6.457e-11
#  -7.092e-03  -7.200e-03  -8.691e-03  -1.174e-06   4.439e-03  -2.137e-10
#   3.287e-07   5.600e-07   8.307e-07   6.457e-11  -2.137e-10   6.351e-13
#------------------------------------------------------------------------
#
#========================================================================
#Model TBabs<1>*cutoffpl<2> + zgauss<3> Source No.: 1   Active/On
#Model Model Component  Parameter  Unit     Value
# par  comp
#   1    1   TBabs      nH         10^22    2.44898E-05  +/-  2.94612      
#   2    2   cutoffpl   PhoIndex            0.932098     +/-  3.45534      
#   3    2   cutoffpl   HighECut   keV      2.65875      +/-  4.83884      
#   4    2   cutoffpl   norm                2.14554E-04  +/-  4.87563E-04  
#   5    3   zgauss     LineE      keV      3.80690      +/-  6.66230E-02  
#   6    3   zgauss     Sigma      keV      3.00000E-02  frozen
#   7    3   zgauss     Redshift            2.00000E-03  frozen
#   8    3   zgauss     norm                -1.56749E-06 +/-  7.96910E-07  
#________________________________________________________________________
#
#
#Fit statistic : Chi-Squared =          45.46 using 66 PHA bins.
#
#Test statistic : Chi-Squared =          45.46 using 66 PHA bins.
# Reduced chi-squared =         0.7576 for     60 degrees of freedom 
# Null hypothesis probability =   9.178931e-01
#
!XSPEC12>plot contour
#
!XSPEC12>setplot command wdata wdata.dat
#
!XSPEC12>plot contour
#
!XSPEC12>mv wdata.dat fit_tbabscutoffpl+zgauss_con_e.dat
#
!XSPEC12>log none
#