#XSPEC version: 12.10.0c
#Build Date/Time: Fri Apr 20 13:14:53 2018
#
!XSPEC12>data P0150280301PNS001SRSPEC0001.FTZ
#
#***XSPEC Error:  cannot open file named: epn_ff20_sdY9.rmf
#Error: cannot read response file epn_ff20_sdY9.rmf
#
#
#*** Response file has format inconsistent with data:  response file epn_ff20_sdY9.rmf read skipped
#
#1 spectrum  in use
# 
#Spectral Data File: P0150280301PNS001SRSPEC0001.FTZ  Spectrum 1
#Net count rate (cts/s) for Spectrum:1  8.882e-01 +/- 1.107e-02 (98.2 % total)
# Assigned to Data Group 1 and Plot Group 1
#  Noticed Channels:  1-2228
#  Telescope: XMM Instrument: EPN  Channel Type: PI
#  Exposure Time: 7388 sec
# Using fit statistic: chi
# Using test statistic: chi
# Using Background File                P0150280301PNS001BGSPEC0001.FTZ
#  Background Exposure Time: 7387 sec
# No response loaded.
#
#***Warning!  One or more spectra are missing responses,
#               and are not suitable for fit.
#
!XSPEC12>back P0150280301PNS001BGSPEC0001.FTZ
#
!XSPEC12>backgrnd P0150280301PNS001BGSPEC0001.FTZ
#Net count rate (cts/s) for Spectrum:1  8.882e-01 +/- 1.107e-02 (98.2 % total)
#***Warning!  One or more spectra are missing responses,
#               and are not suitable for fit.
#
!XSPEC12>resp epn_e1_ff20_sY9_v16.0.rmf
#
!XSPEC12>response epn_e1_ff20_sY9_v16.0.rmf
#Response successfully loaded.
#
!XSPEC12>arf P0150280301PNS001SRCARF0001.FTZ
#Arf successfully loaded.
#
!XSPEC12>ignore **-2.0 10.0-**
#   219 channels (1-219) ignored in spectrum #     1
#  1899 channels (330-2228) ignored in spectrum #     1
#
#
!XSPEC12>ignore bad
#
#ignore:  1963 channels ignored from  source number 1
#
!XSPEC12>model tbabs*cutoffpl  ;  1.0,0.1  ;  2, 0.01  ;  15, 0.01  ;  1.E-4 1E-5
#
#========================================================================
#Model TBabs<1>*cutoffpl<2> Source No.: 1   Active/On
#Model Model Component  Parameter  Unit     Value
# par  comp
#   1    1   TBabs      nH         10^22    1.00000      +/-  0.0          
#   2    2   cutoffpl   PhoIndex            2.00000      +/-  0.0          
#   3    2   cutoffpl   HighECut   keV      15.0000      +/-  0.0          
#   4    2   cutoffpl   norm                1.00000E-04  +/-  0.0          
#________________________________________________________________________
#
#
#Fit statistic : Chi-Squared =        1960.71 using 109 PHA bins.
#
#Test statistic : Chi-Squared =        1960.71 using 109 PHA bins.
# Reduced chi-squared =        18.6734 for    105 degrees of freedom 
# Null hypothesis probability =   0.000000e+00
# Current data and model not fit yet.
#
!XSPEC12>fit
#                                   Parameters
#Chi-Squared  |beta|/N    Lvl          1:nH    2:PhoIndex    3:HighECut        4:norm
#93.6749      10.6759      -2       1.20385       1.95258       15.9669    0.00138346
#93.5667      88.3724      -2       1.19226       1.92115       14.4517    0.00135823
#93.4489      927.789      -2       1.16568       1.89053       13.4075    0.00132974
#93.3404      605.369      -2       1.13665       1.86036       12.5172    0.00130072
#93.2367      566.181      -2       1.10677       1.83111       11.7853    0.00127212
#93.1363      481.033      -2       1.07722       1.80221       11.1348    0.00124451
#93.0402      463.646      -2       1.04801       1.77393       10.5690    0.00121790
#92.9479      422.721      -2       1.01933       1.74639       10.0723    0.00119238
#92.8581      387.214      -2      0.991278       1.71912       9.62003    0.00116786
#92.7713      376.368      -2      0.963730       1.69229       9.21305    0.00114426
#92.688       354.97       -2      0.936582       1.66603       8.84847    0.00112150
#92.6069      329.032      -2      0.909970       1.64023       8.51622    0.00109962
#92.5278      312.741      -2      0.883923       1.61458       8.20678    0.00107852
#92.4519      308.224      -2      0.858072       1.58953       7.92880    0.00105807
#92.3787      281.859      -2      0.832696       1.56494       7.67318    0.00103838
#92.3076      267.179      -2      0.807832       1.54071       7.43598    0.00101941
#92.2388      256.571      -2      0.783387       1.51687       7.21651    0.00100109
#92.1722      243.982      -2      0.759331       1.49341       7.01288   0.000983380
#92.1076      232.032      -2      0.735683       1.47031       6.82299   0.000966268
#92.0452      221.94       -2      0.712398       1.44761       6.64647   0.000949720
#91.9847      209.993      -2      0.689523       1.42524       6.48083   0.000933726
#91.9261      201.547      -2      0.667002       1.40327       6.32615   0.000918250
#91.8694      190.871      -2      0.644862       1.38162       6.18066   0.000903277
#91.8144      182.69       -2      0.623080       1.36033       6.04389   0.000888784
#91.7612      173.999      -2      0.601655       1.33937       5.91508   0.000874753
#91.7096      165.815      -2      0.580579       1.31875       5.79348   0.000861165
#91.6597      158.206      -2      0.559845       1.29845       5.67855   0.000848001
#91.6113      150.845      -2      0.539444       1.27847       5.56982   0.000835244
#91.5644      143.637      -2      0.519376       1.25881       5.46668   0.000822879
#91.519       137.149      -2      0.499621       1.23946       5.36891   0.000810887
#91.475       130.309      -2      0.480197       1.22040       5.27587   0.000799260
#91.4323      124.549      -2      0.461073       1.20165       5.18746   0.000787978
#91.391       118.239      -2      0.442259       1.18319       5.10325   0.000777032
#91.3509      112.564      -2      0.423750       1.16501       5.02287   0.000766408
#91.3121      107.355      -2      0.405523       1.14713       4.94632   0.000756091
#91.2745      101.523      -2      0.387598       1.12953       4.87314   0.000746078
#91.238       96.5523      -2      0.369954       1.11219       4.80305   0.000736347
#91.2027      92.1165      -2      0.352587       1.09511       4.73602   0.000726893
#91.1684      87.212       -2      0.335495       1.07832       4.67189   0.000717707
#91.1353      82.3963      -2      0.318672       1.06179       4.61048   0.000708781
#91.1031      77.7701      -2      0.302127       1.04551       4.55147   0.000700106
#91.0718      73.8829      -2      0.285840       1.02946       4.49471   0.000691666
#91.0415      70.2122      -2      0.269797       1.01366       4.44023   0.000683453
#91.0122      66.047       -2      0.254002      0.998120       4.38793   0.000675464
#90.9839      61.5909      -2      0.238477      0.982838       4.33767   0.000667702
#90.9563      58.3773      -2      0.223182      0.967781       4.28927   0.000660141
#90.9295      54.6582      -2      0.208131      0.952927       4.24249   0.000652780
#90.9035      51.8232      -2      0.193299      0.938292       4.19740   0.000645606
#90.8783      48.5711      -2      0.178686      0.923894       4.15400   0.000638617
#90.8539      45.0518      -2      0.164304      0.909727       4.11217   0.000631814
#90.8303      41.8007      -2      0.150154      0.895784       4.07181   0.000625190
#90.8074      38.7662      -2      0.136231      0.882050       4.03279   0.000618739
#90.7851      36.0421      -2      0.122532      0.868512       3.99501   0.000612453
#90.7635      33.565       -2      0.109040      0.855167       3.95844   0.000606322
#90.7425      31.0616      -2     0.0957421      0.842023       3.92308   0.000600340
#90.7222      28.4196      -2     0.0826424      0.829092       3.88893   0.000594507
#90.7025      25.6611      -2     0.0697487      0.816366       3.85590   0.000588822
#90.6835      23.1503      -2     0.0570633      0.803839       3.82392   0.000583281
#90.665       20.7979      -2     0.0445801      0.791501       3.79292   0.000577878
#90.647       18.6256      -2     0.0322907      0.779341       3.76284   0.000572606
#90.6295      16.617       -2     0.0201865      0.767357       3.73364   0.000567458
#90.6126      14.6489      -2    0.00826040      0.755546       3.70530   0.000562432
#90.5996      12.7018      -2    0.00238466      0.743912       3.67781   0.000557523
#90.5968      901.055      -1   0.000924549      0.742750       3.67497   0.000557197
#==================================================
# Variances and Principal Axes
#                 1        2        3        4  
# 1.4425E-10| -0.0001  -0.0007   0.0002   1.0000  
# 2.7522E-03|  0.2798  -0.9211   0.2708  -0.0007  
# 1.5111E-01| -0.8901  -0.1432   0.4328  -0.0002  
# 8.0054E+00|  0.3599   0.3621   0.8599   0.0002  
#--------------------------------------------------
#
#================================================
#  Covariance Matrix
#        1           2           3           4   
#   1.157e+00   1.062e+00   2.419e+00   4.647e-04
#   1.062e+00   1.055e+00   2.483e+00   4.420e-04
#   2.419e+00   2.483e+00   5.948e+00   1.017e-03
#   4.647e-04   4.420e-04   1.017e-03   1.907e-07
#------------------------------------------------
#
#========================================================================
#Model TBabs<1>*cutoffpl<2> Source No.: 1   Active/On
#Model Model Component  Parameter  Unit     Value
# par  comp
#   1    1   TBabs      nH         10^22    9.24549E-04  +/-  1.07549      
#   2    2   cutoffpl   PhoIndex            0.742750     +/-  1.02718      
#   3    2   cutoffpl   HighECut   keV      3.67497      +/-  2.43876      
#   4    2   cutoffpl   norm                5.57197E-04  +/-  4.36651E-04  
#________________________________________________________________________
#
#
#Fit statistic : Chi-Squared =          90.60 using 109 PHA bins.
#
#Test statistic : Chi-Squared =          90.60 using 109 PHA bins.
# Reduced chi-squared =         0.8628 for    105 degrees of freedom 
# Null hypothesis probability =   8.405728e-01
#
!XSPEC12>save all fit_tbabscutoffpl.xcm
#
!XSPEC12>setplot energy
#
!XSPEC12>setplot rebin 3 10
#
!XSPEC12>addc 3 zgauss ; 1 0.01 0.5 0.5 8.0 8.0 ; 0.01,-1 ; 0.002,-1 ; -1e-6 1e-7 -1e10 -1e10 -1e-10 -1e-10
#
!XSPEC12>addcomp 3 zgauss ; 1 0.01 0.5 0.5 8.0 8.0 ; 0.01,-1 ; 0.002,-1 ; -1e-6 1e-7 -1e10 -1e10 -1e-10 -1e-10
#
#Fit statistic : Chi-Squared =          90.60 using 109 PHA bins.
#
#Test statistic : Chi-Squared =          90.60 using 109 PHA bins.
# Reduced chi-squared =         0.8796 for    103 degrees of freedom 
# Null hypothesis probability =   8.036054e-01
# Current data and model not fit yet.
#
#========================================================================
#Model TBabs<1>*cutoffpl<2> + zgauss<3> Source No.: 1   Active/On
#Model Model Component  Parameter  Unit     Value
# par  comp
#   1    1   TBabs      nH         10^22    9.24549E-04  +/-  1.07549      
#   2    2   cutoffpl   PhoIndex            0.742750     +/-  1.02718      
#   3    2   cutoffpl   HighECut   keV      3.67497      +/-  2.43876      
#   4    2   cutoffpl   norm                5.57197E-04  +/-  4.36651E-04  
#   5    3   zgauss     LineE      keV      1.00000      +/-  0.0          
#   6    3   zgauss     Sigma      keV      1.00000E-02  frozen
#   7    3   zgauss     Redshift            2.00000E-03  frozen
#   8    3   zgauss     norm                -1.00000E-06 +/-  0.0          
#
#________________________________________________________________________
#
!XSPEC12>fit
#                                   Parameters
#Chi-Squared  |beta|/N    Lvl          1:nH    2:PhoIndex    3:HighECut        4:norm       5:LineE        8:norm
#***Warning: Zero alpha-matrix diagonal element for parameter 5
#***Warning: Zero alpha-matrix diagonal element for parameter 8
# Parameter 5 is pegged at 1 due to zero or negative pivot element, likely
# caused by the fit being insensitive to the parameter.
# Parameter 8 is pegged at -1.00063e-06 due to zero or negative pivot element, likely
# caused by the fit being insensitive to the parameter.
#90.5951      0.077185     -1   0.000353096      0.741771       3.67162   0.000557037       1.00000  -1.00063e-06
#***Warning: Zero alpha-matrix diagonal element for parameter 5
#***Warning: Zero alpha-matrix diagonal element for parameter 8
# Parameter 5 is pegged at 1 due to zero or negative pivot element, likely
# caused by the fit being insensitive to the parameter.
# Parameter 8 is pegged at -1.00063e-06 due to zero or negative pivot element, likely
# caused by the fit being insensitive to the parameter.
#90.5942      519.954      -1   4.03522e-05      0.740670       3.66886   0.000556606       1.00000  -1.00063e-06
#==================================================
# Variances and Principal Axes
#                 1        2        3        4  
# 1.4389E-10| -0.0001  -0.0007   0.0002   1.0000  
# 2.7491E-03|  0.2798  -0.9208   0.2716  -0.0007  
# 1.5082E-01|  0.8897   0.1424  -0.4338   0.0002  
# 7.9627E+00| -0.3608  -0.3630  -0.8591  -0.0002  
#--------------------------------------------------
#
#================================================
#  Covariance Matrix
#        1           2           3           4   
#   1.156e+00   1.061e+00   2.410e+00   4.640e-04
#   1.061e+00   1.055e+00   2.473e+00   4.414e-04
#   2.410e+00   2.473e+00   5.906e+00   1.012e-03
#   4.640e-04   4.414e-04   1.012e-03   1.902e-07
#------------------------------------------------
#
#========================================================================
#Model TBabs<1>*cutoffpl<2> + zgauss<3> Source No.: 1   Active/On
#Model Model Component  Parameter  Unit     Value
# par  comp
#   1    1   TBabs      nH         10^22    4.03522E-05  +/-  1.07514      
#   2    2   cutoffpl   PhoIndex            0.740670     +/-  1.02695      
#   3    2   cutoffpl   HighECut   keV      3.66886      +/-  2.43017      
#   4    2   cutoffpl   norm                5.56606E-04  +/-  4.36147E-04  
#   5    3   zgauss     LineE      keV      1.00000      +/-  -1.00000     
#   6    3   zgauss     Sigma      keV      1.00000E-02  frozen
#   7    3   zgauss     Redshift            2.00000E-03  frozen
#   8    3   zgauss     norm                -1.00063E-06 +/-  -1.00000     
#________________________________________________________________________
#
#
#Fit statistic : Chi-Squared =          90.59 using 109 PHA bins.
#
#Test statistic : Chi-Squared =          90.59 using 109 PHA bins.
# Reduced chi-squared =         0.8796 for    103 degrees of freedom 
# Null hypothesis probability =   8.036601e-01
#
!XSPEC12>steppar 5 2 10. 30
#
#     Chi-Squared    Delta            LineE
#                 Chi-Squared             5
#
#          90.656     0.06183    0           2
#          90.611    0.016987    1      2.2667
#          90.554    -0.04002    2      2.5333
#          90.682    0.087381    3         2.8
#           90.62    0.025808    4      3.0667
#          87.259     -3.3351    5      3.3333
#          89.625    -0.96961    6         3.6
#          90.229    -0.36484    7      3.8667
#          90.863     0.26934    8      4.1333
#          89.857    -0.73667    9         4.4
#          91.314     0.71962   10      4.6667
#          90.765     0.17051   11      4.9333
#          90.206    -0.38787   12         5.2
#***Warning: Zero alpha-matrix diagonal element for parameter 1
# Parameter 1 is pegged at 9.4882e-17 due to zero or negative pivot element, likely
# caused by the fit being insensitive to the parameter.
#***Warning: Zero alpha-matrix diagonal element for parameter 1
# Parameter 1 is pegged at 9.4882e-17 due to zero or negative pivot element, likely
# caused by the fit being insensitive to the parameter.
#          90.569   -0.025406   13      5.4667
#***Warning: Zero alpha-matrix diagonal element for parameter 1
# Parameter 1 is pegged at 9.4882e-17 due to zero or negative pivot element, likely
# caused by the fit being insensitive to the parameter.
#***Warning: Zero alpha-matrix diagonal element for parameter 1
# Parameter 1 is pegged at 9.4882e-17 due to zero or negative pivot element, likely
# caused by the fit being insensitive to the parameter.
#          90.568   -0.026085   14      5.7333
#***Warning: Zero alpha-matrix diagonal element for parameter 1
# Parameter 1 is pegged at 9.4882e-17 due to zero or negative pivot element, likely
# caused by the fit being insensitive to the parameter.
#***Warning: Zero alpha-matrix diagonal element for parameter 1
# Parameter 1 is pegged at 9.4882e-17 due to zero or negative pivot element, likely
# caused by the fit being insensitive to the parameter.
#          89.545      -1.049   15           6
#***Warning: Zero alpha-matrix diagonal element for parameter 1
# Parameter 1 is pegged at 9.4882e-17 due to zero or negative pivot element, likely
# caused by the fit being insensitive to the parameter.
#***Warning: Zero alpha-matrix diagonal element for parameter 1
# Parameter 1 is pegged at 9.4882e-17 due to zero or negative pivot element, likely
# caused by the fit being insensitive to the parameter.
#          90.628    0.034187   16      6.2667
#***Warning: Zero alpha-matrix diagonal element for parameter 1
# Parameter 1 is pegged at 9.4882e-17 due to zero or negative pivot element, likely
# caused by the fit being insensitive to the parameter.
#***Warning: Zero alpha-matrix diagonal element for parameter 1
# Parameter 1 is pegged at 9.4882e-17 due to zero or negative pivot element, likely
# caused by the fit being insensitive to the parameter.
#          90.338    -0.25594   17      6.5333
#***Warning: Zero alpha-matrix diagonal element for parameter 1
# Parameter 1 is pegged at 9.4882e-17 due to zero or negative pivot element, likely
# caused by the fit being insensitive to the parameter.
#***Warning: Zero alpha-matrix diagonal element for parameter 1
# Parameter 1 is pegged at 9.4882e-17 due to zero or negative pivot element, likely
# caused by the fit being insensitive to the parameter.
#          90.573   -0.021467   18         6.8
#***Warning: Zero alpha-matrix diagonal element for parameter 1
# Parameter 1 is pegged at 9.4882e-17 due to zero or negative pivot element, likely
# caused by the fit being insensitive to the parameter.
#***Warning: Zero alpha-matrix diagonal element for parameter 1
# Parameter 1 is pegged at 9.4882e-17 due to zero or negative pivot element, likely
# caused by the fit being insensitive to the parameter.
#          90.566    -0.02771   19      7.0667
#***Warning: Zero alpha-matrix diagonal element for parameter 1
# Parameter 1 is pegged at 9.4882e-17 due to zero or negative pivot element, likely
# caused by the fit being insensitive to the parameter.
#***Warning: Zero alpha-matrix diagonal element for parameter 1
# Parameter 1 is pegged at 9.4882e-17 due to zero or negative pivot element, likely
# caused by the fit being insensitive to the parameter.
#           88.25     -2.3438   20      7.3333
#***Warning: Zero alpha-matrix diagonal element for parameter 1
# Parameter 1 is pegged at 9.4882e-17 due to zero or negative pivot element, likely
# caused by the fit being insensitive to the parameter.
#***Warning: Zero alpha-matrix diagonal element for parameter 1
# Parameter 1 is pegged at 9.4882e-17 due to zero or negative pivot element, likely
# caused by the fit being insensitive to the parameter.
#          87.301     -3.2934   21         7.6
#***Warning: Zero alpha-matrix diagonal element for parameter 1
# Parameter 1 is pegged at 9.4882e-17 due to zero or negative pivot element, likely
# caused by the fit being insensitive to the parameter.
#***Warning: Zero alpha-matrix diagonal element for parameter 1
# Parameter 1 is pegged at 9.4882e-17 due to zero or negative pivot element, likely
# caused by the fit being insensitive to the parameter.
#          89.639    -0.95544   22      7.8667
#***Warning: Zero alpha-matrix diagonal element for parameter 1
# Parameter 1 is pegged at 9.4882e-17 due to zero or negative pivot element, likely
# caused by the fit being insensitive to the parameter.
#***Warning: Zero alpha-matrix diagonal element for parameter 1
# Parameter 1 is pegged at 9.4882e-17 due to zero or negative pivot element, likely
# caused by the fit being insensitive to the parameter.
#          89.691    -0.90358   23      8.1333
#***Warning: Zero alpha-matrix diagonal element for parameter 1
# Parameter 1 is pegged at 9.4882e-17 due to zero or negative pivot element, likely
# caused by the fit being insensitive to the parameter.
#***Warning: Zero alpha-matrix diagonal element for parameter 1
# Parameter 1 is pegged at 9.4882e-17 due to zero or negative pivot element, likely
# caused by the fit being insensitive to the parameter.
#          89.691    -0.90358   24         8.4
#***Warning: Zero alpha-matrix diagonal element for parameter 1
# Parameter 1 is pegged at 9.4882e-17 due to zero or negative pivot element, likely
# caused by the fit being insensitive to the parameter.
#***Warning: Zero alpha-matrix diagonal element for parameter 1
# Parameter 1 is pegged at 9.4882e-17 due to zero or negative pivot element, likely
# caused by the fit being insensitive to the parameter.
#          89.691    -0.90358   25      8.6667
#***Warning: Zero alpha-matrix diagonal element for parameter 1
# Parameter 1 is pegged at 9.4882e-17 due to zero or negative pivot element, likely
# caused by the fit being insensitive to the parameter.
#***Warning: Zero alpha-matrix diagonal element for parameter 1
# Parameter 1 is pegged at 9.4882e-17 due to zero or negative pivot element, likely
# caused by the fit being insensitive to the parameter.
#          89.691    -0.90358   26      8.9333
#***Warning: Zero alpha-matrix diagonal element for parameter 1
# Parameter 1 is pegged at 9.4882e-17 due to zero or negative pivot element, likely
# caused by the fit being insensitive to the parameter.
#***Warning: Zero alpha-matrix diagonal element for parameter 1
# Parameter 1 is pegged at 9.4882e-17 due to zero or negative pivot element, likely
# caused by the fit being insensitive to the parameter.
#          89.691    -0.90358   27         9.2
#***Warning: Zero alpha-matrix diagonal element for parameter 1
# Parameter 1 is pegged at 9.4882e-17 due to zero or negative pivot element, likely
# caused by the fit being insensitive to the parameter.
#***Warning: Zero alpha-matrix diagonal element for parameter 1
# Parameter 1 is pegged at 9.4882e-17 due to zero or negative pivot element, likely
# caused by the fit being insensitive to the parameter.
#          89.691    -0.90358   28      9.4667
#***Warning: Zero alpha-matrix diagonal element for parameter 1
# Parameter 1 is pegged at 9.4882e-17 due to zero or negative pivot element, likely
# caused by the fit being insensitive to the parameter.
#***Warning: Zero alpha-matrix diagonal element for parameter 1
# Parameter 1 is pegged at 9.4882e-17 due to zero or negative pivot element, likely
# caused by the fit being insensitive to the parameter.
#          89.691    -0.90358   29      9.7333
#***Warning: Zero alpha-matrix diagonal element for parameter 1
# Parameter 1 is pegged at 9.4882e-17 due to zero or negative pivot element, likely
# caused by the fit being insensitive to the parameter.
#***Warning: Zero alpha-matrix diagonal element for parameter 1
# Parameter 1 is pegged at 9.4882e-17 due to zero or negative pivot element, likely
# caused by the fit being insensitive to the parameter.
#          89.691    -0.90358   30          10
#
#A new best fit was found during steppar.
#Parameters have been updated to the new best fit values.
#
#                                   Parameters
#Chi-Squared  |beta|/N    Lvl          1:nH    2:PhoIndex    3:HighECut        4:norm       5:LineE        8:norm
#84.055       411.841      -3   2.83846e-13      0.541742       3.14001   0.000516267       3.43228  -2.84035e-06
#83.4626      106296       -4   1.11333e-13      0.432810       2.89645   0.000495099       3.40854  -4.79137e-06
#82.5989      24181.8      -5   4.08500e-14      0.441517       2.92204   0.000500562       3.41499  -4.88724e-06
#82.239       13601.2      -3     0.0825809      0.535673       3.02273   0.000549919       3.41512  -5.02969e-06
#82.104       9778.62      -2     0.0292444      0.533329       3.05148   0.000540508       3.41542  -4.94194e-06
#82.0959      396.923      -2     0.0118020      0.530591       3.05920   0.000535567       3.41548  -4.91574e-06
#======================================================================
# Variances and Principal Axes
#                 1        2        3        4        5        8  
# 2.5224E-12| -0.0000  -0.0000   0.0000   0.0373  -0.0000   0.9993  
# 1.4069E-10|  0.0001   0.0007  -0.0002  -0.9993  -0.0000   0.0373  
# 1.0093E-03| -0.0046   0.0168  -0.0069   0.0000   0.9998   0.0000  
# 2.5563E-03|  0.2698  -0.8859   0.3768  -0.0007   0.0187   0.0000  
# 1.3685E-01| -0.8426  -0.0278   0.5378  -0.0002   0.0003   0.0000  
# 5.0891E+00| -0.4661  -0.4626  -0.7542  -0.0002   0.0005   0.0000  
#----------------------------------------------------------------------
#
#========================================================================
#  Covariance Matrix
#        1           2           3           4           5           6   
#   1.203e+00   1.100e+00   1.727e+00   4.673e-04  -1.107e-03  -3.261e-07
#   1.100e+00   1.091e+00   1.773e+00   4.428e-04  -1.101e-03  -1.910e-07
#   1.727e+00   1.773e+00   2.934e+00   7.021e-04  -1.719e-03  -2.127e-07
#   4.673e-04   4.428e-04   7.021e-04   1.853e-07  -4.644e-07  -1.154e-10
#  -1.107e-03  -1.101e-03  -1.719e-03  -4.644e-07   1.011e-03   1.881e-09
#  -3.261e-07  -1.910e-07  -2.127e-07  -1.154e-10   1.881e-09   2.950e-12
#------------------------------------------------------------------------
#
#========================================================================
#Model TBabs<1>*cutoffpl<2> + zgauss<3> Source No.: 1   Active/On
#Model Model Component  Parameter  Unit     Value
# par  comp
#   1    1   TBabs      nH         10^22    1.18020E-02  +/-  1.09670      
#   2    2   cutoffpl   PhoIndex            0.530591     +/-  1.04471      
#   3    2   cutoffpl   HighECut   keV      3.05920      +/-  1.71303      
#   4    2   cutoffpl   norm                5.35567E-04  +/-  4.30492E-04  
#   5    3   zgauss     LineE      keV      3.41548      +/-  3.17952E-02  
#   6    3   zgauss     Sigma      keV      1.00000E-02  frozen
#   7    3   zgauss     Redshift            2.00000E-03  frozen
#   8    3   zgauss     norm                -4.91574E-06 +/-  1.71756E-06  
#________________________________________________________________________
#
#
#Fit statistic : Chi-Squared =          82.10 using 109 PHA bins.
#
#Test statistic : Chi-Squared =          82.10 using 109 PHA bins.
# Reduced chi-squared =         0.7970 for    103 degrees of freedom 
# Null hypothesis probability =   9.359066e-01
#
!XSPEC12>plot contour
#
!XSPEC12>setplot command wdata wdata.dat
#
!XSPEC12>plot contour
#
!XSPEC12>mv wdata.dat fit_tbabscutoffpl+zgauss_con_e_0.01.dat
#
!XSPEC12>log none
#