#XSPEC version: 12.10.0c
#Build Date/Time: Fri Apr 20 13:14:53 2018
#
!XSPEC12>data P0305860301PNS003SRSPEC0001.FTZ
#
#***XSPEC Error:  cannot open file named: epn_ff20_sdY7.rmf
#Error: cannot read response file epn_ff20_sdY7.rmf
#
#
#*** Response file has format inconsistent with data:  response file epn_ff20_sdY7.rmf read skipped
#
#1 spectrum  in use
# 
#Spectral Data File: P0305860301PNS003SRSPEC0001.FTZ  Spectrum 1
#Net count rate (cts/s) for Spectrum:1  2.100e-01 +/- 2.671e-03 (95.5 % total)
# Assigned to Data Group 1 and Plot Group 1
#  Noticed Channels:  1-2299
#  Telescope: XMM Instrument: EPN  Channel Type: PI
#  Exposure Time: 3.088e+04 sec
# Using fit statistic: chi
# Using test statistic: chi
# Using Background File                P0305860301PNS003BGSPEC0001.FTZ
#  Background Exposure Time: 3.086e+04 sec
# No response loaded.
#
#***Warning!  One or more spectra are missing responses,
#               and are not suitable for fit.
#
!XSPEC12>back P0305860301PNS003BGSPEC0001.FTZ
#
!XSPEC12>backgrnd P0305860301PNS003BGSPEC0001.FTZ
#Net count rate (cts/s) for Spectrum:1  2.100e-01 +/- 2.671e-03 (95.5 % total)
#***Warning!  One or more spectra are missing responses,
#               and are not suitable for fit.
#
!XSPEC12>resp epn_e1_ff20_sY9_v16.0.rmf
#
!XSPEC12>response epn_e1_ff20_sY9_v16.0.rmf
#Response successfully loaded.
#
!XSPEC12>arf P0305860301PNS003SRCARF0001.FTZ
#Arf successfully loaded.
#
!XSPEC12>ignore **-2.0 10.0-**
#   257 channels (1-257) ignored in spectrum #     1
#  2009 channels (291-2299) ignored in spectrum #     1
#
#
!XSPEC12>ignore bad
#
#ignore:  2073 channels ignored from  source number 1
#
!XSPEC12>model tbabs*cutoffpl  ;  1.0,0.1  ;  2, 0.01  ;  15, 0.01  ;  1.E-4 1E-5
#
#========================================================================
#Model TBabs<1>*cutoffpl<2> Source No.: 1   Active/On
#Model Model Component  Parameter  Unit     Value
# par  comp
#   1    1   TBabs      nH         10^22    1.00000      +/-  0.0          
#   2    2   cutoffpl   PhoIndex            2.00000      +/-  0.0          
#   3    2   cutoffpl   HighECut   keV      15.0000      +/-  0.0          
#   4    2   cutoffpl   norm                1.00000E-04  +/-  0.0          
#________________________________________________________________________
#
#
#Fit statistic : Chi-Squared =          60.45 using 32 PHA bins.
#
#Test statistic : Chi-Squared =          60.45 using 32 PHA bins.
# Reduced chi-squared =          2.159 for     28 degrees of freedom 
# Null hypothesis probability =   3.563872e-04
# Current data and model not fit yet.
#
!XSPEC12>fit
#                                   Parameters
#Chi-Squared  |beta|/N    Lvl          1:nH    2:PhoIndex    3:HighECut        4:norm
#50.3446      9.73357      -3      0.286772       1.92037       5.58763   0.000100916
#40.1349      169954       -3      0.140021       1.70862       4.13148   0.000103230
#37.4606      110032       -3     0.0103619       1.55684       3.92264   9.21904e-05
#36.8669      85349.9      -2    0.00456717       1.54755       3.87127   9.29807e-05
#36.7607      75640.4      -2    0.00177407       1.54041       3.83459   9.30663e-05
#36.7551      74157.1      -2   0.000386498       1.53364       3.80808   9.28926e-05
#==================================================
# Variances and Principal Axes
#                 1        2        3        4  
# 2.1362E-11| -0.0000  -0.0001   0.0000   1.0000  
# 2.0102E-02|  0.3372  -0.9152   0.2209  -0.0001  
# 1.2168E+00| -0.9021  -0.2470   0.3538  -0.0000  
# 1.2024E+02|  0.2692   0.3186   0.9089   0.0000  
#--------------------------------------------------
#
#================================================
#  Covariance Matrix
#        1           2           3           4   
#   9.704e+00   1.058e+01   2.903e+01   6.816e-04
#   1.058e+01   1.229e+01   3.470e+01   7.600e-04
#   2.903e+01   3.470e+01   9.948e+01   2.099e-03
#   6.816e-04   7.600e-04   2.099e-03   4.844e-08
#------------------------------------------------
#
#========================================================================
#Model TBabs<1>*cutoffpl<2> Source No.: 1   Active/On
#Model Model Component  Parameter  Unit     Value
# par  comp
#   1    1   TBabs      nH         10^22    3.86498E-04  +/-  3.11517      
#   2    2   cutoffpl   PhoIndex            1.53364      +/-  3.50630      
#   3    2   cutoffpl   HighECut   keV      3.80808      +/-  9.97374      
#   4    2   cutoffpl   norm                9.28926E-05  +/-  2.20102E-04  
#________________________________________________________________________
#
#
#Fit statistic : Chi-Squared =          36.76 using 32 PHA bins.
#
#Test statistic : Chi-Squared =          36.76 using 32 PHA bins.
# Reduced chi-squared =          1.313 for     28 degrees of freedom 
# Null hypothesis probability =   1.243597e-01
#
!XSPEC12>save all fit_tbabscutoffpl.xcm
#
!XSPEC12>setplot energy
#
!XSPEC12>setplot rebin 3 10
#
!XSPEC12>addc 3 zgauss ; 1 0.01 0.5 0.5 8.0 8.0 ; 0.01,-1 ; 0.002,-1 ; -1e-6 1e-7 -1e10 -1e10 -1e-10 -1e-10
#
!XSPEC12>addcomp 3 zgauss ; 1 0.01 0.5 0.5 8.0 8.0 ; 0.01,-1 ; 0.002,-1 ; -1e-6 1e-7 -1e10 -1e10 -1e-10 -1e-10
#
#Fit statistic : Chi-Squared =          36.76 using 32 PHA bins.
#
#Test statistic : Chi-Squared =          36.76 using 32 PHA bins.
# Reduced chi-squared =          1.414 for     26 degrees of freedom 
# Null hypothesis probability =   7.863104e-02
# Current data and model not fit yet.
#
#========================================================================
#Model TBabs<1>*cutoffpl<2> + zgauss<3> Source No.: 1   Active/On
#Model Model Component  Parameter  Unit     Value
# par  comp
#   1    1   TBabs      nH         10^22    3.86498E-04  +/-  3.11517      
#   2    2   cutoffpl   PhoIndex            1.53364      +/-  3.50630      
#   3    2   cutoffpl   HighECut   keV      3.80808      +/-  9.97374      
#   4    2   cutoffpl   norm                9.28926E-05  +/-  2.20102E-04  
#   5    3   zgauss     LineE      keV      1.00000      +/-  0.0          
#   6    3   zgauss     Sigma      keV      1.00000E-02  frozen
#   7    3   zgauss     Redshift            2.00000E-03  frozen
#   8    3   zgauss     norm                -1.00000E-06 +/-  0.0          
#
#________________________________________________________________________
#
!XSPEC12>fit
#                                   Parameters
#Chi-Squared  |beta|/N    Lvl          1:nH    2:PhoIndex    3:HighECut        4:norm       5:LineE        8:norm
#***Warning: Zero alpha-matrix diagonal element for parameter 5
#***Warning: Zero alpha-matrix diagonal element for parameter 8
# Parameter 5 is pegged at 1 due to zero or negative pivot element, likely
# caused by the fit being insensitive to the parameter.
# Parameter 8 is pegged at -1.06797e-06 due to zero or negative pivot element, likely
# caused by the fit being insensitive to the parameter.
#34.8246      1.58295       0   0.000107392       1.53953       3.77529   9.92190e-05       1.00000  -1.06797e-06
#34.8156      15971.2       0   3.23620e-05       1.54235       3.75817   9.95320e-05       1.00000  -1.06797e-06
#***Warning: Zero alpha-matrix diagonal element for parameter 5
#***Warning: Zero alpha-matrix diagonal element for parameter 8
# Parameter 5 is pegged at 1 due to zero or negative pivot element, likely
# caused by the fit being insensitive to the parameter.
# Parameter 8 is pegged at -1.06797e-06 due to zero or negative pivot element, likely
# caused by the fit being insensitive to the parameter.
#34.7868      20326.6       0   1.36281e-05       1.54416       3.74641   9.99294e-05       1.00000  -1.06797e-06
#34.7508      21097.3       0   4.47776e-06       1.54561       3.73668   0.000100341       1.00000  -1.06797e-06
#34.7145      20782.5       0   3.80442e-08       1.54693       3.72791   0.000100746       1.00000  -1.06797e-06
#34.6801      20159.5       0   4.44436e-09       1.54818       3.71976   0.000101138       1.00000  -1.06797e-06
#34.6482      19468.1       0   3.76504e-10       1.54938       3.71211   0.000101515       1.00000  -1.06797e-06
#34.6188      18779.9       0   1.30181e-10       1.55054       3.70489   0.000101877       1.00000  -1.06797e-06
#34.5917      18116.8       0   1.08015e-11       1.55167       3.69808   0.000102224       1.00000  -1.06797e-06
#34.5668      17483.7       0   3.55907e-12       1.55276       3.69165   0.000102557       1.00000  -1.06797e-06
#34.5439      16889         0   3.99449e-14       1.55382       3.68558   0.000102876       1.00000  -1.06797e-06
#34.5258      16329.7       0   1.43538e-14       1.55345       3.68703   0.000102983       1.00000  -1.06797e-06
#34.5147      14376.7       0   1.84594e-15       1.55328       3.68762   0.000103068       1.00000  -1.06797e-06
#34.4724      13105.5       0   3.23307e-17       1.55373       3.68351   0.000103595       1.00000  -1.06797e-06
#***Warning: Zero alpha-matrix diagonal element for parameter 1
# Parameter 1 is pegged at 3.23307e-17 due to zero or negative pivot element, likely
# caused by the fit being insensitive to the parameter.
#34.3283      12176.8      -1   3.23307e-17       1.56426       3.63291   0.000106608       1.00000  -1.06797e-06
#34.2234      5076.86      -2   3.23307e-17       1.60835       3.66434   0.000111333       1.00000  -1.06797e-06
#34.2013      1984.77      -2   3.23307e-17       1.63988       3.76248   0.000112762       1.00000  -1.06797e-06
#34.186       1133.29      -2   3.23307e-17       1.66641       3.86590   0.000113529       1.00000  -1.06797e-06
#34.1741      981.244      -2   3.23307e-17       1.68951       3.96390   0.000114130       1.00000  -1.06797e-06
#34.1649      797.093      -2   3.23307e-17       1.70978       4.05454   0.000114651       1.00000  -1.06797e-06
#***Warning: Zero alpha-matrix diagonal element for parameter 1
#***Warning: Zero alpha-matrix diagonal element for parameter 5
#***Warning: Zero alpha-matrix diagonal element for parameter 8
# Parameter 1 is pegged at 3.23307e-17 due to zero or negative pivot element, likely
# caused by the fit being insensitive to the parameter.
# Parameter 5 is pegged at 1 due to zero or negative pivot element, likely
# caused by the fit being insensitive to the parameter.
# Parameter 8 is pegged at -1.06797e-06 due to zero or negative pivot element, likely
# caused by the fit being insensitive to the parameter.
#34.164       634.563      -3   3.23307e-17       1.79555       4.44804   0.000116819       1.00000  -1.06797e-06
#========================================
# Variances and Principal Axes
#                 2        3        4  
# 2.8402E-11| -0.0001   0.0000   1.0000  
# 2.1079E-02|  0.9778  -0.2098   0.0001  
# 1.5633E+01| -0.2098  -0.9778  -0.0000  
#----------------------------------------
#
#====================================
#  Covariance Matrix
#        1           2           3   
#   7.080e-01   3.202e+00   1.849e-05
#   3.202e+00   1.495e+01   7.336e-05
#   1.849e-05   7.336e-05   7.384e-10
#------------------------------------
#
#========================================================================
#Model TBabs<1>*cutoffpl<2> + zgauss<3> Source No.: 1   Active/On
#Model Model Component  Parameter  Unit     Value
# par  comp
#   1    1   TBabs      nH         10^22    3.23307E-17  +/-  -1.00000     
#   2    2   cutoffpl   PhoIndex            1.79555      +/-  0.841427     
#   3    2   cutoffpl   HighECut   keV      4.44804      +/-  3.86603      
#   4    2   cutoffpl   norm                1.16819E-04  +/-  2.71743E-05  
#   5    3   zgauss     LineE      keV      1.00000      +/-  -1.00000     
#   6    3   zgauss     Sigma      keV      1.00000E-02  frozen
#   7    3   zgauss     Redshift            2.00000E-03  frozen
#   8    3   zgauss     norm                -1.06797E-06 +/-  -1.00000     
#________________________________________________________________________
#
#
#Fit statistic : Chi-Squared =          34.16 using 32 PHA bins.
#
#Test statistic : Chi-Squared =          34.16 using 32 PHA bins.
# Reduced chi-squared =          1.314 for     26 degrees of freedom 
# Null hypothesis probability =   1.309454e-01
#
!XSPEC12>steppar 5 2 10. 30
#
#     Chi-Squared    Delta            LineE
#                 Chi-Squared             5
#
#***Warning: Zero alpha-matrix diagonal element for parameter 1
# Parameter 1 is pegged at 3.23307e-17 due to zero or negative pivot element, likely
# caused by the fit being insensitive to the parameter.
#***Warning: Zero alpha-matrix diagonal element for parameter 1
# Parameter 1 is pegged at 3.23307e-17 due to zero or negative pivot element, likely
# caused by the fit being insensitive to the parameter.
#          34.272     0.10773    0           2
#***Warning: Zero alpha-matrix diagonal element for parameter 1
# Parameter 1 is pegged at 3.23307e-17 due to zero or negative pivot element, likely
# caused by the fit being insensitive to the parameter.
#***Warning: Zero alpha-matrix diagonal element for parameter 1
# Parameter 1 is pegged at 3.23307e-17 due to zero or negative pivot element, likely
# caused by the fit being insensitive to the parameter.
#          34.232     0.06788    1      2.2667
#***Warning: Zero alpha-matrix diagonal element for parameter 1
# Parameter 1 is pegged at 3.23307e-17 due to zero or negative pivot element, likely
# caused by the fit being insensitive to the parameter.
#***Warning: Zero alpha-matrix diagonal element for parameter 1
# Parameter 1 is pegged at 3.23307e-17 due to zero or negative pivot element, likely
# caused by the fit being insensitive to the parameter.
#          33.022     -1.1417    2      2.5333
#***Warning: Zero alpha-matrix diagonal element for parameter 1
# Parameter 1 is pegged at 3.23307e-17 due to zero or negative pivot element, likely
# caused by the fit being insensitive to the parameter.
#***Warning: Zero alpha-matrix diagonal element for parameter 1
# Parameter 1 is pegged at 3.23307e-17 due to zero or negative pivot element, likely
# caused by the fit being insensitive to the parameter.
#          34.306     0.14213    3         2.8
#***Warning: Zero alpha-matrix diagonal element for parameter 1
# Parameter 1 is pegged at 3.23307e-17 due to zero or negative pivot element, likely
# caused by the fit being insensitive to the parameter.
#***Warning: Zero alpha-matrix diagonal element for parameter 1
# Parameter 1 is pegged at 3.23307e-17 due to zero or negative pivot element, likely
# caused by the fit being insensitive to the parameter.
#           33.35    -0.81445    4      3.0667
#***Warning: Zero alpha-matrix diagonal element for parameter 1
# Parameter 1 is pegged at 3.23307e-17 due to zero or negative pivot element, likely
# caused by the fit being insensitive to the parameter.
#***Warning: Zero alpha-matrix diagonal element for parameter 1
# Parameter 1 is pegged at 3.23307e-17 due to zero or negative pivot element, likely
# caused by the fit being insensitive to the parameter.
#          34.301     0.13677    5      3.3333
#***Warning: Zero alpha-matrix diagonal element for parameter 1
# Parameter 1 is pegged at 3.23307e-17 due to zero or negative pivot element, likely
# caused by the fit being insensitive to the parameter.
#***Warning: Zero alpha-matrix diagonal element for parameter 1
# Parameter 1 is pegged at 3.23307e-17 due to zero or negative pivot element, likely
# caused by the fit being insensitive to the parameter.
#          34.221     0.05725    6         3.6
#***Warning: Zero alpha-matrix diagonal element for parameter 1
# Parameter 1 is pegged at 3.23307e-17 due to zero or negative pivot element, likely
# caused by the fit being insensitive to the parameter.
#***Warning: Zero alpha-matrix diagonal element for parameter 1
# Parameter 1 is pegged at 3.23307e-17 due to zero or negative pivot element, likely
# caused by the fit being insensitive to the parameter.
#          34.221    0.057023    7      3.8667
#***Warning: Zero alpha-matrix diagonal element for parameter 1
# Parameter 1 is pegged at 3.23307e-17 due to zero or negative pivot element, likely
# caused by the fit being insensitive to the parameter.
#***Warning: Zero alpha-matrix diagonal element for parameter 1
# Parameter 1 is pegged at 3.23307e-17 due to zero or negative pivot element, likely
# caused by the fit being insensitive to the parameter.
#          30.909     -3.2546    8      4.1333
#***Warning: Zero alpha-matrix diagonal element for parameter 1
# Parameter 1 is pegged at 3.23307e-17 due to zero or negative pivot element, likely
# caused by the fit being insensitive to the parameter.
#***Warning: Zero alpha-matrix diagonal element for parameter 1
# Parameter 1 is pegged at 3.23307e-17 due to zero or negative pivot element, likely
# caused by the fit being insensitive to the parameter.
#           34.21    0.045806    9         4.4
#***Warning: Zero alpha-matrix diagonal element for parameter 1
# Parameter 1 is pegged at 3.23307e-17 due to zero or negative pivot element, likely
# caused by the fit being insensitive to the parameter.
#***Warning: Zero alpha-matrix diagonal element for parameter 1
# Parameter 1 is pegged at 3.23307e-17 due to zero or negative pivot element, likely
# caused by the fit being insensitive to the parameter.
#          32.379     -1.7846   10      4.6667
#***Warning: Zero alpha-matrix diagonal element for parameter 1
# Parameter 1 is pegged at 3.23307e-17 due to zero or negative pivot element, likely
# caused by the fit being insensitive to the parameter.
#***Warning: Zero alpha-matrix diagonal element for parameter 1
# Parameter 1 is pegged at 3.23307e-17 due to zero or negative pivot element, likely
# caused by the fit being insensitive to the parameter.
#          34.216    0.052369   11      4.9333
#***Warning: Zero alpha-matrix diagonal element for parameter 1
# Parameter 1 is pegged at 3.23307e-17 due to zero or negative pivot element, likely
# caused by the fit being insensitive to the parameter.
#***Warning: Zero alpha-matrix diagonal element for parameter 1
# Parameter 1 is pegged at 3.23307e-17 due to zero or negative pivot element, likely
# caused by the fit being insensitive to the parameter.
#          34.191    0.026935   12         5.2
#***Warning: Zero alpha-matrix diagonal element for parameter 1
# Parameter 1 is pegged at 3.23307e-17 due to zero or negative pivot element, likely
# caused by the fit being insensitive to the parameter.
#***Warning: Zero alpha-matrix diagonal element for parameter 1
# Parameter 1 is pegged at 3.23307e-17 due to zero or negative pivot element, likely
# caused by the fit being insensitive to the parameter.
#          34.189    0.025349   13      5.4667
#***Warning: Zero alpha-matrix diagonal element for parameter 1
# Parameter 1 is pegged at 3.23307e-17 due to zero or negative pivot element, likely
# caused by the fit being insensitive to the parameter.
#***Warning: Zero alpha-matrix diagonal element for parameter 1
# Parameter 1 is pegged at 3.23307e-17 due to zero or negative pivot element, likely
# caused by the fit being insensitive to the parameter.
#          34.165   0.0014022   14      5.7333
#***Warning: Zero alpha-matrix diagonal element for parameter 1
# Parameter 1 is pegged at 3.23307e-17 due to zero or negative pivot element, likely
# caused by the fit being insensitive to the parameter.
#***Warning: Zero alpha-matrix diagonal element for parameter 1
# Parameter 1 is pegged at 3.23307e-17 due to zero or negative pivot element, likely
# caused by the fit being insensitive to the parameter.
#          33.649    -0.51468   15           6
#***Warning: Zero alpha-matrix diagonal element for parameter 1
# Parameter 1 is pegged at 3.23307e-17 due to zero or negative pivot element, likely
# caused by the fit being insensitive to the parameter.
#***Warning: Zero alpha-matrix diagonal element for parameter 1
# Parameter 1 is pegged at 3.23307e-17 due to zero or negative pivot element, likely
# caused by the fit being insensitive to the parameter.
#          33.701    -0.46299   16      6.2667
#***Warning: Zero alpha-matrix diagonal element for parameter 1
# Parameter 1 is pegged at 3.23307e-17 due to zero or negative pivot element, likely
# caused by the fit being insensitive to the parameter.
#***Warning: Zero alpha-matrix diagonal element for parameter 1
# Parameter 1 is pegged at 3.23307e-17 due to zero or negative pivot element, likely
# caused by the fit being insensitive to the parameter.
#          34.151   -0.012734   17      6.5333
#***Warning: Zero alpha-matrix diagonal element for parameter 1
# Parameter 1 is pegged at 3.23307e-17 due to zero or negative pivot element, likely
# caused by the fit being insensitive to the parameter.
#***Warning: Zero alpha-matrix diagonal element for parameter 1
# Parameter 1 is pegged at 3.23307e-17 due to zero or negative pivot element, likely
# caused by the fit being insensitive to the parameter.
#          34.148   -0.016159   18         6.8
#***Warning: Zero alpha-matrix diagonal element for parameter 1
# Parameter 1 is pegged at 3.23307e-17 due to zero or negative pivot element, likely
# caused by the fit being insensitive to the parameter.
#***Warning: Zero alpha-matrix diagonal element for parameter 1
# Parameter 1 is pegged at 3.23307e-17 due to zero or negative pivot element, likely
# caused by the fit being insensitive to the parameter.
#          33.436    -0.72761   19      7.0667
#***Warning: Zero alpha-matrix diagonal element for parameter 1
# Parameter 1 is pegged at 3.23307e-17 due to zero or negative pivot element, likely
# caused by the fit being insensitive to the parameter.
#***Warning: Zero alpha-matrix diagonal element for parameter 1
# Parameter 1 is pegged at 3.23307e-17 due to zero or negative pivot element, likely
# caused by the fit being insensitive to the parameter.
#***Warning: Zero alpha-matrix diagonal element for parameter 1
# Parameter 1 is pegged at 3.23307e-17 due to zero or negative pivot element, likely
# caused by the fit being insensitive to the parameter.
#          33.337    -0.82652   20      7.3333
#***Warning: Zero alpha-matrix diagonal element for parameter 1
# Parameter 1 is pegged at 3.23307e-17 due to zero or negative pivot element, likely
# caused by the fit being insensitive to the parameter.
#***Warning: Zero alpha-matrix diagonal element for parameter 1
# Parameter 1 is pegged at 3.23307e-17 due to zero or negative pivot element, likely
# caused by the fit being insensitive to the parameter.
#          33.327    -0.83721   21         7.6
#***Warning: Zero alpha-matrix diagonal element for parameter 1
# Parameter 1 is pegged at 3.23307e-17 due to zero or negative pivot element, likely
# caused by the fit being insensitive to the parameter.
#***Warning: Zero alpha-matrix diagonal element for parameter 1
# Parameter 1 is pegged at 3.23307e-17 due to zero or negative pivot element, likely
# caused by the fit being insensitive to the parameter.
#          33.325    -0.83911   22      7.8667
#***Warning: Zero alpha-matrix diagonal element for parameter 1
# Parameter 1 is pegged at 3.23307e-17 due to zero or negative pivot element, likely
# caused by the fit being insensitive to the parameter.
#***Warning: Zero alpha-matrix diagonal element for parameter 1
# Parameter 1 is pegged at 3.23307e-17 due to zero or negative pivot element, likely
# caused by the fit being insensitive to the parameter.
#          33.362    -0.80171   23      8.1333
#***Warning: Zero alpha-matrix diagonal element for parameter 1
# Parameter 1 is pegged at 3.23307e-17 due to zero or negative pivot element, likely
# caused by the fit being insensitive to the parameter.
#***Warning: Zero alpha-matrix diagonal element for parameter 1
# Parameter 1 is pegged at 3.23307e-17 due to zero or negative pivot element, likely
# caused by the fit being insensitive to the parameter.
#          33.362    -0.80171   24         8.4
#***Warning: Zero alpha-matrix diagonal element for parameter 1
# Parameter 1 is pegged at 3.23307e-17 due to zero or negative pivot element, likely
# caused by the fit being insensitive to the parameter.
#***Warning: Zero alpha-matrix diagonal element for parameter 1
# Parameter 1 is pegged at 3.23307e-17 due to zero or negative pivot element, likely
# caused by the fit being insensitive to the parameter.
#          33.362    -0.80171   25      8.6667
#***Warning: Zero alpha-matrix diagonal element for parameter 1
# Parameter 1 is pegged at 3.23307e-17 due to zero or negative pivot element, likely
# caused by the fit being insensitive to the parameter.
#***Warning: Zero alpha-matrix diagonal element for parameter 1
# Parameter 1 is pegged at 3.23307e-17 due to zero or negative pivot element, likely
# caused by the fit being insensitive to the parameter.
#          33.362    -0.80171   26      8.9333
#***Warning: Zero alpha-matrix diagonal element for parameter 1
# Parameter 1 is pegged at 3.23307e-17 due to zero or negative pivot element, likely
# caused by the fit being insensitive to the parameter.
#***Warning: Zero alpha-matrix diagonal element for parameter 1
# Parameter 1 is pegged at 3.23307e-17 due to zero or negative pivot element, likely
# caused by the fit being insensitive to the parameter.
#          33.362    -0.80171   27         9.2
#***Warning: Zero alpha-matrix diagonal element for parameter 1
# Parameter 1 is pegged at 3.23307e-17 due to zero or negative pivot element, likely
# caused by the fit being insensitive to the parameter.
#***Warning: Zero alpha-matrix diagonal element for parameter 1
# Parameter 1 is pegged at 3.23307e-17 due to zero or negative pivot element, likely
# caused by the fit being insensitive to the parameter.
#          33.362    -0.80171   28      9.4667
#***Warning: Zero alpha-matrix diagonal element for parameter 1
# Parameter 1 is pegged at 3.23307e-17 due to zero or negative pivot element, likely
# caused by the fit being insensitive to the parameter.
#***Warning: Zero alpha-matrix diagonal element for parameter 1
# Parameter 1 is pegged at 3.23307e-17 due to zero or negative pivot element, likely
# caused by the fit being insensitive to the parameter.
#          33.362    -0.80171   29      9.7333
#***Warning: Zero alpha-matrix diagonal element for parameter 1
# Parameter 1 is pegged at 3.23307e-17 due to zero or negative pivot element, likely
# caused by the fit being insensitive to the parameter.
#***Warning: Zero alpha-matrix diagonal element for parameter 1
# Parameter 1 is pegged at 3.23307e-17 due to zero or negative pivot element, likely
# caused by the fit being insensitive to the parameter.
#          33.362    -0.80171   30          10
#
#A new best fit was found during steppar.
#Parameters have been updated to the new best fit values.
#
#                                   Parameters
#Chi-Squared  |beta|/N    Lvl          1:nH    2:PhoIndex    3:HighECut        4:norm       5:LineE        8:norm
#***Warning: Zero alpha-matrix diagonal element for parameter 1
# Parameter 1 is pegged at 3.23307e-17 due to zero or negative pivot element, likely
# caused by the fit being insensitive to the parameter.
#30.8928      981.191       0   3.23307e-17       1.57400       3.74768   0.000107740       4.09709  -4.30165e-07
#30.8898      10167.8       0   3.23307e-17       1.57398       3.74764   0.000107740       4.10396  -4.30221e-07
#***Warning: Zero alpha-matrix diagonal element for parameter 1
# Parameter 1 is pegged at 3.23307e-17 due to zero or negative pivot element, likely
# caused by the fit being insensitive to the parameter.
#30.8894      5439.01       0   3.23307e-17       1.57396       3.74759   0.000107740       4.10698  -4.30293e-07
#============================================================
# Variances and Principal Axes
#                 2        3        4        5        8  
# 4.9337E-14| -0.0000   0.0000   0.0119  -0.0000   0.9999  
# 2.5692E-11|  0.0001  -0.0000  -0.9999  -0.0000   0.0119  
# 2.0635E-02| -0.9688   0.2475  -0.0001   0.0147  -0.0000  
# 1.1553E+01|  0.2479   0.9683   0.0000   0.0299   0.0000  
# 5.0886E-01| -0.0068   0.0326  -0.0000  -0.9994  -0.0000  
#------------------------------------------------------------
#
#============================================================
#  Covariance Matrix
#        1           2           3           4           5   
#   7.292e-01   2.768e+00   1.878e-05   8.892e-02   7.498e-08
#   2.768e+00   1.084e+01   6.337e-05   3.185e-01   2.527e-07
#   1.878e-05   6.337e-05   7.000e-10   2.310e-06   2.307e-12
#   8.892e-02   3.185e-01   2.310e-06   5.187e-01   1.120e-07
#   7.498e-08   2.527e-07   2.307e-12   1.120e-07   8.391e-14
#------------------------------------------------------------
#
#========================================================================
#Model TBabs<1>*cutoffpl<2> + zgauss<3> Source No.: 1   Active/On
#Model Model Component  Parameter  Unit     Value
# par  comp
#   1    1   TBabs      nH         10^22    3.23307E-17  +/-  -1.00000     
#   2    2   cutoffpl   PhoIndex            1.57396      +/-  0.853942     
#   3    2   cutoffpl   HighECut   keV      3.74759      +/-  3.29170      
#   4    2   cutoffpl   norm                1.07740E-04  +/-  2.64566E-05  
#   5    3   zgauss     LineE      keV      4.10698      +/-  0.720184     
#   6    3   zgauss     Sigma      keV      1.00000E-02  frozen
#   7    3   zgauss     Redshift            2.00000E-03  frozen
#   8    3   zgauss     norm                -4.30293E-07 +/-  2.89669E-07  
#________________________________________________________________________
#
#
#Fit statistic : Chi-Squared =          30.89 using 32 PHA bins.
#
#Test statistic : Chi-Squared =          30.89 using 32 PHA bins.
# Reduced chi-squared =          1.188 for     26 degrees of freedom 
# Null hypothesis probability =   2.324136e-01
#
!XSPEC12>plot contour
#
!XSPEC12>setplot command wdata wdata.dat
#
!XSPEC12>plot contour
#
!XSPEC12>mv wdata.dat fit_tbabscutoffpl+zgauss_con_e_0.01.dat
#
!XSPEC12>log none
#