#XSPEC version: 12.10.0c
#Build Date/Time: Fri Apr 20 13:14:53 2018
#
!XSPEC12>data P0152260101PNS003SRSPEC0001.FTZ
#
#***XSPEC Error:  cannot open file named: epn_ff20_sdY9.rmf
#Error: cannot read response file epn_ff20_sdY9.rmf
#
#
#*** Response file has format inconsistent with data:  response file epn_ff20_sdY9.rmf read skipped
#
#1 spectrum  in use
# 
#Spectral Data File: P0152260101PNS003SRSPEC0001.FTZ  Spectrum 1
#Net count rate (cts/s) for Spectrum:1  4.927e-01 +/- 4.084e-03 (97.5 % total)
# Assigned to Data Group 1 and Plot Group 1
#  Noticed Channels:  1-2373
#  Telescope: XMM Instrument: EPN  Channel Type: PI
#  Exposure Time: 3.036e+04 sec
# Using fit statistic: chi
# Using test statistic: chi
# Using Background File                P0152260101PNS003BGSPEC0001.FTZ
#  Background Exposure Time: 3.036e+04 sec
# No response loaded.
#
#***Warning!  One or more spectra are missing responses,
#               and are not suitable for fit.
#
!XSPEC12>back P0152260101PNS003BGSPEC0001.FTZ
#
!XSPEC12>backgrnd P0152260101PNS003BGSPEC0001.FTZ
#Net count rate (cts/s) for Spectrum:1  4.927e-01 +/- 4.084e-03 (97.5 % total)
#***Warning!  One or more spectra are missing responses,
#               and are not suitable for fit.
#
!XSPEC12>resp epn_e1_ff20_sY9_v16.0.rmf
#
!XSPEC12>response epn_e1_ff20_sY9_v16.0.rmf
#Response successfully loaded.
#
!XSPEC12>arf P0152260101PNS003SRCARF0001.FTZ
#Arf successfully loaded.
#
!XSPEC12>ignore **-2.0 10.0-**
#   331 channels (1-331) ignored in spectrum #     1
#  1809 channels (565-2373) ignored in spectrum #     1
#
#
!XSPEC12>ignore bad
#
#ignore:  1873 channels ignored from  source number 1
#
!XSPEC12>model tbabs*cutoffpl  ;  1.0,0.1  ;  2, 0.01  ;  15, 0.01  ;  1.E-4 1E-5
#
#========================================================================
#Model TBabs<1>*cutoffpl<2> Source No.: 1   Active/On
#Model Model Component  Parameter  Unit     Value
# par  comp
#   1    1   TBabs      nH         10^22    1.00000      +/-  0.0          
#   2    2   cutoffpl   PhoIndex            2.00000      +/-  0.0          
#   3    2   cutoffpl   HighECut   keV      15.0000      +/-  0.0          
#   4    2   cutoffpl   norm                1.00000E-04  +/-  0.0          
#________________________________________________________________________
#
#
#Fit statistic : Chi-Squared =        4305.36 using 232 PHA bins.
#
#Test statistic : Chi-Squared =        4305.36 using 232 PHA bins.
# Reduced chi-squared =        18.8832 for    228 degrees of freedom 
# Null hypothesis probability =   0.000000e+00
# Current data and model not fit yet.
#
!XSPEC12>fit
#                                   Parameters
#Chi-Squared  |beta|/N    Lvl          1:nH    2:PhoIndex    3:HighECut        4:norm
#336.603      154.273      -3       1.04052       2.04834       6.09081    0.00136913
#261.362      69247.9      -1      0.866980       2.07865       5.04125    0.00142371
#254.013      19654.8      -1      0.913986       2.06603       4.71310    0.00150213
#249.627      8621.24      -1      0.993656       2.05425       4.47393    0.00156769
#246.33       6139.88      -1       1.06692       2.04373       4.28473    0.00162623
#243.811      4778.75      -1       1.13104       2.03436       4.13077    0.00167878
#243.027      3814.56      -2       1.39218       1.98219       3.43542    0.00189620
#234.947      23589.5      -2       1.49327       1.93331       3.25665    0.00199164
#234.527      2463.47      -2       1.52070       1.90321       3.14556    0.00201009
#234.334      884.371      -2       1.52097       1.87672       3.07611    0.00199916
#234.187      324.482      -2       1.50888       1.85195       3.02415    0.00197585
#234.05       183.296      -2       1.49141       1.82805       2.98055    0.00194766
#233.918      136.852      -2       1.47171       1.80468       2.94136    0.00191785
#233.79       117.789      -2       1.45115       1.78171       2.90479    0.00188782
#233.664      108.184      -2       1.43037       1.75906       2.87005    0.00185816
#233.542      102.081      -2       1.40963       1.73672       2.83675    0.00182914
#233.423      97.4559      -2       1.38905       1.71465       2.80470    0.00180084
#233.307      93.5144      -2       1.36869       1.69286       2.77378    0.00177328
#233.193      89.9581      -2       1.34857       1.67134       2.74390    0.00174646
#233.082      86.5742      -2       1.32869       1.65008       2.71502    0.00172037
#232.974      83.2395      -2       1.30907       1.62908       2.68707    0.00169499
#232.869      80.0927      -2       1.28968       1.60834       2.66001    0.00167029
#232.766      76.9488      -2       1.27054       1.58784       2.63380    0.00164624
#232.665      73.9091      -2       1.25163       1.56759       2.60839    0.00162283
#232.567      70.9867      -2       1.23297       1.54758       2.58377    0.00160004
#232.471      68.0264      -2       1.21453       1.52781       2.55988    0.00157784
#232.378      65.1439      -2       1.19632       1.50829       2.53671    0.00155622
#232.287      62.2548      -2       1.17833       1.48900       2.51423    0.00153515
#232.198      59.3945      -2       1.16057       1.46994       2.49240    0.00151463
#232.111      56.6586      -2       1.14303       1.45111       2.47119    0.00149463
#232.026      54.0306      -2       1.12572       1.43250       2.45057    0.00147513
#231.943      51.5034      -2       1.10861       1.41411       2.43052    0.00145611
#231.862      48.9849      -2       1.09171       1.39593       2.41102    0.00143757
#231.783      46.3742      -2       1.07501       1.37798       2.39207    0.00141948
#231.706      43.8262      -2       1.05851       1.36024       2.37364    0.00140184
#231.631      41.3085      -2       1.04223       1.34272       2.35569    0.00138463
#231.557      38.9453      -2       1.02614       1.32540       2.33821    0.00136783
#231.485      36.6552      -2       1.01025       1.30828       2.32118    0.00135144
#231.415      34.3805      -2      0.994551       1.29136       2.30459    0.00133544
#231.346      32.1705      -2      0.979041       1.27464       2.28842    0.00131981
#231.279      30.0126      -2      0.963716       1.25811       2.27265    0.00130455
#231.214      27.8101      -2      0.948574       1.24178       2.25728    0.00128965
#231.15       25.6482      -2      0.933614       1.22564       2.24231    0.00127509
#231.088      23.4695      -2      0.918838       1.20970       2.22769    0.00126087
#231.027      21.4371      -2      0.904240       1.19394       2.21343    0.00124697
#230.968      19.4583      -2      0.889818       1.17837       2.19951    0.00123339
#230.909      17.4987      -2      0.875570       1.16297       2.18592    0.00122012
#230.853      15.6073      -2      0.861491       1.14775       2.17265    0.00120715
#230.797      13.7186      -2      0.847579       1.13271       2.15968    0.00119446
#230.79       11.9193      -3      0.724726      0.998243       2.04368    0.00108268
#==================================================
# Variances and Principal Axes
#                 1        2        3        4  
# 2.7434E-10| -0.0002  -0.0014   0.0008   1.0000  
# 1.0426E-03|  0.2632  -0.7574   0.5975  -0.0015  
# 4.6362E-02|  0.7771  -0.2006  -0.5966   0.0004  
# 1.8098E+00| -0.5717  -0.6213  -0.5358  -0.0005  
#--------------------------------------------------
#
#================================================
#  Covariance Matrix
#        1           2           3           4   
#   6.197e-01   6.355e-01   5.331e-01   5.504e-04
#   6.355e-01   7.012e-01   6.076e-01   5.801e-04
#   5.331e-01   6.076e-01   5.364e-01   4.903e-04
#   5.504e-04   5.801e-04   4.903e-04   4.961e-07
#------------------------------------------------
#
#========================================================================
#Model TBabs<1>*cutoffpl<2> Source No.: 1   Active/On
#Model Model Component  Parameter  Unit     Value
# par  comp
#   1    1   TBabs      nH         10^22    0.724726     +/-  0.787181     
#   2    2   cutoffpl   PhoIndex            0.998243     +/-  0.837372     
#   3    2   cutoffpl   HighECut   keV      2.04368      +/-  0.732389     
#   4    2   cutoffpl   norm                1.08268E-03  +/-  7.04369E-04  
#________________________________________________________________________
#
#
#Fit statistic : Chi-Squared =         230.79 using 232 PHA bins.
#
#Test statistic : Chi-Squared =         230.79 using 232 PHA bins.
# Reduced chi-squared =         1.0122 for    228 degrees of freedom 
# Null hypothesis probability =   4.359218e-01
#
!XSPEC12>save all fit_tbabscutoffpl.xcm
#
!XSPEC12>setplot energy
#
!XSPEC12>setplot rebin 3 10
#
!XSPEC12>addc 3 zgauss ; 1 0.01 0.5 0.5 8.0 8.0 ; 0.01,-1 ; 0.002,-1 ; -1e-6 1e-7 -1e10 -1e10 -1e-10 -1e-10
#
!XSPEC12>addcomp 3 zgauss ; 1 0.01 0.5 0.5 8.0 8.0 ; 0.01,-1 ; 0.002,-1 ; -1e-6 1e-7 -1e10 -1e10 -1e-10 -1e-10
#
#Fit statistic : Chi-Squared =         230.79 using 232 PHA bins.
#
#Test statistic : Chi-Squared =         230.79 using 232 PHA bins.
# Reduced chi-squared =         1.0212 for    226 degrees of freedom 
# Null hypothesis probability =   3.993471e-01
# Current data and model not fit yet.
#
#========================================================================
#Model TBabs<1>*cutoffpl<2> + zgauss<3> Source No.: 1   Active/On
#Model Model Component  Parameter  Unit     Value
# par  comp
#   1    1   TBabs      nH         10^22    0.724726     +/-  0.787181     
#   2    2   cutoffpl   PhoIndex            0.998243     +/-  0.837372     
#   3    2   cutoffpl   HighECut   keV      2.04368      +/-  0.732389     
#   4    2   cutoffpl   norm                1.08268E-03  +/-  7.04369E-04  
#   5    3   zgauss     LineE      keV      1.00000      +/-  0.0          
#   6    3   zgauss     Sigma      keV      1.00000E-02  frozen
#   7    3   zgauss     Redshift            2.00000E-03  frozen
#   8    3   zgauss     norm                -1.00000E-06 +/-  0.0          
#
#________________________________________________________________________
#
!XSPEC12>fit
#                                   Parameters
#Chi-Squared  |beta|/N    Lvl          1:nH    2:PhoIndex    3:HighECut        4:norm       5:LineE        8:norm
#***Warning: Zero alpha-matrix diagonal element for parameter 5
#***Warning: Zero alpha-matrix diagonal element for parameter 8
# Parameter 5 is pegged at 1 due to zero or negative pivot element, likely
# caused by the fit being insensitive to the parameter.
# Parameter 8 is pegged at -1.00932e-06 due to zero or negative pivot element, likely
# caused by the fit being insensitive to the parameter.
#230.231      1.31228      -3      0.613907      0.877626       1.95667   0.000995590       1.00000  -1.00932e-06
#229.796      9310.95      -3      0.511377      0.766963       1.88241   0.000922303       1.00000  -1.00932e-06
#229.493      7416.05      -3      0.420693      0.668128       1.82043   0.000861281       1.00000  -1.00932e-06
#229.26       6298         -3      0.339804      0.579784       1.76825   0.000810208       1.00000  -1.00932e-06
#229.079      5292.73      -3      0.267489      0.500661       1.72389   0.000767060       1.00000  -1.00932e-06
#228.937      4443.24      -3      0.202659      0.429630       1.68585   0.000730294       1.00000  -1.00932e-06
#228.825      3728.59      -3      0.144526      0.365846       1.65305   0.000698798       1.00000  -1.00932e-06
#228.736      3115.32      -3     0.0922675      0.308418       1.62453   0.000671619       1.00000  -1.00932e-06
#228.664      2606.27      -3     0.0453587      0.256824       1.59972   0.000648110       1.00000  -1.00932e-06
#228.607      2162.34      -3    0.00317881      0.210378       1.57799   0.000627660       1.00000  -1.00932e-06
#228.599      1795.46      -2   0.000871976      0.205558       1.57611   0.000625811       1.00000  -1.00932e-06
#***Warning: Zero alpha-matrix diagonal element for parameter 5
#***Warning: Zero alpha-matrix diagonal element for parameter 8
# Parameter 5 is pegged at 1 due to zero or negative pivot element, likely
# caused by the fit being insensitive to the parameter.
# Parameter 8 is pegged at -1.00932e-06 due to zero or negative pivot element, likely
# caused by the fit being insensitive to the parameter.
#228.598      852.203      -1   0.000321994      0.205109       1.57588   0.000625691       1.00000  -1.00932e-06
#==================================================
# Variances and Principal Axes
#                 1        2        3        4  
# 7.5334E-11| -0.0001  -0.0007   0.0008   1.0000  
# 5.5131E-04|  0.1874  -0.5475   0.8155  -0.0010  
# 3.2452E-02| -0.7446   0.4623   0.4815  -0.0002  
# 1.5117E+00|  0.6407   0.6975   0.3210   0.0003  
#--------------------------------------------------
#
#================================================
#  Covariance Matrix
#        1           2           3           4   
#   6.386e-01   6.643e-01   2.994e-01   2.984e-04
#   6.643e-01   7.425e-01   3.454e-01   3.188e-04
#   2.994e-01   3.454e-01   1.637e-01   1.447e-04
#   2.984e-04   3.188e-04   1.447e-04   1.415e-07
#------------------------------------------------
#
#========================================================================
#Model TBabs<1>*cutoffpl<2> + zgauss<3> Source No.: 1   Active/On
#Model Model Component  Parameter  Unit     Value
# par  comp
#   1    1   TBabs      nH         10^22    3.21994E-04  +/-  0.799094     
#   2    2   cutoffpl   PhoIndex            0.205109     +/-  0.861698     
#   3    2   cutoffpl   HighECut   keV      1.57588      +/-  0.404551     
#   4    2   cutoffpl   norm                6.25691E-04  +/-  3.76105E-04  
#   5    3   zgauss     LineE      keV      1.00000      +/-  -1.00000     
#   6    3   zgauss     Sigma      keV      1.00000E-02  frozen
#   7    3   zgauss     Redshift            2.00000E-03  frozen
#   8    3   zgauss     norm                -1.00932E-06 +/-  -1.00000     
#________________________________________________________________________
#
#
#Fit statistic : Chi-Squared =         228.60 using 232 PHA bins.
#
#Test statistic : Chi-Squared =         228.60 using 232 PHA bins.
# Reduced chi-squared =         1.0115 for    226 degrees of freedom 
# Null hypothesis probability =   4.391733e-01
#
!XSPEC12>steppar 5 2 10. 30
#
#     Chi-Squared    Delta            LineE
#                 Chi-Squared             5
#
#          229.45     0.85112    0           2
#           219.5     -9.0969    1      2.2667
#          228.03    -0.56704    2      2.5333
#           230.4      1.8056    3         2.8
#           228.6  -0.0024584    4      3.0667
#***Warning: Zero alpha-matrix diagonal element for parameter 1
# Parameter 1 is pegged at 6.53019e-17 due to zero or negative pivot element, likely
# caused by the fit being insensitive to the parameter.
#***Warning: Zero alpha-matrix diagonal element for parameter 1
# Parameter 1 is pegged at 6.53019e-17 due to zero or negative pivot element, likely
# caused by the fit being insensitive to the parameter.
#          224.36     -4.2386    5      3.3333
#***Warning: Zero alpha-matrix diagonal element for parameter 1
# Parameter 1 is pegged at 6.53019e-17 due to zero or negative pivot element, likely
# caused by the fit being insensitive to the parameter.
#***Warning: Zero alpha-matrix diagonal element for parameter 1
# Parameter 1 is pegged at 6.53019e-17 due to zero or negative pivot element, likely
# caused by the fit being insensitive to the parameter.
#           228.2    -0.39341    6         3.6
#***Warning: Zero alpha-matrix diagonal element for parameter 1
# Parameter 1 is pegged at 6.53019e-17 due to zero or negative pivot element, likely
# caused by the fit being insensitive to the parameter.
#***Warning: Zero alpha-matrix diagonal element for parameter 1
# Parameter 1 is pegged at 6.53019e-17 due to zero or negative pivot element, likely
# caused by the fit being insensitive to the parameter.
#          227.87    -0.72848    7      3.8667
#***Warning: Zero alpha-matrix diagonal element for parameter 1
# Parameter 1 is pegged at 6.53019e-17 due to zero or negative pivot element, likely
# caused by the fit being insensitive to the parameter.
#***Warning: Zero alpha-matrix diagonal element for parameter 1
# Parameter 1 is pegged at 6.53019e-17 due to zero or negative pivot element, likely
# caused by the fit being insensitive to the parameter.
#          228.64    0.046428    8      4.1333
#***Warning: Zero alpha-matrix diagonal element for parameter 1
# Parameter 1 is pegged at 6.53019e-17 due to zero or negative pivot element, likely
# caused by the fit being insensitive to the parameter.
#***Warning: Zero alpha-matrix diagonal element for parameter 1
# Parameter 1 is pegged at 6.53019e-17 due to zero or negative pivot element, likely
# caused by the fit being insensitive to the parameter.
#          228.62    0.020231    9         4.4
#***Warning: Zero alpha-matrix diagonal element for parameter 1
# Parameter 1 is pegged at 6.53019e-17 due to zero or negative pivot element, likely
# caused by the fit being insensitive to the parameter.
#***Warning: Zero alpha-matrix diagonal element for parameter 1
# Parameter 1 is pegged at 6.53019e-17 due to zero or negative pivot element, likely
# caused by the fit being insensitive to the parameter.
#          228.62    0.020081   10      4.6667
#***Warning: Zero alpha-matrix diagonal element for parameter 1
# Parameter 1 is pegged at 6.53019e-17 due to zero or negative pivot element, likely
# caused by the fit being insensitive to the parameter.
#***Warning: Zero alpha-matrix diagonal element for parameter 1
# Parameter 1 is pegged at 6.53019e-17 due to zero or negative pivot element, likely
# caused by the fit being insensitive to the parameter.
#          228.61   0.0087522   11      4.9333
#***Warning: Zero alpha-matrix diagonal element for parameter 1
# Parameter 1 is pegged at 6.53019e-17 due to zero or negative pivot element, likely
# caused by the fit being insensitive to the parameter.
#***Warning: Zero alpha-matrix diagonal element for parameter 1
# Parameter 1 is pegged at 6.53019e-17 due to zero or negative pivot element, likely
# caused by the fit being insensitive to the parameter.
#          228.59   -0.010419   12         5.2
#***Warning: Zero alpha-matrix diagonal element for parameter 1
# Parameter 1 is pegged at 6.53019e-17 due to zero or negative pivot element, likely
# caused by the fit being insensitive to the parameter.
#***Warning: Zero alpha-matrix diagonal element for parameter 1
# Parameter 1 is pegged at 6.53019e-17 due to zero or negative pivot element, likely
# caused by the fit being insensitive to the parameter.
#          228.27    -0.33044   13      5.4667
#***Warning: Zero alpha-matrix diagonal element for parameter 1
# Parameter 1 is pegged at 6.53019e-17 due to zero or negative pivot element, likely
# caused by the fit being insensitive to the parameter.
#***Warning: Zero alpha-matrix diagonal element for parameter 1
# Parameter 1 is pegged at 6.53019e-17 due to zero or negative pivot element, likely
# caused by the fit being insensitive to the parameter.
#          228.58   -0.014482   14      5.7333
#***Warning: Zero alpha-matrix diagonal element for parameter 1
# Parameter 1 is pegged at 6.53019e-17 due to zero or negative pivot element, likely
# caused by the fit being insensitive to the parameter.
#***Warning: Zero alpha-matrix diagonal element for parameter 1
# Parameter 1 is pegged at 6.53019e-17 due to zero or negative pivot element, likely
# caused by the fit being insensitive to the parameter.
#          228.52   -0.073445   15           6
#***Warning: Zero alpha-matrix diagonal element for parameter 1
# Parameter 1 is pegged at 6.53019e-17 due to zero or negative pivot element, likely
# caused by the fit being insensitive to the parameter.
#***Warning: Zero alpha-matrix diagonal element for parameter 1
# Parameter 1 is pegged at 6.53019e-17 due to zero or negative pivot element, likely
# caused by the fit being insensitive to the parameter.
#          228.75     0.15331   16      6.2667
#***Warning: Zero alpha-matrix diagonal element for parameter 1
# Parameter 1 is pegged at 6.53019e-17 due to zero or negative pivot element, likely
# caused by the fit being insensitive to the parameter.
#***Warning: Zero alpha-matrix diagonal element for parameter 1
# Parameter 1 is pegged at 6.53019e-17 due to zero or negative pivot element, likely
# caused by the fit being insensitive to the parameter.
#          228.59  -0.0082689   17      6.5333
#***Warning: Zero alpha-matrix diagonal element for parameter 1
# Parameter 1 is pegged at 6.53019e-17 due to zero or negative pivot element, likely
# caused by the fit being insensitive to the parameter.
#***Warning: Zero alpha-matrix diagonal element for parameter 1
# Parameter 1 is pegged at 6.53019e-17 due to zero or negative pivot element, likely
# caused by the fit being insensitive to the parameter.
#          228.35    -0.24994   18         6.8
#***Warning: Zero alpha-matrix diagonal element for parameter 1
# Parameter 1 is pegged at 6.53019e-17 due to zero or negative pivot element, likely
# caused by the fit being insensitive to the parameter.
#***Warning: Zero alpha-matrix diagonal element for parameter 1
# Parameter 1 is pegged at 6.53019e-17 due to zero or negative pivot element, likely
# caused by the fit being insensitive to the parameter.
#          228.48    -0.12118   19      7.0667
#***Warning: Zero alpha-matrix diagonal element for parameter 1
# Parameter 1 is pegged at 6.53019e-17 due to zero or negative pivot element, likely
# caused by the fit being insensitive to the parameter.
#***Warning: Zero alpha-matrix diagonal element for parameter 1
# Parameter 1 is pegged at 6.53019e-17 due to zero or negative pivot element, likely
# caused by the fit being insensitive to the parameter.
#          228.74     0.14449   20      7.3333
#***Warning: Zero alpha-matrix diagonal element for parameter 1
# Parameter 1 is pegged at 6.53019e-17 due to zero or negative pivot element, likely
# caused by the fit being insensitive to the parameter.
#***Warning: Zero alpha-matrix diagonal element for parameter 1
# Parameter 1 is pegged at 6.53019e-17 due to zero or negative pivot element, likely
# caused by the fit being insensitive to the parameter.
#          228.56   -0.038734   21         7.6
#***Warning: Zero alpha-matrix diagonal element for parameter 1
# Parameter 1 is pegged at 6.53019e-17 due to zero or negative pivot element, likely
# caused by the fit being insensitive to the parameter.
#***Warning: Zero alpha-matrix diagonal element for parameter 1
# Parameter 1 is pegged at 6.53019e-17 due to zero or negative pivot element, likely
# caused by the fit being insensitive to the parameter.
#           227.1     -1.5017   22      7.8667
#***Warning: Zero alpha-matrix diagonal element for parameter 1
# Parameter 1 is pegged at 6.53019e-17 due to zero or negative pivot element, likely
# caused by the fit being insensitive to the parameter.
#***Warning: Zero alpha-matrix diagonal element for parameter 1
# Parameter 1 is pegged at 6.53019e-17 due to zero or negative pivot element, likely
# caused by the fit being insensitive to the parameter.
#          227.13     -1.4688   23      8.1333
#***Warning: Zero alpha-matrix diagonal element for parameter 1
# Parameter 1 is pegged at 6.53019e-17 due to zero or negative pivot element, likely
# caused by the fit being insensitive to the parameter.
#***Warning: Zero alpha-matrix diagonal element for parameter 1
# Parameter 1 is pegged at 6.53019e-17 due to zero or negative pivot element, likely
# caused by the fit being insensitive to the parameter.
#          227.13     -1.4688   24         8.4
#***Warning: Zero alpha-matrix diagonal element for parameter 1
# Parameter 1 is pegged at 6.53019e-17 due to zero or negative pivot element, likely
# caused by the fit being insensitive to the parameter.
#***Warning: Zero alpha-matrix diagonal element for parameter 1
# Parameter 1 is pegged at 6.53019e-17 due to zero or negative pivot element, likely
# caused by the fit being insensitive to the parameter.
#          227.13     -1.4688   25      8.6667
#***Warning: Zero alpha-matrix diagonal element for parameter 1
# Parameter 1 is pegged at 6.53019e-17 due to zero or negative pivot element, likely
# caused by the fit being insensitive to the parameter.
#***Warning: Zero alpha-matrix diagonal element for parameter 1
# Parameter 1 is pegged at 6.53019e-17 due to zero or negative pivot element, likely
# caused by the fit being insensitive to the parameter.
#          227.13     -1.4688   26      8.9333
#***Warning: Zero alpha-matrix diagonal element for parameter 1
# Parameter 1 is pegged at 6.53019e-17 due to zero or negative pivot element, likely
# caused by the fit being insensitive to the parameter.
#***Warning: Zero alpha-matrix diagonal element for parameter 1
# Parameter 1 is pegged at 6.53019e-17 due to zero or negative pivot element, likely
# caused by the fit being insensitive to the parameter.
#          227.13     -1.4688   27         9.2
#***Warning: Zero alpha-matrix diagonal element for parameter 1
# Parameter 1 is pegged at 6.53019e-17 due to zero or negative pivot element, likely
# caused by the fit being insensitive to the parameter.
#***Warning: Zero alpha-matrix diagonal element for parameter 1
# Parameter 1 is pegged at 6.53019e-17 due to zero or negative pivot element, likely
# caused by the fit being insensitive to the parameter.
#          227.13     -1.4688   28      9.4667
#***Warning: Zero alpha-matrix diagonal element for parameter 1
# Parameter 1 is pegged at 6.53019e-17 due to zero or negative pivot element, likely
# caused by the fit being insensitive to the parameter.
#***Warning: Zero alpha-matrix diagonal element for parameter 1
# Parameter 1 is pegged at 6.53019e-17 due to zero or negative pivot element, likely
# caused by the fit being insensitive to the parameter.
#          227.13     -1.4688   29      9.7333
#***Warning: Zero alpha-matrix diagonal element for parameter 1
# Parameter 1 is pegged at 6.53019e-17 due to zero or negative pivot element, likely
# caused by the fit being insensitive to the parameter.
#***Warning: Zero alpha-matrix diagonal element for parameter 1
# Parameter 1 is pegged at 6.53019e-17 due to zero or negative pivot element, likely
# caused by the fit being insensitive to the parameter.
#          227.13     -1.4688   30          10
#
#A new best fit was found during steppar.
#Parameters have been updated to the new best fit values.
#
#                                   Parameters
#Chi-Squared  |beta|/N    Lvl          1:nH    2:PhoIndex    3:HighECut        4:norm       5:LineE        8:norm
#217.272      3140.23      -1   0.000126557      0.267952       1.58664   0.000670388       2.23727  -3.48303e-06
#216.9        75505         0   2.88895e-05      0.267435       1.58734   0.000671549       2.23354  -3.42604e-06
#216.788      56791.4       0   6.15055e-06      0.267577       1.58749   0.000672229       2.23122  -3.39745e-06
#216.744      49213.2       0   6.41038e-07      0.267916       1.58747   0.000672749       2.22987  -3.38361e-06
#216.719      45690         0   3.02996e-07      0.268311       1.58742   0.000673208       2.22910  -3.37753e-06
#216.702      43745.5       0   1.36385e-07      0.268717       1.58737   0.000673640       2.22867  -3.37564e-06
#216.688      42483.6       0   5.41495e-08      0.269123       1.58732   0.000674054       2.22843  -3.37608e-06
#216.675      41565.5       0   1.35338e-08      0.269524       1.58728   0.000674453       2.22830  -3.37781e-06
#216.663      40843.4       0   3.49956e-09      0.269921       1.58725   0.000674838       2.22822  -3.38025e-06
#216.651      40242.8       0   1.01964e-09      0.270314       1.58723   0.000675212       2.22817  -3.38305e-06
#216.641      39721.7       0   4.06540e-10      0.270702       1.58722   0.000675573       2.22814  -3.38602e-06
#216.63       39254.5       0   1.03295e-10      0.271087       1.58722   0.000675922       2.22812  -3.38904e-06
#216.621      38825.7       0   2.82756e-11      0.271468       1.58722   0.000676260       2.22810  -3.39205e-06
#======================================================================
# Variances and Principal Axes
#                 1        2        3        4        5        8  
# 6.9483E-13| -0.0000  -0.0000   0.0000   0.0356   0.0000   0.9994  
# 1.0025E-10|  0.0001   0.0008  -0.0009  -0.9994  -0.0000   0.0356  
# 4.2917E-04| -0.0464   0.1000  -0.1335   0.0002   0.9849  -0.0000  
# 6.7076E-04|  0.1714  -0.5360   0.8085  -0.0012   0.1721   0.0000  
# 3.7206E-02|  0.7490  -0.4654  -0.4713   0.0001   0.0186   0.0000  
# 1.5593E+00|  0.6383   0.6973   0.3261   0.0003   0.0035  -0.0000  
#----------------------------------------------------------------------
#
#========================================================================
#  Covariance Matrix
#        1           2           3           4           5           6   
#   6.563e-01   6.810e-01   3.115e-01   3.301e-04   3.982e-03   5.039e-09
#   6.810e-01   7.663e-01   3.624e-01   3.541e-04   3.441e-03  -8.463e-08
#   3.115e-01   3.624e-01   1.745e-01   1.634e-04   1.480e-03  -4.553e-08
#   3.301e-04   3.541e-04   1.634e-04   1.692e-07   1.822e-06  -2.858e-11
#   3.982e-03   3.441e-03   1.480e-03   1.822e-06   4.679e-04  -1.830e-09
#   5.039e-09  -8.463e-08  -4.553e-08  -2.858e-11  -1.830e-09   1.105e-12
#------------------------------------------------------------------------
#
#========================================================================
#Model TBabs<1>*cutoffpl<2> + zgauss<3> Source No.: 1   Active/On
#Model Model Component  Parameter  Unit     Value
# par  comp
#   1    1   TBabs      nH         10^22    2.82756E-11  +/-  0.810098     
#   2    2   cutoffpl   PhoIndex            0.271468     +/-  0.875395     
#   3    2   cutoffpl   HighECut   keV      1.58722      +/-  0.417765     
#   4    2   cutoffpl   norm                6.76260E-04  +/-  4.11393E-04  
#   5    3   zgauss     LineE      keV      2.22810      +/-  2.16320E-02  
#   6    3   zgauss     Sigma      keV      1.00000E-02  frozen
#   7    3   zgauss     Redshift            2.00000E-03  frozen
#   8    3   zgauss     norm                -3.39205E-06 +/-  1.05130E-06  
#________________________________________________________________________
#
#
#Fit statistic : Chi-Squared =         216.62 using 232 PHA bins.
#
#Test statistic : Chi-Squared =         216.62 using 232 PHA bins.
# Reduced chi-squared =        0.95850 for    226 degrees of freedom 
# Null hypothesis probability =   6.612776e-01
#
!XSPEC12>plot contour
#
!XSPEC12>setplot command wdata wdata.dat
#
!XSPEC12>plot contour
#
!XSPEC12>mv wdata.dat fit_tbabscutoffpl+zgauss_con_e_0.01.dat
#
!XSPEC12>log none
#