#XSPEC version: 12.10.0c
#Build Date/Time: Fri Apr 20 13:14:53 2018
#
!XSPEC12>data P0152260101PNS003SRSPEC0001.FTZ
#
#***XSPEC Error:  cannot open file named: epn_ff20_sdY9.rmf
#Error: cannot read response file epn_ff20_sdY9.rmf
#
#
#*** Response file has format inconsistent with data:  response file epn_ff20_sdY9.rmf read skipped
#
#1 spectrum  in use
# 
#Spectral Data File: P0152260101PNS003SRSPEC0001.FTZ  Spectrum 1
#Net count rate (cts/s) for Spectrum:1  4.927e-01 +/- 4.084e-03 (97.5 % total)
# Assigned to Data Group 1 and Plot Group 1
#  Noticed Channels:  1-2373
#  Telescope: XMM Instrument: EPN  Channel Type: PI
#  Exposure Time: 3.036e+04 sec
# Using fit statistic: chi
# Using test statistic: chi
# Using Background File                P0152260101PNS003BGSPEC0001.FTZ
#  Background Exposure Time: 3.036e+04 sec
# No response loaded.
#
#***Warning!  One or more spectra are missing responses,
#               and are not suitable for fit.
#
!XSPEC12>back P0152260101PNS003BGSPEC0001.FTZ
#
!XSPEC12>backgrnd P0152260101PNS003BGSPEC0001.FTZ
#Net count rate (cts/s) for Spectrum:1  4.927e-01 +/- 4.084e-03 (97.5 % total)
#***Warning!  One or more spectra are missing responses,
#               and are not suitable for fit.
#
!XSPEC12>resp epn_e1_ff20_sY9_v16.0.rmf
#
!XSPEC12>response epn_e1_ff20_sY9_v16.0.rmf
#Response successfully loaded.
#
!XSPEC12>arf P0152260101PNS003SRCARF0001.FTZ
#Arf successfully loaded.
#
!XSPEC12>ignore **-2.0 10.0-**
#   331 channels (1-331) ignored in spectrum #     1
#  1809 channels (565-2373) ignored in spectrum #     1
#
#
!XSPEC12>ignore bad
#
#ignore:  1873 channels ignored from  source number 1
#
!XSPEC12>model tbabs*cutoffpl  ;  1.0,0.1  ;  2, 0.01  ;  15, 0.01  ;  1.E-4 1E-5
#
#========================================================================
#Model TBabs<1>*cutoffpl<2> Source No.: 1   Active/On
#Model Model Component  Parameter  Unit     Value
# par  comp
#   1    1   TBabs      nH         10^22    1.00000      +/-  0.0          
#   2    2   cutoffpl   PhoIndex            2.00000      +/-  0.0          
#   3    2   cutoffpl   HighECut   keV      15.0000      +/-  0.0          
#   4    2   cutoffpl   norm                1.00000E-04  +/-  0.0          
#________________________________________________________________________
#
#
#Fit statistic : Chi-Squared =        4305.36 using 232 PHA bins.
#
#Test statistic : Chi-Squared =        4305.36 using 232 PHA bins.
# Reduced chi-squared =        18.8832 for    228 degrees of freedom 
# Null hypothesis probability =   0.000000e+00
# Current data and model not fit yet.
#
!XSPEC12>fit
#                                   Parameters
#Chi-Squared  |beta|/N    Lvl          1:nH    2:PhoIndex    3:HighECut        4:norm
#336.603      154.273      -3       1.04052       2.04834       6.09081    0.00136913
#261.362      69247.9      -1      0.866980       2.07865       5.04125    0.00142371
#254.013      19654.8      -1      0.913986       2.06603       4.71310    0.00150213
#249.627      8621.24      -1      0.993656       2.05425       4.47393    0.00156769
#246.33       6139.88      -1       1.06692       2.04373       4.28473    0.00162623
#243.811      4778.75      -1       1.13104       2.03436       4.13077    0.00167878
#243.027      3814.56      -2       1.39218       1.98219       3.43542    0.00189620
#234.947      23589.5      -2       1.49327       1.93331       3.25665    0.00199164
#234.527      2463.47      -2       1.52070       1.90321       3.14556    0.00201009
#234.334      884.371      -2       1.52097       1.87672       3.07611    0.00199916
#234.187      324.482      -2       1.50888       1.85195       3.02415    0.00197585
#234.05       183.296      -2       1.49141       1.82805       2.98055    0.00194766
#233.918      136.852      -2       1.47171       1.80468       2.94136    0.00191785
#233.79       117.789      -2       1.45115       1.78171       2.90479    0.00188782
#233.664      108.184      -2       1.43037       1.75906       2.87005    0.00185816
#233.542      102.081      -2       1.40963       1.73672       2.83675    0.00182914
#233.423      97.4559      -2       1.38905       1.71465       2.80470    0.00180084
#233.307      93.5144      -2       1.36869       1.69286       2.77378    0.00177328
#233.193      89.9581      -2       1.34857       1.67134       2.74390    0.00174646
#233.082      86.5742      -2       1.32869       1.65008       2.71502    0.00172037
#232.974      83.2395      -2       1.30907       1.62908       2.68707    0.00169499
#232.869      80.0927      -2       1.28968       1.60834       2.66001    0.00167029
#232.766      76.9488      -2       1.27054       1.58784       2.63380    0.00164624
#232.665      73.9091      -2       1.25163       1.56759       2.60839    0.00162283
#232.567      70.9867      -2       1.23297       1.54758       2.58377    0.00160004
#232.471      68.0264      -2       1.21453       1.52781       2.55988    0.00157784
#232.378      65.1439      -2       1.19632       1.50829       2.53671    0.00155622
#232.287      62.2548      -2       1.17833       1.48900       2.51423    0.00153515
#232.198      59.3945      -2       1.16057       1.46994       2.49240    0.00151463
#232.111      56.6586      -2       1.14303       1.45111       2.47119    0.00149463
#232.026      54.0306      -2       1.12572       1.43250       2.45057    0.00147513
#231.943      51.5034      -2       1.10861       1.41411       2.43052    0.00145611
#231.862      48.9849      -2       1.09171       1.39593       2.41102    0.00143757
#231.783      46.3742      -2       1.07501       1.37798       2.39207    0.00141948
#231.706      43.8262      -2       1.05851       1.36024       2.37364    0.00140184
#231.631      41.3085      -2       1.04223       1.34272       2.35569    0.00138463
#231.557      38.9453      -2       1.02614       1.32540       2.33821    0.00136783
#231.485      36.6552      -2       1.01025       1.30828       2.32118    0.00135144
#231.415      34.3805      -2      0.994551       1.29136       2.30459    0.00133544
#231.346      32.1705      -2      0.979041       1.27464       2.28842    0.00131981
#231.279      30.0126      -2      0.963716       1.25811       2.27265    0.00130455
#231.214      27.8101      -2      0.948574       1.24178       2.25728    0.00128965
#231.15       25.6482      -2      0.933614       1.22564       2.24231    0.00127509
#231.088      23.4695      -2      0.918838       1.20970       2.22769    0.00126087
#231.027      21.4371      -2      0.904240       1.19394       2.21343    0.00124697
#230.968      19.4583      -2      0.889818       1.17837       2.19951    0.00123339
#230.909      17.4987      -2      0.875570       1.16297       2.18592    0.00122012
#230.853      15.6073      -2      0.861491       1.14775       2.17265    0.00120715
#230.797      13.7186      -2      0.847579       1.13271       2.15968    0.00119446
#230.79       11.9193      -3      0.724726      0.998243       2.04368    0.00108268
#==================================================
# Variances and Principal Axes
#                 1        2        3        4  
# 2.7434E-10| -0.0002  -0.0014   0.0008   1.0000  
# 1.0426E-03|  0.2632  -0.7574   0.5975  -0.0015  
# 4.6362E-02|  0.7771  -0.2006  -0.5966   0.0004  
# 1.8098E+00| -0.5717  -0.6213  -0.5358  -0.0005  
#--------------------------------------------------
#
#================================================
#  Covariance Matrix
#        1           2           3           4   
#   6.197e-01   6.355e-01   5.331e-01   5.504e-04
#   6.355e-01   7.012e-01   6.076e-01   5.801e-04
#   5.331e-01   6.076e-01   5.364e-01   4.903e-04
#   5.504e-04   5.801e-04   4.903e-04   4.961e-07
#------------------------------------------------
#
#========================================================================
#Model TBabs<1>*cutoffpl<2> Source No.: 1   Active/On
#Model Model Component  Parameter  Unit     Value
# par  comp
#   1    1   TBabs      nH         10^22    0.724726     +/-  0.787181     
#   2    2   cutoffpl   PhoIndex            0.998243     +/-  0.837372     
#   3    2   cutoffpl   HighECut   keV      2.04368      +/-  0.732389     
#   4    2   cutoffpl   norm                1.08268E-03  +/-  7.04369E-04  
#________________________________________________________________________
#
#
#Fit statistic : Chi-Squared =         230.79 using 232 PHA bins.
#
#Test statistic : Chi-Squared =         230.79 using 232 PHA bins.
# Reduced chi-squared =         1.0122 for    228 degrees of freedom 
# Null hypothesis probability =   4.359218e-01
#
!XSPEC12>save all fit_tbabscutoffpl.xcm
#
!XSPEC12>setplot energy
#
!XSPEC12>setplot rebin 3 10
#
!XSPEC12>setplot command wdata wdata.dat
#
!XSPEC12>plot ldata
#
!XSPEC12>mv wdata.dat fit_tbabscutoffpl_ld.dat
#
!XSPEC12>log none
#