#XSPEC version: 12.10.0c
#Build Date/Time: Fri Apr 20 13:14:53 2018
#
!XSPEC12>data P0653380401PNS003SRSPEC0001.FTZ
#
#***XSPEC Error:  cannot open file named: epn_ff20_sdY9.rmf
#Error: cannot read response file epn_ff20_sdY9.rmf
#
#
#*** Response file has format inconsistent with data:  response file epn_ff20_sdY9.rmf read skipped
#
#1 spectrum  in use
# 
#Spectral Data File: P0653380401PNS003SRSPEC0001.FTZ  Spectrum 1
#Net count rate (cts/s) for Spectrum:1  1.092e+00 +/- 3.774e-03 (97.3 % total)
# Assigned to Data Group 1 and Plot Group 1
#  Noticed Channels:  1-2380
#  Telescope: XMM Instrument: EPN  Channel Type: PI
#  Exposure Time: 7.894e+04 sec
# Using fit statistic: chi
# Using test statistic: chi
# Using Background File                P0653380401PNS003BGSPEC0001.FTZ
#  Background Exposure Time: 7.875e+04 sec
# No response loaded.
#
#***Warning!  One or more spectra are missing responses,
#               and are not suitable for fit.
#
!XSPEC12>back P0653380401PNS003BGSPEC0001.FTZ
#
!XSPEC12>backgrnd P0653380401PNS003BGSPEC0001.FTZ
#Net count rate (cts/s) for Spectrum:1  1.092e+00 +/- 3.774e-03 (97.3 % total)
#***Warning!  One or more spectra are missing responses,
#               and are not suitable for fit.
#
!XSPEC12>resp epn_e2_ff20_sY9_v16.0.rmf
#
!XSPEC12>response epn_e2_ff20_sY9_v16.0.rmf
#Response successfully loaded.
#
!XSPEC12>arf P0653380401PNS003SRCARF0001.FTZ
#Arf successfully loaded.
#
!XSPEC12>ignore **-2.0 10.0-**
#   400 channels (1-400) ignored in spectrum #     1
#  1722 channels (659-2380) ignored in spectrum #     1
#
#
!XSPEC12>ignore bad
#
#ignore:  1782 channels ignored from  source number 1
#
!XSPEC12>model tbabs*cutoffpl  ;  1.0,0.1  ;  2, 0.01  ;  15, 0.01  ;  1.E-4 1E-5
#
#========================================================================
#Model TBabs<1>*cutoffpl<2> Source No.: 1   Active/On
#Model Model Component  Parameter  Unit     Value
# par  comp
#   1    1   TBabs      nH         10^22    1.00000      +/-  0.0          
#   2    2   cutoffpl   PhoIndex            2.00000      +/-  0.0          
#   3    2   cutoffpl   HighECut   keV      15.0000      +/-  0.0          
#   4    2   cutoffpl   norm                1.00000E-04  +/-  0.0          
#________________________________________________________________________
#
#
#Fit statistic : Chi-Squared =        3164.95 using 257 PHA bins.
#
#Test statistic : Chi-Squared =        3164.95 using 257 PHA bins.
# Reduced chi-squared =        12.5097 for    253 degrees of freedom 
# Null hypothesis probability =   0.000000e+00
# Current data and model not fit yet.
#
!XSPEC12>fit
#                                   Parameters
#Chi-Squared  |beta|/N    Lvl          1:nH    2:PhoIndex    3:HighECut        4:norm
#591.015      155.014      -1     0.0814401       2.08805       6.99868   0.000335069
#335.505      734023       -2     0.0356986       2.05567       5.83730   0.000407987
#268.751      352061       -3     0.0128771       2.09248       5.63543   0.000459252
#250.884      180154       -4    0.00486754       2.27954       6.72115   0.000523997
#239.883      116678       -5    0.00584625       2.39796       7.97270   0.000571998
#238.332      37429.5      -6    0.00591211       2.39320       8.18498   0.000572496
#238.332      293.867      -7    0.00657742       2.39366       8.18875   0.000572834
#==================================================
# Variances and Principal Axes
#                 1        2        3        4  
# 6.0560E-11| -0.0001  -0.0006   0.0000   1.0000  
# 1.5583E-03|  0.3572  -0.9327   0.0491  -0.0005  
# 9.3306E-02| -0.9319  -0.3523   0.0868  -0.0003  
# 1.1091E+02|  0.0636   0.0768   0.9950   0.0000  
#--------------------------------------------------
#
#================================================
#  Covariance Matrix
#        1           2           3           4   
#   5.303e-01   5.719e-01   7.015e+00   2.312e-04
#   5.719e-01   6.664e-01   8.468e+00   2.560e-04
#   7.015e+00   8.468e+00   1.098e+02   3.164e-03
#   2.312e-04   2.560e-04   3.164e-03   1.022e-07
#------------------------------------------------
#
#========================================================================
#Model TBabs<1>*cutoffpl<2> Source No.: 1   Active/On
#Model Model Component  Parameter  Unit     Value
# par  comp
#   1    1   TBabs      nH         10^22    6.57742E-03  +/-  0.728234     
#   2    2   cutoffpl   PhoIndex            2.39366      +/-  0.816356     
#   3    2   cutoffpl   HighECut   keV      8.18875      +/-  10.4788      
#   4    2   cutoffpl   norm                5.72834E-04  +/-  3.19689E-04  
#________________________________________________________________________
#
#
#Fit statistic : Chi-Squared =         238.33 using 257 PHA bins.
#
#Test statistic : Chi-Squared =         238.33 using 257 PHA bins.
# Reduced chi-squared =        0.94202 for    253 degrees of freedom 
# Null hypothesis probability =   7.373939e-01
#
!XSPEC12>save all fit_tbabscutoffpl.xcm
#
!XSPEC12>setplot energy
#
!XSPEC12>setplot rebin 3 10
#
!XSPEC12>setplot command wdata wdata.dat
#
!XSPEC12>plot delchi
#
!XSPEC12>mv wdata.dat fit_tbabscutoffpl_delc.dat
#
!XSPEC12>log none
#