#XSPEC version: 12.10.0c
#Build Date/Time: Fri Apr 20 13:14:53 2018
#
!XSPEC12>data P0500750101PNS003SRSPEC0001.FTZ
#
#***XSPEC Error:  cannot open file named: epn_ff20_sdY9.rmf
#Error: cannot read response file epn_ff20_sdY9.rmf
#
#
#*** Response file has format inconsistent with data:  response file epn_ff20_sdY9.rmf read skipped
#
#1 spectrum  in use
# 
#Spectral Data File: P0500750101PNS003SRSPEC0001.FTZ  Spectrum 1
#Net count rate (cts/s) for Spectrum:1  1.051e+00 +/- 4.987e-03 (97.6 % total)
# Assigned to Data Group 1 and Plot Group 1
#  Noticed Channels:  1-2016
#  Telescope: XMM Instrument: EPN  Channel Type: PI
#  Exposure Time: 4.335e+04 sec
# Using fit statistic: chi
# Using test statistic: chi
# Using Background File                P0500750101PNS003BGSPEC0001.FTZ
#  Background Exposure Time: 4.334e+04 sec
# No response loaded.
#
#***Warning!  One or more spectra are missing responses,
#               and are not suitable for fit.
#
!XSPEC12>back P0500750101PNS003BGSPEC0001.FTZ
#
!XSPEC12>backgrnd P0500750101PNS003BGSPEC0001.FTZ
#Net count rate (cts/s) for Spectrum:1  1.051e+00 +/- 4.987e-03 (97.6 % total)
#***Warning!  One or more spectra are missing responses,
#               and are not suitable for fit.
#
!XSPEC12>resp epn_e2_ff20_sY9_v16.0.rmf
#
!XSPEC12>response epn_e2_ff20_sY9_v16.0.rmf
#Response successfully loaded.
#
!XSPEC12>arf P0500750101PNS003SRCARF0001.FTZ
#Arf successfully loaded.
#
!XSPEC12>ignore **-2.0 10.0-**
#   156 channels (1-156) ignored in spectrum #     1
#  1844 channels (173-2016) ignored in spectrum #     1
#
#
!XSPEC12>ignore bad
#
#ignore:  1907 channels ignored from  source number 1
#
!XSPEC12>model tbabs*cutoffpl  ;  1.0,0.1  ;  2, 0.01  ;  15, 0.01  ;  1.E-4 1E-5
#
#========================================================================
#Model TBabs<1>*cutoffpl<2> Source No.: 1   Active/On
#Model Model Component  Parameter  Unit     Value
# par  comp
#   1    1   TBabs      nH         10^22    1.00000      +/-  0.0          
#   2    2   cutoffpl   PhoIndex            2.00000      +/-  0.0          
#   3    2   cutoffpl   HighECut   keV      15.0000      +/-  0.0          
#   4    2   cutoffpl   norm                1.00000E-04  +/-  0.0          
#________________________________________________________________________
#
#
#Fit statistic : Chi-Squared =        1335.88 using 15 PHA bins.
#
#Test statistic : Chi-Squared =        1335.88 using 15 PHA bins.
# Reduced chi-squared =        121.444 for     11 degrees of freedom 
# Null hypothesis probability =  8.160013e-280
# Current data and model not fit yet.
#
!XSPEC12>fit
#                                   Parameters
#Chi-Squared  |beta|/N    Lvl          1:nH    2:PhoIndex    3:HighECut        4:norm
#46.7381      0.0881871    -1       5.38146       1.56440       3.89785   6.89215e-06
#45.8061      37572.5      -1       8.47449       1.16241       2.55091   1.26959e-05
#45.4005      18410.8      -1       9.07613       1.00220       2.13509   1.80474e-05
#45.2872      6703.15      -1       9.86871      0.911325       1.96492   2.17110e-05
#45.24        2606.82      -1       10.4851      0.848733       1.84401   2.45686e-05
#45.2109      1533.79      -1       11.0002      0.795429       1.75990   2.68651e-05
#45.1916      904.325      -1       11.4383      0.748359       1.69641   2.86961e-05
#45.1776      580.145      -1       11.8185      0.705180       1.64639   3.01508e-05
#45.1669      392.262      -1       12.1550      0.664616       1.60554   3.13009e-05
#45.1582      276.968      -1       12.4586      0.625879       1.57117   3.22062e-05
#==================================================
# Variances and Principal Axes
#                 1        2        3        4  
# 1.9729E-10| -0.0000  -0.0000   0.0001   1.0000  
# 1.3052E+00|  0.0995  -0.5092   0.8549  -0.0001  
# 1.8080E+02| -0.6335   0.6301   0.4490   0.0000  
# 1.0457E+04|  0.7673   0.5863   0.2599   0.0000  
#--------------------------------------------------
#
#================================================
#  Covariance Matrix
#        1           2           3           4   
#   6.229e+03   4.632e+03   2.034e+03   1.159e-01
#   4.632e+03   3.667e+03   1.644e+03   8.932e-02
#   2.034e+03   1.644e+03   7.436e+02   3.961e-02
#   1.159e-01   8.932e-02   3.961e-02   2.206e-06
#------------------------------------------------
#
#========================================================================
#Model TBabs<1>*cutoffpl<2> Source No.: 1   Active/On
#Model Model Component  Parameter  Unit     Value
# par  comp
#   1    1   TBabs      nH         10^22    12.4586      +/-  78.9212      
#   2    2   cutoffpl   PhoIndex            0.625879     +/-  60.5520      
#   3    2   cutoffpl   HighECut   keV      1.57117      +/-  27.2688      
#   4    2   cutoffpl   norm                3.22062E-05  +/-  1.48525E-03  
#________________________________________________________________________
#
#
#Fit statistic : Chi-Squared =          45.16 using 15 PHA bins.
#
#Test statistic : Chi-Squared =          45.16 using 15 PHA bins.
# Reduced chi-squared =          4.105 for     11 degrees of freedom 
# Null hypothesis probability =   4.550999e-06
#
!XSPEC12>save all fit_tbabscutoffpl.xcm
#
!XSPEC12>setplot energy
#
!XSPEC12>setplot rebin 3 10
#
!XSPEC12>addc 3 zgauss ; 1 0.01 0.5 0.5 8.0 8.0 ; 0.01,-1 ; 0.002,-1 ; -1e-6 1e-7 -1e10 -1e10 -1e-10 -1e-10
#
!XSPEC12>addcomp 3 zgauss ; 1 0.01 0.5 0.5 8.0 8.0 ; 0.01,-1 ; 0.002,-1 ; -1e-6 1e-7 -1e10 -1e10 -1e-10 -1e-10
#
#Fit statistic : Chi-Squared =          45.16 using 15 PHA bins.
#
#Test statistic : Chi-Squared =          45.16 using 15 PHA bins.
# Reduced chi-squared =          5.018 for      9 degrees of freedom 
# Null hypothesis probability =   8.625319e-07
# Current data and model not fit yet.
#
#========================================================================
#Model TBabs<1>*cutoffpl<2> + zgauss<3> Source No.: 1   Active/On
#Model Model Component  Parameter  Unit     Value
# par  comp
#   1    1   TBabs      nH         10^22    12.4586      +/-  78.9212      
#   2    2   cutoffpl   PhoIndex            0.625879     +/-  60.5520      
#   3    2   cutoffpl   HighECut   keV      1.57117      +/-  27.2688      
#   4    2   cutoffpl   norm                3.22062E-05  +/-  1.48525E-03  
#   5    3   zgauss     LineE      keV      1.00000      +/-  0.0          
#   6    3   zgauss     Sigma      keV      1.00000E-02  frozen
#   7    3   zgauss     Redshift            2.00000E-03  frozen
#   8    3   zgauss     norm                -1.00000E-06 +/-  0.0          
#
#________________________________________________________________________
#
!XSPEC12>fit
#                                   Parameters
#Chi-Squared  |beta|/N    Lvl          1:nH    2:PhoIndex    3:HighECut        4:norm       5:LineE        8:norm
#***Warning: Zero alpha-matrix diagonal element for parameter 5
#***Warning: Zero alpha-matrix diagonal element for parameter 8
# Parameter 5 is pegged at 1 due to zero or negative pivot element, likely
# caused by the fit being insensitive to the parameter.
# Parameter 8 is pegged at -1.00523e-06 due to zero or negative pivot element, likely
# caused by the fit being insensitive to the parameter.
#45.1507      0.0146443    -1       12.7473      0.589641       1.54088   3.30373e-05       1.00000  -1.00523e-06
#***Warning: Zero alpha-matrix diagonal element for parameter 5
#***Warning: Zero alpha-matrix diagonal element for parameter 8
# Parameter 5 is pegged at 1 due to zero or negative pivot element, likely
# caused by the fit being insensitive to the parameter.
# Parameter 8 is pegged at -1.00523e-06 due to zero or negative pivot element, likely
# caused by the fit being insensitive to the parameter.
#45.1442      147.527      -1       13.0105      0.553149       1.51502   3.35808e-05       1.00000  -1.00523e-06
#==================================================
# Variances and Principal Axes
#                 1        2        3        4  
# 2.1775E-10| -0.0000  -0.0000   0.0001   1.0000  
# 1.1686E+00|  0.0904  -0.4760   0.8748  -0.0001  
# 1.8951E+02| -0.6223   0.6588   0.4228   0.0000  
# 1.1076E+04|  0.7775   0.5826   0.2367   0.0000  
#--------------------------------------------------
#
#================================================
#  Covariance Matrix
#        1           2           3           4   
#   6.770e+03   4.940e+03   1.989e+03   1.313e-01
#   4.940e+03   3.842e+03   1.580e+03   9.939e-02
#   1.989e+03   1.580e+03   6.554e+02   4.042e-02
#   1.313e-01   9.939e-02   4.042e-02   2.606e-06
#------------------------------------------------
#
#========================================================================
#Model TBabs<1>*cutoffpl<2> + zgauss<3> Source No.: 1   Active/On
#Model Model Component  Parameter  Unit     Value
# par  comp
#   1    1   TBabs      nH         10^22    13.0105      +/-  82.2792      
#   2    2   cutoffpl   PhoIndex            0.553149     +/-  61.9808      
#   3    2   cutoffpl   HighECut   keV      1.51502      +/-  25.6000      
#   4    2   cutoffpl   norm                3.35808E-05  +/-  1.61436E-03  
#   5    3   zgauss     LineE      keV      1.00000      +/-  -1.00000     
#   6    3   zgauss     Sigma      keV      1.00000E-02  frozen
#   7    3   zgauss     Redshift            2.00000E-03  frozen
#   8    3   zgauss     norm                -1.00523E-06 +/-  -1.00000     
#________________________________________________________________________
#
#
#Fit statistic : Chi-Squared =          45.14 using 15 PHA bins.
#
#Test statistic : Chi-Squared =          45.14 using 15 PHA bins.
# Reduced chi-squared =          5.016 for      9 degrees of freedom 
# Null hypothesis probability =   8.677047e-07
#
!XSPEC12>steppar 5 2 10. 30
#
#     Chi-Squared    Delta            LineE
#                 Chi-Squared             5
#
#          44.083     -1.0608    0           2
#          50.171      5.0264    1      2.2667
#          44.343    -0.80124    2      2.5333
#***Warning: Zero alpha-matrix diagonal element for parameter 1
# Parameter 1 is pegged at 5.69341e-17 due to zero or negative pivot element, likely
# caused by the fit being insensitive to the parameter.
#***Warning: Zero alpha-matrix diagonal element for parameter 1
# Parameter 1 is pegged at 5.69341e-17 due to zero or negative pivot element, likely
# caused by the fit being insensitive to the parameter.
#          45.823     0.67855    3         2.8
#***Warning: Zero alpha-matrix diagonal element for parameter 1
# Parameter 1 is pegged at 5.69341e-17 due to zero or negative pivot element, likely
# caused by the fit being insensitive to the parameter.
#***Warning: Zero alpha-matrix diagonal element for parameter 1
# Parameter 1 is pegged at 5.69341e-17 due to zero or negative pivot element, likely
# caused by the fit being insensitive to the parameter.
#          45.778     0.63406    4      3.0667
#***Warning: Zero alpha-matrix diagonal element for parameter 1
# Parameter 1 is pegged at 5.69341e-17 due to zero or negative pivot element, likely
# caused by the fit being insensitive to the parameter.
#***Warning: Zero alpha-matrix diagonal element for parameter 1
# Parameter 1 is pegged at 5.69341e-17 due to zero or negative pivot element, likely
# caused by the fit being insensitive to the parameter.
#          45.525     0.38093    5      3.3333
#***Warning: Zero alpha-matrix diagonal element for parameter 1
# Parameter 1 is pegged at 5.69341e-17 due to zero or negative pivot element, likely
# caused by the fit being insensitive to the parameter.
#***Warning: Zero alpha-matrix diagonal element for parameter 1
# Parameter 1 is pegged at 5.69341e-17 due to zero or negative pivot element, likely
# caused by the fit being insensitive to the parameter.
#          43.924     -1.2202    6         3.6
#***Warning: Zero alpha-matrix diagonal element for parameter 1
# Parameter 1 is pegged at 5.69341e-17 due to zero or negative pivot element, likely
# caused by the fit being insensitive to the parameter.
#***Warning: Zero alpha-matrix diagonal element for parameter 1
# Parameter 1 is pegged at 5.69341e-17 due to zero or negative pivot element, likely
# caused by the fit being insensitive to the parameter.
#          43.161     -1.9827    7      3.8667
#***Warning: Zero alpha-matrix diagonal element for parameter 1
# Parameter 1 is pegged at 5.69341e-17 due to zero or negative pivot element, likely
# caused by the fit being insensitive to the parameter.
#***Warning: Zero alpha-matrix diagonal element for parameter 1
# Parameter 1 is pegged at 5.69341e-17 due to zero or negative pivot element, likely
# caused by the fit being insensitive to the parameter.
#          43.242     -1.9025    8      4.1333
#***Warning: Zero alpha-matrix diagonal element for parameter 1
# Parameter 1 is pegged at 5.69341e-17 due to zero or negative pivot element, likely
# caused by the fit being insensitive to the parameter.
#***Warning: Zero alpha-matrix diagonal element for parameter 1
# Parameter 1 is pegged at 5.69341e-17 due to zero or negative pivot element, likely
# caused by the fit being insensitive to the parameter.
#          46.326      1.1822    9         4.4
#***Warning: Zero alpha-matrix diagonal element for parameter 1
# Parameter 1 is pegged at 5.69341e-17 due to zero or negative pivot element, likely
# caused by the fit being insensitive to the parameter.
#***Warning: Zero alpha-matrix diagonal element for parameter 1
# Parameter 1 is pegged at 5.69341e-17 due to zero or negative pivot element, likely
# caused by the fit being insensitive to the parameter.
#          45.799     0.65515   10      4.6667
#***Warning: Zero alpha-matrix diagonal element for parameter 1
# Parameter 1 is pegged at 5.69341e-17 due to zero or negative pivot element, likely
# caused by the fit being insensitive to the parameter.
#***Warning: Zero alpha-matrix diagonal element for parameter 1
# Parameter 1 is pegged at 5.69341e-17 due to zero or negative pivot element, likely
# caused by the fit being insensitive to the parameter.
#          45.799     0.65499   11      4.9333
#***Warning: Zero alpha-matrix diagonal element for parameter 1
# Parameter 1 is pegged at 5.69341e-17 due to zero or negative pivot element, likely
# caused by the fit being insensitive to the parameter.
#***Warning: Zero alpha-matrix diagonal element for parameter 1
# Parameter 1 is pegged at 5.69341e-17 due to zero or negative pivot element, likely
# caused by the fit being insensitive to the parameter.
#          45.798     0.65352   12         5.2
#***Warning: Zero alpha-matrix diagonal element for parameter 1
# Parameter 1 is pegged at 5.69341e-17 due to zero or negative pivot element, likely
# caused by the fit being insensitive to the parameter.
#***Warning: Zero alpha-matrix diagonal element for parameter 1
# Parameter 1 is pegged at 5.69341e-17 due to zero or negative pivot element, likely
# caused by the fit being insensitive to the parameter.
#          45.796     0.65232   13      5.4667
#***Warning: Zero alpha-matrix diagonal element for parameter 1
# Parameter 1 is pegged at 5.69341e-17 due to zero or negative pivot element, likely
# caused by the fit being insensitive to the parameter.
#***Warning: Zero alpha-matrix diagonal element for parameter 1
# Parameter 1 is pegged at 5.69341e-17 due to zero or negative pivot element, likely
# caused by the fit being insensitive to the parameter.
#          45.795     0.65118   14      5.7333
#***Warning: Zero alpha-matrix diagonal element for parameter 1
# Parameter 1 is pegged at 5.69341e-17 due to zero or negative pivot element, likely
# caused by the fit being insensitive to the parameter.
#***Warning: Zero alpha-matrix diagonal element for parameter 1
# Parameter 1 is pegged at 5.69341e-17 due to zero or negative pivot element, likely
# caused by the fit being insensitive to the parameter.
#          45.795     0.65128   15           6
#***Warning: Zero alpha-matrix diagonal element for parameter 1
# Parameter 1 is pegged at 5.69341e-17 due to zero or negative pivot element, likely
# caused by the fit being insensitive to the parameter.
#***Warning: Zero alpha-matrix diagonal element for parameter 1
# Parameter 1 is pegged at 5.69341e-17 due to zero or negative pivot element, likely
# caused by the fit being insensitive to the parameter.
#          45.795     0.65057   16      6.2667
#***Warning: Zero alpha-matrix diagonal element for parameter 1
# Parameter 1 is pegged at 5.69341e-17 due to zero or negative pivot element, likely
# caused by the fit being insensitive to the parameter.
#***Warning: Zero alpha-matrix diagonal element for parameter 1
# Parameter 1 is pegged at 5.69341e-17 due to zero or negative pivot element, likely
# caused by the fit being insensitive to the parameter.
#          45.793     0.64836   17      6.5333
#***Warning: Zero alpha-matrix diagonal element for parameter 1
# Parameter 1 is pegged at 5.69341e-17 due to zero or negative pivot element, likely
# caused by the fit being insensitive to the parameter.
#***Warning: Zero alpha-matrix diagonal element for parameter 1
# Parameter 1 is pegged at 5.69341e-17 due to zero or negative pivot element, likely
# caused by the fit being insensitive to the parameter.
#           45.79     0.64594   18         6.8
#***Warning: Zero alpha-matrix diagonal element for parameter 1
# Parameter 1 is pegged at 5.69341e-17 due to zero or negative pivot element, likely
# caused by the fit being insensitive to the parameter.
#***Warning: Zero alpha-matrix diagonal element for parameter 1
# Parameter 1 is pegged at 5.69341e-17 due to zero or negative pivot element, likely
# caused by the fit being insensitive to the parameter.
#          45.787      0.6433   19      7.0667
#***Warning: Zero alpha-matrix diagonal element for parameter 1
# Parameter 1 is pegged at 5.69341e-17 due to zero or negative pivot element, likely
# caused by the fit being insensitive to the parameter.
#***Warning: Zero alpha-matrix diagonal element for parameter 1
# Parameter 1 is pegged at 5.69341e-17 due to zero or negative pivot element, likely
# caused by the fit being insensitive to the parameter.
#          45.758     0.61427   20      7.3333
#***Warning: Zero alpha-matrix diagonal element for parameter 1
# Parameter 1 is pegged at 5.69341e-17 due to zero or negative pivot element, likely
# caused by the fit being insensitive to the parameter.
#***Warning: Zero alpha-matrix diagonal element for parameter 1
# Parameter 1 is pegged at 5.69341e-17 due to zero or negative pivot element, likely
# caused by the fit being insensitive to the parameter.
#          30.198     -14.946   21         7.6
#***Warning: Zero alpha-matrix diagonal element for parameter 1
# Parameter 1 is pegged at 5.69341e-17 due to zero or negative pivot element, likely
# caused by the fit being insensitive to the parameter.
#***Warning: Zero alpha-matrix diagonal element for parameter 1
# Parameter 1 is pegged at 5.69341e-17 due to zero or negative pivot element, likely
# caused by the fit being insensitive to the parameter.
#          30.149     -14.996   22      7.8667
#***Warning: Zero alpha-matrix diagonal element for parameter 1
# Parameter 1 is pegged at 5.69341e-17 due to zero or negative pivot element, likely
# caused by the fit being insensitive to the parameter.
#***Warning: Zero alpha-matrix diagonal element for parameter 1
# Parameter 1 is pegged at 5.69341e-17 due to zero or negative pivot element, likely
# caused by the fit being insensitive to the parameter.
#          29.864      -15.28   23      8.1333
#***Warning: Zero alpha-matrix diagonal element for parameter 1
# Parameter 1 is pegged at 5.69341e-17 due to zero or negative pivot element, likely
# caused by the fit being insensitive to the parameter.
#***Warning: Zero alpha-matrix diagonal element for parameter 1
# Parameter 1 is pegged at 5.69341e-17 due to zero or negative pivot element, likely
# caused by the fit being insensitive to the parameter.
#          29.852     -15.292   24         8.4
#***Warning: Zero alpha-matrix diagonal element for parameter 1
# Parameter 1 is pegged at 5.69341e-17 due to zero or negative pivot element, likely
# caused by the fit being insensitive to the parameter.
#***Warning: Zero alpha-matrix diagonal element for parameter 1
# Parameter 1 is pegged at 5.69341e-17 due to zero or negative pivot element, likely
# caused by the fit being insensitive to the parameter.
#          29.843     -15.301   25      8.6667
#***Warning: Zero alpha-matrix diagonal element for parameter 1
# Parameter 1 is pegged at 5.69341e-17 due to zero or negative pivot element, likely
# caused by the fit being insensitive to the parameter.
#***Warning: Zero alpha-matrix diagonal element for parameter 1
# Parameter 1 is pegged at 5.69341e-17 due to zero or negative pivot element, likely
# caused by the fit being insensitive to the parameter.
#          29.837     -15.307   26      8.9333
#***Warning: Zero alpha-matrix diagonal element for parameter 1
# Parameter 1 is pegged at 5.69341e-17 due to zero or negative pivot element, likely
# caused by the fit being insensitive to the parameter.
#***Warning: Zero alpha-matrix diagonal element for parameter 1
# Parameter 1 is pegged at 5.69341e-17 due to zero or negative pivot element, likely
# caused by the fit being insensitive to the parameter.
#          29.833     -15.311   27         9.2
#***Warning: Zero alpha-matrix diagonal element for parameter 1
# Parameter 1 is pegged at 5.69341e-17 due to zero or negative pivot element, likely
# caused by the fit being insensitive to the parameter.
#***Warning: Zero alpha-matrix diagonal element for parameter 1
# Parameter 1 is pegged at 5.69341e-17 due to zero or negative pivot element, likely
# caused by the fit being insensitive to the parameter.
#           29.83     -15.315   28      9.4667
#***Warning: Zero alpha-matrix diagonal element for parameter 1
# Parameter 1 is pegged at 5.69341e-17 due to zero or negative pivot element, likely
# caused by the fit being insensitive to the parameter.
#***Warning: Zero alpha-matrix diagonal element for parameter 1
# Parameter 1 is pegged at 5.69341e-17 due to zero or negative pivot element, likely
# caused by the fit being insensitive to the parameter.
#          29.827     -15.317   29      9.7333
#***Warning: Zero alpha-matrix diagonal element for parameter 1
# Parameter 1 is pegged at 5.69341e-17 due to zero or negative pivot element, likely
# caused by the fit being insensitive to the parameter.
#***Warning: Zero alpha-matrix diagonal element for parameter 1
# Parameter 1 is pegged at 5.69341e-17 due to zero or negative pivot element, likely
# caused by the fit being insensitive to the parameter.
#          29.826     -15.318   30          10
#
#A new best fit was found during steppar.
#Parameters have been updated to the new best fit values.
#
#                                   Parameters
#Chi-Squared  |beta|/N    Lvl          1:nH    2:PhoIndex    3:HighECut        4:norm       5:LineE        8:norm
#***Warning: Zero alpha-matrix diagonal element for parameter 1
# Parameter 1 is pegged at 5.69341e-17 due to zero or negative pivot element, likely
# caused by the fit being insensitive to the parameter.
#29.8249      68631.6       0   5.69341e-17      -2.50000       1.31633   2.57422e-07       8.00000  -8.24159e-06
#***Warning: Zero alpha-matrix diagonal element for parameter 1
# Parameter 1 is pegged at 5.69341e-17 due to zero or negative pivot element, likely
# caused by the fit being insensitive to the parameter.
#29.8243      56189.6       0   5.69341e-17      -2.50000       1.31703   2.57581e-07       8.00000  -8.23967e-06
#============================================================
# Variances and Principal Axes
#                 2        3        4        5        8  
# 1.1352E-14| -0.0000   0.0000   1.0000   0.0000   0.0056  
# 4.1281E-12|  0.0000  -0.0000   0.0056  -0.0001  -1.0000  
# 2.2121E-01| -0.2442   0.6210  -0.0000  -0.7448   0.0001  
# 9.5744E+01|  0.9205   0.3900   0.0000   0.0233  -0.0000  
# 4.7936E-01| -0.3049   0.6799  -0.0000   0.6669  -0.0001  
#------------------------------------------------------------
#
#============================================================
#  Covariance Matrix
#        1           2           3           4           5   
#   8.119e+01   3.424e+01   7.831e-06   1.996e+00  -2.521e-04
#   3.424e+01   1.487e+01   3.044e-06   9.850e-01  -1.242e-04
#   7.831e-06   3.044e-06   9.230e-13   1.166e-07  -1.478e-11
#   1.996e+00   9.850e-01   1.166e-07   3.879e-01  -4.774e-05
#  -2.521e-04  -1.242e-04  -1.478e-11  -4.774e-05   5.881e-09
#------------------------------------------------------------
#
#========================================================================
#Model TBabs<1>*cutoffpl<2> + zgauss<3> Source No.: 1   Active/On
#Model Model Component  Parameter  Unit     Value
# par  comp
#   1    1   TBabs      nH         10^22    5.69341E-17  +/-  -1.00000     
#   2    2   cutoffpl   PhoIndex            -2.50000     +/-  9.01061      
#   3    2   cutoffpl   HighECut   keV      1.31703      +/-  3.85597      
#   4    2   cutoffpl   norm                2.57581E-07  +/-  9.60715E-07  
#   5    3   zgauss     LineE      keV      8.00000      +/-  0.622796     
#   6    3   zgauss     Sigma      keV      1.00000E-02  frozen
#   7    3   zgauss     Redshift            2.00000E-03  frozen
#   8    3   zgauss     norm                -8.23967E-06 +/-  7.66855E-05  
#________________________________________________________________________
#
#
#Fit statistic : Chi-Squared =          29.82 using 15 PHA bins.
#
#Test statistic : Chi-Squared =          29.82 using 15 PHA bins.
# Reduced chi-squared =          3.314 for      9 degrees of freedom 
# Null hypothesis probability =   4.699610e-04
#
!XSPEC12>plot contour
#
!XSPEC12>setplot command wdata wdata.dat
#
!XSPEC12>plot contour
#
!XSPEC12>mv wdata.dat fit_tbabscutoffpl+zgauss_con_e_0.01.dat
#
!XSPEC12>log none
#