#XSPEC version: 12.10.0c
#Build Date/Time: Fri Apr 20 13:14:53 2018
#
!XSPEC12>data P0112520601PNU002SRSPEC0001.FTZ
#
#***XSPEC Error:  cannot open file named: epn_ff20_sdY9.rmf
#Error: cannot read response file epn_ff20_sdY9.rmf
#
#
#*** Response file has format inconsistent with data:  response file epn_ff20_sdY9.rmf read skipped
#
#1 spectrum  in use
# 
#Spectral Data File: P0112520601PNU002SRSPEC0001.FTZ  Spectrum 1
#Net count rate (cts/s) for Spectrum:1  3.160e+00 +/- 2.620e-02 (99.3 % total)
# Assigned to Data Group 1 and Plot Group 1
#  Noticed Channels:  1-2560
#  Telescope: XMM Instrument: EPN  Channel Type: PI
#  Exposure Time: 4638 sec
# Using fit statistic: chi
# Using test statistic: chi
# Using Background File                P0112520601PNU002BGSPEC0001.FTZ
#  Background Exposure Time: 4618 sec
# No response loaded.
#
#***Warning!  One or more spectra are missing responses,
#               and are not suitable for fit.
#
!XSPEC12>back P0112520601PNU002BGSPEC0001.FTZ
#
!XSPEC12>backgrnd P0112520601PNU002BGSPEC0001.FTZ
#Net count rate (cts/s) for Spectrum:1  3.160e+00 +/- 2.620e-02 (99.3 % total)
#***Warning!  One or more spectra are missing responses,
#               and are not suitable for fit.
#
!XSPEC12>resp epn_e1_ff20_sY9_v16.0.rmf
#
!XSPEC12>response epn_e1_ff20_sY9_v16.0.rmf
#Response successfully loaded.
#
!XSPEC12>arf P0112520601PNU002SRCARF0001.FTZ
#Arf successfully loaded.
#
!XSPEC12>ignore **-2.0 10.0-**
#   341 channels (1-341) ignored in spectrum #     1
#  2097 channels (464-2560) ignored in spectrum #     1
#
#
!XSPEC12>ignore bad
#
#ignore:  2204 channels ignored from  source number 1
#
!XSPEC12>model tbabs*cutoffpl  ;  1.0,0.1  ;  2, 0.01  ;  15, 0.01  ;  1.E-4 1E-5
#
#========================================================================
#Model TBabs<1>*cutoffpl<2> Source No.: 1   Active/On
#Model Model Component  Parameter  Unit     Value
# par  comp
#   1    1   TBabs      nH         10^22    1.00000      +/-  0.0          
#   2    2   cutoffpl   PhoIndex            2.00000      +/-  0.0          
#   3    2   cutoffpl   HighECut   keV      15.0000      +/-  0.0          
#   4    2   cutoffpl   norm                1.00000E-04  +/-  0.0          
#________________________________________________________________________
#
#
#Fit statistic : Chi-Squared =        1437.87 using 79 PHA bins.
#
#Test statistic : Chi-Squared =        1437.87 using 79 PHA bins.
# Reduced chi-squared =        19.1716 for     75 degrees of freedom 
# Null hypothesis probability =  5.114321e-251
# Current data and model not fit yet.
#
!XSPEC12>fit
#                                   Parameters
#Chi-Squared  |beta|/N    Lvl          1:nH    2:PhoIndex    3:HighECut        4:norm
#140.448      29.195       -2     0.0621921       2.09504       18.9591    0.00123909
#129.669      40039.5      -2    0.00258025       2.12176       23.1537    0.00125488
#126.598      35093.1      -2   0.000934967       2.14980       27.3261    0.00127678
#124.061      33108.1      -2   0.000146359       2.17750       32.0753    0.00130138
#121.652      31536.8      -2   5.20294e-05       2.20442       37.9944    0.00132749
#119.343      30057        -2   6.94362e-06       2.23045       45.8318    0.00135414
#117.18       28642        -2   1.56146e-06       2.25558       56.8661    0.00138077
#115.187      27315.4      -2   2.76854e-07       2.27979       73.5567    0.00140711
#113.388      26092.3      -2   1.23549e-07       2.30307       101.357    0.00143298
#111.82       24993.9      -2   5.03517e-08       2.32534       154.699    0.00145830
#110.564      24057.1      -2   1.53875e-08       2.34651       283.026    0.00148298
#103.816      23354.2      -1   1.53906e-09       2.34869       257.041    0.00152853
#102.032      17747.7      -1   7.58596e-10       2.35600       167.880    0.00155990
#100.073      16623.7      -1   3.39397e-11       2.36259       152.276    0.00158728
#98.8397      14942.7      -1   1.27388e-11       2.36976       144.063    0.00160977
#97.8792      13938.5      -1   2.71020e-12       2.37687       143.341    0.00162912
#97.1384      13135        -1   3.13518e-13       2.38386       148.367    0.00164560
#96.4167      12508.4      -1   3.16115e-14       2.39083       155.828    0.00166198
#95.4032      11858.7      -1   8.40256e-16       2.39897       160.327    0.00168455
#90.2516      10844.7      -2   8.49396e-17       2.50603       353.598    0.00193371
#***Warning: Zero alpha-matrix diagonal element for parameter 1
# Parameter 1 is pegged at 8.49396e-17 due to zero or negative pivot element, likely
# caused by the fit being insensitive to the parameter.
#89.3104      6817.29      -1   8.49396e-17       2.51028       452.487    0.00197142
#89.2559      2644.85      -1   8.49396e-17       2.51731       487.143    0.00198818
#89.1688      2390.41       0   8.49396e-17       2.51619       493.845    0.00199331
#89.1431      1393.82       0   8.49396e-17       2.51588       498.778    0.00199628
#89.1344      911.78        0   8.49396e-17       2.51596       499.597    0.00199817
#***Warning: Zero alpha-matrix diagonal element for parameter 1
# Parameter 1 is pegged at 8.49396e-17 due to zero or negative pivot element, likely
# caused by the fit being insensitive to the parameter.
#89.1305      690.229       0   8.49396e-17       2.51620       499.811    0.00199956
#========================================
# Variances and Principal Axes
#                 2        3        4  
# 2.6235E-09| -0.0023   0.0000   1.0000  
# 5.0808E-03|  1.0000  -0.0000   0.0023  
# 1.7371E+09| -0.0000  -1.0000  -0.0000  
#----------------------------------------
#
#====================================
#  Covariance Matrix
#        1           2           3   
#   1.243e-01   1.439e+04   7.253e-05
#   1.439e+04   1.737e+09   7.352e+00
#   7.253e-05   7.352e+00   6.033e-08
#------------------------------------
#
#========================================================================
#Model TBabs<1>*cutoffpl<2> Source No.: 1   Active/On
#Model Model Component  Parameter  Unit     Value
# par  comp
#   1    1   TBabs      nH         10^22    8.49396E-17  +/-  -1.00000     
#   2    2   cutoffpl   PhoIndex            2.51620      +/-  0.352605     
#   3    2   cutoffpl   HighECut   keV      499.811      +/-  4.16791E+04  
#   4    2   cutoffpl   norm                1.99956E-03  +/-  2.45619E-04  
#________________________________________________________________________
#
#
#Fit statistic : Chi-Squared =          89.13 using 79 PHA bins.
#
#Test statistic : Chi-Squared =          89.13 using 79 PHA bins.
# Reduced chi-squared =          1.188 for     75 degrees of freedom 
# Null hypothesis probability =   1.267258e-01
#
!XSPEC12>save all fit_tbabscutoffpl.xcm
#
!XSPEC12>setplot energy
#
!XSPEC12>setplot rebin 3 10
#
!XSPEC12>setplot command wdata wdata.dat
#
!XSPEC12>plot ldata
#
!XSPEC12>mv wdata.dat fit_tbabscutoffpl_ld.dat
#
!XSPEC12>log none
#