#XSPEC version: 12.10.0c
#Build Date/Time: Fri Apr 20 13:14:53 2018
#
!XSPEC12>data P0505760201PNS003SRSPEC0001.FTZ
#
#***XSPEC Error:  cannot open file named: epn_ff20_sdY8.rmf
#Error: cannot read response file epn_ff20_sdY8.rmf
#
#
#*** Response file has format inconsistent with data:  response file epn_ff20_sdY8.rmf read skipped
#
#1 spectrum  in use
# 
#Spectral Data File: P0505760201PNS003SRSPEC0001.FTZ  Spectrum 1
#Net count rate (cts/s) for Spectrum:1  1.765e-01 +/- 2.714e-03 (91.5 % total)
# Assigned to Data Group 1 and Plot Group 1
#  Noticed Channels:  1-2146
#  Telescope: XMM Instrument: EPN  Channel Type: PI
#  Exposure Time: 2.631e+04 sec
# Using fit statistic: chi
# Using test statistic: chi
# Using Background File                P0505760201PNS003BGSPEC0001.FTZ
#  Background Exposure Time: 2.631e+04 sec
# No response loaded.
#
#***Warning!  One or more spectra are missing responses,
#               and are not suitable for fit.
#
!XSPEC12>back P0505760201PNS003BGSPEC0001.FTZ
#
!XSPEC12>backgrnd P0505760201PNS003BGSPEC0001.FTZ
#Net count rate (cts/s) for Spectrum:1  1.765e-01 +/- 2.714e-03 (91.5 % total)
#***Warning!  One or more spectra are missing responses,
#               and are not suitable for fit.
#
!XSPEC12>resp epn_e2_ff20_sY9_v16.0.rmf
#
!XSPEC12>response epn_e2_ff20_sY9_v16.0.rmf
#Response successfully loaded.
#
!XSPEC12>arf P0505760201PNS003SRCARF0001.FTZ
#Arf successfully loaded.
#
!XSPEC12>ignore **-2.0 10.0-**
#   201 channels (1-201) ignored in spectrum #     1
#  1882 channels (265-2146) ignored in spectrum #     1
#
#
!XSPEC12>ignore bad
#
#ignore:  1946 channels ignored from  source number 1
#
!XSPEC12>model tbabs*cutoffpl  ;  1.0,0.1  ;  2, 0.01  ;  15, 0.01  ;  1.E-4 1E-5
#
#========================================================================
#Model TBabs<1>*cutoffpl<2> Source No.: 1   Active/On
#Model Model Component  Parameter  Unit     Value
# par  comp
#   1    1   TBabs      nH         10^22    1.00000      +/-  0.0          
#   2    2   cutoffpl   PhoIndex            2.00000      +/-  0.0          
#   3    2   cutoffpl   HighECut   keV      15.0000      +/-  0.0          
#   4    2   cutoffpl   norm                1.00000E-04  +/-  0.0          
#________________________________________________________________________
#
#
#Fit statistic : Chi-Squared =         600.28 using 62 PHA bins.
#
#Test statistic : Chi-Squared =         600.28 using 62 PHA bins.
# Reduced chi-squared =         10.350 for     58 degrees of freedom 
# Null hypothesis probability =   3.750877e-91
# Current data and model not fit yet.
#
!XSPEC12>fit
#                                   Parameters
#Chi-Squared  |beta|/N    Lvl          1:nH    2:PhoIndex    3:HighECut        4:norm
#83.5119      5.75042      -1       1.26487       1.98311       18.6417   0.000387277
#82.9899      4714.03      -1       1.28445       1.98181       21.8193   0.000379322
#82.767       1769.61      -1       1.25707       1.98494       25.0308   0.000371839
#82.5992      867.738      -1       1.22367       1.98900       28.7028   0.000365089
#82.4628      699.739      -1       1.19186       1.99308       33.0638   0.000359128
#82.3506      682.754      -1       1.16296       1.99706       38.3613   0.000353878
#82.2582      713.202      -1       1.13700       2.00090       44.9123   0.000349263
#82.1821      760.244      -1       1.11377       2.00462       53.1938   0.000345210
#82.1194      824.004      -1       1.09304       2.00822       63.9196   0.000341659
#82.0678      900.328      -1       1.07461       2.01169       78.2561   0.000338554
#82.0256      995.527      -1       1.05827       2.01503       98.2145   0.000335847
#81.9913      1117.1       -1       1.04384       2.01825       127.541   0.000333497
#81.9638      1277.2       -1       1.03116       2.02132       173.945   0.000331468
#81.9427      1496.04      -1       1.02010       2.02424       255.589   0.000329730
#81.9283      1809.1       -1       1.01056       2.02697       424.288   0.000328260
#81.9167      2279.64       0       1.00876       2.02651       470.076   0.000328358
#81.9147      909.33        0       1.00839       2.02641       491.567   0.000328312
#==================================================
# Variances and Principal Axes
#                 1        2        3        4  
# 1.1738E-10| -0.0001  -0.0004   0.0000   1.0000  
# 8.1136E-03|  0.3143  -0.9493   0.0000  -0.0004  
# 5.5012E-01| -0.9493  -0.3143   0.0000  -0.0002  
# 5.9201E+09|  0.0000   0.0000   1.0000   0.0000  
#--------------------------------------------------
#
#================================================
#  Covariance Matrix
#        1           2           3           4   
#   3.484e+00   3.410e+00   1.330e+05   8.352e-04
#   3.410e+00   3.593e+00   1.446e+05   8.424e-04
#   1.330e+05   1.446e+05   5.920e+09   3.313e+01
#   8.352e-04   8.424e-04   3.313e+01   2.036e-07
#------------------------------------------------
#
#========================================================================
#Model TBabs<1>*cutoffpl<2> Source No.: 1   Active/On
#Model Model Component  Parameter  Unit     Value
# par  comp
#   1    1   TBabs      nH         10^22    1.00839      +/-  1.86665      
#   2    2   cutoffpl   PhoIndex            2.02641      +/-  1.89552      
#   3    2   cutoffpl   HighECut   keV      491.567      +/-  7.69425E+04  
#   4    2   cutoffpl   norm                3.28312E-04  +/-  4.51228E-04  
#________________________________________________________________________
#
#
#Fit statistic : Chi-Squared =          81.91 using 62 PHA bins.
#
#Test statistic : Chi-Squared =          81.91 using 62 PHA bins.
# Reduced chi-squared =          1.412 for     58 degrees of freedom 
# Null hypothesis probability =   2.104490e-02
#
!XSPEC12>save all fit_tbabscutoffpl.xcm
#
!XSPEC12>setplot energy
#
!XSPEC12>setplot rebin 3 10
#
!XSPEC12>setplot command wdata wdata.dat
#
!XSPEC12>plot ldata
#
!XSPEC12>mv wdata.dat fit_tbabscutoffpl_ld.dat
#
!XSPEC12>log none
#