#XSPEC version: 12.10.0c
#Build Date/Time: Fri Apr 20 13:14:53 2018
#
!XSPEC12>data P0200470101PNS003SRSPEC0001.FTZ
#
#***XSPEC Error:  cannot open file named: epn_ff20_sdY9.rmf
#Error: cannot read response file epn_ff20_sdY9.rmf
#
#
#*** Response file has format inconsistent with data:  response file epn_ff20_sdY9.rmf read skipped
#
#1 spectrum  in use
# 
#Spectral Data File: P0200470101PNS003SRSPEC0001.FTZ  Spectrum 1
#Net count rate (cts/s) for Spectrum:1  3.167e+00 +/- 9.728e-03 (99.5 % total)
# Assigned to Data Group 1 and Plot Group 1
#  Noticed Channels:  1-2547
#  Telescope: XMM Instrument: EPN  Channel Type: PI
#  Exposure Time: 3.364e+04 sec
# Using fit statistic: chi
# Using test statistic: chi
# Using Background File                P0200470101PNS003BGSPEC0001.FTZ
#  Background Exposure Time: 3.346e+04 sec
# No response loaded.
#
#***Warning!  One or more spectra are missing responses,
#               and are not suitable for fit.
#
!XSPEC12>back P0200470101PNS003BGSPEC0001.FTZ
#
!XSPEC12>backgrnd P0200470101PNS003BGSPEC0001.FTZ
#Net count rate (cts/s) for Spectrum:1  3.167e+00 +/- 9.728e-03 (99.5 % total)
#***Warning!  One or more spectra are missing responses,
#               and are not suitable for fit.
#
!XSPEC12>resp epn_e1_ff20_sY9_v16.0.rmf
#
!XSPEC12>response epn_e1_ff20_sY9_v16.0.rmf
#Response successfully loaded.
#
!XSPEC12>arf P0200470101PNS003SRCARF0001.FTZ
#Arf successfully loaded.
#
!XSPEC12>ignore **-2.0 10.0-**
#   400 channels (1-400) ignored in spectrum #     1
#  1734 channels (814-2547) ignored in spectrum #     1
#
#
!XSPEC12>ignore bad
#
#ignore:  1794 channels ignored from  source number 1
#
!XSPEC12>model tbabs*cutoffpl  ;  1.0,0.1  ;  2, 0.01  ;  15, 0.01  ;  1.E-4 1E-5
#
#========================================================================
#Model TBabs<1>*cutoffpl<2> Source No.: 1   Active/On
#Model Model Component  Parameter  Unit     Value
# par  comp
#   1    1   TBabs      nH         10^22    1.00000      +/-  0.0          
#   2    2   cutoffpl   PhoIndex            2.00000      +/-  0.0          
#   3    2   cutoffpl   HighECut   keV      15.0000      +/-  0.0          
#   4    2   cutoffpl   norm                1.00000E-04  +/-  0.0          
#________________________________________________________________________
#
#
#Fit statistic : Chi-Squared =       11066.04 using 412 PHA bins.
#
#Test statistic : Chi-Squared =       11066.04 using 412 PHA bins.
# Reduced chi-squared =       27.12264 for    408 degrees of freedom 
# Null hypothesis probability =   0.000000e+00
# Current data and model not fit yet.
#
!XSPEC12>fit
#                                   Parameters
#Chi-Squared  |beta|/N    Lvl          1:nH    2:PhoIndex    3:HighECut        4:norm
#776.421      282.063      -2      0.141129       2.06849       9.12336    0.00161200
#563.494      251271       -3     0.0592409       1.98755       7.20572    0.00171247
#531.971      161865       -3     0.0246127       1.93920       7.05184    0.00165816
#512.969      139848       -2    0.00940170       1.94194       6.99247    0.00167847
#504.677      128250       -2    0.00228375       1.94506       6.98721    0.00168880
#501.21       122947       -2   0.000564463       1.94823       7.00227    0.00169518
#499.193      120552       -2   0.000141279       1.95135       7.02494    0.00169998
#497.663      119089       -2   3.65434e-05       1.95441       7.05027    0.00170411
#496.326      117948       -2   1.05760e-05       1.95738       7.07626    0.00170791
#495.086      116940       -2   4.13341e-06       1.96027       7.10210    0.00171153
#493.909      115998       -2   9.35429e-07       1.96306       7.12754    0.00171500
#492.783      115099       -2   1.41531e-07       1.96578       7.15246    0.00171837
#491.7        114236       -2   4.29688e-08       1.96841       7.17685    0.00172163
#490.659      113403       -2   1.84911e-08       1.97096       7.20074    0.00172479
#489.654      112598       -2   6.33111e-09       1.97344       7.22407    0.00172786
#488.685      111820       -2   2.89317e-10       1.97584       7.24682    0.00173084
#487.753      111066       -2   1.01663e-10       1.97817       7.26905    0.00173374
#486.854      110340       -2   8.39563e-12       1.98042       7.29070    0.00173654
#485.959      109636       -2   2.60124e-12       1.98263       7.31177    0.00173934
#485.118      108933       -2   1.16033e-12       1.98476       7.33336    0.00174193
#484.123      108256       -2   4.45819e-13       1.98670       7.35002    0.00174481
#483.126      107462       -2   9.16117e-14       1.98946       7.37350    0.00174848
#476.195      106749       -2   9.43247e-15       1.99272       7.36532    0.00176282
#455.067      100643       -3   2.12925e-15       2.25422       9.66437    0.00213150
#408.406      85360.5      -4   4.69152e-16       2.31488       11.9311    0.00224012
#403.412      27239        -5     0.0119248       2.35648       13.5840    0.00231319
#403.107      5770.23      -1    0.00594192       2.35485       13.7452    0.00230774
#403.063      1254.58      -1   0.000556903       2.35423       13.8258    0.00230089
#403.055      1005.77       0   0.000194746       2.35409       13.8369    0.00230073
#==================================================
# Variances and Principal Axes
#                 1        2        3        4  
# 4.4305E-10| -0.0005  -0.0026   0.0000   1.0000  
# 5.9802E-04|  0.3288  -0.9442   0.0184  -0.0023  
# 3.5771E-02| -0.9441  -0.3281   0.0335  -0.0013  
# 2.6479E+02|  0.0256   0.0284   0.9993   0.0000  
#--------------------------------------------------
#
#================================================
#  Covariance Matrix
#        1           2           3           4   
#   2.054e-01   2.036e-01   6.772e+00   3.522e-04
#   2.036e-01   2.185e-01   7.524e+00   3.600e-04
#   6.772e+00   7.524e+00   2.644e+02   1.208e-02
#   3.522e-04   3.600e-04   1.208e-02   6.140e-07
#------------------------------------------------
#
#========================================================================
#Model TBabs<1>*cutoffpl<2> Source No.: 1   Active/On
#Model Model Component  Parameter  Unit     Value
# par  comp
#   1    1   TBabs      nH         10^22    1.94746E-04  +/-  0.453265     
#   2    2   cutoffpl   PhoIndex            2.35409      +/-  0.467440     
#   3    2   cutoffpl   HighECut   keV      13.8369      +/-  16.2605      
#   4    2   cutoffpl   norm                2.30073E-03  +/-  7.83580E-04  
#________________________________________________________________________
#
#
#Fit statistic : Chi-Squared =         403.05 using 412 PHA bins.
#
#Test statistic : Chi-Squared =         403.05 using 412 PHA bins.
# Reduced chi-squared =        0.98788 for    408 degrees of freedom 
# Null hypothesis probability =   5.597966e-01
#
!XSPEC12>save all fit_tbabscutoffpl.xcm
#
!XSPEC12>setplot energy
#
!XSPEC12>setplot rebin 3 10
#
!XSPEC12>setplot command wdata wdata.dat
#
!XSPEC12>plot delchi
#
!XSPEC12>mv wdata.dat fit_tbabscutoffpl_delc.dat
#
!XSPEC12>log none
#